{"/Users/kelvin/Desktop/kelveloper/care-compass-continuity/src/test-toast-notifications.tsx": {"path":"/Users/kelvin/Desktop/kelveloper/care-compass-continuity/src/test-toast-notifications.tsx","statementMap":{"0":{"start":{"line":2,"column":0},"end":{"line":2,"column":48}},"1":{"start":{"line":3,"column":0},"end":{"line":3,"column":45}},"2":{"start":{"line":9,"column":38},"end":{"line":50,"column":1}},"3":{"start":{"line":10,"column":20},"end":{"line":10,"column":30}},"4":{"start":{"line":12,"column":27},"end":{"line":17,"column":3}},"5":{"start":{"line":13,"column":4},"end":{"line":16,"column":7}},"6":{"start":{"line":19,"column":25},"end":{"line":25,"column":3}},"7":{"start":{"line":20,"column":4},"end":{"line":24,"column":7}},"8":{"start":{"line":27,"column":24},"end":{"line":32,"column":3}},"9":{"start":{"line":28,"column":4},"end":{"line":31,"column":7}},"10":{"start":{"line":34,"column":2},"end":{"line":49,"column":4}},"11":{"start":{"line":9,"column":13},"end":{"line":9,"column":38}}},"fnMap":{"0":{"name":"(anonymous_0)","decl":{"start":{"line":9,"column":38},"end":{"line":9,"column":41}},"loc":{"start":{"line":9,"column":43},"end":{"line":50,"column":1}}},"1":{"name":"(anonymous_1)","decl":{"start":{"line":12,"column":27},"end":{"line":12,"column":30}},"loc":{"start":{"line":12,"column":32},"end":{"line":17,"column":3}}},"2":{"name":"(anonymous_2)","decl":{"start":{"line":19,"column":25},"end":{"line":19,"column":28}},"loc":{"start":{"line":19,"column":30},"end":{"line":25,"column":3}}},"3":{"name":"(anonymous_3)","decl":{"start":{"line":27,"column":24},"end":{"line":27,"column":27}},"loc":{"start":{"line":27,"column":29},"end":{"line":32,"column":3}}}},"branchMap":{},"s":{"0":0,"1":0,"2":0,"3":0,"4":0,"5":0,"6":0,"7":0,"8":0,"9":0,"10":0,"11":0},"f":{"0":0,"1":0,"2":0,"3":0},"b":{}}
,"/Users/kelvin/Desktop/kelveloper/care-compass-continuity/src/components/Dashboard.tsx": {"path":"/Users/kelvin/Desktop/kelveloper/care-compass-continuity/src/components/Dashboard.tsx","statementMap":{"0":{"start":{"line":1,"column":0},"end":{"line":1,"column":61}},"1":{"start":{"line":2,"column":0},"end":{"line":2,"column":80}},"2":{"start":{"line":3,"column":0},"end":{"line":3,"column":46}},"3":{"start":{"line":4,"column":0},"end":{"line":4,"column":48}},"4":{"start":{"line":5,"column":0},"end":{"line":5,"column":130}},"5":{"start":{"line":6,"column":0},"end":{"line":6,"column":66}},"6":{"start":{"line":7,"column":0},"end":{"line":7,"column":58}},"7":{"start":{"line":8,"column":0},"end":{"line":8,"column":66}},"8":{"start":{"line":9,"column":0},"end":{"line":9,"column":56}},"9":{"start":{"line":10,"column":0},"end":{"line":10,"column":79}},"10":{"start":{"line":15,"column":0},"end":{"line":15,"column":46}},"11":{"start":{"line":16,"column":0},"end":{"line":16,"column":103}},"12":{"start":{"line":17,"column":0},"end":{"line":17,"column":99}},"13":{"start":{"line":18,"column":0},"end":{"line":18,"column":45}},"14":{"start":{"line":19,"column":0},"end":{"line":19,"column":76}},"15":{"start":{"line":20,"column":0},"end":{"line":20,"column":null}},"16":{"start":{"line":31,"column":28},"end":{"line":38,"column":1}},"17":{"start":{"line":32,"column":2},"end":{"line":37,"column":3}},"18":{"start":{"line":33,"column":17},"end":{"line":33,"column":38}},"19":{"start":{"line":34,"column":19},"end":{"line":34,"column":38}},"20":{"start":{"line":35,"column":16},"end":{"line":35,"column":33}},"21":{"start":{"line":36,"column":13},"end":{"line":36,"column":30}},"22":{"start":{"line":40,"column":22},"end":{"line":48,"column":1}},"23":{"start":{"line":41,"column":2},"end":{"line":47,"column":3}},"24":{"start":{"line":42,"column":19},"end":{"line":42,"column":75}},"25":{"start":{"line":43,"column":17},"end":{"line":43,"column":67}},"26":{"start":{"line":44,"column":22},"end":{"line":44,"column":79}},"27":{"start":{"line":45,"column":22},"end":{"line":45,"column":79}},"28":{"start":{"line":46,"column":13},"end":{"line":46,"column":78}},"29":{"start":{"line":50,"column":22},"end":{"line":58,"column":1}},"30":{"start":{"line":51,"column":2},"end":{"line":57,"column":3}},"31":{"start":{"line":52,"column":19},"end":{"line":52,"column":44}},"32":{"start":{"line":53,"column":17},"end":{"line":53,"column":40}},"33":{"start":{"line":54,"column":22},"end":{"line":54,"column":41}},"34":{"start":{"line":55,"column":22},"end":{"line":55,"column":41}},"35":{"start":{"line":56,"column":13},"end":{"line":56,"column":30}},"36":{"start":{"line":60,"column":25},"end":{"line":1048,"column":1}},"37":{"start":{"line":61,"column":2},"end":{"line":61,"column":47}},"38":{"start":{"line":63,"column":48},"end":{"line":63,"column":78}},"39":{"start":{"line":64,"column":38},"end":{"line":64,"column":61}},"40":{"start":{"line":65,"column":42},"end":{"line":65,"column":65}},"41":{"start":{"line":66,"column":46},"end":{"line":66,"column":69}},"42":{"start":{"line":67,"column":48},"end":{"line":67,"column":80}},"43":{"start":{"line":68,"column":40},"end":{"line":68,"column":59}},"44":{"start":{"line":69,"column":28},"end":{"line":69,"column":48}},"45":{"start":{"line":70,"column":26},"end":{"line":70,"column":57}},"46":{"start":{"line":71,"column":20},"end":{"line":71,"column":30}},"47":{"start":{"line":74,"column":38},"end":{"line":74,"column":58}},"48":{"start":{"line":75,"column":56},"end":{"line":75,"column":76}},"49":{"start":{"line":76,"column":40},"end":{"line":76,"column":64}},"50":{"start":{"line":79,"column":2},"end":{"line":87,"column":19}},"51":{"start":{"line":80,"column":4},"end":{"line":80,"column":25}},"52":{"start":{"line":81,"column":18},"end":{"line":84,"column":11}},"53":{"start":{"line":82,"column":6},"end":{"line":82,"column":41}},"54":{"start":{"line":83,"column":6},"end":{"line":83,"column":28}},"55":{"start":{"line":86,"column":4},"end":{"line":86,"column":37}},"56":{"start":{"line":86,"column":17},"end":{"line":86,"column":36}},"57":{"start":{"line":89,"column":22},"end":{"line":92,"column":3}},"58":{"start":{"line":90,"column":4},"end":{"line":90,"column":22}},"59":{"start":{"line":91,"column":4},"end":{"line":91,"column":31}},"60":{"start":{"line":95,"column":34},"end":{"line":112,"column":53}},"61":{"start":{"line":96,"column":35},"end":{"line":96,"column":37}},"62":{"start":{"line":99,"column":4},"end":{"line":101,"column":5}},"63":{"start":{"line":100,"column":6},"end":{"line":100,"column":49}},"64":{"start":{"line":103,"column":4},"end":{"line":105,"column":5}},"65":{"start":{"line":104,"column":6},"end":{"line":104,"column":65}},"66":{"start":{"line":107,"column":4},"end":{"line":109,"column":5}},"67":{"start":{"line":108,"column":6},"end":{"line":108,"column":92}},"68":{"start":{"line":111,"column":4},"end":{"line":111,"column":18}},"69":{"start":{"line":123,"column":6},"end":{"line":123,"column":42}},"70":{"start":{"line":131,"column":2},"end":{"line":138,"column":42}},"71":{"start":{"line":132,"column":4},"end":{"line":137,"column":5}},"72":{"start":{"line":133,"column":6},"end":{"line":136,"column":9}},"73":{"start":{"line":141,"column":2},"end":{"line":177,"column":24}},"74":{"start":{"line":143,"column":4},"end":{"line":146,"column":5}},"75":{"start":{"line":144,"column":6},"end":{"line":144,"column":41}},"76":{"start":{"line":145,"column":6},"end":{"line":145,"column":13}},"77":{"start":{"line":149,"column":30},"end":{"line":149,"column":47}},"78":{"start":{"line":151,"column":4},"end":{"line":157,"column":7}},"79":{"start":{"line":152,"column":26},"end":{"line":152,"column":88}},"80":{"start":{"line":152,"column":61},"end":{"line":152,"column":87}},"81":{"start":{"line":154,"column":6},"end":{"line":156,"column":7}},"82":{"start":{"line":155,"column":8},"end":{"line":155,"column":49}},"83":{"start":{"line":159,"column":4},"end":{"line":174,"column":5}},"84":{"start":{"line":160,"column":6},"end":{"line":160,"column":44}},"85":{"start":{"line":163,"column":6},"end":{"line":166,"column":9}},"86":{"start":{"line":169,"column":20},"end":{"line":171,"column":14}},"87":{"start":{"line":170,"column":8},"end":{"line":170,"column":38}},"88":{"start":{"line":173,"column":6},"end":{"line":173,"column":39}},"89":{"start":{"line":173,"column":19},"end":{"line":173,"column":38}},"90":{"start":{"line":176,"column":4},"end":{"line":176,"column":39}},"91":{"start":{"line":180,"column":25},"end":{"line":193,"column":53}},"92":{"start":{"line":182,"column":26},"end":{"line":182,"column":65}},"93":{"start":{"line":192,"column":4},"end":{"line":192,"column":25}},"94":{"start":{"line":196,"column":24},"end":{"line":196,"column":45}},"95":{"start":{"line":197,"column":21},"end":{"line":197,"column":63}},"96":{"start":{"line":198,"column":21},"end":{"line":198,"column":56}},"97":{"start":{"line":199,"column":19},"end":{"line":199,"column":47}},"98":{"start":{"line":200,"column":28},"end":{"line":200,"column":70}},"99":{"start":{"line":203,"column":2},"end":{"line":213,"column":5}},"100":{"start":{"line":216,"column":2},"end":{"line":218,"column":54}},"101":{"start":{"line":217,"column":4},"end":{"line":217,"column":22}},"102":{"start":{"line":221,"column":2},"end":{"line":225,"column":32}},"103":{"start":{"line":222,"column":4},"end":{"line":224,"column":5}},"104":{"start":{"line":223,"column":6},"end":{"line":223,"column":33}},"105":{"start":{"line":233,"column":6},"end":{"line":238,"column":null}},"106":{"start":{"line":236,"column":6},"end":{"line":236,"column":90}},"107":{"start":{"line":237,"column":6},"end":{"line":237,"column":34}},"108":{"start":{"line":242,"column":2},"end":{"line":315,"column":90}},"109":{"start":{"line":243,"column":32},"end":{"line":309,"column":5}},"110":{"start":{"line":245,"column":6},"end":{"line":258,"column":7}},"111":{"start":{"line":246,"column":30},"end":{"line":246,"column":67}},"112":{"start":{"line":247,"column":31},"end":{"line":249,"column":71}},"113":{"start":{"line":251,"column":8},"end":{"line":257,"column":9}},"114":{"start":{"line":252,"column":10},"end":{"line":252,"column":29}},"115":{"start":{"line":253,"column":30},"end":{"line":253,"column":113}},"116":{"start":{"line":254,"column":10},"end":{"line":256,"column":11}},"117":{"start":{"line":255,"column":12},"end":{"line":255,"column":32}},"118":{"start":{"line":261,"column":6},"end":{"line":275,"column":7}},"119":{"start":{"line":262,"column":30},"end":{"line":262,"column":67}},"120":{"start":{"line":263,"column":31},"end":{"line":264,"column":67}},"121":{"start":{"line":266,"column":8},"end":{"line":274,"column":9}},"122":{"start":{"line":267,"column":10},"end":{"line":267,"column":24}},"123":{"start":{"line":268,"column":10},"end":{"line":268,"column":31}},"124":{"start":{"line":269,"column":10},"end":{"line":269,"column":33}},"125":{"start":{"line":270,"column":10},"end":{"line":273,"column":13}},"126":{"start":{"line":278,"column":6},"end":{"line":292,"column":7}},"127":{"start":{"line":279,"column":30},"end":{"line":279,"column":67}},"128":{"start":{"line":280,"column":31},"end":{"line":281,"column":67}},"129":{"start":{"line":283,"column":8},"end":{"line":291,"column":9}},"130":{"start":{"line":284,"column":10},"end":{"line":284,"column":29}},"131":{"start":{"line":285,"column":10},"end":{"line":285,"column":42}},"132":{"start":{"line":286,"column":10},"end":{"line":286,"column":31}},"133":{"start":{"line":287,"column":10},"end":{"line":290,"column":13}},"134":{"start":{"line":294,"column":6},"end":{"line":308,"column":7}},"135":{"start":{"line":295,"column":30},"end":{"line":295,"column":67}},"136":{"start":{"line":296,"column":31},"end":{"line":297,"column":67}},"137":{"start":{"line":299,"column":8},"end":{"line":307,"column":9}},"138":{"start":{"line":300,"column":10},"end":{"line":300,"column":29}},"139":{"start":{"line":301,"column":10},"end":{"line":301,"column":42}},"140":{"start":{"line":302,"column":10},"end":{"line":302,"column":31}},"141":{"start":{"line":303,"column":10},"end":{"line":306,"column":13}},"142":{"start":{"line":311,"column":4},"end":{"line":311,"column":62}},"143":{"start":{"line":312,"column":4},"end":{"line":314,"column":6}},"144":{"start":{"line":313,"column":6},"end":{"line":313,"column":67}},"145":{"start":{"line":317,"column":2},"end":{"line":328,"column":3}},"146":{"start":{"line":318,"column":4},"end":{"line":318,"column":106}},"147":{"start":{"line":319,"column":4},"end":{"line":327,"column":6}},"148":{"start":{"line":323,"column":10},"end":{"line":323,"column":66}},"149":{"start":{"line":324,"column":10},"end":{"line":324,"column":35}},"150":{"start":{"line":330,"column":2},"end":{"line":1047,"column":4}},"151":{"start":{"line":365,"column":31},"end":{"line":365,"column":40}},"152":{"start":{"line":388,"column":41},"end":{"line":388,"column":56}},"153":{"start":{"line":389,"column":24},"end":{"line":389,"column":52}},"154":{"start":{"line":390,"column":24},"end":{"line":395,"column":27}},"155":{"start":{"line":413,"column":36},"end":{"line":421,"column":null}},"156":{"start":{"line":414,"column":33},"end":{"line":414,"column":48}},"157":{"start":{"line":415,"column":18},"end":{"line":420,"column":19}},"158":{"start":{"line":416,"column":20},"end":{"line":419,"column":23}},"159":{"start":{"line":459,"column":33},"end":{"line":459,"column":62}},"160":{"start":{"line":462,"column":18},"end":{"line":467,"column":19}},"161":{"start":{"line":463,"column":20},"end":{"line":463,"column":34}},"162":{"start":{"line":464,"column":25},"end":{"line":467,"column":19}},"163":{"start":{"line":465,"column":20},"end":{"line":465,"column":39}},"164":{"start":{"line":466,"column":20},"end":{"line":466,"column":33}},"165":{"start":{"line":553,"column":18},"end":{"line":553,"column":32}},"166":{"start":{"line":554,"column":18},"end":{"line":554,"column":39}},"167":{"start":{"line":555,"column":18},"end":{"line":555,"column":41}},"168":{"start":{"line":556,"column":18},"end":{"line":559,"column":21}},"169":{"start":{"line":586,"column":33},"end":{"line":586,"column":42}},"170":{"start":{"line":601,"column":18},"end":{"line":601,"column":35}},"171":{"start":{"line":655,"column":35},"end":{"line":655,"column":44}},"172":{"start":{"line":664,"column":40},"end":{"line":680,"column":null}},"173":{"start":{"line":666,"column":22},"end":{"line":666,"column":47}},"174":{"start":{"line":667,"column":22},"end":{"line":670,"column":25}},"175":{"start":{"line":671,"column":22},"end":{"line":679,"column":30}},"176":{"start":{"line":671,"column":44},"end":{"line":679,"column":25}},"177":{"start":{"line":672,"column":39},"end":{"line":672,"column":54}},"178":{"start":{"line":673,"column":24},"end":{"line":678,"column":25}},"179":{"start":{"line":674,"column":26},"end":{"line":677,"column":29}},"180":{"start":{"line":718,"column":24},"end":{"line":718,"column":38}},"181":{"start":{"line":719,"column":24},"end":{"line":719,"column":45}},"182":{"start":{"line":720,"column":24},"end":{"line":720,"column":47}},"183":{"start":{"line":721,"column":24},"end":{"line":724,"column":27}},"184":{"start":{"line":734,"column":46},"end":{"line":742,"column":21}},"185":{"start":{"line":735,"column":35},"end":{"line":735,"column":50}},"186":{"start":{"line":736,"column":20},"end":{"line":741,"column":21}},"187":{"start":{"line":737,"column":22},"end":{"line":740,"column":25}},"188":{"start":{"line":755,"column":16},"end":{"line":756,"column":null}},"189":{"start":{"line":766,"column":33},"end":{"line":766,"column":60}},"190":{"start":{"line":768,"column":20},"end":{"line":771,"column":21}},"191":{"start":{"line":769,"column":22},"end":{"line":769,"column":41}},"192":{"start":{"line":770,"column":22},"end":{"line":770,"column":50}},"193":{"start":{"line":773,"column":33},"end":{"line":773,"column":56}},"194":{"start":{"line":824,"column":26},"end":{"line":824,"column":116}},"195":{"start":{"line":825,"column":26},"end":{"line":825,"column":46}},"196":{"start":{"line":826,"column":26},"end":{"line":826,"column":87}},"197":{"start":{"line":827,"column":26},"end":{"line":827,"column":54}},"198":{"start":{"line":889,"column":22},"end":{"line":889,"column":112}},"199":{"start":{"line":890,"column":22},"end":{"line":890,"column":42}},"200":{"start":{"line":891,"column":22},"end":{"line":891,"column":83}},"201":{"start":{"line":892,"column":22},"end":{"line":892,"column":50}},"202":{"start":{"line":913,"column":30},"end":{"line":917,"column":31}},"203":{"start":{"line":914,"column":32},"end":{"line":914,"column":64}},"204":{"start":{"line":916,"column":32},"end":{"line":916,"column":53}},"205":{"start":{"line":925,"column":40},"end":{"line":925,"column":42}},"206":{"start":{"line":926,"column":47},"end":{"line":926,"column":61}},"207":{"start":{"line":928,"column":26},"end":{"line":1020,"column":27}},"208":{"start":{"line":930,"column":28},"end":{"line":945,"column":29}},"209":{"start":{"line":930,"column":41},"end":{"line":930,"column":42}},"210":{"start":{"line":931,"column":30},"end":{"line":944,"column":32}},"211":{"start":{"line":935,"column":38},"end":{"line":935,"column":56}},"212":{"start":{"line":936,"column":38},"end":{"line":936,"column":59}},"213":{"start":{"line":949,"column":28},"end":{"line":962,"column":30}},"214":{"start":{"line":953,"column":36},"end":{"line":953,"column":54}},"215":{"start":{"line":954,"column":36},"end":{"line":954,"column":57}},"216":{"start":{"line":965,"column":28},"end":{"line":971,"column":29}},"217":{"start":{"line":966,"column":30},"end":{"line":970,"column":32}},"218":{"start":{"line":974,"column":42},"end":{"line":974,"column":70}},"219":{"start":{"line":975,"column":40},"end":{"line":975,"column":81}},"220":{"start":{"line":977,"column":28},"end":{"line":992,"column":29}},"221":{"start":{"line":977,"column":41},"end":{"line":977,"column":46}},"222":{"start":{"line":978,"column":30},"end":{"line":991,"column":32}},"223":{"start":{"line":982,"column":38},"end":{"line":982,"column":56}},"224":{"start":{"line":983,"column":38},"end":{"line":983,"column":59}},"225":{"start":{"line":995,"column":28},"end":{"line":1001,"column":29}},"226":{"start":{"line":996,"column":30},"end":{"line":1000,"column":32}},"227":{"start":{"line":1004,"column":28},"end":{"line":1019,"column":29}},"228":{"start":{"line":1005,"column":30},"end":{"line":1018,"column":32}},"229":{"start":{"line":1009,"column":38},"end":{"line":1009,"column":65}},"230":{"start":{"line":1010,"column":38},"end":{"line":1010,"column":59}},"231":{"start":{"line":1022,"column":26},"end":{"line":1022,"column":39}},"232":{"start":{"line":1028,"column":30},"end":{"line":1032,"column":31}},"233":{"start":{"line":1029,"column":32},"end":{"line":1029,"column":64}},"234":{"start":{"line":1031,"column":32},"end":{"line":1031,"column":53}},"235":{"start":{"line":60,"column":13},"end":{"line":60,"column":25}}},"fnMap":{"0":{"name":"(anonymous_7)","decl":{"start":{"line":31,"column":28},"end":{"line":31,"column":29}},"loc":{"start":{"line":31,"column":46},"end":{"line":38,"column":1}}},"1":{"name":"(anonymous_8)","decl":{"start":{"line":40,"column":22},"end":{"line":40,"column":23}},"loc":{"start":{"line":40,"column":41},"end":{"line":48,"column":1}}},"2":{"name":"(anonymous_9)","decl":{"start":{"line":50,"column":22},"end":{"line":50,"column":23}},"loc":{"start":{"line":50,"column":41},"end":{"line":58,"column":1}}},"3":{"name":"(anonymous_10)","decl":{"start":{"line":60,"column":25},"end":{"line":60,"column":28}},"loc":{"start":{"line":60,"column":30},"end":{"line":1048,"column":1}}},"4":{"name":"(anonymous_11)","decl":{"start":{"line":79,"column":12},"end":{"line":79,"column":15}},"loc":{"start":{"line":79,"column":17},"end":{"line":87,"column":3}}},"5":{"name":"(anonymous_12)","decl":{"start":{"line":81,"column":29},"end":{"line":81,"column":32}},"loc":{"start":{"line":81,"column":34},"end":{"line":84,"column":5}}},"6":{"name":"(anonymous_13)","decl":{"start":{"line":86,"column":11},"end":{"line":86,"column":14}},"loc":{"start":{"line":86,"column":17},"end":{"line":86,"column":36}}},"7":{"name":"(anonymous_14)","decl":{"start":{"line":89,"column":22},"end":{"line":89,"column":25}},"loc":{"start":{"line":89,"column":27},"end":{"line":92,"column":3}}},"8":{"name":"(anonymous_15)","decl":{"start":{"line":95,"column":42},"end":{"line":95,"column":45}},"loc":{"start":{"line":95,"column":47},"end":{"line":112,"column":3}}},"9":{"name":"(anonymous_16)","decl":{"start":{"line":131,"column":12},"end":{"line":131,"column":15}},"loc":{"start":{"line":131,"column":17},"end":{"line":138,"column":3}}},"10":{"name":"(anonymous_17)","decl":{"start":{"line":141,"column":12},"end":{"line":141,"column":15}},"loc":{"start":{"line":141,"column":17},"end":{"line":177,"column":3}}},"11":{"name":"(anonymous_18)","decl":{"start":{"line":151,"column":21},"end":{"line":151,"column":35}},"loc":{"start":{"line":151,"column":38},"end":{"line":157,"column":5}}},"12":{"name":"(anonymous_19)","decl":{"start":{"line":152,"column":56},"end":{"line":152,"column":57}},"loc":{"start":{"line":152,"column":61},"end":{"line":152,"column":87}}},"13":{"name":"(anonymous_20)","decl":{"start":{"line":169,"column":31},"end":{"line":169,"column":34}},"loc":{"start":{"line":169,"column":36},"end":{"line":171,"column":7}}},"14":{"name":"(anonymous_21)","decl":{"start":{"line":173,"column":13},"end":{"line":173,"column":16}},"loc":{"start":{"line":173,"column":19},"end":{"line":173,"column":38}}},"15":{"name":"(anonymous_22)","decl":{"start":{"line":180,"column":33},"end":{"line":180,"column":36}},"loc":{"start":{"line":180,"column":38},"end":{"line":193,"column":3}}},"16":{"name":"(anonymous_23)","decl":{"start":{"line":216,"column":12},"end":{"line":216,"column":15}},"loc":{"start":{"line":216,"column":17},"end":{"line":218,"column":3}}},"17":{"name":"(anonymous_24)","decl":{"start":{"line":221,"column":12},"end":{"line":221,"column":15}},"loc":{"start":{"line":221,"column":17},"end":{"line":225,"column":3}}},"18":{"name":"(anonymous_25)","decl":{"start":{"line":235,"column":4},"end":{"line":235,"column":5}},"loc":{"start":{"line":235,"column":23},"end":{"line":238,"column":5}}},"19":{"name":"(anonymous_26)","decl":{"start":{"line":242,"column":12},"end":{"line":242,"column":15}},"loc":{"start":{"line":242,"column":17},"end":{"line":315,"column":3}}},"20":{"name":"(anonymous_27)","decl":{"start":{"line":243,"column":32},"end":{"line":243,"column":33}},"loc":{"start":{"line":243,"column":53},"end":{"line":309,"column":5}}},"21":{"name":"(anonymous_28)","decl":{"start":{"line":312,"column":11},"end":{"line":312,"column":14}},"loc":{"start":{"line":312,"column":16},"end":{"line":314,"column":5}}},"22":{"name":"(anonymous_29)","decl":{"start":{"line":322,"column":16},"end":{"line":322,"column":19}},"loc":{"start":{"line":322,"column":21},"end":{"line":325,"column":9}}},"23":{"name":"(anonymous_30)","decl":{"start":{"line":365,"column":25},"end":{"line":365,"column":28}},"loc":{"start":{"line":365,"column":31},"end":{"line":365,"column":40}}},"24":{"name":"(anonymous_31)","decl":{"start":{"line":387,"column":31},"end":{"line":387,"column":34}},"loc":{"start":{"line":387,"column":36},"end":{"line":396,"column":23}}},"25":{"name":"(anonymous_32)","decl":{"start":{"line":413,"column":25},"end":{"line":413,"column":34}},"loc":{"start":{"line":413,"column":36},"end":{"line":421,"column":null}}},"26":{"name":"(anonymous_33)","decl":{"start":{"line":413,"column":36},"end":{"line":413,"column":null}},"loc":{"start":{"line":413,"column":36},"end":{"line":421,"column":17}}},"27":{"name":"(anonymous_34)","decl":{"start":{"line":459,"column":26},"end":{"line":459,"column":27}},"loc":{"start":{"line":459,"column":33},"end":{"line":459,"column":62}}},"28":{"name":"(anonymous_35)","decl":{"start":{"line":461,"column":27},"end":{"line":461,"column":28}},"loc":{"start":{"line":461,"column":33},"end":{"line":468,"column":17}}},"29":{"name":"(anonymous_36)","decl":{"start":{"line":552,"column":25},"end":{"line":552,"column":28}},"loc":{"start":{"line":552,"column":30},"end":{"line":560,"column":17}}},"30":{"name":"(anonymous_37)","decl":{"start":{"line":586,"column":27},"end":{"line":586,"column":30}},"loc":{"start":{"line":586,"column":33},"end":{"line":586,"column":42}}},"31":{"name":"(anonymous_38)","decl":{"start":{"line":600,"column":35},"end":{"line":600,"column":36}},"loc":{"start":{"line":601,"column":18},"end":{"line":601,"column":35}}},"32":{"name":"(anonymous_39)","decl":{"start":{"line":655,"column":29},"end":{"line":655,"column":32}},"loc":{"start":{"line":655,"column":35},"end":{"line":655,"column":44}}},"33":{"name":"(anonymous_40)","decl":{"start":{"line":664,"column":29},"end":{"line":664,"column":38}},"loc":{"start":{"line":664,"column":40},"end":{"line":680,"column":null}}},"34":{"name":"(anonymous_41)","decl":{"start":{"line":664,"column":40},"end":{"line":664,"column":null}},"loc":{"start":{"line":664,"column":40},"end":{"line":680,"column":21}}},"35":{"name":"(anonymous_42)","decl":{"start":{"line":671,"column":33},"end":{"line":671,"column":42}},"loc":{"start":{"line":671,"column":44},"end":{"line":679,"column":25}}},"36":{"name":"(anonymous_43)","decl":{"start":{"line":671,"column":44},"end":{"line":671,"column":null}},"loc":{"start":{"line":671,"column":44},"end":{"line":679,"column":23}}},"37":{"name":"(anonymous_44)","decl":{"start":{"line":717,"column":31},"end":{"line":717,"column":34}},"loc":{"start":{"line":717,"column":36},"end":{"line":725,"column":23}}},"38":{"name":"(anonymous_45)","decl":{"start":{"line":734,"column":35},"end":{"line":734,"column":44}},"loc":{"start":{"line":734,"column":46},"end":{"line":742,"column":21}}},"39":{"name":"(anonymous_46)","decl":{"start":{"line":734,"column":46},"end":{"line":734,"column":null}},"loc":{"start":{"line":734,"column":46},"end":{"line":742,"column":19}}},"40":{"name":"(anonymous_47)","decl":{"start":{"line":754,"column":41},"end":{"line":754,"column":42}},"loc":{"start":{"line":755,"column":16},"end":{"line":756,"column":null}}},"41":{"name":"(anonymous_48)","decl":{"start":{"line":766,"column":27},"end":{"line":766,"column":30}},"loc":{"start":{"line":766,"column":33},"end":{"line":766,"column":60}}},"42":{"name":"(anonymous_49)","decl":{"start":{"line":767,"column":29},"end":{"line":767,"column":30}},"loc":{"start":{"line":767,"column":35},"end":{"line":772,"column":19}}},"43":{"name":"(anonymous_50)","decl":{"start":{"line":773,"column":27},"end":{"line":773,"column":30}},"loc":{"start":{"line":773,"column":33},"end":{"line":773,"column":56}}},"44":{"name":"(anonymous_51)","decl":{"start":{"line":823,"column":33},"end":{"line":823,"column":34}},"loc":{"start":{"line":823,"column":39},"end":{"line":828,"column":25}}},"45":{"name":"(anonymous_52)","decl":{"start":{"line":888,"column":29},"end":{"line":888,"column":30}},"loc":{"start":{"line":888,"column":35},"end":{"line":893,"column":21}}},"46":{"name":"(anonymous_53)","decl":{"start":{"line":912,"column":37},"end":{"line":912,"column":40}},"loc":{"start":{"line":912,"column":42},"end":{"line":918,"column":29}}},"47":{"name":"(anonymous_54)","decl":{"start":{"line":924,"column":26},"end":{"line":924,"column":29}},"loc":{"start":{"line":924,"column":31},"end":{"line":1023,"column":25}}},"48":{"name":"(anonymous_55)","decl":{"start":{"line":934,"column":45},"end":{"line":934,"column":48}},"loc":{"start":{"line":934,"column":50},"end":{"line":937,"column":37}}},"49":{"name":"(anonymous_56)","decl":{"start":{"line":952,"column":43},"end":{"line":952,"column":46}},"loc":{"start":{"line":952,"column":48},"end":{"line":955,"column":35}}},"50":{"name":"(anonymous_57)","decl":{"start":{"line":981,"column":45},"end":{"line":981,"column":48}},"loc":{"start":{"line":981,"column":50},"end":{"line":984,"column":37}}},"51":{"name":"(anonymous_58)","decl":{"start":{"line":1008,"column":45},"end":{"line":1008,"column":48}},"loc":{"start":{"line":1008,"column":50},"end":{"line":1011,"column":37}}},"52":{"name":"(anonymous_59)","decl":{"start":{"line":1027,"column":37},"end":{"line":1027,"column":40}},"loc":{"start":{"line":1027,"column":42},"end":{"line":1033,"column":29}}}},"branchMap":{"0":{"loc":{"start":{"line":32,"column":2},"end":{"line":37,"column":3}},"type":"switch","locations":[{"start":{"line":33,"column":4},"end":{"line":33,"column":38}},{"start":{"line":34,"column":4},"end":{"line":34,"column":38}},{"start":{"line":35,"column":4},"end":{"line":35,"column":33}},{"start":{"line":36,"column":4},"end":{"line":36,"column":30}}]},"1":{"loc":{"start":{"line":41,"column":2},"end":{"line":47,"column":3}},"type":"switch","locations":[{"start":{"line":42,"column":4},"end":{"line":42,"column":75}},{"start":{"line":43,"column":4},"end":{"line":43,"column":67}},{"start":{"line":44,"column":4},"end":{"line":44,"column":79}},{"start":{"line":45,"column":4},"end":{"line":45,"column":79}},{"start":{"line":46,"column":4},"end":{"line":46,"column":78}}]},"2":{"loc":{"start":{"line":51,"column":2},"end":{"line":57,"column":3}},"type":"switch","locations":[{"start":{"line":52,"column":4},"end":{"line":52,"column":44}},{"start":{"line":53,"column":4},"end":{"line":53,"column":40}},{"start":{"line":54,"column":4},"end":{"line":54,"column":41}},{"start":{"line":55,"column":4},"end":{"line":55,"column":41}},{"start":{"line":56,"column":4},"end":{"line":56,"column":30}}]},"3":{"loc":{"start":{"line":99,"column":4},"end":{"line":101,"column":5}},"type":"if","locations":[{"start":{"line":99,"column":4},"end":{"line":101,"column":5}},{"start":{},"end":{}}]},"4":{"loc":{"start":{"line":103,"column":4},"end":{"line":105,"column":5}},"type":"if","locations":[{"start":{"line":103,"column":4},"end":{"line":105,"column":5}},{"start":{},"end":{}}]},"5":{"loc":{"start":{"line":107,"column":4},"end":{"line":109,"column":5}},"type":"if","locations":[{"start":{"line":107,"column":4},"end":{"line":109,"column":5}},{"start":{},"end":{}}]},"6":{"loc":{"start":{"line":132,"column":4},"end":{"line":137,"column":5}},"type":"if","locations":[{"start":{"line":132,"column":4},"end":{"line":137,"column":5}},{"start":{},"end":{}}]},"7":{"loc":{"start":{"line":132,"column":8},"end":{"line":132,"column":106}},"type":"binary-expr","locations":[{"start":{"line":132,"column":8},"end":{"line":132,"column":31}},{"start":{"line":132,"column":35},"end":{"line":132,"column":54}},{"start":{"line":132,"column":58},"end":{"line":132,"column":68}},{"start":{"line":132,"column":72},"end":{"line":132,"column":78}},{"start":{"line":132,"column":82},"end":{"line":132,"column":106}}]},"8":{"loc":{"start":{"line":135,"column":70},"end":{"line":135,"column":102}},"type":"cond-expr","locations":[{"start":{"line":135,"column":94},"end":{"line":135,"column":96}},{"start":{"line":135,"column":99},"end":{"line":135,"column":102}}]},"9":{"loc":{"start":{"line":143,"column":4},"end":{"line":146,"column":5}},"type":"if","locations":[{"start":{"line":143,"column":4},"end":{"line":146,"column":5}},{"start":{},"end":{}}]},"10":{"loc":{"start":{"line":143,"column":8},"end":{"line":143,"column":75}},"type":"binary-expr","locations":[{"start":{"line":143,"column":8},"end":{"line":143,"column":32}},{"start":{"line":143,"column":36},"end":{"line":143,"column":75}}]},"11":{"loc":{"start":{"line":152,"column":26},"end":{"line":152,"column":88}},"type":"cond-expr","locations":[{"start":{"line":152,"column":49},"end":{"line":152,"column":51}},{"start":{"line":152,"column":49},"end":{"line":152,"column":88}}]},"12":{"loc":{"start":{"line":152,"column":26},"end":{"line":152,"column":51}},"type":"binary-expr","locations":[{"start":{"line":152,"column":26},"end":{"line":152,"column":51}},{"start":{"line":152,"column":49},"end":{"line":152,"column":51}}]},"13":{"loc":{"start":{"line":154,"column":6},"end":{"line":156,"column":7}},"type":"if","locations":[{"start":{"line":154,"column":6},"end":{"line":156,"column":7}},{"start":{},"end":{}}]},"14":{"loc":{"start":{"line":154,"column":10},"end":{"line":154,"column":91}},"type":"binary-expr","locations":[{"start":{"line":154,"column":10},"end":{"line":154,"column":21}},{"start":{"line":154,"column":25},"end":{"line":154,"column":91}}]},"15":{"loc":{"start":{"line":159,"column":4},"end":{"line":174,"column":5}},"type":"if","locations":[{"start":{"line":159,"column":4},"end":{"line":174,"column":5}},{"start":{},"end":{}}]},"16":{"loc":{"start":{"line":165,"column":57},"end":{"line":165,"column":96}},"type":"cond-expr","locations":[{"start":{"line":165,"column":88},"end":{"line":165,"column":90}},{"start":{"line":165,"column":93},"end":{"line":165,"column":96}}]},"17":{"loc":{"start":{"line":182,"column":26},"end":{"line":182,"column":65}},"type":"cond-expr","locations":[{"start":{"line":182,"column":52},"end":{"line":182,"column":60}},{"start":{"line":182,"column":63},"end":{"line":182,"column":65}}]},"18":{"loc":{"start":{"line":204,"column":14},"end":{"line":204,"column":89}},"type":"cond-expr","locations":[{"start":{"line":204,"column":40},"end":{"line":204,"column":55}},{"start":{"line":204,"column":58},"end":{"line":204,"column":89}}]},"19":{"loc":{"start":{"line":206,"column":11},"end":{"line":206,"column":25}},"type":"cond-expr","locations":[{"start":{"line":206,"column":16},"end":{"line":206,"column":18}},{"start":{"line":206,"column":11},"end":{"line":206,"column":25}}]},"20":{"loc":{"start":{"line":206,"column":11},"end":{"line":206,"column":18}},"type":"binary-expr","locations":[{"start":{"line":206,"column":11},"end":{"line":206,"column":18}},{"start":{"line":206,"column":11},"end":{"line":206,"column":18}}]},"21":{"loc":{"start":{"line":211,"column":20},"end":{"line":211,"column":113}},"type":"cond-expr","locations":[{"start":{"line":211,"column":52},"end":{"line":211,"column":73}},{"start":{"line":211,"column":76},"end":{"line":211,"column":113}}]},"22":{"loc":{"start":{"line":212,"column":23},"end":{"line":212,"column":125}},"type":"cond-expr","locations":[{"start":{"line":212,"column":58},"end":{"line":212,"column":82}},{"start":{"line":212,"column":85},"end":{"line":212,"column":125}}]},"23":{"loc":{"start":{"line":222,"column":4},"end":{"line":224,"column":5}},"type":"if","locations":[{"start":{"line":222,"column":4},"end":{"line":224,"column":5}},{"start":{},"end":{}}]},"24":{"loc":{"start":{"line":222,"column":8},"end":{"line":222,"column":50}},"type":"binary-expr","locations":[{"start":{"line":222,"column":8},"end":{"line":222,"column":32}},{"start":{"line":222,"column":36},"end":{"line":222,"column":50}}]},"25":{"loc":{"start":{"line":245,"column":6},"end":{"line":258,"column":7}},"type":"if","locations":[{"start":{"line":245,"column":6},"end":{"line":258,"column":7}},{"start":{},"end":{}}]},"26":{"loc":{"start":{"line":245,"column":10},"end":{"line":245,"column":64}},"type":"binary-expr","locations":[{"start":{"line":245,"column":10},"end":{"line":245,"column":23}},{"start":{"line":245,"column":27},"end":{"line":245,"column":37}},{"start":{"line":245,"column":41},"end":{"line":245,"column":51}},{"start":{"line":245,"column":55},"end":{"line":245,"column":64}}]},"27":{"loc":{"start":{"line":247,"column":31},"end":{"line":249,"column":71}},"type":"binary-expr","locations":[{"start":{"line":247,"column":31},"end":{"line":247,"column":65}},{"start":{"line":248,"column":30},"end":{"line":248,"column":67}},{"start":{"line":249,"column":30},"end":{"line":249,"column":71}}]},"28":{"loc":{"start":{"line":247,"column":31},"end":{"line":247,"column":53}},"type":"cond-expr","locations":[{"start":{"line":247,"column":44},"end":{"line":247,"column":46}},{"start":{"line":247,"column":31},"end":{"line":247,"column":53}}]},"29":{"loc":{"start":{"line":247,"column":31},"end":{"line":247,"column":46}},"type":"binary-expr","locations":[{"start":{"line":247,"column":31},"end":{"line":247,"column":46}},{"start":{"line":247,"column":31},"end":{"line":247,"column":46}}]},"30":{"loc":{"start":{"line":248,"column":30},"end":{"line":248,"column":52}},"type":"cond-expr","locations":[{"start":{"line":248,"column":43},"end":{"line":248,"column":45}},{"start":{"line":248,"column":30},"end":{"line":248,"column":52}}]},"31":{"loc":{"start":{"line":248,"column":30},"end":{"line":248,"column":45}},"type":"binary-expr","locations":[{"start":{"line":248,"column":30},"end":{"line":248,"column":45}},{"start":{"line":248,"column":30},"end":{"line":248,"column":45}}]},"32":{"loc":{"start":{"line":249,"column":30},"end":{"line":249,"column":60}},"type":"cond-expr","locations":[{"start":{"line":249,"column":43},"end":{"line":249,"column":45}},{"start":{"line":249,"column":30},"end":{"line":249,"column":60}}]},"33":{"loc":{"start":{"line":249,"column":30},"end":{"line":249,"column":45}},"type":"binary-expr","locations":[{"start":{"line":249,"column":30},"end":{"line":249,"column":45}},{"start":{"line":249,"column":30},"end":{"line":249,"column":45}}]},"34":{"loc":{"start":{"line":251,"column":8},"end":{"line":257,"column":9}},"type":"if","locations":[{"start":{"line":251,"column":8},"end":{"line":257,"column":9}},{"start":{},"end":{}}]},"35":{"loc":{"start":{"line":254,"column":10},"end":{"line":256,"column":11}},"type":"if","locations":[{"start":{"line":254,"column":10},"end":{"line":256,"column":11}},{"start":{},"end":{}}]},"36":{"loc":{"start":{"line":261,"column":6},"end":{"line":275,"column":7}},"type":"if","locations":[{"start":{"line":261,"column":6},"end":{"line":275,"column":7}},{"start":{},"end":{}}]},"37":{"loc":{"start":{"line":263,"column":31},"end":{"line":264,"column":67}},"type":"binary-expr","locations":[{"start":{"line":263,"column":31},"end":{"line":263,"column":65}},{"start":{"line":264,"column":30},"end":{"line":264,"column":67}}]},"38":{"loc":{"start":{"line":263,"column":31},"end":{"line":263,"column":53}},"type":"cond-expr","locations":[{"start":{"line":263,"column":44},"end":{"line":263,"column":46}},{"start":{"line":263,"column":31},"end":{"line":263,"column":53}}]},"39":{"loc":{"start":{"line":263,"column":31},"end":{"line":263,"column":46}},"type":"binary-expr","locations":[{"start":{"line":263,"column":31},"end":{"line":263,"column":46}},{"start":{"line":263,"column":31},"end":{"line":263,"column":46}}]},"40":{"loc":{"start":{"line":264,"column":30},"end":{"line":264,"column":52}},"type":"cond-expr","locations":[{"start":{"line":264,"column":43},"end":{"line":264,"column":45}},{"start":{"line":264,"column":30},"end":{"line":264,"column":52}}]},"41":{"loc":{"start":{"line":264,"column":30},"end":{"line":264,"column":45}},"type":"binary-expr","locations":[{"start":{"line":264,"column":30},"end":{"line":264,"column":45}},{"start":{"line":264,"column":30},"end":{"line":264,"column":45}}]},"42":{"loc":{"start":{"line":266,"column":8},"end":{"line":274,"column":9}},"type":"if","locations":[{"start":{"line":266,"column":8},"end":{"line":274,"column":9}},{"start":{},"end":{}}]},"43":{"loc":{"start":{"line":266,"column":12},"end":{"line":266,"column":93}},"type":"binary-expr","locations":[{"start":{"line":266,"column":12},"end":{"line":266,"column":27}},{"start":{"line":266,"column":32},"end":{"line":266,"column":42}},{"start":{"line":266,"column":46},"end":{"line":266,"column":66}},{"start":{"line":266,"column":70},"end":{"line":266,"column":92}}]},"44":{"loc":{"start":{"line":278,"column":6},"end":{"line":292,"column":7}},"type":"if","locations":[{"start":{"line":278,"column":6},"end":{"line":292,"column":7}},{"start":{},"end":{}}]},"45":{"loc":{"start":{"line":278,"column":10},"end":{"line":278,"column":68}},"type":"binary-expr","locations":[{"start":{"line":278,"column":10},"end":{"line":278,"column":28}},{"start":{"line":278,"column":33},"end":{"line":278,"column":54}},{"start":{"line":278,"column":58},"end":{"line":278,"column":67}}]},"46":{"loc":{"start":{"line":280,"column":31},"end":{"line":281,"column":67}},"type":"binary-expr","locations":[{"start":{"line":280,"column":31},"end":{"line":280,"column":65}},{"start":{"line":281,"column":30},"end":{"line":281,"column":67}}]},"47":{"loc":{"start":{"line":280,"column":31},"end":{"line":280,"column":53}},"type":"cond-expr","locations":[{"start":{"line":280,"column":44},"end":{"line":280,"column":46}},{"start":{"line":280,"column":31},"end":{"line":280,"column":53}}]},"48":{"loc":{"start":{"line":280,"column":31},"end":{"line":280,"column":46}},"type":"binary-expr","locations":[{"start":{"line":280,"column":31},"end":{"line":280,"column":46}},{"start":{"line":280,"column":31},"end":{"line":280,"column":46}}]},"49":{"loc":{"start":{"line":281,"column":30},"end":{"line":281,"column":52}},"type":"cond-expr","locations":[{"start":{"line":281,"column":43},"end":{"line":281,"column":45}},{"start":{"line":281,"column":30},"end":{"line":281,"column":52}}]},"50":{"loc":{"start":{"line":281,"column":30},"end":{"line":281,"column":45}},"type":"binary-expr","locations":[{"start":{"line":281,"column":30},"end":{"line":281,"column":45}},{"start":{"line":281,"column":30},"end":{"line":281,"column":45}}]},"51":{"loc":{"start":{"line":283,"column":8},"end":{"line":291,"column":9}},"type":"if","locations":[{"start":{"line":283,"column":8},"end":{"line":291,"column":9}},{"start":{},"end":{}}]},"52":{"loc":{"start":{"line":283,"column":12},"end":{"line":283,"column":46}},"type":"binary-expr","locations":[{"start":{"line":283,"column":12},"end":{"line":283,"column":27}},{"start":{"line":283,"column":31},"end":{"line":283,"column":46}}]},"53":{"loc":{"start":{"line":294,"column":6},"end":{"line":308,"column":7}},"type":"if","locations":[{"start":{"line":294,"column":6},"end":{"line":308,"column":7}},{"start":{},"end":{}}]},"54":{"loc":{"start":{"line":294,"column":10},"end":{"line":294,"column":71}},"type":"binary-expr","locations":[{"start":{"line":294,"column":10},"end":{"line":294,"column":30}},{"start":{"line":294,"column":35},"end":{"line":294,"column":57}},{"start":{"line":294,"column":61},"end":{"line":294,"column":70}}]},"55":{"loc":{"start":{"line":296,"column":31},"end":{"line":297,"column":67}},"type":"binary-expr","locations":[{"start":{"line":296,"column":31},"end":{"line":296,"column":65}},{"start":{"line":297,"column":30},"end":{"line":297,"column":67}}]},"56":{"loc":{"start":{"line":296,"column":31},"end":{"line":296,"column":53}},"type":"cond-expr","locations":[{"start":{"line":296,"column":44},"end":{"line":296,"column":46}},{"start":{"line":296,"column":31},"end":{"line":296,"column":53}}]},"57":{"loc":{"start":{"line":296,"column":31},"end":{"line":296,"column":46}},"type":"binary-expr","locations":[{"start":{"line":296,"column":31},"end":{"line":296,"column":46}},{"start":{"line":296,"column":31},"end":{"line":296,"column":46}}]},"58":{"loc":{"start":{"line":297,"column":30},"end":{"line":297,"column":52}},"type":"cond-expr","locations":[{"start":{"line":297,"column":43},"end":{"line":297,"column":45}},{"start":{"line":297,"column":30},"end":{"line":297,"column":52}}]},"59":{"loc":{"start":{"line":297,"column":30},"end":{"line":297,"column":45}},"type":"binary-expr","locations":[{"start":{"line":297,"column":30},"end":{"line":297,"column":45}},{"start":{"line":297,"column":30},"end":{"line":297,"column":45}}]},"60":{"loc":{"start":{"line":299,"column":8},"end":{"line":307,"column":9}},"type":"if","locations":[{"start":{"line":299,"column":8},"end":{"line":307,"column":9}},{"start":{},"end":{}}]},"61":{"loc":{"start":{"line":299,"column":12},"end":{"line":299,"column":55}},"type":"binary-expr","locations":[{"start":{"line":299,"column":12},"end":{"line":299,"column":27}},{"start":{"line":299,"column":31},"end":{"line":299,"column":55}}]},"62":{"loc":{"start":{"line":317,"column":2},"end":{"line":328,"column":3}},"type":"if","locations":[{"start":{"line":317,"column":2},"end":{"line":328,"column":3}},{"start":{},"end":{}}]},"63":{"loc":{"start":{"line":357,"column":11},"end":{"line":370,"column":null}},"type":"binary-expr","locations":[{"start":{"line":357,"column":11},"end":{"line":357,"column":16}},{"start":{"line":358,"column":12},"end":{"line":369,"column":null}}]},"64":{"loc":{"start":{"line":367,"column":54},"end":{"line":367,"column":86}},"type":"cond-expr","locations":[{"start":{"line":367,"column":67},"end":{"line":367,"column":81}},{"start":{"line":367,"column":84},"end":{"line":367,"column":86}}]},"65":{"loc":{"start":{"line":385,"column":31},"end":{"line":385,"column":71}},"type":"cond-expr","locations":[{"start":{"line":385,"column":48},"end":{"line":385,"column":57}},{"start":{"line":385,"column":60},"end":{"line":385,"column":71}}]},"66":{"loc":{"start":{"line":391,"column":54},"end":{"line":391,"column":87}},"type":"cond-expr","locations":[{"start":{"line":391,"column":65},"end":{"line":391,"column":74}},{"start":{"line":391,"column":77},"end":{"line":391,"column":87}}]},"67":{"loc":{"start":{"line":392,"column":39},"end":{"line":394,"column":108}},"type":"cond-expr","locations":[{"start":{"line":393,"column":30},"end":{"line":393,"column":90}},{"start":{"line":394,"column":30},"end":{"line":394,"column":108}}]},"68":{"loc":{"start":{"line":397,"column":36},"end":{"line":397,"column":87}},"type":"cond-expr","locations":[{"start":{"line":397,"column":53},"end":{"line":397,"column":82}},{"start":{"line":397,"column":85},"end":{"line":397,"column":87}}]},"69":{"loc":{"start":{"line":399,"column":77},"end":{"line":399,"column":134}},"type":"cond-expr","locations":[{"start":{"line":399,"column":94},"end":{"line":399,"column":108}},{"start":{"line":399,"column":111},"end":{"line":399,"column":134}}]},"70":{"loc":{"start":{"line":400,"column":58},"end":{"line":400,"column":107}},"type":"cond-expr","locations":[{"start":{"line":400,"column":75},"end":{"line":400,"column":89}},{"start":{"line":400,"column":92},"end":{"line":400,"column":107}}]},"71":{"loc":{"start":{"line":401,"column":51},"end":{"line":401,"column":82}},"type":"cond-expr","locations":[{"start":{"line":401,"column":68},"end":{"line":401,"column":74}},{"start":{"line":401,"column":77},"end":{"line":401,"column":82}}]},"72":{"loc":{"start":{"line":405,"column":24},"end":{"line":405,"column":196}},"type":"cond-expr","locations":[{"start":{"line":405,"column":41},"end":{"line":405,"column":143}},{"start":{"line":405,"column":146},"end":{"line":405,"column":196}}]},"73":{"loc":{"start":{"line":415,"column":18},"end":{"line":420,"column":19}},"type":"if","locations":[{"start":{"line":415,"column":18},"end":{"line":420,"column":19}},{"start":{},"end":{}}]},"74":{"loc":{"start":{"line":415,"column":22},"end":{"line":415,"column":50}},"type":"binary-expr","locations":[{"start":{"line":415,"column":22},"end":{"line":415,"column":33}},{"start":{"line":415,"column":37},"end":{"line":415,"column":50}}]},"75":{"loc":{"start":{"line":425,"column":76},"end":{"line":425,"column":108}},"type":"cond-expr","locations":[{"start":{"line":425,"column":89},"end":{"line":425,"column":103}},{"start":{"line":425,"column":106},"end":{"line":425,"column":108}}]},"76":{"loc":{"start":{"line":433,"column":13},"end":{"line":434,"column":null}},"type":"binary-expr","locations":[{"start":{"line":433,"column":13},"end":{"line":433,"column":27}},{"start":{"line":434,"column":14},"end":{"line":434,"column":84}}]},"77":{"loc":{"start":{"line":442,"column":15},"end":{"line":446,"column":null}},"type":"binary-expr","locations":[{"start":{"line":442,"column":15},"end":{"line":442,"column":29}},{"start":{"line":443,"column":16},"end":{"line":445,"column":null}}]},"78":{"loc":{"start":{"line":460,"column":26},"end":{"line":460,"column":46}},"type":"binary-expr","locations":[{"start":{"line":460,"column":26},"end":{"line":460,"column":35}},{"start":{"line":460,"column":39},"end":{"line":460,"column":46}}]},"79":{"loc":{"start":{"line":462,"column":18},"end":{"line":467,"column":19}},"type":"if","locations":[{"start":{"line":462,"column":18},"end":{"line":467,"column":19}},{"start":{"line":464,"column":25},"end":{"line":467,"column":19}}]},"80":{"loc":{"start":{"line":462,"column":22},"end":{"line":462,"column":54}},"type":"binary-expr","locations":[{"start":{"line":462,"column":22},"end":{"line":462,"column":40}},{"start":{"line":462,"column":44},"end":{"line":462,"column":54}}]},"81":{"loc":{"start":{"line":464,"column":25},"end":{"line":467,"column":19}},"type":"if","locations":[{"start":{"line":464,"column":25},"end":{"line":467,"column":19}},{"start":{},"end":{}}]},"82":{"loc":{"start":{"line":464,"column":29},"end":{"line":464,"column":79}},"type":"binary-expr","locations":[{"start":{"line":464,"column":29},"end":{"line":464,"column":50}},{"start":{"line":464,"column":54},"end":{"line":464,"column":79}}]},"83":{"loc":{"start":{"line":472,"column":15},"end":{"line":475,"column":null}},"type":"binary-expr","locations":[{"start":{"line":472,"column":15},"end":{"line":472,"column":26}},{"start":{"line":473,"column":16},"end":{"line":474,"column":null}}]},"84":{"loc":{"start":{"line":480,"column":17},"end":{"line":489,"column":null}},"type":"binary-expr","locations":[{"start":{"line":480,"column":17},"end":{"line":480,"column":27}},{"start":{"line":481,"column":18},"end":{"line":488,"column":null}}]},"85":{"loc":{"start":{"line":497,"column":26},"end":{"line":497,"column":46}},"type":"binary-expr","locations":[{"start":{"line":497,"column":26},"end":{"line":497,"column":35}},{"start":{"line":497,"column":39},"end":{"line":497,"column":46}}]},"86":{"loc":{"start":{"line":513,"column":26},"end":{"line":513,"column":46}},"type":"binary-expr","locations":[{"start":{"line":513,"column":26},"end":{"line":513,"column":35}},{"start":{"line":513,"column":39},"end":{"line":513,"column":46}}]},"87":{"loc":{"start":{"line":530,"column":11},"end":{"line":564,"column":null}},"type":"binary-expr","locations":[{"start":{"line":530,"column":11},"end":{"line":530,"column":21}},{"start":{"line":530,"column":25},"end":{"line":530,"column":31}},{"start":{"line":530,"column":36},"end":{"line":530,"column":46}},{"start":{"line":530,"column":50},"end":{"line":530,"column":70}},{"start":{"line":530,"column":74},"end":{"line":530,"column":96}},{"start":{"line":531,"column":12},"end":{"line":563,"column":null}}]},"88":{"loc":{"start":{"line":535,"column":43},"end":{"line":535,"column":87}},"type":"cond-expr","locations":[{"start":{"line":535,"column":65},"end":{"line":535,"column":74}},{"start":{"line":535,"column":77},"end":{"line":535,"column":87}}]},"89":{"loc":{"start":{"line":536,"column":19},"end":{"line":539,"column":null}},"type":"binary-expr","locations":[{"start":{"line":536,"column":19},"end":{"line":536,"column":30}},{"start":{"line":537,"column":20},"end":{"line":537,"column":null}}]},"90":{"loc":{"start":{"line":541,"column":19},"end":{"line":544,"column":null}},"type":"binary-expr","locations":[{"start":{"line":541,"column":19},"end":{"line":541,"column":33}},{"start":{"line":542,"column":20},"end":{"line":543,"column":null}}]},"91":{"loc":{"start":{"line":574,"column":15},"end":{"line":577,"column":null}},"type":"binary-expr","locations":[{"start":{"line":574,"column":15},"end":{"line":574,"column":29}},{"start":{"line":575,"column":16},"end":{"line":576,"column":null}}]},"92":{"loc":{"start":{"line":579,"column":15},"end":{"line":580,"column":null}},"type":"binary-expr","locations":[{"start":{"line":579,"column":15},"end":{"line":579,"column":25}},{"start":{"line":580,"column":16},"end":{"line":580,"column":82}}]},"93":{"loc":{"start":{"line":582,"column":15},"end":{"line":591,"column":null}},"type":"binary-expr","locations":[{"start":{"line":582,"column":15},"end":{"line":582,"column":20}},{"start":{"line":583,"column":16},"end":{"line":589,"column":null}}]},"94":{"loc":{"start":{"line":597,"column":13},"end":{"line":632,"column":null}},"type":"binary-expr","locations":[{"start":{"line":597,"column":13},"end":{"line":597,"column":22}},{"start":{"line":598,"column":14},"end":{"line":631,"column":null}}]},"95":{"loc":{"start":{"line":636,"column":13},"end":{"line":640,"column":null}},"type":"binary-expr","locations":[{"start":{"line":636,"column":13},"end":{"line":636,"column":23}},{"start":{"line":636,"column":27},"end":{"line":636,"column":39}},{"start":{"line":637,"column":14},"end":{"line":639,"column":null}}]},"96":{"loc":{"start":{"line":644,"column":13},"end":{"line":695,"column":null}},"type":"binary-expr","locations":[{"start":{"line":644,"column":13},"end":{"line":644,"column":18}},{"start":{"line":644,"column":22},"end":{"line":644,"column":32}},{"start":{"line":645,"column":14},"end":{"line":694,"column":null}}]},"97":{"loc":{"start":{"line":651,"column":19},"end":{"line":651,"column":122}},"type":"binary-expr","locations":[{"start":{"line":651,"column":19},"end":{"line":651,"column":32}},{"start":{"line":651,"column":36},"end":{"line":651,"column":122}}]},"98":{"loc":{"start":{"line":659,"column":58},"end":{"line":659,"column":90}},"type":"cond-expr","locations":[{"start":{"line":659,"column":71},"end":{"line":659,"column":85}},{"start":{"line":659,"column":88},"end":{"line":659,"column":90}}]},"99":{"loc":{"start":{"line":660,"column":21},"end":{"line":660,"column":61}},"type":"cond-expr","locations":[{"start":{"line":660,"column":34},"end":{"line":660,"column":47}},{"start":{"line":660,"column":50},"end":{"line":660,"column":61}}]},"100":{"loc":{"start":{"line":673,"column":24},"end":{"line":678,"column":25}},"type":"if","locations":[{"start":{"line":673,"column":24},"end":{"line":678,"column":25}},{"start":{},"end":{}}]},"101":{"loc":{"start":{"line":673,"column":28},"end":{"line":673,"column":56}},"type":"binary-expr","locations":[{"start":{"line":673,"column":28},"end":{"line":673,"column":39}},{"start":{"line":673,"column":43},"end":{"line":673,"column":56}}]},"102":{"loc":{"start":{"line":682,"column":30},"end":{"line":682,"column":59}},"type":"binary-expr","locations":[{"start":{"line":682,"column":30},"end":{"line":682,"column":40}},{"start":{"line":682,"column":44},"end":{"line":682,"column":59}}]},"103":{"loc":{"start":{"line":688,"column":17},"end":{"line":693,"column":null}},"type":"binary-expr","locations":[{"start":{"line":688,"column":17},"end":{"line":688,"column":33}},{"start":{"line":689,"column":18},"end":{"line":692,"column":null}}]},"104":{"loc":{"start":{"line":699,"column":13},"end":{"line":747,"column":null}},"type":"binary-expr","locations":[{"start":{"line":699,"column":13},"end":{"line":699,"column":23}},{"start":{"line":699,"column":27},"end":{"line":699,"column":33}},{"start":{"line":699,"column":37},"end":{"line":699,"column":56}},{"start":{"line":700,"column":14},"end":{"line":746,"column":null}}]},"105":{"loc":{"start":{"line":704,"column":19},"end":{"line":711,"column":null}},"type":"cond-expr","locations":[{"start":{"line":705,"column":20},"end":{"line":705,"column":null}},{"start":{"line":709,"column":20},"end":{"line":709,"column":null}}]},"106":{"loc":{"start":{"line":704,"column":20},"end":{"line":704,"column":80}},"type":"binary-expr","locations":[{"start":{"line":704,"column":20},"end":{"line":704,"column":30}},{"start":{"line":704,"column":34},"end":{"line":704,"column":54}},{"start":{"line":704,"column":58},"end":{"line":704,"column":80}}]},"107":{"loc":{"start":{"line":715,"column":19},"end":{"line":732,"column":null}},"type":"binary-expr","locations":[{"start":{"line":715,"column":20},"end":{"line":715,"column":30}},{"start":{"line":715,"column":34},"end":{"line":715,"column":54}},{"start":{"line":715,"column":58},"end":{"line":715,"column":80}},{"start":{"line":716,"column":20},"end":{"line":730,"column":null}}]},"108":{"loc":{"start":{"line":736,"column":20},"end":{"line":741,"column":21}},"type":"if","locations":[{"start":{"line":736,"column":20},"end":{"line":741,"column":21}},{"start":{},"end":{}}]},"109":{"loc":{"start":{"line":736,"column":24},"end":{"line":736,"column":52}},"type":"binary-expr","locations":[{"start":{"line":736,"column":24},"end":{"line":736,"column":35}},{"start":{"line":736,"column":39},"end":{"line":736,"column":52}}]},"110":{"loc":{"start":{"line":751,"column":13},"end":{"line":1041,"column":null}},"type":"binary-expr","locations":[{"start":{"line":751,"column":13},"end":{"line":751,"column":23}},{"start":{"line":751,"column":27},"end":{"line":751,"column":33}},{"start":{"line":751,"column":37},"end":{"line":751,"column":54}},{"start":{"line":752,"column":14},"end":{"line":1040,"column":null}}]},"111":{"loc":{"start":{"line":762,"column":20},"end":{"line":762,"column":null}},"type":"cond-expr","locations":[{"start":{"line":762,"column":54},"end":{"line":762,"column":96}},{"start":{"line":762,"column":99},"end":{"line":762,"column":null}}]},"112":{"loc":{"start":{"line":764,"column":20},"end":{"line":764,"column":null}},"type":"cond-expr","locations":[{"start":{"line":764,"column":46},"end":{"line":764,"column":78}},{"start":{"line":764,"column":81},"end":{"line":764,"column":null}}]},"113":{"loc":{"start":{"line":768,"column":20},"end":{"line":771,"column":21}},"type":"if","locations":[{"start":{"line":768,"column":20},"end":{"line":771,"column":21}},{"start":{},"end":{}}]},"114":{"loc":{"start":{"line":768,"column":24},"end":{"line":768,"column":58}},"type":"binary-expr","locations":[{"start":{"line":768,"column":24},"end":{"line":768,"column":41}},{"start":{"line":768,"column":45},"end":{"line":768,"column":58}}]},"115":{"loc":{"start":{"line":782,"column":27},"end":{"line":785,"column":null}},"type":"binary-expr","locations":[{"start":{"line":782,"column":27},"end":{"line":782,"column":58}},{"start":{"line":783,"column":28},"end":{"line":783,"column":null}}]},"116":{"loc":{"start":{"line":791,"column":27},"end":{"line":791,"column":96}},"type":"binary-expr","locations":[{"start":{"line":791,"column":27},"end":{"line":791,"column":53}},{"start":{"line":791,"column":57},"end":{"line":791,"column":96}}]},"117":{"loc":{"start":{"line":797,"column":28},"end":{"line":797,"column":121}},"type":"cond-expr","locations":[{"start":{"line":797,"column":67},"end":{"line":797,"column":116}},{"start":{"line":797,"column":119},"end":{"line":797,"column":121}}]},"118":{"loc":{"start":{"line":798,"column":28},"end":{"line":798,"column":129}},"type":"cond-expr","locations":[{"start":{"line":798,"column":69},"end":{"line":798,"column":124}},{"start":{"line":798,"column":127},"end":{"line":798,"column":129}}]},"119":{"loc":{"start":{"line":799,"column":28},"end":{"line":799,"column":117}},"type":"cond-expr","locations":[{"start":{"line":799,"column":66},"end":{"line":799,"column":112}},{"start":{"line":799,"column":115},"end":{"line":799,"column":117}}]},"120":{"loc":{"start":{"line":800,"column":28},"end":{"line":800,"column":96}},"type":"cond-expr","locations":[{"start":{"line":800,"column":62},"end":{"line":800,"column":91}},{"start":{"line":800,"column":94},"end":{"line":800,"column":96}}]},"121":{"loc":{"start":{"line":804,"column":25},"end":{"line":805,"column":null}},"type":"binary-expr","locations":[{"start":{"line":804,"column":25},"end":{"line":804,"column":56}},{"start":{"line":805,"column":26},"end":{"line":805,"column":57}}]},"122":{"loc":{"start":{"line":840,"column":25},"end":{"line":843,"column":null}},"type":"binary-expr","locations":[{"start":{"line":840,"column":25},"end":{"line":840,"column":56}},{"start":{"line":841,"column":26},"end":{"line":841,"column":null}}]},"123":{"loc":{"start":{"line":849,"column":25},"end":{"line":849,"column":98}},"type":"binary-expr","locations":[{"start":{"line":849,"column":25},"end":{"line":849,"column":51}},{"start":{"line":849,"column":55},"end":{"line":849,"column":98}}]},"124":{"loc":{"start":{"line":866,"column":30},"end":{"line":866,"column":123}},"type":"cond-expr","locations":[{"start":{"line":866,"column":69},"end":{"line":866,"column":118}},{"start":{"line":866,"column":121},"end":{"line":866,"column":123}}]},"125":{"loc":{"start":{"line":867,"column":30},"end":{"line":867,"column":131}},"type":"cond-expr","locations":[{"start":{"line":867,"column":71},"end":{"line":867,"column":126}},{"start":{"line":867,"column":129},"end":{"line":867,"column":131}}]},"126":{"loc":{"start":{"line":868,"column":30},"end":{"line":868,"column":119}},"type":"cond-expr","locations":[{"start":{"line":868,"column":68},"end":{"line":868,"column":114}},{"start":{"line":868,"column":117},"end":{"line":868,"column":119}}]},"127":{"loc":{"start":{"line":869,"column":30},"end":{"line":869,"column":98}},"type":"cond-expr","locations":[{"start":{"line":869,"column":64},"end":{"line":869,"column":93}},{"start":{"line":869,"column":96},"end":{"line":869,"column":98}}]},"128":{"loc":{"start":{"line":873,"column":27},"end":{"line":874,"column":null}},"type":"binary-expr","locations":[{"start":{"line":873,"column":27},"end":{"line":873,"column":58}},{"start":{"line":874,"column":28},"end":{"line":874,"column":59}}]},"129":{"loc":{"start":{"line":902,"column":17},"end":{"line":1039,"column":null}},"type":"binary-expr","locations":[{"start":{"line":902,"column":17},"end":{"line":902,"column":31}},{"start":{"line":903,"column":18},"end":{"line":1038,"column":null}}]},"130":{"loc":{"start":{"line":913,"column":30},"end":{"line":917,"column":31}},"type":"if","locations":[{"start":{"line":913,"column":30},"end":{"line":917,"column":31}},{"start":{},"end":{}}]},"131":{"loc":{"start":{"line":919,"column":39},"end":{"line":919,"column":109}},"type":"cond-expr","locations":[{"start":{"line":919,"column":58},"end":{"line":919,"column":90}},{"start":{"line":919,"column":93},"end":{"line":919,"column":109}}]},"132":{"loc":{"start":{"line":928,"column":26},"end":{"line":1020,"column":27}},"type":"if","locations":[{"start":{"line":928,"column":26},"end":{"line":1020,"column":27}},{"start":{"line":946,"column":33},"end":{"line":1020,"column":27}}]},"133":{"loc":{"start":{"line":965,"column":28},"end":{"line":971,"column":29}},"type":"if","locations":[{"start":{"line":965,"column":28},"end":{"line":971,"column":29}},{"start":{},"end":{}}]},"134":{"loc":{"start":{"line":995,"column":28},"end":{"line":1001,"column":29}},"type":"if","locations":[{"start":{"line":995,"column":28},"end":{"line":1001,"column":29}},{"start":{},"end":{}}]},"135":{"loc":{"start":{"line":1004,"column":28},"end":{"line":1019,"column":29}},"type":"if","locations":[{"start":{"line":1004,"column":28},"end":{"line":1019,"column":29}},{"start":{},"end":{}}]},"136":{"loc":{"start":{"line":1028,"column":30},"end":{"line":1032,"column":31}},"type":"if","locations":[{"start":{"line":1028,"column":30},"end":{"line":1032,"column":31}},{"start":{},"end":{}}]},"137":{"loc":{"start":{"line":1034,"column":39},"end":{"line":1034,"column":118}},"type":"cond-expr","locations":[{"start":{"line":1034,"column":67},"end":{"line":1034,"column":99}},{"start":{"line":1034,"column":102},"end":{"line":1034,"column":118}}]}},"s":{"0":0,"1":0,"2":0,"3":0,"4":0,"5":0,"6":0,"7":0,"8":0,"9":0,"10":0,"11":0,"12":0,"13":0,"14":0,"15":0,"16":0,"17":0,"18":0,"19":0,"20":0,"21":0,"22":0,"23":0,"24":0,"25":0,"26":0,"27":0,"28":0,"29":0,"30":0,"31":0,"32":0,"33":0,"34":0,"35":0,"36":0,"37":0,"38":0,"39":0,"40":0,"41":0,"42":0,"43":0,"44":0,"45":0,"46":0,"47":0,"48":0,"49":0,"50":0,"51":0,"52":0,"53":0,"54":0,"55":0,"56":0,"57":0,"58":0,"59":0,"60":0,"61":0,"62":0,"63":0,"64":0,"65":0,"66":0,"67":0,"68":0,"69":0,"70":0,"71":0,"72":0,"73":0,"74":0,"75":0,"76":0,"77":0,"78":0,"79":0,"80":0,"81":0,"82":0,"83":0,"84":0,"85":0,"86":0,"87":0,"88":0,"89":0,"90":0,"91":0,"92":0,"93":0,"94":0,"95":0,"96":0,"97":0,"98":0,"99":0,"100":0,"101":0,"102":0,"103":0,"104":0,"105":0,"106":0,"107":0,"108":0,"109":0,"110":0,"111":0,"112":0,"113":0,"114":0,"115":0,"116":0,"117":0,"118":0,"119":0,"120":0,"121":0,"122":0,"123":0,"124":0,"125":0,"126":0,"127":0,"128":0,"129":0,"130":0,"131":0,"132":0,"133":0,"134":0,"135":0,"136":0,"137":0,"138":0,"139":0,"140":0,"141":0,"142":0,"143":0,"144":0,"145":0,"146":0,"147":0,"148":0,"149":0,"150":0,"151":0,"152":0,"153":0,"154":0,"155":0,"156":0,"157":0,"158":0,"159":0,"160":0,"161":0,"162":0,"163":0,"164":0,"165":0,"166":0,"167":0,"168":0,"169":0,"170":0,"171":0,"172":0,"173":0,"174":0,"175":0,"176":0,"177":0,"178":0,"179":0,"180":0,"181":0,"182":0,"183":0,"184":0,"185":0,"186":0,"187":0,"188":0,"189":0,"190":0,"191":0,"192":0,"193":0,"194":0,"195":0,"196":0,"197":0,"198":0,"199":0,"200":0,"201":0,"202":0,"203":0,"204":0,"205":0,"206":0,"207":0,"208":0,"209":0,"210":0,"211":0,"212":0,"213":0,"214":0,"215":0,"216":0,"217":0,"218":0,"219":0,"220":0,"221":0,"222":0,"223":0,"224":0,"225":0,"226":0,"227":0,"228":0,"229":0,"230":0,"231":0,"232":0,"233":0,"234":0,"235":0},"f":{"0":0,"1":0,"2":0,"3":0,"4":0,"5":0,"6":0,"7":0,"8":0,"9":0,"10":0,"11":0,"12":0,"13":0,"14":0,"15":0,"16":0,"17":0,"18":0,"19":0,"20":0,"21":0,"22":0,"23":0,"24":0,"25":0,"26":0,"27":0,"28":0,"29":0,"30":0,"31":0,"32":0,"33":0,"34":0,"35":0,"36":0,"37":0,"38":0,"39":0,"40":0,"41":0,"42":0,"43":0,"44":0,"45":0,"46":0,"47":0,"48":0,"49":0,"50":0,"51":0,"52":0},"b":{"0":[0,0,0,0],"1":[0,0,0,0,0],"2":[0,0,0,0,0],"3":[0,0],"4":[0,0],"5":[0,0],"6":[0,0],"7":[0,0,0,0,0],"8":[0,0],"9":[0,0],"10":[0,0],"11":[0,0],"12":[0,0],"13":[0,0],"14":[0,0],"15":[0,0],"16":[0,0],"17":[0,0],"18":[0,0],"19":[0,0],"20":[0,0],"21":[0,0],"22":[0,0],"23":[0,0],"24":[0,0],"25":[0,0],"26":[0,0,0,0],"27":[0,0,0],"28":[0,0],"29":[0,0],"30":[0,0],"31":[0,0],"32":[0,0],"33":[0,0],"34":[0,0],"35":[0,0],"36":[0,0],"37":[0,0],"38":[0,0],"39":[0,0],"40":[0,0],"41":[0,0],"42":[0,0],"43":[0,0,0,0],"44":[0,0],"45":[0,0,0],"46":[0,0],"47":[0,0],"48":[0,0],"49":[0,0],"50":[0,0],"51":[0,0],"52":[0,0],"53":[0,0],"54":[0,0,0],"55":[0,0],"56":[0,0],"57":[0,0],"58":[0,0],"59":[0,0],"60":[0,0],"61":[0,0],"62":[0,0],"63":[0,0],"64":[0,0],"65":[0,0],"66":[0,0],"67":[0,0],"68":[0,0],"69":[0,0],"70":[0,0],"71":[0,0],"72":[0,0],"73":[0,0],"74":[0,0],"75":[0,0],"76":[0,0],"77":[0,0],"78":[0,0],"79":[0,0],"80":[0,0],"81":[0,0],"82":[0,0],"83":[0,0],"84":[0,0],"85":[0,0],"86":[0,0],"87":[0,0,0,0,0,0],"88":[0,0],"89":[0,0],"90":[0,0],"91":[0,0],"92":[0,0],"93":[0,0],"94":[0,0],"95":[0,0,0],"96":[0,0,0],"97":[0,0],"98":[0,0],"99":[0,0],"100":[0,0],"101":[0,0],"102":[0,0],"103":[0,0],"104":[0,0,0,0],"105":[0,0],"106":[0,0,0],"107":[0,0,0,0],"108":[0,0],"109":[0,0],"110":[0,0,0,0],"111":[0,0],"112":[0,0],"113":[0,0],"114":[0,0],"115":[0,0],"116":[0,0],"117":[0,0],"118":[0,0],"119":[0,0],"120":[0,0],"121":[0,0],"122":[0,0],"123":[0,0],"124":[0,0],"125":[0,0],"126":[0,0],"127":[0,0],"128":[0,0],"129":[0,0],"130":[0,0],"131":[0,0],"132":[0,0],"133":[0,0],"134":[0,0],"135":[0,0],"136":[0,0],"137":[0,0]}}
,"/Users/kelvin/Desktop/kelveloper/care-compass-continuity/src/components/ErrorBoundary.tsx": {"path":"/Users/kelvin/Desktop/kelveloper/care-compass-continuity/src/components/ErrorBoundary.tsx","statementMap":{"0":{"start":{"line":196,"column":0},"end":{"line":196,"column":16}},"1":{"start":{"line":212,"column":0},"end":{"line":212,"column":16}},"2":{"start":{"line":1,"column":0},"end":{"line":1,"column":52}},"3":{"start":{"line":2,"column":0},"end":{"line":2,"column":80}},"4":{"start":{"line":3,"column":0},"end":{"line":3,"column":49}},"5":{"start":{"line":4,"column":0},"end":{"line":4,"column":48}},"6":{"start":{"line":31,"column":4},"end":{"line":31,"column":17}},"7":{"start":{"line":27,"column":10},"end":{"line":27,"column":47}},"8":{"start":{"line":28,"column":10},"end":{"line":28,"column":54}},"9":{"start":{"line":108,"column":2},"end":{"line":152,"column":4}},"10":{"start":{"line":108,"column":34},"end":{"line":152,"column":4}},"11":{"start":{"line":109,"column":4},"end":{"line":109,"column":59}},"12":{"start":{"line":111,"column":4},"end":{"line":131,"column":5}},"13":{"start":{"line":113,"column":25},"end":{"line":113,"column":46}},"14":{"start":{"line":114,"column":24},"end":{"line":114,"column":66}},"15":{"start":{"line":114,"column":41},"end":{"line":114,"column":59}},"16":{"start":{"line":116,"column":23},"end":{"line":120,"column":8}},"17":{"start":{"line":122,"column":6},"end":{"line":122,"column":30}},"18":{"start":{"line":124,"column":6},"end":{"line":128,"column":7}},"19":{"start":{"line":125,"column":8},"end":{"line":125,"column":85}},"20":{"start":{"line":126,"column":8},"end":{"line":126,"column":26}},"21":{"start":{"line":127,"column":8},"end":{"line":127,"column":15}},"22":{"start":{"line":130,"column":6},"end":{"line":130,"column":62}},"23":{"start":{"line":134,"column":4},"end":{"line":137,"column":8}},"24":{"start":{"line":134,"column":32},"end":{"line":137,"column":6}},"25":{"start":{"line":140,"column":4},"end":{"line":151,"column":5}},"26":{"start":{"line":141,"column":29},"end":{"line":141,"column":91}},"27":{"start":{"line":143,"column":6},"end":{"line":143,"column":46}},"28":{"start":{"line":145,"column":6},"end":{"line":147,"column":25}},"29":{"start":{"line":146,"column":8},"end":{"line":146,"column":34}},"30":{"start":{"line":149,"column":6},"end":{"line":149,"column":71}},"31":{"start":{"line":150,"column":6},"end":{"line":150,"column":47}},"32":{"start":{"line":154,"column":2},"end":{"line":174,"column":4}},"33":{"start":{"line":155,"column":4},"end":{"line":158,"column":5}},"34":{"start":{"line":156,"column":6},"end":{"line":156,"column":40}},"35":{"start":{"line":157,"column":6},"end":{"line":157,"column":33}},"36":{"start":{"line":159,"column":4},"end":{"line":162,"column":5}},"37":{"start":{"line":160,"column":6},"end":{"line":160,"column":47}},"38":{"start":{"line":161,"column":6},"end":{"line":161,"column":40}},"39":{"start":{"line":164,"column":4},"end":{"line":164,"column":56}},"40":{"start":{"line":166,"column":4},"end":{"line":173,"column":7}},"41":{"start":{"line":32,"column":4},"end":{"line":39,"column":6}},"42":{"start":{"line":44,"column":23},"end":{"line":44,"column":46}},"43":{"start":{"line":47,"column":27},"end":{"line":52,"column":43}},"44":{"start":{"line":54,"column":4},"end":{"line":58,"column":6}},"45":{"start":{"line":63,"column":23},"end":{"line":63,"column":46}},"46":{"start":{"line":64,"column":4},"end":{"line":64,"column":57}},"47":{"start":{"line":66,"column":4},"end":{"line":71,"column":7}},"48":{"start":{"line":74,"column":4},"end":{"line":76,"column":5}},"49":{"start":{"line":75,"column":6},"end":{"line":75,"column":43}},"50":{"start":{"line":79,"column":4},"end":{"line":96,"column":5}},"51":{"start":{"line":80,"column":6},"end":{"line":80,"column":108}},"52":{"start":{"line":82,"column":6},"end":{"line":82,"column":46}},"53":{"start":{"line":84,"column":25},"end":{"line":84,"column":83}},"54":{"start":{"line":86,"column":6},"end":{"line":88,"column":21}},"55":{"start":{"line":87,"column":8},"end":{"line":87,"column":34}},"56":{"start":{"line":91,"column":6},"end":{"line":95,"column":7}},"57":{"start":{"line":92,"column":8},"end":{"line":94,"column":18}},"58":{"start":{"line":93,"column":10},"end":{"line":93,"column":28}},"59":{"start":{"line":100,"column":4},"end":{"line":102,"column":5}},"60":{"start":{"line":101,"column":6},"end":{"line":101,"column":40}},"61":{"start":{"line":103,"column":4},"end":{"line":105,"column":5}},"62":{"start":{"line":104,"column":6},"end":{"line":104,"column":47}},"63":{"start":{"line":177,"column":4},"end":{"line":189,"column":5}},"64":{"start":{"line":178,"column":32},"end":{"line":178,"column":68}},"65":{"start":{"line":180,"column":6},"end":{"line":188,"column":8}},"66":{"start":{"line":191,"column":4},"end":{"line":191,"column":70}},"67":{"start":{"line":26,"column":0},"end":{"line":26,"column":13}},"68":{"start":{"line":200,"column":27},"end":{"line":203,"column":null}},"69":{"start":{"line":201,"column":4},"end":{"line":202,"column":null}},"70":{"start":{"line":206,"column":2},"end":{"line":206,"column":97}},"71":{"start":{"line":208,"column":2},"end":{"line":208,"column":26}},"72":{"start":{"line":213,"column":2},"end":{"line":216,"column":4}},"73":{"start":{"line":215,"column":4},"end":{"line":215,"column":16}}},"fnMap":{"0":{"name":"(anonymous_7)","decl":{"start":{"line":30,"column":2},"end":{"line":30,"column":14}},"loc":{"start":{"line":30,"column":39},"end":{"line":40,"column":3}}},"1":{"name":"(anonymous_8)","decl":{"start":{"line":108,"column":23},"end":{"line":108,"column":32}},"loc":{"start":{"line":108,"column":34},"end":{"line":152,"column":4}}},"2":{"name":"(anonymous_9)","decl":{"start":{"line":108,"column":34},"end":{"line":108,"column":null}},"loc":{"start":{"line":108,"column":34},"end":{"line":152,"column":3}}},"3":{"name":"(anonymous_10)","decl":{"start":{"line":114,"column":35},"end":{"line":114,"column":38}},"loc":{"start":{"line":114,"column":41},"end":{"line":114,"column":59}}},"4":{"name":"(anonymous_11)","decl":{"start":{"line":134,"column":18},"end":{"line":134,"column":27}},"loc":{"start":{"line":134,"column":32},"end":{"line":137,"column":6}}},"5":{"name":"(anonymous_12)","decl":{"start":{"line":145,"column":53},"end":{"line":145,"column":56}},"loc":{"start":{"line":145,"column":58},"end":{"line":147,"column":7}}},"6":{"name":"(anonymous_13)","decl":{"start":{"line":154,"column":15},"end":{"line":154,"column":18}},"loc":{"start":{"line":154,"column":20},"end":{"line":174,"column":3}}},"7":{"name":"(anonymous_14)","decl":{"start":{"line":42,"column":2},"end":{"line":42,"column":8}},"loc":{"start":{"line":42,"column":46},"end":{"line":59,"column":3}}},"8":{"name":"(anonymous_15)","decl":{"start":{"line":61,"column":2},"end":{"line":61,"column":19}},"loc":{"start":{"line":61,"column":54},"end":{"line":97,"column":3}}},"9":{"name":"(anonymous_16)","decl":{"start":{"line":86,"column":53},"end":{"line":86,"column":56}},"loc":{"start":{"line":86,"column":58},"end":{"line":88,"column":7}}},"10":{"name":"(anonymous_17)","decl":{"start":{"line":92,"column":48},"end":{"line":92,"column":51}},"loc":{"start":{"line":92,"column":53},"end":{"line":94,"column":9}}},"11":{"name":"(anonymous_18)","decl":{"start":{"line":99,"column":2},"end":{"line":99,"column":22}},"loc":{"start":{"line":99,"column":22},"end":{"line":106,"column":3}}},"12":{"name":"(anonymous_19)","decl":{"start":{"line":176,"column":2},"end":{"line":176,"column":8}},"loc":{"start":{"line":176,"column":8},"end":{"line":192,"column":3}}},"13":{"name":"withErrorBoundary","decl":{"start":{"line":196,"column":16},"end":{"line":196,"column":33}},"loc":{"start":{"line":198,"column":59},"end":{"line":209,"column":1}}},"14":{"name":"(anonymous_21)","decl":{"start":{"line":200,"column":27},"end":{"line":200,"column":28}},"loc":{"start":{"line":201,"column":4},"end":{"line":202,"column":null}}},"15":{"name":"useErrorHandler","decl":{"start":{"line":212,"column":16},"end":{"line":212,"column":31}},"loc":{"start":{"line":212,"column":31},"end":{"line":217,"column":1}}},"16":{"name":"(anonymous_23)","decl":{"start":{"line":213,"column":9},"end":{"line":213,"column":10}},"loc":{"start":{"line":213,"column":26},"end":{"line":216,"column":3}}}},"branchMap":{"0":{"loc":{"start":{"line":124,"column":6},"end":{"line":128,"column":7}},"type":"if","locations":[{"start":{"line":124,"column":6},"end":{"line":128,"column":7}},{"start":{},"end":{}}]},"1":{"loc":{"start":{"line":140,"column":4},"end":{"line":151,"column":5}},"type":"if","locations":[{"start":{"line":140,"column":4},"end":{"line":151,"column":5}},{"start":{"line":148,"column":11},"end":{"line":151,"column":5}}]},"2":{"loc":{"start":{"line":155,"column":4},"end":{"line":158,"column":5}},"type":"if","locations":[{"start":{"line":155,"column":4},"end":{"line":158,"column":5}},{"start":{},"end":{}}]},"3":{"loc":{"start":{"line":159,"column":4},"end":{"line":162,"column":5}},"type":"if","locations":[{"start":{"line":159,"column":4},"end":{"line":162,"column":5}},{"start":{},"end":{}}]},"4":{"loc":{"start":{"line":47,"column":27},"end":{"line":52,"column":43}},"type":"binary-expr","locations":[{"start":{"line":47,"column":27},"end":{"line":47,"column":74}},{"start":{"line":48,"column":26},"end":{"line":48,"column":71}},{"start":{"line":49,"column":26},"end":{"line":49,"column":76}},{"start":{"line":50,"column":26},"end":{"line":50,"column":73}},{"start":{"line":51,"column":26},"end":{"line":51,"column":55}},{"start":{"line":52,"column":26},"end":{"line":52,"column":43}}]},"5":{"loc":{"start":{"line":74,"column":4},"end":{"line":76,"column":5}},"type":"if","locations":[{"start":{"line":74,"column":4},"end":{"line":76,"column":5}},{"start":{},"end":{}}]},"6":{"loc":{"start":{"line":79,"column":4},"end":{"line":96,"column":5}},"type":"if","locations":[{"start":{"line":79,"column":4},"end":{"line":96,"column":5}},{"start":{"line":89,"column":11},"end":{"line":96,"column":5}}]},"7":{"loc":{"start":{"line":79,"column":8},"end":{"line":79,"column":62}},"type":"binary-expr","locations":[{"start":{"line":79,"column":8},"end":{"line":79,"column":33}},{"start":{"line":79,"column":37},"end":{"line":79,"column":62}}]},"8":{"loc":{"start":{"line":91,"column":6},"end":{"line":95,"column":7}},"type":"if","locations":[{"start":{"line":91,"column":6},"end":{"line":95,"column":7}},{"start":{},"end":{}}]},"9":{"loc":{"start":{"line":91,"column":10},"end":{"line":91,"column":62}},"type":"binary-expr","locations":[{"start":{"line":91,"column":10},"end":{"line":91,"column":32}},{"start":{"line":91,"column":36},"end":{"line":91,"column":62}}]},"10":{"loc":{"start":{"line":100,"column":4},"end":{"line":102,"column":5}},"type":"if","locations":[{"start":{"line":100,"column":4},"end":{"line":102,"column":5}},{"start":{},"end":{}}]},"11":{"loc":{"start":{"line":103,"column":4},"end":{"line":105,"column":5}},"type":"if","locations":[{"start":{"line":103,"column":4},"end":{"line":105,"column":5}},{"start":{},"end":{}}]},"12":{"loc":{"start":{"line":177,"column":4},"end":{"line":189,"column":5}},"type":"if","locations":[{"start":{"line":177,"column":4},"end":{"line":189,"column":5}},{"start":{},"end":{}}]},"13":{"loc":{"start":{"line":177,"column":8},"end":{"line":177,"column":47}},"type":"binary-expr","locations":[{"start":{"line":177,"column":8},"end":{"line":177,"column":27}},{"start":{"line":177,"column":31},"end":{"line":177,"column":47}}]},"14":{"loc":{"start":{"line":178,"column":32},"end":{"line":178,"column":68}},"type":"binary-expr","locations":[{"start":{"line":178,"column":32},"end":{"line":178,"column":51}},{"start":{"line":178,"column":55},"end":{"line":178,"column":68}}]},"15":{"loc":{"start":{"line":206,"column":54},"end":{"line":206,"column":93}},"type":"binary-expr","locations":[{"start":{"line":206,"column":54},"end":{"line":206,"column":75}},{"start":{"line":206,"column":79},"end":{"line":206,"column":93}}]}},"s":{"0":0,"1":0,"2":0,"3":0,"4":0,"5":0,"6":0,"7":0,"8":0,"9":0,"10":0,"11":0,"12":0,"13":0,"14":0,"15":0,"16":0,"17":0,"18":0,"19":0,"20":0,"21":0,"22":0,"23":0,"24":0,"25":0,"26":0,"27":0,"28":0,"29":0,"30":0,"31":0,"32":0,"33":0,"34":0,"35":0,"36":0,"37":0,"38":0,"39":0,"40":0,"41":0,"42":0,"43":0,"44":0,"45":0,"46":0,"47":0,"48":0,"49":0,"50":0,"51":0,"52":0,"53":0,"54":0,"55":0,"56":0,"57":0,"58":0,"59":0,"60":0,"61":0,"62":0,"63":0,"64":0,"65":0,"66":0,"67":0,"68":0,"69":0,"70":0,"71":0,"72":0,"73":0},"f":{"0":0,"1":0,"2":0,"3":0,"4":0,"5":0,"6":0,"7":0,"8":0,"9":0,"10":0,"11":0,"12":0,"13":0,"14":0,"15":0,"16":0},"b":{"0":[0,0],"1":[0,0],"2":[0,0],"3":[0,0],"4":[0,0,0,0,0,0],"5":[0,0],"6":[0,0],"7":[0,0],"8":[0,0],"9":[0,0],"10":[0,0],"11":[0,0],"12":[0,0],"13":[0,0],"14":[0,0],"15":[0,0]}}
[...]
3":{"start":{"line":3,"column":0},"end":{"line":3,"column":97}},"4":{"start":{"line":4,"column":0},"end":{"line":4,"column":59}},"5":{"start":{"line":5,"column":0},"end":{"line":5,"column":41}},"6":{"start":{"line":6,"column":0},"end":{"line":6,"column":60}},"7":{"start":{"line":9,"column":61},"end":{"line":25,"column":1}},"8":{"start":{"line":10,"column":2},"end":{"line":22,"column":3}},"9":{"start":{"line":11,"column":4},"end":{"line":13,"column":7}},"10":{"start":{"line":12,"column":6},"end":{"line":12,"column":45}},"11":{"start":{"line":14,"column":9},"end":{"line":22,"column":3}},"12":{"start":{"line":15,"column":4},"end":{"line":15,"column":65}},"13":{"start":{"line":16,"column":9},"end":{"line":22,"column":3}},"14":{"start":{"line":17,"column":4},"end":{"line":17,"column":68}},"15":{"start":{"line":18,"column":9},"end":{"line":22,"column":3}},"16":{"start":{"line":19,"column":4},"end":{"line":19,"column":65}},"17":{"start":{"line":20,"column":9},"end":{"line":22,"column":3}},"18":{"start":{"line":21,"column":4},"end":{"line":21,"column":48}},"19":{"start":{"line":24,"column":2},"end":{"line":24,"column":91}},"20":{"start":{"line":28,"column":35},"end":{"line":68,"column":1}},"21":{"start":{"line":29,"column":86},"end":{"line":31,"column":4}},"22":{"start":{"line":33,"column":2},"end":{"line":67,"column":4}},"23":{"start":{"line":40,"column":25},"end":{"line":40,"column":72}},"24":{"start":{"line":47,"column":25},"end":{"line":47,"column":69}},"25":{"start":{"line":54,"column":25},"end":{"line":54,"column":63}},"26":{"start":{"line":61,"column":25},"end":{"line":61,"column":75}},"27":{"start":{"line":71,"column":36},"end":{"line":71,"column":65}},"28":{"start":{"line":73,"column":21},"end":{"line":73,"column":45}},"29":{"start":{"line":73,"column":27},"end":{"line":73,"column":45}},"30":{"start":{"line":75,"column":2},"end":{"line":180,"column":4}},"31":{"start":{"line":93,"column":37},"end":{"line":93,"column":60}},"32":{"start":{"line":96,"column":37},"end":{"line":96,"column":57}},"33":{"start":{"line":99,"column":37},"end":{"line":99,"column":63}},"34":{"start":{"line":102,"column":37},"end":{"line":102,"column":61}},"35":{"start":{"line":105,"column":37},"end":{"line":105,"column":60}},"36":{"start":{"line":118,"column":20},"end":{"line":118,"column":79}},"37":{"start":{"line":138,"column":22},"end":{"line":138,"column":61}},"38":{"start":{"line":153,"column":22},"end":{"line":153,"column":61}}},"fnMap":{"0":{"name":"(anonymous_0)","decl":{"start":{"line":9,"column":61},"end":{"line":9,"column":62}},"loc":{"start":{"line":9,"column":79},"end":{"line":25,"column":1}}},"1":{"name":"(anonymous_1)","decl":{"start":{"line":11,"column":69},"end":{"line":11,"column":72}},"loc":{"start":{"line":11,"column":74},"end":{"line":13,"column":5}}},"2":{"name":"(anonymous_2)","decl":{"start":{"line":28,"column":35},"end":{"line":28,"column":38}},"loc":{"start":{"line":28,"column":40},"end":{"line":68,"column":1}}},"3":{"name":"(anonymous_3)","decl":{"start":{"line":40,"column":19},"end":{"line":40,"column":22}},"loc":{"start":{"line":40,"column":25},"end":{"line":40,"column":72}}},"4":{"name":"(anonymous_4)","decl":{"start":{"line":47,"column":19},"end":{"line":47,"column":22}},"loc":{"start":{"line":47,"column":25},"end":{"line":47,"column":69}}},"5":{"name":"(anonymous_5)","decl":{"start":{"line":54,"column":19},"end":{"line":54,"column":22}},"loc":{"start":{"line":54,"column":25},"end":{"line":54,"column":63}}},"6":{"name":"(anonymous_6)","decl":{"start":{"line":61,"column":19},"end":{"line":61,"column":22}},"loc":{"start":{"line":61,"column":25},"end":{"line":61,"column":75}}},"7":{"name":"ErrorTestPage","decl":{"start":{"line":70,"column":24},"end":{"line":70,"column":37}},"loc":{"start":{"line":70,"column":37},"end":{"line":181,"column":1}}},"8":{"name":"(anonymous_8)","decl":{"start":{"line":73,"column":21},"end":{"line":73,"column":24}},"loc":{"start":{"line":73,"column":27},"end":{"line":73,"column":45}}},"9":{"name":"(anonymous_9)","decl":{"start":{"line":93,"column":31},"end":{"line":93,"column":34}},"loc":{"start":{"line":93,"column":37},"end":{"line":93,"column":60}}},"10":{"name":"(anonymous_10)","decl":{"start":{"line":96,"column":31},"end":{"line":96,"column":34}},"loc":{"start":{"line":96,"column":37},"end":{"line":96,"column":57}}},"11":{"name":"(anonymous_11)","decl":{"start":{"line":99,"column":31},"end":{"line":99,"column":34}},"loc":{"start":{"line":99,"column":37},"end":{"line":99,"column":63}}},"12":{"name":"(anonymous_12)","decl":{"start":{"line":102,"column":31},"end":{"line":102,"column":34}},"loc":{"start":{"line":102,"column":37},"end":{"line":102,"column":61}}},"13":{"name":"(anonymous_13)","decl":{"start":{"line":105,"column":31},"end":{"line":105,"column":34}},"loc":{"start":{"line":105,"column":37},"end":{"line":105,"column":60}}},"14":{"name":"(anonymous_14)","decl":{"start":{"line":117,"column":27},"end":{"line":117,"column":28}},"loc":{"start":{"line":117,"column":48},"end":{"line":119,"column":19}}},"15":{"name":"(anonymous_15)","decl":{"start":{"line":137,"column":37},"end":{"line":137,"column":40}},"loc":{"start":{"line":137,"column":42},"end":{"line":139,"column":21}}},"16":{"name":"(anonymous_16)","decl":{"start":{"line":152,"column":37},"end":{"line":152,"column":40}},"loc":{"start":{"line":152,"column":42},"end":{"line":154,"column":21}}}},"branchMap":{"0":{"loc":{"start":{"line":10,"column":2},"end":{"line":22,"column":3}},"type":"if","locations":[{"start":{"line":10,"column":2},"end":{"line":22,"column":3}},{"start":{"line":14,"column":9},"end":{"line":22,"column":3}}]},"1":{"loc":{"start":{"line":14,"column":9},"end":{"line":22,"column":3}},"type":"if","locations":[{"start":{"line":14,"column":9},"end":{"line":22,"column":3}},{"start":{"line":16,"column":9},"end":{"line":22,"column":3}}]},"2":{"loc":{"start":{"line":16,"column":9},"end":{"line":22,"column":3}},"type":"if","locations":[{"start":{"line":16,"column":9},"end":{"line":22,"column":3}},{"start":{"line":18,"column":9},"end":{"line":22,"column":3}}]},"3":{"loc":{"start":{"line":18,"column":9},"end":{"line":22,"column":3}},"type":"if","locations":[{"start":{"line":18,"column":9},"end":{"line":22,"column":3}},{"start":{"line":20,"column":9},"end":{"line":22,"column":3}}]},"4":{"loc":{"start":{"line":20,"column":9},"end":{"line":22,"column":3}},"type":"if","locations":[{"start":{"line":20,"column":9},"end":{"line":22,"column":3}},{"start":{},"end":{}}]}},"s":{"0":0,"1":0,"2":0,"3":0,"4":0,"5":0,"6":0,"7":0,"8":0,"9":0,"10":0,"11":0,"12":0,"13":0,"14":0,"15":0,"16":0,"17":0,"18":0,"19":0,"20":0,"21":0,"22":0,"23":0,"24":0,"25":0,"26":0,"27":0,"28":0,"29":0,"30":0,"31":0,"32":0,"33":0,"34":0,"35":0,"36":0,"37":0,"38":0},"f":{"0":0,"1":0,"2":0,"3":0,"4":0,"5":0,"6":0,"7":0,"8":0,"9":0,"10":0,"11":0,"12":0,"13":0,"14":0,"15":0,"16":0},"b":{"0":[0,0],"1":[0,0],"2":[0,0],"3":[0,0],"4":[0,0]}}
,"/Users/kelvin/Desktop/kelveloper/care-compass-continuity/src/pages/Index.tsx": {"path":"/Users/kelvin/Desktop/kelveloper/care-compass-continuity/src/pages/Index.tsx","statementMap":{"0":{"start":{"line":1,"column":0},"end":{"line":1,"column":51}},"1":{"start":{"line":4,"column":14},"end":{"line":12,"column":1}},"2":{"start":{"line":5,"column":2},"end":{"line":5,"column":38}},"3":{"start":{"line":11,"column":2},"end":{"line":11,"column":23}},"4":{"start":{"line":14,"column":0},"end":{"line":14,"column":21}}},"fnMap":{"0":{"name":"(anonymous_0)","decl":{"start":{"line":4,"column":14},"end":{"line":4,"column":17}},"loc":{"start":{"line":4,"column":19},"end":{"line":12,"column":1}}}},"branchMap":{},"s":{"0":0,"1":0,"2":0,"3":0,"4":0},"f":{"0":0},"b":{}}
,"/Users/kelvin/Desktop/kelveloper/care-compass-continuity/src/pages/NotFound.tsx": {"path":"/Users/kelvin/Desktop/kelveloper/care-compass-continuity/src/pages/NotFound.tsx","statementMap":{"0":{"start":{"line":1,"column":0},"end":{"line":1,"column":47}},"1":{"start":{"line":2,"column":0},"end":{"line":2,"column":34}},"2":{"start":{"line":4,"column":17},"end":{"line":25,"column":1}},"3":{"start":{"line":5,"column":19},"end":{"line":5,"column":32}},"4":{"start":{"line":7,"column":2},"end":{"line":12,"column":26}},"5":{"start":{"line":8,"column":4},"end":{"line":11,"column":6}},"6":{"start":{"line":14,"column":2},"end":{"line":24,"column":4}},"7":{"start":{"line":27,"column":0},"end":{"line":27,"column":24}}},"fnMap":{"0":{"name":"(anonymous_0)","decl":{"start":{"line":4,"column":17},"end":{"line":4,"column":20}},"loc":{"start":{"line":4,"column":22},"end":{"line":25,"column":1}}},"1":{"name":"(anonymous_1)","decl":{"start":{"line":7,"column":12},"end":{"line":7,"column":15}},"loc":{"start":{"line":7,"column":17},"end":{"line":12,"column":3}}}},"branchMap":{},"s":{"0":0,"1":0,"2":0,"3":0,"4":0,"5":0,"6":0,"7":0},"f":{"0":0,"1":0},"b":{}}
,"/Users/kelvin/Desktop/kelveloper/care-compass-continuity/src/pages/NotificationDemoPage.tsx": {"path":"/Users/kelvin/Desktop/kelveloper/care-compass-continuity/src/pages/NotificationDemoPage.tsx","statementMap":{"0":{"start":{"line":9,"column":0},"end":{"line":9,"column":24}},"1":{"start":{"line":1,"column":0},"end":{"line":1,"column":33}},"2":{"start":{"line":2,"column":0},"end":{"line":2,"column":48}},"3":{"start":{"line":3,"column":0},"end":{"line":3,"column":80}},"4":{"start":{"line":4,"column":0},"end":{"line":4,"column":46}},"5":{"start":{"line":5,"column":0},"end":{"line":5,"column":69}},"6":{"start":{"line":6,"column":0},"end":{"line":6,"column":61}},"7":{"start":{"line":7,"column":0},"end":{"line":7,"column":80}},"8":{"start":{"line":17,"column":6},"end":{"line":17,"column":24}},"9":{"start":{"line":19,"column":34},"end":{"line":19,"column":45}},"10":{"start":{"line":21,"column":23},"end":{"line":32,"column":4}},"11":{"start":{"line":34,"column":24},"end":{"line":88,"column":4}},"12":{"start":{"line":40,"column":8},"end":{"line":45,"column":10}},"13":{"start":{"line":46,"column":8},"end":{"line":46,"column":23}},"14":{"start":{"line":54,"column":8},"end":{"line":58,"column":10}},"15":{"start":{"line":59,"column":8},"end":{"line":59,"column":23}},"16":{"start":{"line":67,"column":8},"end":{"line":71,"column":10}},"17":{"start":{"line":72,"column":8},"end":{"line":72,"column":23}},"18":{"start":{"line":80,"column":8},"end":{"line":84,"column":10}},"19":{"start":{"line":85,"column":8},"end":{"line":85,"column":23}},"20":{"start":{"line":90,"column":2},"end":{"line":320,"column":4}},"21":{"start":{"line":100,"column":31},"end":{"line":100,"column":52}},"22":{"start":{"line":147,"column":20},"end":{"line":147,"column":37}},"23":{"start":{"line":174,"column":35},"end":{"line":174,"column":49}},"24":{"start":{"line":244,"column":22},"end":{"line":245,"column":null}}},"fnMap":{"0":{"name":"NotificationDemoPage","decl":{"start":{"line":9,"column":24},"end":{"line":9,"column":44}},"loc":{"start":{"line":9,"column":44},"end":{"line":321,"column":1}}},"1":{"name":"(anonymous_1)","decl":{"start":{"line":39,"column":14},"end":{"line":39,"column":17}},"loc":{"start":{"line":39,"column":19},"end":{"line":47,"column":7}}},"2":{"name":"(anonymous_2)","decl":{"start":{"line":53,"column":14},"end":{"line":53,"column":17}},"loc":{"start":{"line":53,"column":19},"end":{"line":60,"column":7}}},"3":{"name":"(anonymous_3)","decl":{"start":{"line":66,"column":14},"end":{"line":66,"column":17}},"loc":{"start":{"line":66,"column":19},"end":{"line":73,"column":7}}},"4":{"name":"(anonymous_4)","decl":{"start":{"line":79,"column":14},"end":{"line":79,"column":17}},"loc":{"start":{"line":79,"column":19},"end":{"line":86,"column":7}}},"5":{"name":"(anonymous_5)","decl":{"start":{"line":100,"column":25},"end":{"line":100,"column":28}},"loc":{"start":{"line":100,"column":31},"end":{"line":100,"column":52}}},"6":{"name":"(anonymous_6)","decl":{"start":{"line":146,"column":37},"end":{"line":146,"column":38}},"loc":{"start":{"line":147,"column":20},"end":{"line":147,"column":37}}},"7":{"name":"(anonymous_7)","decl":{"start":{"line":174,"column":29},"end":{"line":174,"column":32}},"loc":{"start":{"line":174,"column":35},"end":{"line":174,"column":49}}},"8":{"name":"(anonymous_8)","decl":{"start":{"line":243,"column":51},"end":{"line":243,"column":52}},"loc":{"start":{"line":244,"column":22},"end":{"line":245,"column":null}}}},"branchMap":{"0":{"loc":{"start":{"line":150,"column":26},"end":{"line":150,"column":null}},"type":"cond-expr","locations":[{"start":{"line":150,"column":46},"end":{"line":150,"column":82}},{"start":{"line":150,"column":85},"end":{"line":150,"column":null}}]},"1":{"loc":{"start":{"line":163,"column":33},"end":{"line":163,"column":76}},"type":"cond-expr","locations":[{"start":{"line":163,"column":53},"end":{"line":163,"column":64}},{"start":{"line":163,"column":67},"end":{"line":163,"column":76}}]},"2":{"loc":{"start":{"line":165,"column":25},"end":{"line":165,"column":94}},"type":"cond-expr","locations":[{"start":{"line":165,"column":44},"end":{"line":165,"column":50}},{"start":{"line":165,"column":53},"end":{"line":165,"column":94}}]},"3":{"loc":{"start":{"line":165,"column":53},"end":{"line":165,"column":94}},"type":"cond-expr","locations":[{"start":{"line":165,"column":74},"end":{"line":165,"column":83}},{"start":{"line":165,"column":86},"end":{"line":165,"column":94}}]},"4":{"loc":{"start":{"line":229,"column":19},"end":{"line":230,"column":null}},"type":"binary-expr","locations":[{"start":{"line":229,"column":19},"end":{"line":229,"column":34}},{"start":{"line":230,"column":20},"end":{"line":230,"column":77}}]},"5":{"loc":{"start":{"line":235,"column":17},"end":{"line":279,"column":null}},"type":"cond-expr","locations":[{"start":{"line":236,"column":18},"end":{"line":239,"column":null}},{"start":{"line":242,"column":18},"end":{"line":278,"column":null}}]},"6":{"loc":{"start":{"line":247,"column":26},"end":{"line":247,"column":null}},"type":"cond-expr","locations":[{"start":{"line":247,"column":47},"end":{"line":247,"column":79}},{"start":{"line":247,"column":82},"end":{"line":247,"column":null}}]},"7":{"loc":{"start":{"line":253,"column":29},"end":{"line":254,"column":null}},"type":"binary-expr","locations":[{"start":{"line":253,"column":29},"end":{"line":253,"column":47}},{"start":{"line":254,"column":30},"end":{"line":254,"column":81}}]},"8":{"loc":{"start":{"line":274,"column":21},"end":{"line":277,"column":null}},"type":"binary-expr","locations":[{"start":{"line":274,"column":21},"end":{"line":274,"column":45}},{"start":{"line":275,"column":22},"end":{"line":276,"column":null}}]}},"s":{"0":0,"1":0,"2":0,"3":0,"4":0,"5":0,"6":0,"7":0,"8":0,"9":0,"10":0,"11":0,"12":0,"13":0,"14":0,"15":0,"16":0,"17":0,"18":0,"19":0,"20":0,"21":0,"22":0,"23":0,"24":0},"f":{"0":0,"1":0,"2":0,"3":0,"4":0,"5":0,"6":0,"7":0,"8":0},"b":{"0":[0,0],"1":[0,0],"2":[0,0],"3":[0,0],"4":[0,0],"5":[0,0],"6":[0,0],"7":[0,0],"8":[0,0]}}
,"/Users/kelvin/Desktop/kelveloper/care-compass-continuity/src/types/error.ts": {"path":"/Users/kelvin/Desktop/kelveloper/care-compass-continuity/src/types/error.ts","statementMap":{"0":{"start":{"line":31,"column":4},"end":{"line":31,"column":19}},"1":{"start":{"line":32,"column":4},"end":{"line":32,"column":27}},"2":{"start":{"line":33,"column":4},"end":{"line":33,"column":21}},"3":{"start":{"line":34,"column":4},"end":{"line":34,"column":35}},"4":{"start":{"line":35,"column":4},"end":{"line":35,"column":35}},"5":{"start":{"line":20,"column":0},"end":{"line":20,"column":13}},"6":{"start":{"line":39,"column":32},"end":{"line":68,"column":1}},"7":{"start":{"line":45,"column":38},"end":{"line":45,"column":55}},"8":{"start":{"line":47,"column":2},"end":{"line":58,"column":3}},"9":{"start":{"line":48,"column":20},"end":{"line":48,"column":47}},"10":{"start":{"line":49,"column":4},"end":{"line":57,"column":5}},"11":{"start":{"line":50,"column":6},"end":{"line":50,"column":28}},"12":{"start":{"line":51,"column":11},"end":{"line":57,"column":5}},"13":{"start":{"line":52,"column":6},"end":{"line":52,"column":31}},"14":{"start":{"line":53,"column":11},"end":{"line":57,"column":5}},"15":{"start":{"line":54,"column":6},"end":{"line":54,"column":25}},"16":{"start":{"line":55,"column":11},"end":{"line":57,"column":5}},"17":{"start":{"line":56,"column":6},"end":{"line":56,"column":29}},"18":{"start":{"line":60,"column":2},"end":{"line":67,"column":4}},"19":{"start":{"line":39,"column":13},"end":{"line":39,"column":32}}},"fnMap":{"0":{"name":"(anonymous_0)","decl":{"start":{"line":25,"column":2},"end":{"line":25,"column":null}},"loc":{"start":{"line":29,"column":28},"end":{"line":36,"column":3}}},"1":{"name":"(anonymous_1)","decl":{"start":{"line":39,"column":32},"end":{"line":39,"column":null}},"loc":{"start":{"line":43,"column":16},"end":{"line":68,"column":1}}}},"branchMap":{"0":{"loc":{"start":{"line":27,"column":4},"end":{"line":27,"column":40}},"type":"default-arg","locations":[{"start":{"line":27,"column":31},"end":{"line":27,"column":40}}]},"1":{"loc":{"start":{"line":28,"column":4},"end":{"line":28,"column":31}},"type":"default-arg","locations":[{"start":{"line":28,"column":27},"end":{"line":28,"column":31}}]},"2":{"loc":{"start":{"line":45,"column":38},"end":{"line":45,"column":55}},"type":"binary-expr","locations":[{"start":{"line":45,"column":38},"end":{"line":45,"column":42}},{"start":{"line":45,"column":46},"end":{"line":45,"column":55}}]},"3":{"loc":{"start":{"line":47,"column":2},"end":{"line":58,"column":3}},"type":"if","locations":[{"start":{"line":47,"column":2},"end":{"line":58,"column":3}},{"start":{},"end":{}}]},"4":{"loc":{"start":{"line":49,"column":4},"end":{"line":57,"column":5}},"type":"if","locations":[{"start":{"line":49,"column":4},"end":{"line":57,"column":5}},{"start":{"line":51,"column":11},"end":{"line":57,"column":5}}]},"5":{"loc":{"start":{"line":49,"column":8},"end":{"line":49,"column":98}},"type":"binary-expr","locations":[{"start":{"line":49,"column":8},"end":{"line":49,"column":35}},{"start":{"line":49,"column":39},"end":{"line":49,"column":64}},{"start":{"line":49,"column":68},"end":{"line":49,"column":98}}]},"6":{"loc":{"start":{"line":51,"column":11},"end":{"line":57,"column":5}},"type":"if","locations":[{"start":{"line":51,"column":11},"end":{"line":57,"column":5}},{"start":{"line":53,"column":11},"end":{"line":57,"column":5}}]},"7":{"loc":{"start":{"line":51,"column":15},"end":{"line":51,"column":76}},"type":"binary-expr","locations":[{"start":{"line":51,"column":15},"end":{"line":51,"column":45}},{"start":{"line":51,"column":49},"end":{"line":51,"column":76}}]},"8":{"loc":{"start":{"line":53,"column":11},"end":{"line":57,"column":5}},"type":"if","locations":[{"start":{"line":53,"column":11},"end":{"line":57,"column":5}},{"start":{"line":55,"column":11},"end":{"line":57,"column":5}}]},"9":{"loc":{"start":{"line":53,"column":15},"end":{"line":53,"column":108}},"type":"binary-expr","locations":[{"start":{"line":53,"column":15},"end":{"line":53,"column":47}},{"start":{"line":53,"column":51},"end":{"line":53,"column":80}},{"start":{"line":53,"column":84},"end":{"line":53,"column":108}}]},"10":{"loc":{"start":{"line":55,"column":11},"end":{"line":57,"column":5}},"type":"if","locations":[{"start":{"line":55,"column":11},"end":{"line":57,"column":5}},{"start":{},"end":{}}]},"11":{"loc":{"start":{"line":63,"column":17},"end":{"line":63,"column":85}},"type":"cond-expr","locations":[{"start":{"line":63,"column":45},"end":{"line":63,"column":62}},{"start":{"line":63,"column":65},"end":{"line":63,"column":85}}]},"12":{"loc":{"start":{"line":64,"column":17},"end":{"line":64,"column":76}},"type":"cond-expr","locations":[{"start":{"line":64,"column":45},"end":{"line":64,"column":62}},{"start":{"line":64,"column":65},"end":{"line":64,"column":76}}]}},"s":{"0":0,"1":0,"2":0,"3":0,"4":0,"5":0,"6":0,"7":0,"8":0,"9":0,"10":0,"11":0,"12":0,"13":0,"14":0,"15":0,"16":0,"17":0,"18":0,"19":0},"f":{"0":0,"1":0},"b":{"0":[0],"1":[0],"2":[0,0],"3":[0,0],"4":[0,0],"5":[0,0,0],"6":[0,0],"7":[0,0],"8":[0,0],"9":[0,0,0],"10":[0,0],"11":[0,0],"12":[0,0]}}
}
