TN:
SF:src/test-toast-notifications.tsx
FN:9,(anonymous_0)
FN:12,(anonymous_1)
FN:19,(anonymous_2)
FN:27,(anonymous_3)
FNF:4
FNH:0
FNDA:0,(anonymous_0)
FNDA:0,(anonymous_1)
FNDA:0,(anonymous_2)
FNDA:0,(anonymous_3)
DA:2,0
DA:3,0
DA:9,0
DA:10,0
DA:12,0
DA:13,0
DA:19,0
DA:20,0
DA:27,0
DA:28,0
DA:34,0
LF:11
LH:0
BRF:0
BRH:0
end_of_record
TN:
SF:src/components/Dashboard.tsx
FN:33,(anonymous_7)
FN:42,(anonymous_8)
FN:52,(anonymous_9)
FN:62,(anonymous_10)
FN:90,(anonymous_11)
FN:92,(anonymous_12)
FN:97,(anonymous_13)
FN:100,(anonymous_14)
FN:106,(anonymous_15)
FN:142,(anonymous_16)
FN:152,(anonymous_17)
FN:162,(anonymous_18)
FN:163,(anonymous_19)
FN:180,(anonymous_20)
FN:184,(anonymous_21)
FN:191,(anonymous_22)
FN:228,(anonymous_23)
FN:233,(anonymous_24)
FN:247,(anonymous_25)
FN:254,(anonymous_26)
FN:255,(anonymous_27)
FN:324,(anonymous_28)
FN:334,(anonymous_29)
FN:358,(anonymous_30)
FN:399,(anonymous_31)
FN:428,(anonymous_32)
FN:448,(anonymous_33)
FN:469,(anonymous_34)
FN:495,(anonymous_35)
FN:495,(anonymous_36)
FN:570,(anonymous_37)
FN:578,(anonymous_38)
FN:613,(anonymous_39)
FN:633,(anonymous_40)
FN:677,(anonymous_41)
FN:711,(anonymous_42)
FN:725,(anonymous_43)
FN:780,(anonymous_44)
FN:789,(anonymous_45)
FN:789,(anonymous_46)
FN:796,(anonymous_47)
FN:796,(anonymous_48)
FN:842,(anonymous_49)
FN:859,(anonymous_50)
FN:859,(anonymous_51)
FN:879,(anonymous_52)
FN:887,(anonymous_53)
FN:915,(anonymous_54)
FN:920,(anonymous_55)
FN:928,(anonymous_56)
FN:1050,(anonymous_57)
FN:1085,(anonymous_58)
FN:1097,(anonymous_59)
FN:1107,(anonymous_60)
FN:1125,(anonymous_61)
FN:1154,(anonymous_62)
FN:1181,(anonymous_63)
FN:1200,(anonymous_64)
FN:1228,(anonymous_65)
FN:1240,(anonymous_66)
FNF:60
FNH:0
FNDA:0,(anonymous_7)
FNDA:0,(anonymous_8)
FNDA:0,(anonymous_9)
FNDA:0,(anonymous_10)
FNDA:0,(anonymous_11)
FNDA:0,(anonymous_12)
FNDA:0,(anonymous_13)
FNDA:0,(anonymous_14)
FNDA:0,(anonymous_15)
FNDA:0,(anonymous_16)
FNDA:0,(anonymous_17)
FNDA:0,(anonymous_18)
FNDA:0,(anonymous_19)
FNDA:0,(anonymous_20)
FNDA:0,(anonymous_21)
FNDA:0,(anonymous_22)
FNDA:0,(anonymous_23)
FNDA:0,(anonymous_24)
FNDA:0,(anonymous_25)
FNDA:0,(anonymous_26)
FNDA:0,(anonymous_27)
FNDA:0,(anonymous_28)
FNDA:0,(anonymous_29)
FNDA:0,(anonymous_30)
FNDA:0,(anonymous_31)
FNDA:0,(anonymous_32)
FNDA:0,(anonymous_33)
FNDA:0,(anonymous_34)
FNDA:0,(anonymous_35)
FNDA:0,(anonymous_36)
FNDA:0,(anonymous_37)
FNDA:0,(anonymous_38)
FNDA:0,(anonymous_39)
FNDA:0,(anonymous_40)
FNDA:0,(anonymous_41)
FNDA:0,(anonymous_42)
FNDA:0,(anonymous_43)
FNDA:0,(anonymous_44)
FNDA:0,(anonymous_45)
FNDA:0,(anonymous_46)
FNDA:0,(anonymous_47)
FNDA:0,(anonymous_48)
FNDA:0,(anonymous_49)
FNDA:0,(anonymous_50)
FNDA:0,(anonymous_51)
FNDA:0,(anonymous_52)
FNDA:0,(anonymous_53)
FNDA:0,(anonymous_54)
FNDA:0,(anonymous_55)
FNDA:0,(anonymous_56)
FNDA:0,(anonymous_57)
FNDA:0,(anonymous_58)
FNDA:0,(anonymous_59)
FNDA:0,(anonymous_60)
FNDA:0,(anonymous_61)
FNDA:0,(anonymous_62)
FNDA:0,(anonymous_63)
FNDA:0,(anonymous_64)
FNDA:0,(anonymous_65)
FNDA:0,(anonymous_66)
DA:1,0
DA:2,0
DA:3,0
DA:4,0
DA:5,0
DA:6,0
DA:7,0
DA:8,0
DA:9,0
DA:10,0
DA:11,0
DA:16,0
DA:17,0
DA:18,0
DA:19,0
DA:20,0
DA:21,0
DA:22,0
DA:33,0
DA:34,0
DA:35,0
DA:36,0
DA:37,0
DA:38,0
DA:42,0
DA:43,0
DA:44,0
DA:45,0
DA:46,0
DA:47,0
DA:48,0
DA:52,0
DA:53,0
DA:54,0
DA:55,0
DA:56,0
DA:57,0
DA:58,0
DA:62,0
DA:63,0
DA:66,0
DA:67,0
DA:68,0
DA:71,0
DA:72,0
DA:74,0
DA:75,0
DA:76,0
DA:77,0
DA:78,0
DA:79,0
DA:80,0
DA:81,0
DA:82,0
DA:85,0
DA:86,0
DA:87,0
DA:90,0
DA:91,0
DA:92,0
DA:93,0
DA:94,0
DA:97,0
DA:100,0
DA:101,0
DA:102,0
DA:106,0
DA:107,0
DA:110,0
DA:111,0
DA:114,0
DA:115,0
DA:118,0
DA:119,0
DA:122,0
DA:134,0
DA:142,0
DA:143,0
DA:144,0
DA:152,0
DA:154,0
DA:155,0
DA:156,0
DA:160,0
DA:162,0
DA:163,0
DA:165,0
DA:166,0
DA:170,0
DA:171,0
DA:174,0
DA:180,0
DA:181,0
DA:184,0
DA:187,0
DA:191,0
DA:193,0
DA:203,0
DA:208,0
DA:209,0
DA:210,0
DA:211,0
DA:212,0
DA:215,0
DA:228,0
DA:229,0
DA:233,0
DA:234,0
DA:235,0
DA:245,0
DA:248,0
DA:249,0
DA:254,0
DA:255,0
DA:257,0
DA:258,0
DA:259,0
DA:263,0
DA:264,0
DA:265,0
DA:266,0
DA:267,0
DA:273,0
DA:274,0
DA:275,0
DA:278,0
DA:279,0
DA:280,0
DA:281,0
DA:282,0
DA:290,0
DA:291,0
DA:292,0
DA:295,0
DA:296,0
DA:297,0
DA:298,0
DA:299,0
DA:306,0
DA:307,0
DA:308,0
DA:311,0
DA:312,0
DA:313,0
DA:314,0
DA:315,0
DA:323,0
DA:324,0
DA:325,0
DA:329,0
DA:330,0
DA:331,0
DA:335,0
DA:336,0
DA:342,0
DA:358,0
DA:399,0
DA:428,0
DA:448,0
DA:470,0
DA:471,0
DA:472,0
DA:495,0
DA:496,0
DA:497,0
DA:498,0
DA:571,0
DA:572,0
DA:573,0
DA:574,0
DA:579,0
DA:580,0
DA:581,0
DA:582,0
DA:583,0
DA:614,0
DA:615,0
DA:616,0
DA:634,0
DA:635,0
DA:636,0
DA:678,0
DA:679,0
DA:680,0
DA:681,0
DA:711,0
DA:726,0
DA:780,0
DA:789,0
DA:791,0
DA:792,0
DA:796,0
DA:797,0
DA:798,0
DA:799,0
DA:843,0
DA:844,0
DA:845,0
DA:846,0
DA:859,0
DA:860,0
DA:861,0
DA:862,0
DA:881,0
DA:882,0
DA:883,0
DA:884,0
DA:887,0
DA:888,0
DA:889,0
DA:890,0
DA:891,0
DA:893,0
DA:897,0
DA:916,0
DA:917,0
DA:918,0
DA:921,0
DA:922,0
DA:923,0
DA:924,0
DA:925,0
DA:928,0
DA:1051,0
DA:1052,0
DA:1086,0
DA:1087,0
DA:1089,0
DA:1098,0
DA:1099,0
DA:1101,0
DA:1103,0
DA:1104,0
DA:1108,0
DA:1109,0
DA:1122,0
DA:1126,0
DA:1127,0
DA:1138,0
DA:1139,0
DA:1147,0
DA:1148,0
DA:1150,0
DA:1151,0
DA:1155,0
DA:1156,0
DA:1168,0
DA:1169,0
DA:1177,0
DA:1178,0
DA:1182,0
DA:1183,0
DA:1195,0
DA:1201,0
DA:1202,0
DA:1204,0
DA:1228,0
DA:1240,0
LF:258
LH:0
BRDA:34,0,0,0
BRDA:34,0,1,0
BRDA:34,0,2,0
BRDA:34,0,3,0
BRDA:43,1,0,0
BRDA:43,1,1,0
BRDA:43,1,2,0
BRDA:43,1,3,0
BRDA:43,1,4,0
BRDA:53,2,0,0
BRDA:53,2,1,0
BRDA:53,2,2,0
BRDA:53,2,3,0
BRDA:53,2,4,0
BRDA:110,3,0,0
BRDA:110,3,1,0
BRDA:114,4,0,0
BRDA:114,4,1,0
BRDA:118,5,0,0
BRDA:118,5,1,0
BRDA:143,6,0,0
BRDA:143,6,1,0
BRDA:143,7,0,0
BRDA:143,7,1,0
BRDA:143,7,2,0
BRDA:143,7,3,0
BRDA:143,7,4,0
BRDA:146,8,0,0
BRDA:146,8,1,0
BRDA:154,9,0,0
BRDA:154,9,1,0
BRDA:154,10,0,0
BRDA:154,10,1,0
BRDA:163,11,0,0
BRDA:163,11,1,0
BRDA:163,12,0,0
BRDA:163,12,1,0
BRDA:165,13,0,0
BRDA:165,13,1,0
BRDA:165,14,0,0
BRDA:165,14,1,0
BRDA:170,15,0,0
BRDA:170,15,1,0
BRDA:176,16,0,0
BRDA:176,16,1,0
BRDA:193,17,0,0
BRDA:193,17,1,0
BRDA:216,18,0,0
BRDA:216,18,1,0
BRDA:218,19,0,0
BRDA:218,19,1,0
BRDA:218,20,0,0
BRDA:218,20,1,0
BRDA:223,21,0,0
BRDA:223,21,1,0
BRDA:224,22,0,0
BRDA:224,22,1,0
BRDA:234,23,0,0
BRDA:234,23,1,0
BRDA:234,24,0,0
BRDA:234,24,1,0
BRDA:257,25,0,0
BRDA:257,25,1,0
BRDA:257,26,0,0
BRDA:257,26,1,0
BRDA:257,26,2,0
BRDA:257,26,3,0
BRDA:259,27,0,0
BRDA:259,27,1,0
BRDA:259,27,2,0
BRDA:259,28,0,0
BRDA:259,28,1,0
BRDA:259,29,0,0
BRDA:259,29,1,0
BRDA:260,30,0,0
BRDA:260,30,1,0
BRDA:260,31,0,0
BRDA:260,31,1,0
BRDA:261,32,0,0
BRDA:261,32,1,0
BRDA:261,33,0,0
BRDA:261,33,1,0
BRDA:263,34,0,0
BRDA:263,34,1,0
BRDA:266,35,0,0
BRDA:266,35,1,0
BRDA:273,36,0,0
BRDA:273,36,1,0
BRDA:275,37,0,0
BRDA:275,37,1,0
BRDA:275,38,0,0
BRDA:275,38,1,0
BRDA:275,39,0,0
BRDA:275,39,1,0
BRDA:276,40,0,0
BRDA:276,40,1,0
BRDA:276,41,0,0
BRDA:276,41,1,0
BRDA:278,42,0,0
BRDA:278,42,1,0
BRDA:278,43,0,0
BRDA:278,43,1,0
BRDA:278,43,2,0
BRDA:278,43,3,0
BRDA:290,44,0,0
BRDA:290,44,1,0
BRDA:290,45,0,0
BRDA:290,45,1,0
BRDA:290,45,2,0
BRDA:292,46,0,0
BRDA:292,46,1,0
BRDA:292,47,0,0
BRDA:292,47,1,0
BRDA:292,48,0,0
BRDA:292,48,1,0
BRDA:293,49,0,0
BRDA:293,49,1,0
BRDA:293,50,0,0
BRDA:293,50,1,0
BRDA:295,51,0,0
BRDA:295,51,1,0
BRDA:295,52,0,0
BRDA:295,52,1,0
BRDA:306,53,0,0
BRDA:306,53,1,0
BRDA:306,54,0,0
BRDA:306,54,1,0
BRDA:306,54,2,0
BRDA:308,55,0,0
BRDA:308,55,1,0
BRDA:308,56,0,0
BRDA:308,56,1,0
BRDA:308,57,0,0
BRDA:308,57,1,0
BRDA:309,58,0,0
BRDA:309,58,1,0
BRDA:309,59,0,0
BRDA:309,59,1,0
BRDA:311,60,0,0
BRDA:311,60,1,0
BRDA:311,61,0,0
BRDA:311,61,1,0
BRDA:329,62,0,0
BRDA:329,62,1,0
BRDA:391,63,0,0
BRDA:391,63,1,0
BRDA:401,64,0,0
BRDA:401,64,1,0
BRDA:467,65,0,0
BRDA:467,65,1,0
BRDA:473,66,0,0
BRDA:473,66,1,0
BRDA:474,67,0,0
BRDA:474,67,1,0
BRDA:479,68,0,0
BRDA:479,68,1,0
BRDA:481,69,0,0
BRDA:481,69,1,0
BRDA:482,70,0,0
BRDA:482,70,1,0
BRDA:483,71,0,0
BRDA:483,71,1,0
BRDA:487,72,0,0
BRDA:487,72,1,0
BRDA:497,73,0,0
BRDA:497,73,1,0
BRDA:497,74,0,0
BRDA:497,74,1,0
BRDA:507,75,0,0
BRDA:507,75,1,0
BRDA:526,76,0,0
BRDA:526,76,1,0
BRDA:555,77,0,0
BRDA:555,77,1,0
BRDA:572,78,0,0
BRDA:572,78,1,0
BRDA:577,79,0,0
BRDA:577,79,1,0
BRDA:579,80,0,0
BRDA:579,80,1,0
BRDA:579,81,0,0
BRDA:579,81,1,0
BRDA:581,82,0,0
BRDA:581,82,1,0
BRDA:581,83,0,0
BRDA:581,83,1,0
BRDA:589,84,0,0
BRDA:589,84,1,0
BRDA:597,85,0,0
BRDA:597,85,1,0
BRDA:618,86,0,0
BRDA:618,86,1,0
BRDA:638,87,0,0
BRDA:638,87,1,0
BRDA:655,88,0,0
BRDA:655,88,1,0
BRDA:655,88,2,0
BRDA:655,88,3,0
BRDA:655,88,4,0
BRDA:655,88,5,0
BRDA:660,89,0,0
BRDA:660,89,1,0
BRDA:661,90,0,0
BRDA:661,90,1,0
BRDA:666,91,0,0
BRDA:666,91,1,0
BRDA:699,92,0,0
BRDA:699,92,1,0
BRDA:704,93,0,0
BRDA:704,93,1,0
BRDA:707,94,0,0
BRDA:707,94,1,0
BRDA:722,95,0,0
BRDA:722,95,1,0
BRDA:761,96,0,0
BRDA:761,96,1,0
BRDA:761,96,2,0
BRDA:769,97,0,0
BRDA:769,97,1,0
BRDA:769,97,2,0
BRDA:776,98,0,0
BRDA:776,98,1,0
BRDA:784,99,0,0
BRDA:784,99,1,0
BRDA:785,100,0,0
BRDA:785,100,1,0
BRDA:798,101,0,0
BRDA:798,101,1,0
BRDA:798,102,0,0
BRDA:798,102,1,0
BRDA:807,103,0,0
BRDA:807,103,1,0
BRDA:813,104,0,0
BRDA:813,104,1,0
BRDA:824,105,0,0
BRDA:824,105,1,0
BRDA:824,105,2,0
BRDA:824,105,3,0
BRDA:829,106,0,0
BRDA:829,106,1,0
BRDA:829,107,0,0
BRDA:829,107,1,0
BRDA:829,107,2,0
BRDA:840,108,0,0
BRDA:840,108,1,0
BRDA:840,108,2,0
BRDA:840,108,3,0
BRDA:861,109,0,0
BRDA:861,109,1,0
BRDA:861,110,0,0
BRDA:861,110,1,0
BRDA:876,111,0,0
BRDA:876,111,1,0
BRDA:876,111,2,0
BRDA:876,111,3,0
BRDA:881,112,0,0
BRDA:881,112,1,0
BRDA:884,113,0,0
BRDA:884,113,1,0
BRDA:884,114,0,0
BRDA:884,114,1,0
BRDA:888,115,0,0
BRDA:888,115,1,0
BRDA:890,116,0,0
BRDA:890,116,1,0
BRDA:905,117,0,0
BRDA:905,117,1,0
BRDA:907,118,0,0
BRDA:907,118,1,0
BRDA:911,119,0,0
BRDA:911,119,1,0
BRDA:913,120,0,0
BRDA:913,120,1,0
BRDA:921,121,0,0
BRDA:921,121,1,0
BRDA:921,122,0,0
BRDA:921,122,1,0
BRDA:931,123,0,0
BRDA:931,123,1,0
BRDA:945,124,0,0
BRDA:945,124,1,0
BRDA:956,125,0,0
BRDA:956,125,1,0
BRDA:985,126,0,0
BRDA:985,126,1,0
BRDA:987,127,0,0
BRDA:987,127,1,0
BRDA:989,128,0,0
BRDA:989,128,1,0
BRDA:992,129,0,0
BRDA:992,129,1,0
BRDA:994,130,0,0
BRDA:994,130,1,0
BRDA:1006,131,0,0
BRDA:1006,131,1,0
BRDA:1008,132,0,0
BRDA:1008,132,1,0
BRDA:1017,133,0,0
BRDA:1017,133,1,0
BRDA:1036,134,0,0
BRDA:1036,134,1,0
BRDA:1036,134,2,0
BRDA:1045,135,0,0
BRDA:1045,135,1,0
BRDA:1048,136,0,0
BRDA:1048,136,1,0
BRDA:1049,137,0,0
BRDA:1049,137,1,0
BRDA:1055,138,0,0
BRDA:1055,138,1,0
BRDA:1055,139,0,0
BRDA:1055,139,1,0
BRDA:1055,140,0,0
BRDA:1055,140,1,0
BRDA:1060,141,0,0
BRDA:1060,141,1,0
BRDA:1060,141,2,0
BRDA:1075,142,0,0
BRDA:1075,142,1,0
BRDA:1086,143,0,0
BRDA:1086,143,1,0
BRDA:1092,144,0,0
BRDA:1092,144,1,0
BRDA:1101,145,0,0
BRDA:1101,145,1,0
BRDA:1138,146,0,0
BRDA:1138,146,1,0
BRDA:1168,147,0,0
BRDA:1168,147,1,0
BRDA:1177,148,0,0
BRDA:1177,148,1,0
BRDA:1201,149,0,0
BRDA:1201,149,1,0
BRDA:1207,150,0,0
BRDA:1207,150,1,0
BRF:335
BRH:0
end_of_record
TN:
SF:src/components/ErrorBoundary.tsx
FN:30,(anonymous_7)
FN:108,(anonymous_8)
FN:108,(anonymous_9)
FN:114,(anonymous_10)
FN:134,(anonymous_11)
FN:145,(anonymous_12)
FN:154,(anonymous_13)
FN:42,(anonymous_14)
FN:61,(anonymous_15)
FN:86,(anonymous_16)
FN:92,(anonymous_17)
FN:99,(anonymous_18)
FN:176,(anonymous_19)
FN:196,withErrorBoundary
FN:200,(anonymous_21)
FN:212,useErrorHandler
FN:213,(anonymous_23)
FNF:17
FNH:0
FNDA:0,(anonymous_7)
FNDA:0,(anonymous_8)
FNDA:0,(anonymous_9)
FNDA:0,(anonymous_10)
FNDA:0,(anonymous_11)
FNDA:0,(anonymous_12)
FNDA:0,(anonymous_13)
FNDA:0,(anonymous_14)
FNDA:0,(anonymous_15)
FNDA:0,(anonymous_16)
FNDA:0,(anonymous_17)
FNDA:0,(anonymous_18)
FNDA:0,(anonymous_19)
FNDA:0,withErrorBoundary
FNDA:0,(anonymous_21)
FNDA:0,useErrorHandler
FNDA:0,(anonymous_23)
DA:1,0
DA:2,0
DA:3,0
DA:4,0
DA:26,0
DA:27,0
DA:28,0
DA:31,0
DA:32,0
DA:44,0
DA:47,0
DA:54,0
DA:63,0
DA:64,0
DA:66,0
DA:74,0
DA:75,0
DA:79,0
DA:80,0
DA:82,0
DA:84,0
DA:86,0
DA:87,0
DA:91,0
DA:92,0
DA:93,0
DA:100,0
DA:101,0
DA:103,0
DA:104,0
DA:108,0
DA:109,0
DA:111,0
DA:113,0
DA:114,0
DA:116,0
DA:122,0
DA:124,0
DA:125,0
DA:126,0
DA:127,0
DA:130,0
DA:134,0
DA:140,0
DA:141,0
DA:143,0
DA:145,0
DA:146,0
DA:149,0
DA:150,0
DA:154,0
DA:155,0
DA:156,0
DA:157,0
DA:159,0
DA:160,0
DA:161,0
DA:164,0
DA:166,0
DA:177,0
DA:178,0
DA:180,0
DA:191,0
DA:196,0
DA:200,0
DA:201,0
DA:206,0
DA:208,0
DA:212,0
DA:213,0
DA:215,0
LF:71
LH:0
BRDA:124,0,0,0
BRDA:124,0,1,0
BRDA:140,1,0,0
BRDA:140,1,1,0
BRDA:155,2,0,0
BRDA:155,2,1,0
BRDA:159,3,0,0
BRDA:159,3,1,0
BRDA:47,4,0,0
BRDA:47,4,1,0
BRDA:47,4,2,0
BRDA:47,4,3,0
BRDA:47,4,4,0
BRDA:47,4,5,0
BRDA:74,5,0,0
BRDA:74,5,1,0
BRDA:79,6,0,0
BRDA:79,6,1,0
BRDA:79,7,0,0
BRDA:79,7,1,0
BRDA:91,8,0,0
BRDA:91,8,1,0
BRDA:91,9,0,0
BRDA:91,9,1,0
BRDA:100,10,0,0
BRDA:100,10,1,0
BRDA:103,11,0,0
BRDA:103,11,1,0
BRDA:177,12,0,0
BRDA:177,12,1,0
BRDA:177,13,0,0
BRDA:177,13,1,0
BRDA:178,14,0,0
BRDA:178,14,1,0
BRDA:206,15,0,0
BRDA:206,15,1,0
BRF:36
BRH:0
end_of_record
TN:
SF:src/components/ErrorDebugPanel.tsx
FN:11,ErrorDebugPanel
FN:12,(anonymous_1)
FN:15,(anonymous_2)
FN:19,(anonymous_3)
FN:83,(anonymous_4)
FN:90,(anonymous_5)
FNF:6
FNH:0
FNDA:0,ErrorDebugPanel
FNDA:0,(anonymous_1)
FNDA:0,(anonymous_2)
FNDA:0,(anonymous_3)
FNDA:0,(anonymous_4)
FNDA:0,(anonymous_5)
DA:1,0
DA:2,0
DA:4,0
DA:5,0
DA:6,0
DA:7,0
DA:8,0
DA:9,0
DA:11,0
DA:12,0
DA:13,0
DA:15,0
DA:16,0
DA:19,0
DA:20,0
DA:21,0
DA:25,0
DA:26,0
DA:29,0
DA:84,0
DA:91,0
DA:92,0
DA:93,0
DA:95,0
DA:97,0
LF:25
LH:0
BRDA:25,0,0,0
BRDA:25,0,1,0
BRDA:40,1,0,0
BRDA:40,1,1,0
BRDA:76,2,0,0
BRDA:76,2,1,0
BRDA:92,3,0,0
BRDA:92,3,1,0
BRDA:107,4,0,0
BRDA:107,4,1,0
BRDA:118,5,0,0
BRDA:118,5,1,0
BRF:12
BRH:0
end_of_record
TN:
SF:src/components/ErrorFallback.tsx
FN:25,(anonymous_7)
FN:40,(anonymous_8)
FN:55,(anonymous_9)
FN:70,(anonymous_10)
FN:85,ErrorFallback
FN:92,(anonymous_12)
FN:92,(anonymous_13)
FN:133,(anonymous_14)
FN:137,(anonymous_15)
FNF:9
FNH:0
FNDA:0,(anonymous_7)
FNDA:0,(anonymous_8)
FNDA:0,(anonymous_9)
FNDA:0,(anonymous_10)
FNDA:0,ErrorFallback
FNDA:0,(anonymous_12)
FNDA:0,(anonymous_13)
FNDA:0,(anonymous_14)
FNDA:0,(anonymous_15)
DA:3,0
DA:4,0
DA:5,0
DA:6,0
DA:7,0
DA:25,0
DA:26,0
DA:28,0
DA:30,0
DA:32,0
DA:34,0
DA:36,0
DA:40,0
DA:41,0
DA:43,0
DA:45,0
DA:47,0
DA:49,0
DA:51,0
DA:55,0
DA:56,0
DA:58,0
DA:60,0
DA:62,0
DA:64,0
DA:66,0
DA:70,0
DA:71,0
DA:73,0
DA:75,0
DA:77,0
DA:79,0
DA:81,0
DA:85,0
DA:92,0
DA:94,0
DA:95,0
DA:96,0
DA:97,0
DA:99,0
DA:102,0
DA:103,0
DA:107,0
DA:108,0
DA:114,0
DA:115,0
DA:119,0
DA:120,0
DA:123,0
DA:124,0
DA:125,0
DA:127,0
DA:130,0
DA:133,0
DA:134,0
DA:137,0
DA:138,0
DA:141,0
LF:58
LH:0
BRDA:26,0,0,0
BRDA:26,0,1,0
BRDA:26,0,2,0
BRDA:26,0,3,0
BRDA:26,0,4,0
BRDA:41,1,0,0
BRDA:41,1,1,0
BRDA:41,1,2,0
BRDA:41,1,3,0
BRDA:41,1,4,0
BRDA:56,2,0,0
BRDA:56,2,1,0
BRDA:56,2,2,0
BRDA:56,2,3,0
BRDA:56,2,4,0
BRDA:71,3,0,0
BRDA:71,3,1,0
BRDA:71,3,2,0
BRDA:71,3,3,0
BRDA:71,3,4,0
BRDA:88,4,0,0
BRDA:89,5,0,0
BRDA:90,6,0,0
BRDA:94,7,0,0
BRDA:94,7,1,0
BRDA:95,8,0,0
BRDA:95,8,1,0
BRDA:114,9,0,0
BRDA:114,9,1,0
BRDA:123,10,0,0
BRDA:123,10,1,0
BRDA:173,11,0,0
BRDA:173,11,1,0
BRDA:175,12,0,0
BRDA:175,12,1,0
BRDA:180,13,0,0
BRDA:180,13,1,0
BRDA:191,14,0,0
BRDA:191,14,1,0
BRDA:195,15,0,0
BRDA:195,15,1,0
BRDA:199,16,0,0
BRDA:199,16,1,0
BRDA:210,17,0,0
BRDA:210,17,1,0
BRDA:217,18,0,0
BRDA:217,18,1,0
BRDA:218,19,0,0
BRDA:218,19,1,0
BRDA:218,20,0,0
BRDA:218,20,1,0
BRDA:244,21,0,0
BRDA:244,21,1,0
BRDA:244,21,2,0
BRF:54
BRH:0
end_of_record
TN:
SF:src/components/MobileButton.tsx
FN:12,(anonymous_1)
FNF:1
FNH:0
FNDA:0,(anonymous_1)
DA:2,0
DA:3,0
DA:4,0
DA:12,0
DA:19,0
DA:20,0
DA:22,0
DA:24,0
DA:25,0
DA:27,0
DA:44,0
LF:11
LH:0
BRDA:19,0,0,0
BRDA:24,1,0,0
BRDA:24,1,1,0
BRDA:24,2,0,0
BRDA:24,2,1,0
BRDA:25,3,0,0
BRDA:25,3,1,0
BRDA:25,4,0,0
BRDA:25,4,1,0
BRDA:34,5,0,0
BRDA:34,5,1,0
BRDA:34,5,2,0
BRDA:35,6,0,0
BRDA:35,6,1,0
BRF:14
BRH:0
end_of_record
TN:
SF:src/components/MobileNavigation.tsx
FN:16,(anonymous_0)
FNF:1
FNH:0
FNDA:0,(anonymous_0)
DA:2,0
DA:3,0
DA:4,0
DA:16,0
DA:25,0
DA:27,0
DA:89,0
LF:7
LH:0
BRDA:21,0,0,0
BRDA:23,1,0,0
BRDA:33,2,0,0
BRDA:33,2,1,0
BRDA:36,3,0,0
BRDA:36,3,1,0
BRDA:41,4,0,0
BRDA:41,4,1,0
BRDA:45,5,0,0
BRDA:45,5,1,0
BRDA:48,6,0,0
BRDA:48,6,1,0
BRDA:52,7,0,0
BRDA:52,7,1,0
BRDA:64,8,0,0
BRDA:64,8,1,0
BRDA:68,9,0,0
BRDA:68,9,1,0
BRDA:70,10,0,0
BRDA:70,10,1,0
BRDA:78,11,0,0
BRDA:78,11,1,0
BRF:22
BRH:0
end_of_record
TN:
SF:src/components/MobileOptimizedCard.tsx
FN:13,(anonymous_0)
FNF:1
FNH:0
FNDA:0,(anonymous_0)
DA:2,0
DA:3,0
DA:13,0
DA:20,0
DA:22,0
DA:41,0
LF:6
LH:0
BRDA:16,0,0,0
BRDA:17,1,0,0
BRDA:18,2,0,0
BRDA:26,3,0,0
BRDA:26,3,1,0
BRDA:27,4,0,0
BRDA:27,4,1,0
BRDA:28,5,0,0
BRDA:28,5,1,0
BRDA:34,6,0,0
BRDA:34,6,1,0
BRF:11
BRH:0
end_of_record
TN:
SF:src/components/NetworkStatusIndicator.tsx
FN:28,NetworkStatusIndicator
FN:36,(anonymous_1)
FN:54,(anonymous_2)
FN:72,(anonymous_3)
FN:90,(anonymous_4)
FN:154,(anonymous_5)
FN:169,NetworkStatusBadge
FN:181,NetworkStatusPanel
FN:194,useNetworkStatusDisplay
FNF:9
FNH:0
FNDA:0,NetworkStatusIndicator
FNDA:0,(anonymous_1)
FNDA:0,(anonymous_2)
FNDA:0,(anonymous_3)
FNDA:0,(anonymous_4)
FNDA:0,(anonymous_5)
FNDA:0,NetworkStatusBadge
FNDA:0,NetworkStatusPanel
FNDA:0,useNetworkStatusDisplay
DA:2,0
DA:3,0
DA:4,0
DA:5,0
DA:6,0
DA:15,0
DA:28,0
DA:34,0
DA:36,0
DA:37,0
DA:38,0
DA:41,0
DA:42,0
DA:44,0
DA:46,0
DA:48,0
DA:50,0
DA:54,0
DA:55,0
DA:56,0
DA:59,0
DA:60,0
DA:62,0
DA:64,0
DA:66,0
DA:68,0
DA:72,0
DA:73,0
DA:74,0
DA:77,0
DA:78,0
DA:80,0
DA:82,0
DA:84,0
DA:86,0
DA:90,0
DA:91,0
DA:93,0
DA:95,0
DA:96,0
DA:99,0
DA:100,0
DA:103,0
DA:104,0
DA:107,0
DA:111,0
DA:115,0
DA:118,0
DA:119,0
DA:130,0
DA:154,0
DA:169,0
DA:170,0
DA:181,0
DA:182,0
DA:194,0
DA:195,0
DA:197,0
LF:58
LH:0
BRDA:29,0,0,0
BRDA:30,1,0,0
BRDA:32,2,0,0
BRDA:37,3,0,0
BRDA:37,3,1,0
BRDA:42,4,0,0
BRDA:42,4,1,0
BRDA:42,4,2,0
BRDA:42,4,3,0
BRDA:55,5,0,0
BRDA:55,5,1,0
BRDA:60,6,0,0
BRDA:60,6,1,0
BRDA:60,6,2,0
BRDA:60,6,3,0
BRDA:73,7,0,0
BRDA:73,7,1,0
BRDA:78,8,0,0
BRDA:78,8,1,0
BRDA:78,8,2,0
BRDA:78,8,3,0
BRDA:91,9,0,0
BRDA:91,9,1,0
BRDA:91,10,0,0
BRDA:91,10,1,0
BRDA:95,11,0,0
BRDA:95,11,1,0
BRDA:99,12,0,0
BRDA:99,12,1,0
BRDA:103,13,0,0
BRDA:103,13,1,0
BRDA:107,14,0,0
BRDA:107,14,1,0
BRDA:111,15,0,0
BRDA:111,15,1,0
BRDA:111,16,0,0
BRDA:111,16,1,0
BRDA:111,16,2,0
BRDA:111,16,3,0
BRDA:118,17,0,0
BRDA:118,17,1,0
BRDA:132,18,0,0
BRDA:132,18,1,0
BRDA:142,19,0,0
BRDA:142,19,1,0
BRDA:142,19,2,0
BRDA:150,20,0,0
BRDA:150,20,1,0
BRDA:150,20,2,0
BRDA:198,21,0,0
BRDA:198,21,1,0
BRDA:198,21,2,0
BRDA:202,22,0,0
BRDA:202,22,1,0
BRDA:203,23,0,0
BRDA:203,23,1,0
BRF:56
BRH:0
end_of_record
TN:
SF:src/components/NotificationCenter.tsx
FN:25,(anonymous_0)
FN:38,(anonymous_1)
FN:51,(anonymous_2)
FN:66,(anonymous_3)
FN:139,(anonymous_4)
FN:174,(anonymous_5)
FN:175,(anonymous_6)
FN:188,(anonymous_7)
FN:203,(anonymous_8)
FN:219,(anonymous_9)
FN:261,(anonymous_10)
FN:276,(anonymous_11)
FN:289,(anonymous_12)
FN:302,(anonymous_13)
FN:315,(anonymous_14)
FN:342,(anonymous_15)
FN:362,(anonymous_16)
FNF:17
FNH:0
FNDA:0,(anonymous_0)
FNDA:0,(anonymous_1)
FNDA:0,(anonymous_2)
FNDA:0,(anonymous_3)
FNDA:0,(anonymous_4)
FNDA:0,(anonymous_5)
FNDA:0,(anonymous_6)
FNDA:0,(anonymous_7)
FNDA:0,(anonymous_8)
FNDA:0,(anonymous_9)
FNDA:0,(anonymous_10)
FNDA:0,(anonymous_11)
FNDA:0,(anonymous_12)
FNDA:0,(anonymous_13)
FNDA:0,(anonymous_14)
FNDA:0,(anonymous_15)
FNDA:0,(anonymous_16)
DA:1,0
DA:2,0
DA:3,0
DA:4,0
DA:6,0
DA:11,0
DA:19,0
DA:20,0
DA:21,0
DA:22,0
DA:23,0
DA:25,0
DA:34,0
DA:36,0
DA:38,0
DA:39,0
DA:41,0
DA:43,0
DA:45,0
DA:47,0
DA:51,0
DA:52,0
DA:54,0
DA:56,0
DA:58,0
DA:60,0
DA:62,0
DA:66,0
DA:67,0
DA:68,0
DA:69,0
DA:71,0
DA:72,0
DA:73,0
DA:74,0
DA:77,0
DA:140,0
DA:174,0
DA:175,0
DA:176,0
DA:178,0
DA:180,0
DA:182,0
DA:184,0
DA:188,0
DA:189,0
DA:191,0
DA:193,0
DA:195,0
DA:197,0
DA:199,0
DA:203,0
DA:204,0
DA:205,0
DA:206,0
DA:208,0
DA:209,0
DA:210,0
DA:211,0
DA:214,0
DA:219,0
DA:261,0
DA:262,0
DA:276,0
DA:289,0
DA:302,0
DA:315,0
DA:342,0
DA:362,0
LF:69
LH:0
BRDA:39,0,0,0
BRDA:39,0,1,0
BRDA:39,0,2,0
BRDA:39,0,3,0
BRDA:52,1,0,0
BRDA:52,1,1,0
BRDA:52,1,2,0
BRDA:52,1,3,0
BRDA:52,1,4,0
BRDA:71,2,0,0
BRDA:71,2,1,0
BRDA:72,3,0,0
BRDA:72,3,1,0
BRDA:73,4,0,0
BRDA:73,4,1,0
BRDA:83,5,0,0
BRDA:83,5,1,0
BRDA:88,6,0,0
BRDA:88,6,1,0
BRDA:97,7,0,0
BRDA:97,7,1,0
BRDA:131,8,0,0
BRDA:131,8,1,0
BRDA:150,9,0,0
BRDA:150,9,1,0
BRDA:176,10,0,0
BRDA:176,10,1,0
BRDA:176,10,2,0
BRDA:176,10,3,0
BRDA:189,11,0,0
BRDA:189,11,1,0
BRDA:189,11,2,0
BRDA:189,11,3,0
BRDA:189,11,4,0
BRDA:208,12,0,0
BRDA:208,12,1,0
BRDA:209,13,0,0
BRDA:209,13,1,0
BRDA:210,14,0,0
BRDA:210,14,1,0
BRDA:217,15,0,0
BRDA:217,15,1,0
BRDA:219,16,0,0
BRDA:219,16,1,0
BRDA:231,17,0,0
BRDA:231,17,1,0
BRDA:328,18,0,0
BRDA:328,18,1,0
BRDA:348,19,0,0
BRDA:348,19,1,0
BRDA:368,20,0,0
BRDA:368,20,1,0
BRDA:368,20,2,0
BRDA:368,20,3,0
BRDA:376,21,0,0
BRDA:376,21,1,0
BRDA:376,21,2,0
BRDA:376,21,3,0
BRF:58
BRH:0
end_of_record
TN:
SF:src/components/OfflineIndicator.tsx
FN:31,OfflineIndicator
FN:41,(anonymous_8)
FN:55,(anonymous_9)
FN:55,(anonymous_10)
FN:65,(anonymous_11)
FN:67,(anonymous_12)
FN:71,(anonymous_13)
FN:80,(anonymous_14)
FN:90,(anonymous_15)
FN:100,(anonymous_16)
FN:221,OfflineStatusBadge
FN:235,OfflineStatusPanel
FN:249,useOfflineDisplay
FNF:13
FNH:0
FNDA:0,OfflineIndicator
FNDA:0,(anonymous_8)
FNDA:0,(anonymous_9)
FNDA:0,(anonymous_10)
FNDA:0,(anonymous_11)
FNDA:0,(anonymous_12)
FNDA:0,(anonymous_13)
FNDA:0,(anonymous_14)
FNDA:0,(anonymous_15)
FNDA:0,(anonymous_16)
FNDA:0,OfflineStatusBadge
FNDA:0,OfflineStatusPanel
FNDA:0,useOfflineDisplay
DA:1,0
DA:2,0
DA:3,0
DA:4,0
DA:5,0
DA:6,0
DA:7,0
DA:16,0
DA:31,0
DA:38,0
DA:39,0
DA:41,0
DA:42,0
DA:43,0
DA:44,0
DA:46,0
DA:47,0
DA:48,0
DA:49,0
DA:51,0
DA:55,0
DA:56,0
DA:57,0
DA:58,0
DA:60,0
DA:65,0
DA:66,0
DA:67,0
DA:68,0
DA:71,0
DA:76,0
DA:77,0
DA:80,0
DA:81,0
DA:82,0
DA:84,0
DA:85,0
DA:87,0
DA:90,0
DA:91,0
DA:92,0
DA:94,0
DA:95,0
DA:97,0
DA:100,0
DA:101,0
DA:102,0
DA:104,0
DA:105,0
DA:107,0
DA:110,0
DA:111,0
DA:127,0
DA:221,0
DA:222,0
DA:235,0
DA:236,0
DA:249,0
DA:250,0
DA:252,0
LF:60
LH:0
BRDA:32,0,0,0
BRDA:33,1,0,0
BRDA:35,2,0,0
BRDA:36,3,0,0
BRDA:46,4,0,0
BRDA:46,4,1,0
BRDA:48,5,0,0
BRDA:48,5,1,0
BRDA:66,6,0,0
BRDA:66,6,1,0
BRDA:66,7,0,0
BRDA:66,7,1,0
BRDA:76,8,0,0
BRDA:76,8,1,0
BRDA:76,9,0,0
BRDA:76,9,1,0
BRDA:81,10,0,0
BRDA:81,10,1,0
BRDA:84,11,0,0
BRDA:84,11,1,0
BRDA:91,12,0,0
BRDA:91,12,1,0
BRDA:94,13,0,0
BRDA:94,13,1,0
BRDA:101,14,0,0
BRDA:101,14,1,0
BRDA:104,15,0,0
BRDA:104,15,1,0
BRDA:110,16,0,0
BRDA:110,16,1,0
BRDA:118,17,0,0
BRDA:118,17,1,0
BRDA:118,17,2,0
BRDA:129,18,0,0
BRDA:129,18,1,0
BRDA:138,19,0,0
BRDA:138,19,1,0
BRDA:138,19,2,0
BRDA:147,20,0,0
BRDA:147,20,1,0
BRDA:154,21,0,0
BRDA:154,21,1,0
BRDA:154,21,2,0
BRDA:157,22,0,0
BRDA:157,22,1,0
BRDA:171,23,0,0
BRDA:171,23,1,0
BRDA:179,24,0,0
BRDA:179,24,1,0
BRDA:179,24,2,0
BRDA:201,25,0,0
BRDA:201,25,1,0
BRDA:201,25,2,0
BRDA:209,26,0,0
BRDA:209,26,1,0
BRDA:210,27,0,0
BRDA:210,27,1,0
BRDA:253,28,0,0
BRDA:253,28,1,0
BRF:59
BRH:0
end_of_record
TN:
SF:src/components/PatientDetailContainer.tsx
FN:17,(anonymous_0)
FN:61,(anonymous_1)
FN:115,(anonymous_2)
FN:194,(anonymous_3)
FN:228,(anonymous_4)
FNF:5
FNH:0
FNDA:0,(anonymous_0)
FNDA:0,(anonymous_1)
FNDA:0,(anonymous_2)
FNDA:0,(anonymous_3)
FNDA:0,(anonymous_4)
DA:1,0
DA:2,0
DA:4,0
DA:5,0
DA:6,0
DA:17,0
DA:18,0
DA:20,0
DA:22,0
DA:29,0
DA:32,0
DA:33,0
DA:62,0
DA:116,0
DA:136,0
DA:137,0
DA:169,0
DA:170,0
DA:194,0
DA:203,0
DA:204,0
DA:228,0
DA:238,0
LF:23
LH:0
BRDA:23,0,0,0
BRDA:23,0,1,0
BRDA:25,1,0,0
BRDA:25,1,1,0
BRDA:25,2,0,0
BRDA:25,2,1,0
BRDA:29,3,0,0
BRDA:29,3,1,0
BRDA:29,4,0,0
BRDA:29,4,1,0
BRDA:29,5,0,0
BRDA:29,5,1,0
BRDA:29,6,0,0
BRDA:29,6,1,0
BRDA:32,7,0,0
BRDA:32,7,1,0
BRDA:136,8,0,0
BRDA:136,8,1,0
BRDA:169,9,0,0
BRDA:169,9,1,0
BRDA:189,10,0,0
BRDA:189,10,1,0
BRDA:203,11,0,0
BRDA:203,11,1,0
BRF:24
BRH:0
end_of_record
TN:
SF:src/components/PatientDetailView.tsx
FN:31,(anonymous_7)
FN:58,(anonymous_8)
FN:84,(anonymous_9)
FN:84,(anonymous_10)
FN:97,(anonymous_11)
FN:197,(anonymous_12)
FN:201,(anonymous_13)
FN:203,(anonymous_14)
FN:250,(anonymous_15)
FN:250,(anonymous_16)
FN:302,(anonymous_17)
FN:302,(anonymous_18)
FN:346,(anonymous_19)
FN:346,(anonymous_20)
FN:386,(anonymous_21)
FN:386,(anonymous_22)
FN:423,(anonymous_23)
FN:423,(anonymous_24)
FN:428,(anonymous_25)
FN:428,(anonymous_26)
FN:447,(anonymous_27)
FN:629,(anonymous_28)
FN:659,(anonymous_29)
FN:673,(anonymous_30)
FNF:24
FNH:0
FNDA:0,(anonymous_7)
FNDA:0,(anonymous_8)
FNDA:0,(anonymous_9)
FNDA:0,(anonymous_10)
FNDA:0,(anonymous_11)
FNDA:0,(anonymous_12)
FNDA:0,(anonymous_13)
FNDA:0,(anonymous_14)
FNDA:0,(anonymous_15)
FNDA:0,(anonymous_16)
FNDA:0,(anonymous_17)
FNDA:0,(anonymous_18)
FNDA:0,(anonymous_19)
FNDA:0,(anonymous_20)
FNDA:0,(anonymous_21)
FNDA:0,(anonymous_22)
FNDA:0,(anonymous_23)
FNDA:0,(anonymous_24)
FNDA:0,(anonymous_25)
FNDA:0,(anonymous_26)
FNDA:0,(anonymous_27)
FNDA:0,(anonymous_28)
FNDA:0,(anonymous_29)
FNDA:0,(anonymous_30)
DA:1,0
DA:2,0
DA:3,0
DA:4,0
DA:5,0
DA:6,0
DA:16,0
DA:17,0
DA:18,0
DA:19,0
DA:20,0
DA:22,0
DA:23,0
DA:24,0
DA:31,0
DA:35,0
DA:36,0
DA:39,0
DA:40,0
DA:43,0
DA:44,0
DA:50,0
DA:53,0
DA:54,0
DA:57,0
DA:59,0
DA:60,0
DA:62,0
DA:74,0
DA:82,0
DA:84,0
DA:85,0
DA:87,0
DA:89,0
DA:90,0
DA:91,0
DA:93,0
DA:94,0
DA:97,0
DA:99,0
DA:100,0
DA:113,0
DA:114,0
DA:120,0
DA:122,0
DA:127,0
DA:137,0
DA:159,0
DA:161,0
DA:184,0
DA:185,0
DA:188,0
DA:189,0
DA:197,0
DA:198,0
DA:201,0
DA:203,0
DA:204,0
DA:206,0
DA:232,0
DA:233,0
DA:236,0
DA:241,0
DA:242,0
DA:250,0
DA:251,0
DA:253,0
DA:254,0
DA:255,0
DA:261,0
DA:262,0
DA:273,0
DA:274,0
DA:277,0
DA:286,0
DA:292,0
DA:298,0
DA:302,0
DA:303,0
DA:305,0
DA:306,0
DA:307,0
DA:309,0
DA:310,0
DA:316,0
DA:324,0
DA:325,0
DA:328,0
DA:337,0
DA:338,0
DA:346,0
DA:347,0
DA:349,0
DA:350,0
DA:356,0
DA:364,0
DA:365,0
DA:368,0
DA:377,0
DA:378,0
DA:386,0
DA:387,0
DA:389,0
DA:390,0
DA:397,0
DA:398,0
DA:401,0
DA:411,0
DA:412,0
DA:414,0
DA:415,0
DA:423,0
DA:425,0
DA:428,0
DA:429,0
DA:430,0
DA:431,0
DA:432,0
DA:433,0
DA:438,0
DA:447,0
DA:448,0
DA:450,0
DA:452,0
DA:454,0
DA:456,0
DA:460,0
DA:461,0
DA:464,0
DA:465,0
DA:468,0
DA:631,0
DA:659,0
DA:674,0
DA:675,0
LF:135
LH:0
BRDA:59,0,0,0
BRDA:59,0,1,0
BRDA:85,1,0,0
BRDA:85,1,1,0
BRDA:99,2,0,0
BRDA:99,2,1,0
BRDA:109,3,0,0
BRDA:109,3,1,0
BRDA:120,4,0,0
BRDA:120,4,1,0
BRDA:122,5,0,0
BRDA:122,5,1,0
BRDA:153,6,0,0
BRDA:153,6,1,0
BRDA:177,7,0,0
BRDA:177,7,1,0
BRDA:209,8,0,0
BRDA:209,8,1,0
BRDA:210,9,0,0
BRDA:210,9,1,0
BRDA:211,10,0,0
BRDA:211,10,1,0
BRDA:212,11,0,0
BRDA:212,11,1,0
BRDA:213,12,0,0
BRDA:213,12,1,0
BRDA:215,13,0,0
BRDA:215,13,1,0
BRDA:217,14,0,0
BRDA:217,14,1,0
BRDA:217,15,0,0
BRDA:217,15,1,0
BRDA:219,16,0,0
BRDA:219,16,1,0
BRDA:220,17,0,0
BRDA:220,17,1,0
BRDA:221,18,0,0
BRDA:221,18,1,0
BRDA:222,19,0,0
BRDA:222,19,1,0
BRDA:224,20,0,0
BRDA:224,20,1,0
BRDA:226,21,0,0
BRDA:226,21,1,0
BRDA:226,21,2,0
BRDA:227,22,0,0
BRDA:227,22,1,0
BRDA:228,23,0,0
BRDA:228,23,1,0
BRDA:251,24,0,0
BRDA:251,24,1,0
BRDA:251,25,0,0
BRDA:251,25,1,0
BRDA:261,26,0,0
BRDA:261,26,1,0
BRDA:269,27,0,0
BRDA:269,27,1,0
BRDA:303,28,0,0
BRDA:303,28,1,0
BRDA:303,29,0,0
BRDA:303,29,1,0
BRDA:303,30,0,0
BRDA:303,30,1,0
BRDA:347,31,0,0
BRDA:347,31,1,0
BRDA:347,32,0,0
BRDA:347,32,1,0
BRDA:347,33,0,0
BRDA:347,33,1,0
BRDA:387,34,0,0
BRDA:387,34,1,0
BRDA:387,35,0,0
BRDA:387,35,1,0
BRDA:387,36,0,0
BRDA:387,36,1,0
BRDA:429,37,0,0
BRDA:429,37,1,0
BRDA:429,38,0,0
BRDA:429,38,1,0
BRDA:429,39,0,0
BRDA:429,39,1,0
BRDA:448,40,0,0
BRDA:448,40,1,0
BRDA:448,40,2,0
BRDA:448,40,3,0
BRDA:460,41,0,0
BRDA:460,41,1,0
BRDA:464,42,0,0
BRDA:464,42,1,0
BRDA:489,43,0,0
BRDA:489,43,1,0
BRDA:517,44,0,0
BRDA:517,44,1,0
BRDA:517,45,0,0
BRDA:517,45,1,0
BRDA:548,46,0,0
BRDA:548,46,1,0
BRDA:608,47,0,0
BRDA:608,47,1,0
BRDA:646,48,0,0
BRDA:646,48,1,0
BRDA:655,49,0,0
BRDA:655,49,1,0
BRDA:674,50,0,0
BRDA:674,50,1,0
BRDA:674,51,0,0
BRDA:674,51,1,0
BRDA:674,52,0,0
BRDA:674,52,1,0
BRF:109
BRH:0
end_of_record
TN:
SF:src/components/ProviderMatchCards.tsx
FN:19,(anonymous_7)
FN:42,(anonymous_8)
FN:63,(anonymous_9)
FN:64,(anonymous_10)
FN:64,(anonymous_11)
FN:79,(anonymous_12)
FN:136,(anonymous_13)
FN:216,(anonymous_14)
FN:322,(anonymous_15)
FN:322,(anonymous_16)
FN:366,(anonymous_17)
FN:380,(anonymous_18)
FN:399,(anonymous_19)
FN:470,(anonymous_20)
FN:510,(anonymous_21)
FN:525,(anonymous_22)
FNF:16
FNH:0
FNDA:0,(anonymous_7)
FNDA:0,(anonymous_8)
FNDA:0,(anonymous_9)
FNDA:0,(anonymous_10)
FNDA:0,(anonymous_11)
FNDA:0,(anonymous_12)
FNDA:0,(anonymous_13)
FNDA:0,(anonymous_14)
FNDA:0,(anonymous_15)
FNDA:0,(anonymous_16)
FNDA:0,(anonymous_17)
FNDA:0,(anonymous_18)
FNDA:0,(anonymous_19)
FNDA:0,(anonymous_20)
FNDA:0,(anonymous_21)
FNDA:0,(anonymous_22)
DA:1,0
DA:2,0
DA:3,0
DA:4,0
DA:5,0
DA:6,0
DA:7,0
DA:9,0
DA:10,0
DA:11,0
DA:19,0
DA:24,0
DA:25,0
DA:27,0
DA:28,0
DA:29,0
DA:32,0
DA:40,0
DA:44,0
DA:56,0
DA:57,0
DA:58,0
DA:63,0
DA:64,0
DA:65,0
DA:66,0
DA:69,0
DA:71,0
DA:74,0
DA:75,0
DA:76,0
DA:79,0
DA:81,0
DA:95,0
DA:113,0
DA:115,0
DA:116,0
DA:123,0
DA:124,0
DA:132,0
DA:136,0
DA:137,0
DA:138,0
DA:139,0
DA:140,0
DA:141,0
DA:142,0
DA:143,0
DA:146,0
DA:148,0
DA:217,0
DA:322,0
DA:324,0
DA:325,0
DA:327,0
DA:330,0
DA:331,0
DA:333,0
DA:334,0
DA:339,0
DA:346,0
DA:347,0
DA:367,0
DA:381,0
DA:382,0
DA:384,0
DA:396,0
DA:399,0
DA:471,0
DA:511,0
DA:527,0
DA:545,0
LF:72
LH:0
BRDA:46,0,0,0
BRDA:46,0,1,0
BRDA:48,1,0,0
BRDA:48,1,1,0
BRDA:50,2,0,0
BRDA:50,2,1,0
BRDA:51,3,0,0
BRDA:51,3,1,0
BRDA:52,4,0,0
BRDA:52,4,1,0
BRDA:53,5,0,0
BRDA:53,5,1,0
BRDA:65,6,0,0
BRDA:65,6,1,0
BRDA:65,7,0,0
BRDA:65,7,1,0
BRDA:83,8,0,0
BRDA:83,8,1,0
BRDA:84,9,0,0
BRDA:84,9,1,0
BRDA:85,10,0,0
BRDA:85,10,1,0
BRDA:86,11,0,0
BRDA:86,11,1,0
BRDA:87,12,0,0
BRDA:87,12,1,0
BRDA:88,13,0,0
BRDA:88,13,1,0
BRDA:89,14,0,0
BRDA:89,14,1,0
BRDA:90,15,0,0
BRDA:90,15,1,0
BRDA:91,16,0,0
BRDA:91,16,1,0
BRDA:92,17,0,0
BRDA:92,17,1,0
BRDA:98,18,0,0
BRDA:98,18,1,0
BRDA:99,19,0,0
BRDA:99,19,1,0
BRDA:103,20,0,0
BRDA:103,20,1,0
BRDA:104,21,0,0
BRDA:104,21,1,0
BRDA:105,22,0,0
BRDA:105,22,1,0
BRDA:106,23,0,0
BRDA:106,23,1,0
BRDA:107,24,0,0
BRDA:107,24,1,0
BRDA:108,25,0,0
BRDA:108,25,1,0
BRDA:115,26,0,0
BRDA:115,26,1,0
BRDA:138,27,0,0
BRDA:138,27,1,0
BRDA:139,28,0,0
BRDA:139,28,1,0
BRDA:140,29,0,0
BRDA:140,29,1,0
BRDA:141,30,0,0
BRDA:141,30,1,0
BRDA:142,31,0,0
BRDA:142,31,1,0
BRDA:173,32,0,0
BRDA:173,32,1,0
BRDA:173,33,0,0
BRDA:173,33,1,0
BRDA:173,34,0,0
BRDA:173,34,1,0
BRDA:204,35,0,0
BRDA:204,35,1,0
BRDA:204,35,2,0
BRDA:220,36,0,0
BRDA:220,36,1,0
BRDA:225,37,0,0
BRDA:225,37,1,0
BRDA:312,38,0,0
BRDA:312,38,1,0
BRDA:312,38,2,0
BRDA:312,39,0,0
BRDA:312,39,1,0
BRDA:333,40,0,0
BRDA:333,40,1,0
BRDA:363,41,0,0
BRDA:363,41,1,0
BRDA:363,41,2,0
BRDA:363,41,3,0
BRDA:363,42,0,0
BRDA:363,42,1,0
BRDA:372,43,0,0
BRDA:372,43,1,0
BRDA:374,44,0,0
BRDA:374,44,1,0
BRDA:378,45,0,0
BRDA:378,45,1,0
BRDA:381,46,0,0
BRDA:381,46,1,0
BRDA:381,47,0,0
BRDA:381,47,1,0
BRDA:386,48,0,0
BRDA:386,48,1,0
BRDA:388,49,0,0
BRDA:388,49,1,0
BRDA:390,50,0,0
BRDA:390,50,1,0
BRDA:391,51,0,0
BRDA:391,51,1,0
BRDA:392,52,0,0
BRDA:392,52,1,0
BRDA:393,53,0,0
BRDA:393,53,1,0
BRDA:401,54,0,0
BRDA:401,54,1,0
BRDA:409,55,0,0
BRDA:409,55,1,0
BRDA:414,56,0,0
BRDA:414,56,1,0
BRDA:439,57,0,0
BRDA:439,57,1,0
BRDA:454,58,0,0
BRDA:454,58,1,0
BRDA:457,59,0,0
BRDA:457,59,1,0
BRDA:458,60,0,0
BRDA:458,60,1,0
BRDA:460,61,0,0
BRDA:460,61,1,0
BRDA:475,62,0,0
BRDA:475,62,1,0
BRDA:485,63,0,0
BRDA:485,63,1,0
BRDA:491,64,0,0
BRDA:491,64,1,0
BRDA:494,65,0,0
BRDA:494,65,1,0
BRDA:498,66,0,0
BRDA:498,66,1,0
BRDA:500,67,0,0
BRDA:500,67,1,0
BRDA:513,68,0,0
BRDA:513,68,1,0
BRDA:530,69,0,0
BRDA:530,69,1,0
BRDA:534,70,0,0
BRDA:534,70,1,0
BRDA:538,71,0,0
BRDA:538,71,1,0
BRDA:539,72,0,0
BRDA:539,72,1,0
BRDA:540,73,0,0
BRDA:540,73,1,0
BRDA:541,74,0,0
BRDA:541,74,1,0
BRDA:547,75,0,0
BRDA:547,75,1,0
BRDA:599,76,0,0
BRDA:599,76,1,0
BRDA:599,76,2,0
BRDA:599,76,3,0
BRDA:599,77,0,0
BRDA:599,77,1,0
BRF:162
BRH:0
end_of_record
TN:
SF:src/components/SuccessStoryBanner.tsx
FN:15,(anonymous_0)
FN:24,(anonymous_1)
FN:26,(anonymous_2)
FN:31,(anonymous_3)
FN:122,(anonymous_4)
FNF:5
FNH:0
FNDA:0,(anonymous_0)
FNDA:0,(anonymous_1)
FNDA:0,(anonymous_2)
FNDA:0,(anonymous_3)
FNDA:0,(anonymous_4)
DA:1,0
DA:2,0
DA:3,0
DA:4,0
DA:5,0
DA:15,0
DA:22,0
DA:24,0
DA:26,0
DA:27,0
DA:28,0
DA:31,0
DA:34,0
DA:35,0
DA:38,0
DA:123,0
DA:124,0
LF:17
LH:0
BRDA:34,0,0,0
BRDA:34,0,1,0
BRF:2
BRH:0
end_of_record
TN:
SF:src/components/PatientDetail/EditablePatientSummaryPanel.tsx
FN:17,(anonymous_7)
FN:37,(anonymous_8)
FN:45,(anonymous_9)
FN:46,(anonymous_10)
FN:52,(anonymous_11)
FN:52,(anonymous_12)
FN:87,(anonymous_13)
FN:94,(anonymous_14)
FN:139,(anonymous_15)
FN:155,(anonymous_16)
FN:177,(anonymous_17)
FN:193,(anonymous_18)
FN:217,(anonymous_19)
FN:234,(anonymous_20)
FN:252,(anonymous_21)
FN:279,(anonymous_22)
FN:291,(anonymous_23)
FNF:17
FNH:0
FNDA:0,(anonymous_7)
FNDA:0,(anonymous_8)
FNDA:0,(anonymous_9)
FNDA:0,(anonymous_10)
FNDA:0,(anonymous_11)
FNDA:0,(anonymous_12)
FNDA:0,(anonymous_13)
FNDA:0,(anonymous_14)
FNDA:0,(anonymous_15)
FNDA:0,(anonymous_16)
FNDA:0,(anonymous_17)
FNDA:0,(anonymous_18)
FNDA:0,(anonymous_19)
FNDA:0,(anonymous_20)
FNDA:0,(anonymous_21)
FNDA:0,(anonymous_22)
FNDA:0,(anonymous_23)
DA:1,0
DA:2,0
DA:3,0
DA:4,0
DA:5,0
DA:7,0
DA:8,0
DA:9,0
DA:10,0
DA:17,0
DA:21,0
DA:22,0
DA:23,0
DA:24,0
DA:30,0
DA:33,0
DA:34,0
DA:37,0
DA:38,0
DA:40,0
DA:42,0
DA:45,0
DA:46,0
DA:52,0
DA:53,0
DA:54,0
DA:55,0
DA:58,0
DA:60,0
DA:65,0
DA:66,0
DA:69,0
DA:74,0
DA:75,0
DA:78,0
DA:87,0
DA:88,0
DA:94,0
DA:95,0
DA:96,0
DA:98,0
DA:102,0
DA:139,0
DA:155,0
DA:177,0
DA:193,0
DA:217,0
DA:234,0
DA:252,0
DA:279,0
DA:280,0
DA:292,0
LF:52
LH:0
BRDA:33,0,0,0
BRDA:33,0,1,0
BRDA:33,1,0,0
BRDA:33,1,1,0
BRDA:38,2,0,0
BRDA:38,2,1,0
BRDA:53,3,0,0
BRDA:53,3,1,0
BRDA:74,4,0,0
BRDA:74,4,1,0
BRDA:80,5,0,0
BRDA:80,5,1,0
BRDA:80,6,0,0
BRDA:80,6,1,0
BRDA:80,7,0,0
BRDA:80,7,1,0
BRDA:88,8,0,0
BRDA:88,8,1,0
BRDA:111,9,0,0
BRDA:111,9,1,0
BRDA:116,10,0,0
BRDA:116,10,1,0
BRDA:136,11,0,0
BRDA:136,11,1,0
BRDA:151,12,0,0
BRDA:151,12,1,0
BRDA:174,13,0,0
BRDA:174,13,1,0
BRDA:189,14,0,0
BRDA:189,14,1,0
BRDA:214,15,0,0
BRDA:214,15,1,0
BRDA:231,16,0,0
BRDA:231,16,1,0
BRDA:249,17,0,0
BRDA:249,17,1,0
BRDA:261,18,0,0
BRDA:261,18,1,0
BRDA:265,19,0,0
BRDA:265,19,1,0
BRDA:265,19,2,0
BRF:41
BRH:0
end_of_record
TN:
SF:src/components/PatientDetail/LoadingStates.tsx
FN:8,(anonymous_0)
FN:131,(anonymous_1)
FN:150,(anonymous_2)
FN:167,(anonymous_3)
FN:206,(anonymous_4)
FNF:5
FNH:0
FNDA:0,(anonymous_0)
FNDA:0,(anonymous_1)
FNDA:0,(anonymous_2)
FNDA:0,(anonymous_3)
FNDA:0,(anonymous_4)
DA:1,0
DA:2,0
DA:8,0
DA:9,0
DA:132,0
DA:150,0
DA:151,0
DA:167,0
DA:168,0
DA:206,0
LF:10
LH:0
BRDA:198,0,0,0
BRDA:198,0,1,0
BRF:2
BRH:0
end_of_record
TN:
SF:src/components/PatientDetail/PatientSummaryPanel.tsx
FN:9,(anonymous_0)
FNF:1
FNH:0
FNDA:0,(anonymous_0)
DA:1,0
DA:2,0
DA:9,0
DA:10,0
LF:4
LH:0
BRF:0
BRH:0
end_of_record
TN:
SF:src/components/PatientDetail/ReferralConfirmationTracker.tsx
FN:37,(anonymous_0)
FN:48,(anonymous_1)
FN:124,(anonymous_2)
FN:129,(anonymous_3)
FN:142,(anonymous_4)
FN:155,(anonymous_5)
FN:165,(anonymous_6)
FN:179,(anonymous_7)
FN:180,(anonymous_8)
FN:219,(anonymous_9)
FN:232,(anonymous_10)
FNF:11
FNH:0
FNDA:0,(anonymous_0)
FNDA:0,(anonymous_1)
FNDA:0,(anonymous_2)
FNDA:0,(anonymous_3)
FNDA:0,(anonymous_4)
FNDA:0,(anonymous_5)
FNDA:0,(anonymous_6)
FNDA:0,(anonymous_7)
FNDA:0,(anonymous_8)
FNDA:0,(anonymous_9)
FNDA:0,(anonymous_10)
DA:1,0
DA:2,0
DA:3,0
DA:4,0
DA:6,0
DA:18,0
DA:37,0
DA:43,0
DA:44,0
DA:45,0
DA:48,0
DA:49,0
DA:50,0
DA:51,0
DA:52,0
DA:55,0
DA:105,0
DA:106,0
DA:107,0
DA:109,0
DA:111,0
DA:112,0
DA:115,0
DA:117,0
DA:118,0
DA:121,0
DA:124,0
DA:125,0
DA:126,0
DA:129,0
DA:130,0
DA:132,0
DA:134,0
DA:136,0
DA:138,0
DA:142,0
DA:143,0
DA:145,0
DA:147,0
DA:149,0
DA:151,0
DA:155,0
DA:156,0
DA:157,0
DA:159,0
DA:165,0
DA:166,0
DA:167,0
DA:169,0
DA:175,0
DA:176,0
DA:179,0
DA:180,0
DA:182,0
DA:219,0
DA:233,0
LF:56
LH:0
BRDA:49,0,0,0
BRDA:49,0,1,0
BRDA:60,1,0,0
BRDA:60,1,1,0
BRDA:69,2,0,0
BRDA:69,2,1,0
BRDA:70,3,0,0
BRDA:70,3,1,0
BRDA:78,4,0,0
BRDA:78,4,1,0
BRDA:79,5,0,0
BRDA:79,5,1,0
BRDA:87,6,0,0
BRDA:87,6,1,0
BRDA:88,7,0,0
BRDA:88,7,1,0
BRDA:97,8,0,0
BRDA:97,8,1,0
BRDA:98,9,0,0
BRDA:98,9,1,0
BRDA:109,10,0,0
BRDA:109,10,1,0
BRDA:109,11,0,0
BRDA:109,11,1,0
BRDA:115,12,0,0
BRDA:115,12,1,0
BRDA:115,13,0,0
BRDA:115,13,1,0
BRDA:130,14,0,0
BRDA:130,14,1,0
BRDA:130,14,2,0
BRDA:130,14,3,0
BRDA:143,15,0,0
BRDA:143,15,1,0
BRDA:143,15,2,0
BRDA:143,15,3,0
BRDA:156,16,0,0
BRDA:156,16,1,0
BRDA:166,17,0,0
BRDA:166,17,1,0
BRDA:175,18,0,0
BRDA:175,18,1,0
BRDA:189,19,0,0
BRDA:189,19,1,0
BRDA:199,20,0,0
BRDA:199,20,1,0
BRDA:235,21,0,0
BRDA:235,21,1,0
BRDA:247,22,0,0
BRDA:247,22,1,0
BRDA:252,23,0,0
BRDA:252,23,1,0
BRDA:262,24,0,0
BRDA:262,24,1,0
BRDA:262,24,2,0
BRDA:269,25,0,0
BRDA:269,25,1,0
BRDA:280,26,0,0
BRDA:280,26,1,0
BRDA:300,27,0,0
BRDA:300,27,1,0
BRDA:300,27,2,0
BRDA:336,28,0,0
BRDA:336,28,1,0
BRF:64
BRH:0
end_of_record
TN:
SF:src/components/PatientDetail/ReferralManagement.tsx
FN:58,(anonymous_7)
FN:94,(anonymous_8)
FN:94,(anonymous_9)
FN:128,(anonymous_10)
FN:128,(anonymous_11)
FN:161,(anonymous_12)
FN:161,(anonymous_13)
FN:194,(anonymous_14)
FN:194,(anonymous_15)
FN:272,(anonymous_16)
FN:272,(anonymous_17)
FN:280,(anonymous_18)
FN:280,(anonymous_19)
FN:281,(anonymous_20)
FN:281,(anonymous_21)
FN:282,(anonymous_22)
FN:282,(anonymous_23)
FN:350,(anonymous_24)
FN:362,(anonymous_25)
FN:401,(anonymous_26)
FN:417,(anonymous_27)
FN:488,(anonymous_28)
FN:509,(anonymous_29)
FN:578,(anonymous_30)
FN:624,(anonymous_31)
FN:692,(anonymous_32)
FN:699,(anonymous_33)
FN:713,(anonymous_34)
FN:727,(anonymous_35)
FN:839,(anonymous_36)
FN:890,(anonymous_37)
FN:926,(anonymous_38)
FN:971,(anonymous_39)
FN:988,(anonymous_40)
FNF:34
FNH:31
FNDA:52,(anonymous_7)
FNDA:4,(anonymous_8)
FNDA:4,(anonymous_9)
FNDA:1,(anonymous_10)
FNDA:1,(anonymous_11)
FNDA:1,(anonymous_12)
FNDA:1,(anonymous_13)
FNDA:1,(anonymous_14)
FNDA:1,(anonymous_15)
FNDA:5,(anonymous_16)
FNDA:5,(anonymous_17)
FNDA:3,(anonymous_18)
FNDA:3,(anonymous_19)
FNDA:2,(anonymous_20)
FNDA:2,(anonymous_21)
FNDA:2,(anonymous_22)
FNDA:2,(anonymous_23)
FNDA:1,(anonymous_24)
FNDA:0,(anonymous_25)
FNDA:0,(anonymous_26)
FNDA:0,(anonymous_27)
FNDA:51,(anonymous_28)
FNDA:51,(anonymous_29)
FNDA:21,(anonymous_30)
FNDA:42,(anonymous_31)
FNDA:24,(anonymous_32)
FNDA:24,(anonymous_33)
FNDA:24,(anonymous_34)
FNDA:24,(anonymous_35)
FNDA:24,(anonymous_36)
FNDA:52,(anonymous_37)
FNDA:208,(anonymous_38)
FNDA:1,(anonymous_39)
FNDA:4,(anonymous_40)
DA:1,1
DA:2,1
DA:3,1
DA:4,1
DA:5,1
DA:6,1
DA:16,1
DA:24,1
DA:25,1
DA:26,1
DA:39,1
DA:40,1
DA:41,1
DA:58,1
DA:72,52
DA:74,52
DA:75,52
DA:76,52
DA:77,52
DA:78,52
DA:79,52
DA:80,52
DA:86,52
DA:92,52
DA:94,52
DA:95,4
DA:96,4
DA:97,4
DA:98,3
DA:99,3
DA:100,3
DA:103,3
DA:104,0
DA:112,3
DA:117,1
DA:118,1
DA:124,4
DA:128,52
DA:129,1
DA:130,1
DA:131,1
DA:132,1
DA:133,1
DA:134,1
DA:135,1
DA:138,1
DA:139,1
DA:146,1
DA:151,0
DA:157,1
DA:161,52
DA:162,1
DA:163,1
DA:164,1
DA:165,1
DA:166,1
DA:167,1
DA:168,1
DA:171,1
DA:172,1
DA:179,1
DA:184,0
DA:190,1
DA:194,52
DA:195,1
DA:196,1
DA:197,1
DA:198,1
DA:201,1
DA:202,1
DA:209,1
DA:214,0
DA:220,1
DA:224,52
DA:272,5
DA:280,3
DA:281,2
DA:282,2
DA:350,1
DA:362,0
DA:401,0
DA:417,0
DA:488,1
DA:489,51
DA:491,2
DA:509,1
DA:510,51
DA:511,51
DA:513,51
DA:578,1
DA:583,21
DA:625,42
DA:692,1
DA:699,24
DA:700,24
DA:703,17
DA:705,7
DA:707,0
DA:709,0
DA:713,24
DA:714,24
DA:717,17
DA:719,7
DA:721,0
DA:723,0
DA:727,24
DA:728,24
DA:730,0
DA:732,17
DA:734,7
DA:736,0
DA:738,0
DA:742,24
DA:839,1
DA:840,24
DA:841,17
DA:854,7
DA:855,7
DA:868,0
DA:869,0
DA:882,0
DA:890,1
DA:891,52
DA:922,52
DA:927,208
DA:971,1
DA:972,1
DA:989,4
LF:128
LH:111
BRDA:103,0,0,0
BRDA:103,0,1,3
BRDA:103,1,0,3
BRDA:103,1,1,0
BRDA:114,2,0,0
BRDA:114,2,1,3
BRDA:114,3,0,3
BRDA:114,3,1,3
BRDA:138,4,0,1
BRDA:138,4,1,0
BRDA:138,5,0,1
BRDA:138,5,1,1
BRDA:171,6,0,1
BRDA:171,6,1,0
BRDA:171,7,0,1
BRDA:171,7,1,1
BRDA:201,8,0,1
BRDA:201,8,1,0
BRDA:201,9,0,1
BRDA:201,9,1,1
BRDA:233,10,0,52
BRDA:233,10,1,7
BRDA:233,10,2,6
BRDA:243,11,0,52
BRDA:243,11,1,1
BRDA:252,12,0,52
BRDA:252,12,1,1
BRDA:254,13,0,52
BRDA:254,13,1,51
BRDA:268,14,0,52
BRDA:268,14,1,45
BRDA:268,14,2,21
BRDA:276,15,0,52
BRDA:276,15,1,24
BRDA:297,16,0,7
BRDA:297,16,1,45
BRDA:297,17,0,52
BRDA:297,17,1,45
BRDA:315,18,0,7
BRDA:315,18,1,45
BRDA:340,19,0,7
BRDA:340,19,1,45
BRDA:340,20,0,52
BRDA:340,20,1,45
BRDA:366,21,0,7
BRDA:366,21,1,45
BRDA:421,22,0,7
BRDA:421,22,1,45
BRDA:450,23,0,7
BRDA:450,23,1,45
BRDA:450,24,0,52
BRDA:450,24,1,45
BRDA:464,25,0,7
BRDA:464,25,1,45
BRDA:489,26,0,49
BRDA:489,26,1,2
BRDA:514,27,0,51
BRDA:514,27,1,0
BRDA:517,28,0,51
BRDA:517,28,1,0
BRDA:530,29,0,51
BRDA:530,29,1,0
BRDA:532,30,0,51
BRDA:532,30,1,0
BRDA:539,31,0,51
BRDA:539,31,1,0
BRDA:561,32,0,51
BRDA:561,32,1,51
BRDA:608,33,0,21
BRDA:608,33,1,0
BRDA:611,34,0,21
BRDA:611,34,1,0
BRDA:611,35,0,0
BRDA:611,35,1,0
BRDA:620,36,0,21
BRDA:620,36,1,21
BRDA:620,36,2,21
BRDA:629,37,0,21
BRDA:629,37,1,0
BRDA:639,38,0,21
BRDA:639,38,1,21
BRDA:641,39,0,21
BRDA:641,39,1,0
BRDA:643,40,0,21
BRDA:643,40,1,0
BRDA:644,41,0,21
BRDA:644,41,1,0
BRDA:646,42,0,21
BRDA:646,42,1,0
BRDA:663,43,0,1
BRDA:663,43,1,20
BRDA:700,44,0,0
BRDA:700,44,1,17
BRDA:700,44,2,7
BRDA:700,44,3,0
BRDA:700,44,4,0
BRDA:714,45,0,0
BRDA:714,45,1,17
BRDA:714,45,2,7
BRDA:714,45,3,0
BRDA:714,45,4,0
BRDA:728,46,0,0
BRDA:728,46,1,17
BRDA:728,46,2,7
BRDA:728,46,3,0
BRDA:728,46,4,0
BRDA:770,47,0,24
BRDA:770,47,1,0
BRDA:770,48,0,0
BRDA:770,48,1,24
BRDA:770,49,0,24
BRDA:770,49,1,24
BRDA:771,50,0,24
BRDA:771,50,1,0
BRDA:771,51,0,0
BRDA:771,51,1,24
BRDA:771,52,0,24
BRDA:771,52,1,24
BRDA:772,53,0,24
BRDA:772,53,1,0
BRDA:772,54,0,0
BRDA:772,54,1,24
BRDA:772,55,0,24
BRDA:772,55,1,24
BRDA:773,56,0,24
BRDA:773,56,1,24
BRDA:773,57,0,0
BRDA:773,57,1,24
BRDA:773,58,0,24
BRDA:773,58,1,24
BRDA:780,59,0,1
BRDA:780,59,1,23
BRDA:807,60,0,24
BRDA:807,60,1,0
BRDA:816,61,0,24
BRDA:816,61,1,0
BRDA:840,62,0,17
BRDA:840,62,1,7
BRDA:840,63,0,24
BRDA:840,63,1,24
BRDA:854,64,0,7
BRDA:854,64,1,0
BRDA:868,65,0,0
BRDA:868,65,1,0
BRDA:904,66,0,52
BRDA:904,66,1,45
BRDA:910,67,0,52
BRDA:910,67,1,45
BRDA:910,68,0,28
BRDA:910,68,1,24
BRDA:910,69,0,52
BRDA:910,69,1,24
BRDA:910,70,0,28
BRDA:910,70,1,17
BRDA:910,71,0,45
BRDA:910,71,1,17
BRDA:911,72,0,28
BRDA:911,72,1,24
BRDA:911,73,0,52
BRDA:911,73,1,24
BRDA:917,74,0,28
BRDA:917,74,1,24
BRDA:917,75,0,52
BRDA:917,75,1,24
BRDA:918,76,0,28
BRDA:918,76,1,24
BRDA:918,77,0,52
BRDA:918,77,1,24
BRDA:931,78,0,76
BRDA:931,78,1,132
BRDA:933,79,0,52
BRDA:933,79,1,80
BRDA:938,80,0,76
BRDA:938,80,1,132
BRDA:946,81,0,128
BRDA:946,81,1,80
BRDA:946,82,0,208
BRDA:946,82,1,132
BRDA:955,83,0,208
BRDA:955,83,1,156
BRDA:958,84,0,76
BRDA:958,84,1,80
BRDA:958,85,0,156
BRDA:958,85,1,125
BRDA:997,86,0,4
BRDA:997,86,1,3
BRF:186
BRH:145
end_of_record
TN:
SF:src/components/PatientDetail/ReferralNotifications.tsx
FN:36,(anonymous_0)
FN:46,(anonymous_1)
FN:125,(anonymous_2)
FN:126,(anonymous_3)
FN:127,(anonymous_4)
FN:136,(anonymous_5)
FN:145,(anonymous_6)
FN:160,(anonymous_7)
FN:173,(anonymous_8)
FN:207,(anonymous_9)
FN:240,(anonymous_10)
FN:256,(anonymous_11)
FN:259,(anonymous_12)
FN:267,(anonymous_13)
FN:270,(anonymous_14)
FN:271,(anonymous_15)
FN:272,(anonymous_16)
FN:280,(anonymous_17)
FN:284,(anonymous_18)
FN:285,(anonymous_19)
FNF:20
FNH:0
FNDA:0,(anonymous_0)
FNDA:0,(anonymous_1)
FNDA:0,(anonymous_2)
FNDA:0,(anonymous_3)
FNDA:0,(anonymous_4)
FNDA:0,(anonymous_5)
FNDA:0,(anonymous_6)
FNDA:0,(anonymous_7)
FNDA:0,(anonymous_8)
FNDA:0,(anonymous_9)
FNDA:0,(anonymous_10)
FNDA:0,(anonymous_11)
FNDA:0,(anonymous_12)
FNDA:0,(anonymous_13)
FNDA:0,(anonymous_14)
FNDA:0,(anonymous_15)
FNDA:0,(anonymous_16)
FNDA:0,(anonymous_17)
FNDA:0,(anonymous_18)
FNDA:0,(anonymous_19)
DA:1,0
DA:2,0
DA:3,0
DA:4,0
DA:5,0
DA:16,0
DA:36,0
DA:41,0
DA:42,0
DA:43,0
DA:46,0
DA:47,0
DA:48,0
DA:49,0
DA:52,0
DA:55,0
DA:57,0
DA:68,0
DA:71,0
DA:84,0
DA:87,0
DA:98,0
DA:102,0
DA:103,0
DA:104,0
DA:106,0
DA:107,0
DA:119,0
DA:122,0
DA:125,0
DA:126,0
DA:127,0
DA:128,0
DA:133,0
DA:136,0
DA:137,0
DA:138,0
DA:139,0
DA:145,0
DA:146,0
DA:148,0
DA:150,0
DA:152,0
DA:154,0
DA:156,0
DA:160,0
DA:161,0
DA:163,0
DA:165,0
DA:167,0
DA:169,0
DA:173,0
DA:175,0
DA:176,0
DA:179,0
DA:208,0
DA:240,0
DA:256,0
DA:257,0
DA:259,0
DA:260,0
DA:267,0
DA:270,0
DA:271,0
DA:272,0
DA:273,0
DA:280,0
DA:281,0
DA:284,0
DA:285,0
DA:288,0
LF:71
LH:0
BRDA:47,0,0,0
BRDA:47,0,1,0
BRDA:55,1,0,0
BRDA:55,1,1,0
BRDA:55,1,2,0
BRDA:55,1,3,0
BRDA:75,2,0,0
BRDA:75,2,1,0
BRDA:92,3,0,0
BRDA:92,3,1,0
BRDA:106,4,0,0
BRDA:106,4,1,0
BRDA:128,5,0,0
BRDA:128,5,1,0
BRDA:146,6,0,0
BRDA:146,6,1,0
BRDA:146,6,2,0
BRDA:146,6,3,0
BRDA:146,6,4,0
BRDA:161,7,0,0
BRDA:161,7,1,0
BRDA:161,7,2,0
BRDA:161,7,3,0
BRDA:175,8,0,0
BRDA:175,8,1,0
BRDA:186,9,0,0
BRDA:186,9,1,0
BRDA:192,10,0,0
BRDA:192,10,1,0
BRDA:212,11,0,0
BRDA:212,11,1,0
BRDA:222,12,0,0
BRDA:222,12,1,0
BRDA:236,13,0,0
BRDA:236,13,1,0
BRDA:273,14,0,0
BRDA:273,14,1,0
BRF:37
BRH:0
end_of_record
TN:
SF:src/components/PatientDetail/ReferralStatusTimeline.tsx
FN:36,(anonymous_0)
FN:51,(anonymous_1)
FN:61,(anonymous_2)
FN:69,(anonymous_3)
FN:99,(anonymous_4)
FN:169,(anonymous_5)
FN:190,(anonymous_6)
FN:212,(anonymous_7)
FN:230,(anonymous_8)
FN:285,(anonymous_9)
FN:299,(anonymous_10)
FN:301,(anonymous_11)
FN:327,(anonymous_12)
FN:339,(anonymous_13)
FN:347,(anonymous_14)
FN:418,(anonymous_15)
FN:460,(anonymous_16)
FN:467,(anonymous_17)
FN:512,(anonymous_18)
FN:517,(anonymous_19)
FN:531,(anonymous_20)
FN:546,(anonymous_21)
FN:553,(anonymous_22)
FNF:23
FNH:0
FNDA:0,(anonymous_0)
FNDA:0,(anonymous_1)
FNDA:0,(anonymous_2)
FNDA:0,(anonymous_3)
FNDA:0,(anonymous_4)
FNDA:0,(anonymous_5)
FNDA:0,(anonymous_6)
FNDA:0,(anonymous_7)
FNDA:0,(anonymous_8)
FNDA:0,(anonymous_9)
FNDA:0,(anonymous_10)
FNDA:0,(anonymous_11)
FNDA:0,(anonymous_12)
FNDA:0,(anonymous_13)
FNDA:0,(anonymous_14)
FNDA:0,(anonymous_15)
FNDA:0,(anonymous_16)
FNDA:0,(anonymous_17)
FNDA:0,(anonymous_18)
FNDA:0,(anonymous_19)
FNDA:0,(anonymous_20)
FNDA:0,(anonymous_21)
FNDA:0,(anonymous_22)
DA:1,0
DA:2,0
DA:3,0
DA:4,0
DA:24,0
DA:25,0
DA:36,0
DA:44,0
DA:45,0
DA:48,0
DA:51,0
DA:52,0
DA:53,0
DA:54,0
DA:55,0
DA:56,0
DA:57,0
DA:61,0
DA:62,0
DA:63,0
DA:64,0
DA:65,0
DA:66,0
DA:69,0
DA:70,0
DA:73,0
DA:99,0
DA:169,0
DA:190,0
DA:212,0
DA:230,0
DA:285,0
DA:286,0
DA:288,0
DA:290,0
DA:293,0
DA:295,0
DA:299,0
DA:300,0
DA:302,0
DA:327,0
DA:339,0
DA:340,0
DA:341,0
DA:342,0
DA:343,0
DA:344,0
DA:347,0
DA:348,0
DA:351,0
DA:419,0
DA:460,0
DA:461,0
DA:468,0
DA:512,0
DA:517,0
DA:518,0
DA:521,0
DA:523,0
DA:525,0
DA:527,0
DA:531,0
DA:532,0
DA:533,0
DA:534,0
DA:536,0
DA:537,0
DA:538,0
DA:539,0
DA:541,0
DA:542,0
DA:546,0
DA:547,0
DA:548,0
DA:550,0
DA:553,0
DA:554,0
DA:556,0
DA:558,0
DA:560,0
DA:562,0
DA:564,0
DA:568,0
LF:83
LH:0
BRDA:48,0,0,0
BRDA:48,0,1,0
BRDA:52,1,0,0
BRDA:52,1,1,0
BRDA:53,2,0,0
BRDA:53,2,1,0
BRDA:53,2,2,0
BRDA:53,2,3,0
BRDA:57,3,0,0
BRDA:57,3,1,0
BRDA:63,4,0,0
BRDA:63,4,1,0
BRDA:64,5,0,0
BRDA:64,5,1,0
BRDA:65,6,0,0
BRDA:65,6,1,0
BRDA:82,7,0,0
BRDA:82,7,1,0
BRDA:85,8,0,0
BRDA:85,8,1,0
BRDA:95,9,0,0
BRDA:95,9,1,0
BRDA:102,10,0,0
BRDA:102,10,1,0
BRDA:115,11,0,0
BRDA:115,11,1,0
BRDA:123,12,0,0
BRDA:123,12,1,0
BRDA:139,13,0,0
BRDA:139,13,1,0
BRDA:140,14,0,0
BRDA:140,14,1,0
BRDA:141,15,0,0
BRDA:141,15,1,0
BRDA:150,16,0,0
BRDA:150,16,1,0
BRDA:152,17,0,0
BRDA:152,17,1,0
BRDA:152,17,2,0
BRDA:163,18,0,0
BRDA:163,18,1,0
BRDA:164,19,0,0
BRDA:164,19,1,0
BRDA:165,20,0,0
BRDA:165,20,1,0
BRDA:165,21,0,0
BRDA:165,21,1,0
BRDA:166,22,0,0
BRDA:166,22,1,0
BRDA:169,23,0,0
BRDA:169,23,1,0
BRDA:176,24,0,0
BRDA:176,24,1,0
BRDA:176,25,0,0
BRDA:176,25,1,0
BRDA:177,26,0,0
BRDA:177,26,1,0
BRDA:177,27,0,0
BRDA:177,27,1,0
BRDA:177,28,0,0
BRDA:177,28,1,0
BRDA:181,29,0,0
BRDA:181,29,1,0
BRDA:181,30,0,0
BRDA:181,30,1,0
BRDA:185,31,0,0
BRDA:185,31,1,0
BRDA:185,32,0,0
BRDA:185,32,1,0
BRDA:188,33,0,0
BRDA:188,33,1,0
BRDA:190,34,0,0
BRDA:190,34,1,0
BRDA:197,35,0,0
BRDA:197,35,1,0
BRDA:197,36,0,0
BRDA:197,36,1,0
BRDA:202,37,0,0
BRDA:202,37,1,0
BRDA:202,38,0,0
BRDA:202,38,1,0
BRDA:206,39,0,0
BRDA:206,39,1,0
BRDA:206,40,0,0
BRDA:206,40,1,0
BRDA:207,41,0,0
BRDA:207,41,1,0
BRDA:209,42,0,0
BRDA:209,42,1,0
BRDA:209,43,0,0
BRDA:209,43,1,0
BRDA:210,44,0,0
BRDA:210,44,1,0
BRDA:210,45,0,0
BRDA:210,45,1,0
BRDA:212,46,0,0
BRDA:212,46,1,0
BRDA:219,47,0,0
BRDA:219,47,1,0
BRDA:219,48,0,0
BRDA:219,48,1,0
BRDA:220,49,0,0
BRDA:220,49,1,0
BRDA:220,50,0,0
BRDA:220,50,1,0
BRDA:220,51,0,0
BRDA:220,51,1,0
BRDA:223,52,0,0
BRDA:223,52,1,0
BRDA:223,53,0,0
BRDA:223,53,1,0
BRDA:225,54,0,0
BRDA:225,54,1,0
BRDA:225,55,0,0
BRDA:225,55,1,0
BRDA:226,56,0,0
BRDA:226,56,1,0
BRDA:228,57,0,0
BRDA:228,57,1,0
BRDA:228,58,0,0
BRDA:228,58,1,0
BRDA:230,59,0,0
BRDA:230,59,1,0
BRDA:236,60,0,0
BRDA:236,60,1,0
BRDA:236,60,2,0
BRDA:242,61,0,0
BRDA:242,61,1,0
BRDA:242,61,2,0
BRDA:242,61,3,0
BRDA:250,62,0,0
BRDA:250,62,1,0
BRDA:262,63,0,0
BRDA:262,63,1,0
BRDA:262,63,2,0
BRDA:271,64,0,0
BRDA:271,64,1,0
BRDA:286,65,0,0
BRDA:286,65,1,0
BRDA:286,65,2,0
BRDA:286,65,3,0
BRDA:286,65,4,0
BRDA:341,66,0,0
BRDA:341,66,1,0
BRDA:342,67,0,0
BRDA:342,67,1,0
BRDA:343,68,0,0
BRDA:343,68,1,0
BRDA:352,69,0,0
BRDA:352,69,1,0
BRDA:356,70,0,0
BRDA:356,70,1,0
BRDA:367,71,0,0
BRDA:367,71,1,0
BRDA:382,72,0,0
BRDA:382,72,1,0
BRDA:382,72,2,0
BRDA:389,73,0,0
BRDA:389,73,1,0
BRDA:390,74,0,0
BRDA:390,74,1,0
BRDA:394,75,0,0
BRDA:394,75,1,0
BRDA:396,76,0,0
BRDA:396,76,1,0
BRDA:396,76,2,0
BRDA:410,77,0,0
BRDA:410,77,1,0
BRDA:416,78,0,0
BRDA:416,78,1,0
BRDA:416,78,2,0
BRDA:428,79,0,0
BRDA:428,79,1,0
BRDA:428,79,2,0
BRDA:440,80,0,0
BRDA:440,80,1,0
BRDA:470,81,0,0
BRDA:470,81,1,0
BRDA:482,82,0,0
BRDA:482,82,1,0
BRDA:490,83,0,0
BRDA:490,83,1,0
BRDA:518,84,0,0
BRDA:518,84,1,0
BRDA:518,84,2,0
BRDA:518,84,3,0
BRDA:518,84,4,0
BRDA:533,85,0,0
BRDA:533,85,1,0
BRDA:536,86,0,0
BRDA:536,86,1,0
BRDA:538,87,0,0
BRDA:538,87,1,0
BRDA:539,88,0,0
BRDA:539,88,1,0
BRDA:542,89,0,0
BRDA:542,89,1,0
BRDA:547,90,0,0
BRDA:547,90,1,0
BRDA:554,91,0,0
BRDA:554,91,1,0
BRDA:554,91,2,0
BRDA:554,91,3,0
BRDA:554,91,4,0
BRDA:602,92,0,0
BRDA:602,92,1,0
BRDA:607,93,0,0
BRDA:607,93,1,0
BRDA:624,94,0,0
BRDA:624,94,1,0
BRDA:624,95,0,0
BRDA:624,95,1,0
BRDA:624,96,0,0
BRDA:624,96,1,0
BRDA:626,97,0,0
BRDA:626,97,1,0
BRDA:626,98,0,0
BRDA:626,98,1,0
BRDA:626,99,0,0
BRDA:626,99,1,0
BRDA:631,100,0,0
BRDA:631,100,1,0
BRDA:631,101,0,0
BRDA:631,101,1,0
BRDA:631,102,0,0
BRDA:631,102,1,0
BRDA:645,103,0,0
BRDA:645,103,1,0
BRDA:657,104,0,0
BRDA:657,104,1,0
BRDA:661,105,0,0
BRDA:661,105,1,0
BRDA:663,106,0,0
BRDA:663,106,1,0
BRF:234
BRH:0
end_of_record
TN:
SF:src/components/PatientDetail/RiskAnalysisCard.tsx
FN:13,(anonymous_0)
FN:17,(anonymous_1)
FN:74,(anonymous_2)
FN:124,(anonymous_3)
FN:153,(anonymous_4)
FN:155,(anonymous_5)
FN:177,(anonymous_6)
FN:201,(anonymous_7)
FNF:8
FNH:0
FNDA:0,(anonymous_0)
FNDA:0,(anonymous_1)
FNDA:0,(anonymous_2)
FNDA:0,(anonymous_3)
FNDA:0,(anonymous_4)
FNDA:0,(anonymous_5)
FNDA:0,(anonymous_6)
FNDA:0,(anonymous_7)
DA:1,0
DA:2,0
DA:3,0
DA:5,0
DA:6,0
DA:7,0
DA:13,0
DA:14,0
DA:15,0
DA:17,0
DA:18,0
DA:20,0
DA:22,0
DA:24,0
DA:26,0
DA:31,0
DA:32,0
DA:35,0
DA:74,0
DA:124,0
DA:153,0
DA:155,0
DA:156,0
DA:157,0
DA:158,0
DA:161,0
DA:177,0
DA:178,0
DA:202,0
LF:29
LH:0
BRDA:18,0,0,0
BRDA:18,0,1,0
BRDA:18,0,2,0
BRDA:18,0,3,0
BRDA:31,1,0,0
BRDA:31,1,1,0
BRDA:31,2,0,0
BRDA:31,2,1,0
BRDA:62,3,0,0
BRDA:62,3,1,0
BRDA:65,4,0,0
BRDA:65,4,1,0
BRDA:104,5,0,0
BRDA:104,5,1,0
BRDA:118,6,0,0
BRDA:118,6,1,0
BRDA:156,7,0,0
BRDA:156,7,1,0
BRDA:157,8,0,0
BRDA:157,8,1,0
BRF:20
BRH:0
end_of_record
TN:
SF:src/components/PatientDetail/RiskScoreExplanation.tsx
FN:37,(anonymous_0)
FN:43,(anonymous_1)
FN:57,(anonymous_2)
FN:64,(anonymous_3)
FN:84,(anonymous_4)
FN:128,(anonymous_5)
FN:130,(anonymous_6)
FN:131,(anonymous_7)
FN:173,(anonymous_8)
FN:187,(anonymous_9)
FN:189,(anonymous_10)
FN:190,(anonymous_11)
FN:192,(anonymous_12)
FN:232,(anonymous_13)
FN:258,(anonymous_14)
FN:308,(anonymous_15)
FNF:16
FNH:0
FNDA:0,(anonymous_0)
FNDA:0,(anonymous_1)
FNDA:0,(anonymous_2)
FNDA:0,(anonymous_3)
FNDA:0,(anonymous_4)
FNDA:0,(anonymous_5)
FNDA:0,(anonymous_6)
FNDA:0,(anonymous_7)
FNDA:0,(anonymous_8)
FNDA:0,(anonymous_9)
FNDA:0,(anonymous_10)
FNDA:0,(anonymous_11)
FNDA:0,(anonymous_12)
FNDA:0,(anonymous_13)
FNDA:0,(anonymous_14)
FNDA:0,(anonymous_15)
DA:2,0
DA:10,0
DA:12,0
DA:18,0
DA:28,0
DA:29,0
DA:37,0
DA:43,0
DA:44,0
DA:46,0
DA:48,0
DA:50,0
DA:52,0
DA:57,0
DA:58,0
DA:59,0
DA:60,0
DA:64,0
DA:65,0
DA:67,0
DA:69,0
DA:71,0
DA:73,0
DA:75,0
DA:77,0
DA:79,0
DA:84,0
DA:85,0
DA:87,0
DA:88,0
DA:89,0
DA:90,0
DA:93,0
DA:94,0
DA:95,0
DA:96,0
DA:99,0
DA:100,0
DA:101,0
DA:102,0
DA:105,0
DA:106,0
DA:107,0
DA:108,0
DA:111,0
DA:112,0
DA:113,0
DA:114,0
DA:115,0
DA:118,0
DA:119,0
DA:120,0
DA:123,0
DA:128,0
DA:129,0
DA:130,0
DA:131,0
DA:133,0
DA:134,0
DA:137,0
DA:139,0
DA:140,0
DA:141,0
DA:144,0
DA:145,0
DA:146,0
DA:149,0
DA:150,0
DA:151,0
DA:154,0
DA:155,0
DA:156,0
DA:159,0
DA:160,0
DA:161,0
DA:164,0
DA:165,0
DA:166,0
DA:169,0
DA:173,0
DA:174,0
DA:176,0
DA:178,0
DA:180,0
DA:182,0
DA:187,0
DA:188,0
DA:189,0
DA:190,0
DA:192,0
DA:195,0
DA:196,0
DA:198,0
DA:233,0
DA:260,0
DA:262,0
DA:263,0
DA:265,0
DA:309,0
DA:327,0
LF:100
LH:0
BRDA:44,0,0,0
BRDA:44,0,1,0
BRDA:44,0,2,0
BRDA:44,0,3,0
BRDA:58,1,0,0
BRDA:58,1,1,0
BRDA:59,2,0,0
BRDA:59,2,1,0
BRDA:65,3,0,0
BRDA:65,3,1,0
BRDA:65,3,2,0
BRDA:65,3,3,0
BRDA:65,3,4,0
BRDA:65,3,5,0
BRDA:65,3,6,0
BRDA:85,4,0,0
BRDA:85,4,1,0
BRDA:85,4,2,0
BRDA:85,4,3,0
BRDA:85,4,4,0
BRDA:85,4,5,0
BRDA:85,4,6,0
BRDA:87,5,0,0
BRDA:87,5,1,0
BRDA:89,6,0,0
BRDA:89,6,1,0
BRDA:93,7,0,0
BRDA:93,7,1,0
BRDA:95,8,0,0
BRDA:95,8,1,0
BRDA:99,9,0,0
BRDA:99,9,1,0
BRDA:101,10,0,0
BRDA:101,10,1,0
BRDA:105,11,0,0
BRDA:105,11,1,0
BRDA:107,12,0,0
BRDA:107,12,1,0
BRDA:111,13,0,0
BRDA:111,13,1,0
BRDA:113,14,0,0
BRDA:113,14,1,0
BRDA:118,15,0,0
BRDA:118,15,1,0
BRDA:119,16,0,0
BRDA:119,16,1,0
BRDA:133,17,0,0
BRDA:133,17,1,0
BRDA:139,18,0,0
BRDA:139,18,1,0
BRDA:144,19,0,0
BRDA:144,19,1,0
BRDA:149,20,0,0
BRDA:149,20,1,0
BRDA:154,21,0,0
BRDA:154,21,1,0
BRDA:159,22,0,0
BRDA:159,22,1,0
BRDA:164,23,0,0
BRDA:164,23,1,0
BRDA:174,24,0,0
BRDA:174,24,1,0
BRDA:174,24,2,0
BRDA:174,24,3,0
BRDA:218,25,0,0
BRDA:218,25,1,0
BRDA:236,26,0,0
BRDA:236,26,1,0
BRDA:238,27,0,0
BRDA:238,27,1,0
BRDA:240,28,0,0
BRDA:240,28,1,0
BRDA:242,29,0,0
BRDA:242,29,1,0
BRDA:244,30,0,0
BRDA:244,30,1,0
BRDA:260,31,0,0
BRDA:260,31,1,0
BRDA:271,32,0,0
BRDA:271,32,1,0
BRDA:273,33,0,0
BRDA:273,33,1,0
BRDA:275,34,0,0
BRDA:275,34,1,0
BRDA:277,35,0,0
BRDA:277,35,1,0
BRDA:279,36,0,0
BRDA:279,36,1,0
BRF:88
BRH:0
end_of_record
TN:
SF:src/components/PatientDetail/index.ts
FN:1,(anonymous_1)
FN:2,(anonymous_2)
FN:3,(anonymous_3)
FN:4,(anonymous_4)
FN:5,(anonymous_5)
FN:6,(anonymous_6)
FN:7,(anonymous_7)
FN:8,(anonymous_8)
FN:8,(anonymous_9)
FN:9,(anonymous_10)
FNF:10
FNH:0
FNDA:0,(anonymous_1)
FNDA:0,(anonymous_2)
FNDA:0,(anonymous_3)
FNDA:0,(anonymous_4)
FNDA:0,(anonymous_5)
FNDA:0,(anonymous_6)
FNDA:0,(anonymous_7)
FNDA:0,(anonymous_8)
FNDA:0,(anonymous_9)
FNDA:0,(anonymous_10)
DA:1,0
DA:2,0
DA:3,0
DA:4,0
DA:5,0
DA:6,0
DA:7,0
DA:8,0
DA:9,0
LF:9
LH:0
BRF:0
BRH:0
end_of_record
TN:
SF:src/components/ui/accordion.tsx
FN:12,(anonymous_7)
FN:24,(anonymous_8)
FN:44,(anonymous_9)
FNF:3
FNH:0
FNDA:0,(anonymous_7)
FNDA:0,(anonymous_8)
FNDA:0,(anonymous_9)
DA:1,0
DA:2,0
DA:3,0
DA:5,0
DA:7,0
DA:9,0
DA:12,0
DA:19,0
DA:21,0
DA:24,0
DA:39,0
DA:41,0
DA:44,0
DA:54,0
DA:56,0
LF:15
LH:0
BRF:0
BRH:0
end_of_record
TN:
SF:src/components/ui/alert-dialog.tsx
FN:16,(anonymous_7)
FN:31,(anonymous_8)
FN:46,(anonymous_9)
FN:60,(anonymous_10)
FN:77,(anonymous_11)
FN:89,(anonymous_12)
FN:102,(anonymous_13)
FN:114,(anonymous_14)
FNF:8
FNH:8
FNDA:19,(anonymous_7)
FNDA:105,(anonymous_8)
FNDA:13,(anonymous_9)
FNDA:12,(anonymous_10)
FNDA:12,(anonymous_11)
FNDA:13,(anonymous_12)
FNDA:12,(anonymous_13)
FNDA:12,(anonymous_14)
DA:1,1
DA:2,1
DA:4,1
DA:5,1
DA:7,1
DA:9,1
DA:11,1
DA:13,1
DA:16,19
DA:26,1
DA:28,1
DA:31,105
DA:44,1
DA:46,1
DA:47,13
DA:48,12
DA:49,12
DA:58,1
DA:60,1
DA:61,12
DA:62,12
DA:63,12
DA:72,1
DA:74,1
DA:77,12
DA:84,1
DA:86,1
DA:89,13
DA:96,1
DA:99,1
DA:102,12
DA:109,1
DA:111,1
DA:114,12
DA:125,1
DA:128,1
DA:129,1
DA:130,1
DA:131,1
DA:132,1
DA:133,1
DA:134,1
DA:135,1
DA:136,1
DA:137,1
DA:138,1
LF:46
LH:46
BRF:0
BRH:0
end_of_record
TN:
SF:src/components/ui/alert.tsx
FN:25,(anonymous_7)
FN:38,(anonymous_8)
FN:50,(anonymous_9)
FNF:3
FNH:0
FNDA:0,(anonymous_7)
FNDA:0,(anonymous_8)
FNDA:0,(anonymous_9)
DA:1,0
DA:2,0
DA:4,0
DA:6,0
DA:22,0
DA:25,0
DA:33,0
DA:35,0
DA:38,0
DA:45,0
DA:47,0
DA:50,0
DA:57,0
DA:59,0
LF:14
LH:0
BRF:0
BRH:0
end_of_record
TN:
SF:src/components/ui/aspect-ratio.tsx
FNF:0
FNH:0
DA:1,0
DA:3,0
DA:5,0
LF:3
LH:0
BRF:0
BRH:0
end_of_record
TN:
SF:src/components/ui/avatar.tsx
FN:9,(anonymous_7)
FN:24,(anonymous_8)
FN:36,(anonymous_9)
FNF:3
FNH:0
FNDA:0,(anonymous_7)
FNDA:0,(anonymous_8)
FNDA:0,(anonymous_9)
DA:1,0
DA:2,0
DA:4,0
DA:6,0
DA:9,0
DA:19,0
DA:21,0
DA:24,0
DA:31,0
DA:33,0
DA:36,0
DA:46,0
DA:48,0
LF:13
LH:0
BRF:0
BRH:0
end_of_record
TN:
SF:src/components/ui/badge.tsx
FN:30,Badge
FNF:1
FNH:1
FNDA:135,Badge
DA:2,1
DA:4,1
DA:6,1
DA:30,135
DA:31,135
DA:36,1
LF:6
LH:6
BRF:0
BRH:0
end_of_record
TN:
SF:src/components/ui/breadcrumb.tsx
FN:12,(anonymous_7)
FN:18,(anonymous_8)
FN:33,(anonymous_9)
FN:47,(anonymous_10)
FN:63,(anonymous_11)
FN:75,(anonymous_12)
FN:91,(anonymous_13)
FNF:7
FNH:0
FNDA:0,(anonymous_7)
FNDA:0,(anonymous_8)
FNDA:0,(anonymous_9)
FNDA:0,(anonymous_10)
FNDA:0,(anonymous_11)
FNDA:0,(anonymous_12)
FNDA:0,(anonymous_13)
DA:1,0
DA:2,0
DA:3,0
DA:5,0
DA:7,0
DA:12,0
DA:13,0
DA:15,0
DA:18,0
DA:28,0
DA:30,0
DA:33,0
DA:40,0
DA:42,0
DA:47,0
DA:48,0
DA:50,0
DA:58,0
DA:60,0
DA:63,0
DA:73,0
DA:75,0
DA:77,0
DA:78,0
DA:79,0
DA:89,0
DA:91,0
DA:92,0
DA:93,0
DA:94,0
DA:105,0
DA:108,0
DA:109,0
DA:110,0
DA:111,0
DA:112,0
DA:113,0
DA:114,0
LF:38
LH:0
BRDA:48,0,0,0
BRDA:48,0,1,0
BRDA:86,1,0,0
BRDA:86,1,1,0
BRDA:86,2,0,0
BRDA:86,2,1,0
BRF:6
BRH:0
end_of_record
TN:
SF:src/components/ui/button.tsx
FN:43,(anonymous_7)
FNF:1
FNH:1
FNDA:118,(anonymous_7)
DA:1,1
DA:2,1
DA:3,1
DA:5,1
DA:7,1
DA:42,1
DA:43,118
DA:44,118
DA:45,118
DA:54,1
DA:56,1
LF:11
LH:11
BRDA:43,0,0,118
BRDA:44,1,0,0
BRDA:44,1,1,118
BRF:3
BRH:2
end_of_record
TN:
SF:src/components/ui/calendar.tsx
FN:10,Calendar
FN:55,(anonymous_2)
FN:56,(anonymous_3)
FNF:3
FNH:0
FNDA:0,Calendar
FNDA:0,(anonymous_2)
FNDA:0,(anonymous_3)
DA:2,0
DA:3,0
DA:5,0
DA:6,0
DA:13,0
DA:14,0
DA:16,0
DA:55,0
DA:56,0
DA:62,0
DA:64,0
LF:11
LH:0
BRDA:13,0,0,0
BRF:1
BRH:0
end_of_record
TN:
SF:src/components/ui/card.tsx
FN:8,(anonymous_7)
FN:23,(anonymous_8)
FN:35,(anonymous_9)
FN:50,(anonymous_10)
FN:62,(anonymous_11)
FN:70,(anonymous_12)
FNF:6
FNH:4
FNDA:52,(anonymous_7)
FNDA:52,(anonymous_8)
FNDA:52,(anonymous_9)
FNDA:0,(anonymous_10)
FNDA:52,(anonymous_11)
FNDA:0,(anonymous_12)
DA:1,1
DA:3,1
DA:5,1
DA:8,52
DA:18,1
DA:20,1
DA:23,52
DA:30,1
DA:32,1
DA:35,52
DA:45,1
DA:47,1
DA:50,0
DA:57,1
DA:59,1
DA:62,52
DA:65,1
DA:67,1
DA:70,0
DA:77,1
DA:79,1
LF:21
LH:19
BRF:0
BRH:0
end_of_record
TN:
SF:src/components/ui/carousel.tsx
FN:33,useCarousel
FN:47,(anonymous_9)
FN:69,(anonymous_10)
FN:78,(anonymous_11)
FN:82,(anonymous_12)
FN:87,(anonymous_13)
FN:99,(anonymous_14)
FN:107,(anonymous_15)
FN:116,(anonymous_16)
FN:154,(anonymous_17)
FN:176,(anonymous_18)
FN:198,(anonymous_19)
FN:227,(anonymous_20)
FNF:13
FNH:0
FNDA:0,useCarousel
FNDA:0,(anonymous_9)
FNDA:0,(anonymous_10)
FNDA:0,(anonymous_11)
FNDA:0,(anonymous_12)
FNDA:0,(anonymous_13)
FNDA:0,(anonymous_14)
FNDA:0,(anonymous_15)
FNDA:0,(anonymous_16)
FNDA:0,(anonymous_17)
FNDA:0,(anonymous_18)
FNDA:0,(anonymous_19)
FNDA:0,(anonymous_20)
DA:1,0
DA:2,0
DA:5,0
DA:7,0
DA:8,0
DA:31,0
DA:34,0
DA:36,0
DA:37,0
DA:40,0
DA:43,0
DA:54,0
DA:55,0
DA:59,0
DA:66,0
DA:67,0
DA:69,0
DA:70,0
DA:71,0
DA:74,0
DA:75,0
DA:78,0
DA:79,0
DA:82,0
DA:83,0
DA:86,0
DA:88,0
DA:89,0
DA:90,0
DA:91,0
DA:92,0
DA:93,0
DA:99,0
DA:100,0
DA:101,0
DA:104,0
DA:107,0
DA:108,0
DA:109,0
DA:112,0
DA:113,0
DA:114,0
DA:116,0
DA:117,0
DA:121,0
DA:149,0
DA:151,0
DA:154,0
DA:155,0
DA:157,0
DA:171,0
DA:173,0
DA:176,0
DA:177,0
DA:179,0
DA:193,0
DA:195,0
DA:198,0
DA:199,0
DA:201,0
DA:222,0
DA:224,0
DA:227,0
DA:228,0
DA:230,0
DA:251,0
DA:255,0
DA:256,0
DA:257,0
DA:258,0
DA:259,0
LF:71
LH:0
BRDA:36,0,0,0
BRDA:36,0,1,0
BRDA:49,1,0,0
BRDA:62,2,0,0
BRDA:62,2,1,0
BRDA:70,3,0,0
BRDA:70,3,1,0
BRDA:79,4,0,0
BRDA:79,4,1,0
BRDA:79,5,0,0
BRDA:79,5,1,0
BRDA:83,6,0,0
BRDA:83,6,1,0
BRDA:83,7,0,0
BRDA:83,7,1,0
BRDA:88,8,0,0
BRDA:88,8,1,0
BRDA:91,9,0,0
BRDA:91,9,1,0
BRDA:100,10,0,0
BRDA:100,10,1,0
BRDA:100,11,0,0
BRDA:100,11,1,0
BRDA:108,12,0,0
BRDA:108,12,1,0
BRDA:117,13,0,0
BRDA:117,13,1,0
BRDA:117,14,0,0
BRDA:117,14,1,0
BRDA:128,15,0,0
BRDA:128,15,1,0
BRDA:128,16,0,0
BRDA:128,16,1,0
BRDA:128,17,0,0
BRDA:128,17,1,0
BRDA:128,18,0,0
BRDA:128,18,1,0
BRDA:163,19,0,0
BRDA:163,19,1,0
BRDA:186,20,0,0
BRDA:186,20,1,0
BRDA:198,21,0,0
BRDA:198,22,0,0
BRDA:208,23,0,0
BRDA:208,23,1,0
BRDA:227,24,0,0
BRDA:227,25,0,0
BRDA:237,26,0,0
BRDA:237,26,1,0
BRF:49
BRH:0
end_of_record
TN:
SF:src/components/ui/chart.tsx
FN:25,useChart
FN:43,(anonymous_8)
FN:68,(anonymous_9)
FN:70,(anonymous_10)
FN:82,(anonymous_11)
FN:85,(anonymous_12)
FN:114,(anonymous_13)
FN:134,(anonymous_14)
FN:186,(anonymous_15)
FN:267,(anonymous_16)
FN:286,(anonymous_17)
FN:318,getPayloadConfigFromPayload
FNF:12
FNH:0
FNDA:0,useChart
FNDA:0,(anonymous_8)
FNDA:0,(anonymous_9)
FNDA:0,(anonymous_10)
FNDA:0,(anonymous_11)
FNDA:0,(anonymous_12)
FNDA:0,(anonymous_13)
FNDA:0,(anonymous_14)
FNDA:0,(anonymous_15)
FNDA:0,(anonymous_16)
FNDA:0,(anonymous_17)
FNDA:0,getPayloadConfigFromPayload
DA:1,0
DA:2,0
DA:4,0
DA:7,0
DA:23,0
DA:26,0
DA:28,0
DA:29,0
DA:32,0
DA:35,0
DA:43,0
DA:44,0
DA:45,0
DA:47,0
DA:66,0
DA:68,0
DA:69,0
DA:70,0
DA:73,0
DA:74,0
DA:77,0
DA:82,0
DA:87,0
DA:89,0
DA:101,0
DA:103,0
DA:132,0
DA:134,0
DA:135,0
DA:136,0
DA:139,0
DA:140,0
DA:141,0
DA:143,0
DA:147,0
DA:148,0
DA:155,0
DA:156,0
DA:159,0
DA:170,0
DA:171,0
DA:174,0
DA:176,0
DA:187,0
DA:188,0
DA:189,0
DA:191,0
DA:255,0
DA:257,0
DA:259,0
DA:271,0
DA:273,0
DA:274,0
DA:277,0
DA:287,0
DA:288,0
DA:290,0
DA:315,0
DA:323,0
DA:324,0
DA:328,0
DA:334,0
DA:336,0
DA:340,0
DA:341,0
DA:346,0
DA:351,0
DA:357,0
DA:358,0
DA:359,0
DA:360,0
DA:361,0
DA:362,0
LF:73
LH:0
BRDA:28,0,0,0
BRDA:28,0,1,0
BRDA:45,1,0,0
BRDA:45,1,1,0
BRDA:70,2,0,0
BRDA:70,2,1,0
BRDA:73,3,0,0
BRDA:73,3,1,0
BRDA:87,4,0,0
BRDA:87,4,1,0
BRDA:87,5,0,0
BRDA:87,5,1,0
BRDA:87,6,0,0
BRDA:87,6,1,0
BRDA:89,7,0,0
BRDA:89,7,1,0
BRDA:119,8,0,0
BRDA:120,9,0,0
BRDA:121,10,0,0
BRDA:135,11,0,0
BRDA:135,11,1,0
BRDA:135,12,0,0
BRDA:135,12,1,0
BRDA:135,13,0,0
BRDA:135,13,1,0
BRDA:135,14,0,0
BRDA:135,14,1,0
BRDA:140,15,0,0
BRDA:140,15,1,0
BRDA:140,15,2,0
BRDA:140,15,3,0
BRDA:143,16,0,0
BRDA:143,16,1,0
BRDA:143,17,0,0
BRDA:143,17,1,0
BRDA:144,18,0,0
BRDA:144,18,1,0
BRDA:144,19,0,0
BRDA:144,19,1,0
BRDA:144,20,0,0
BRDA:144,20,1,0
BRDA:145,21,0,0
BRDA:145,21,1,0
BRDA:145,22,0,0
BRDA:145,22,1,0
BRDA:147,23,0,0
BRDA:147,23,1,0
BRDA:155,24,0,0
BRDA:155,24,1,0
BRDA:170,25,0,0
BRDA:170,25,1,0
BRDA:170,26,0,0
BRDA:170,26,1,0
BRDA:170,27,0,0
BRDA:170,27,1,0
BRDA:170,28,0,0
BRDA:170,28,1,0
BRDA:174,29,0,0
BRDA:174,29,1,0
BRDA:184,30,0,0
BRDA:184,30,1,0
BRDA:187,31,0,0
BRDA:187,31,1,0
BRDA:187,31,2,0
BRDA:187,31,3,0
BRDA:189,32,0,0
BRDA:189,32,1,0
BRDA:189,32,2,0
BRDA:196,33,0,0
BRDA:196,33,1,0
BRDA:199,34,0,0
BRDA:199,34,1,0
BRDA:199,35,0,0
BRDA:199,35,1,0
BRDA:199,35,2,0
BRDA:199,36,0,0
BRDA:199,36,1,0
BRDA:199,37,0,0
BRDA:199,37,1,0
BRDA:203,38,0,0
BRDA:203,38,1,0
BRDA:203,39,0,0
BRDA:203,39,1,0
BRDA:203,40,0,0
BRDA:203,40,1,0
BRDA:206,41,0,0
BRDA:206,41,1,0
BRDA:215,42,0,0
BRDA:215,42,1,0
BRDA:230,43,0,0
BRDA:230,43,1,0
BRDA:234,44,0,0
BRDA:234,44,1,0
BRDA:236,45,0,0
BRDA:236,45,1,0
BRDA:236,46,0,0
BRDA:236,46,1,0
BRDA:236,47,0,0
BRDA:236,47,1,0
BRDA:239,48,0,0
BRDA:239,48,1,0
BRDA:268,49,0,0
BRDA:268,50,0,0
BRDA:273,51,0,0
BRDA:273,51,1,0
BRDA:273,52,0,0
BRDA:273,52,1,0
BRDA:273,53,0,0
BRDA:273,53,1,0
BRDA:282,54,0,0
BRDA:282,54,1,0
BRDA:287,55,0,0
BRDA:287,55,1,0
BRDA:287,55,2,0
BRDA:297,56,0,0
BRDA:297,56,1,0
BRDA:297,57,0,0
BRDA:297,57,1,0
BRDA:297,58,0,0
BRDA:297,58,1,0
BRDA:297,59,0,0
BRDA:297,59,1,0
BRDA:307,60,0,0
BRDA:307,60,1,0
BRDA:307,61,0,0
BRDA:307,61,1,0
BRDA:323,62,0,0
BRDA:323,62,1,0
BRDA:323,63,0,0
BRDA:323,63,1,0
BRDA:328,64,0,0
BRDA:328,64,1,0
BRDA:328,65,0,0
BRDA:328,65,1,0
BRDA:328,65,2,0
BRDA:336,66,0,0
BRDA:336,66,1,0
BRDA:337,67,0,0
BRDA:337,67,1,0
BRDA:341,68,0,0
BRDA:341,68,1,0
BRDA:342,69,0,0
BRDA:342,69,1,0
BRDA:342,69,2,0
BRDA:351,70,0,0
BRDA:351,70,1,0
BRF:146
BRH:0
end_of_record
TN:
SF:src/components/ui/checkbox.tsx
FN:10,(anonymous_7)
FNF:1
FNH:0
FNDA:0,(anonymous_7)
DA:1,0
DA:2,0
DA:3,0
DA:5,0
DA:7,0
DA:10,0
DA:26,0
DA:28,0
LF:8
LH:0
BRF:0
BRH:0
end_of_record
TN:
SF:src/components/ui/collapsible.tsx
FNF:0
FNH:0
DA:1,0
DA:3,0
DA:5,0
DA:7,0
DA:9,0
LF:5
LH:0
BRF:0
BRH:0
end_of_record
TN:
SF:src/components/ui/command.tsx
FN:12,(anonymous_7)
FN:26,(anonymous_8)
FN:41,(anonymous_9)
FN:60,(anonymous_10)
FN:73,(anonymous_11)
FN:86,(anonymous_12)
FN:102,(anonymous_13)
FN:114,(anonymous_14)
FN:127,(anonymous_15)
FNF:9
FNH:0
FNDA:0,(anonymous_7)
FNDA:0,(anonymous_8)
FNDA:0,(anonymous_9)
FNDA:0,(anonymous_10)
FNDA:0,(anonymous_11)
FNDA:0,(anonymous_12)
FNDA:0,(anonymous_13)
FNDA:0,(anonymous_14)
FNDA:0,(anonymous_15)
DA:1,0
DA:3,0
DA:4,0
DA:6,0
DA:7,0
DA:9,0
DA:12,0
DA:22,0
DA:26,0
DA:27,0
DA:38,0
DA:41,0
DA:55,0
DA:57,0
DA:60,0
DA:68,0
DA:70,0
DA:74,0
DA:81,0
DA:83,0
DA:86,0
DA:97,0
DA:99,0
DA:102,0
DA:109,0
DA:111,0
DA:114,0
DA:125,0
DA:127,0
DA:128,0
DA:129,0
DA:131,0
DA:141,0
DA:144,0
DA:145,0
DA:146,0
DA:147,0
DA:148,0
DA:149,0
DA:150,0
DA:151,0
DA:152,0
LF:42
LH:0
BRF:0
BRH:0
end_of_record
TN:
SF:src/components/ui/context-menu.tsx
FN:24,(anonymous_7)
FN:43,(anonymous_8)
FN:58,(anonymous_9)
FN:77,(anonymous_10)
FN:93,(anonymous_11)
FN:117,(anonymous_12)
FN:141,(anonymous_13)
FN:157,(anonymous_14)
FN:166,(anonymous_15)
FNF:9
FNH:0
FNDA:0,(anonymous_7)
FNDA:0,(anonymous_8)
FNDA:0,(anonymous_9)
FNDA:0,(anonymous_10)
FNDA:0,(anonymous_11)
FNDA:0,(anonymous_12)
FNDA:0,(anonymous_13)
FNDA:0,(anonymous_14)
FNDA:0,(anonymous_15)
DA:1,0
DA:2,0
DA:3,0
DA:5,0
DA:7,0
DA:9,0
DA:11,0
DA:13,0
DA:15,0
DA:17,0
DA:19,0
DA:24,0
DA:38,0
DA:40,0
DA:43,0
DA:53,0
DA:55,0
DA:58,0
DA:70,0
DA:72,0
DA:77,0
DA:88,0
DA:90,0
DA:93,0
DA:111,0
DA:114,0
DA:117,0
DA:134,0
DA:136,0
DA:141,0
DA:152,0
DA:154,0
DA:157,0
DA:164,0
DA:166,0
DA:167,0
DA:168,0
DA:170,0
DA:180,0
DA:183,0
DA:184,0
DA:185,0
DA:186,0
DA:187,0
DA:188,0
DA:189,0
DA:190,0
DA:191,0
DA:192,0
DA:193,0
DA:194,0
DA:195,0
DA:196,0
DA:197,0
LF:54
LH:0
BRDA:29,0,0,0
BRDA:29,0,1,0
BRDA:82,1,0,0
BRDA:82,1,1,0
BRDA:146,2,0,0
BRDA:146,2,1,0
BRF:6
BRH:0
end_of_record
TN:
SF:src/components/ui/dialog.tsx
FN:18,(anonymous_7)
FN:33,(anonymous_8)
FN:54,(anonymous_9)
FN:68,(anonymous_10)
FN:85,(anonymous_11)
FN:100,(anonymous_12)
FNF:6
FNH:6
FNDA:15,(anonymous_7)
FNDA:104,(anonymous_8)
FNDA:10,(anonymous_9)
FNDA:10,(anonymous_10)
FNDA:10,(anonymous_11)
FNDA:10,(anonymous_12)
DA:1,1
DA:2,1
DA:3,1
DA:5,1
DA:7,1
DA:9,1
DA:11,1
DA:13,1
DA:15,1
DA:18,15
DA:28,1
DA:30,1
DA:33,104
DA:52,1
DA:54,1
DA:55,10
DA:56,10
DA:57,10
DA:66,1
DA:68,1
DA:69,10
DA:70,10
DA:71,10
DA:80,1
DA:82,1
DA:85,10
DA:95,1
DA:97,1
DA:100,10
DA:107,1
DA:110,1
DA:111,1
DA:112,1
DA:113,1
DA:114,1
DA:115,1
DA:116,1
DA:117,1
DA:118,1
DA:119,1
LF:40
LH:40
BRF:0
BRH:0
end_of_record
TN:
SF:src/components/ui/drawer.tsx
FN:6,(anonymous_7)
FN:26,(anonymous_8)
FN:38,(anonymous_9)
FN:56,(anonymous_10)
FN:67,(anonymous_11)
FN:81,(anonymous_12)
FN:96,(anonymous_13)
FNF:7
FNH:0
FNDA:0,(anonymous_7)
FNDA:0,(anonymous_8)
FNDA:0,(anonymous_9)
FNDA:0,(anonymous_10)
FNDA:0,(anonymous_11)
FNDA:0,(anonymous_12)
FNDA:0,(anonymous_13)
DA:1,0
DA:2,0
DA:4,0
DA:6,0
DA:7,0
DA:8,0
DA:9,0
DA:15,0
DA:17,0
DA:19,0
DA:21,0
DA:23,0
DA:26,0
DA:33,0
DA:35,0
DA:38,0
DA:54,0
DA:56,0
DA:57,0
DA:58,0
DA:59,0
DA:65,0
DA:67,0
DA:68,0
DA:69,0
DA:70,0
DA:76,0
DA:78,0
DA:81,0
DA:91,0
DA:93,0
DA:96,0
DA:103,0
DA:106,0
DA:107,0
DA:108,0
DA:109,0
DA:110,0
DA:111,0
DA:112,0
DA:113,0
DA:114,0
DA:115,0
LF:43
LH:0
BRDA:7,0,0,0
BRF:1
BRH:0
end_of_record
TN:
SF:src/components/ui/dropdown-menu.tsx
FN:24,(anonymous_7)
FN:44,(anonymous_8)
FN:60,(anonymous_9)
FN:80,(anonymous_10)
FN:96,(anonymous_11)
FN:120,(anonymous_12)
FN:144,(anonymous_13)
FN:160,(anonymous_14)
FN:169,(anonymous_15)
FNF:9
FNH:0
FNDA:0,(anonymous_7)
FNDA:0,(anonymous_8)
FNDA:0,(anonymous_9)
FNDA:0,(anonymous_10)
FNDA:0,(anonymous_11)
FNDA:0,(anonymous_12)
FNDA:0,(anonymous_13)
FNDA:0,(anonymous_14)
FNDA:0,(anonymous_15)
DA:1,0
DA:2,0
DA:3,0
DA:5,0
DA:7,0
DA:9,0
DA:11,0
DA:13,0
DA:15,0
DA:17,0
DA:19,0
DA:24,0
DA:38,0
DA:41,0
DA:44,0
DA:54,0
DA:57,0
DA:60,0
DA:73,0
DA:75,0
DA:80,0
DA:91,0
DA:93,0
DA:96,0
DA:114,0
DA:117,0
DA:120,0
DA:137,0
DA:139,0
DA:144,0
DA:155,0
DA:157,0
DA:160,0
DA:167,0
DA:169,0
DA:170,0
DA:171,0
DA:173,0
DA:180,0
DA:183,0
DA:184,0
DA:185,0
DA:186,0
DA:187,0
DA:188,0
DA:189,0
DA:190,0
DA:191,0
DA:192,0
DA:193,0
DA:194,0
DA:195,0
DA:196,0
DA:197,0
LF:54
LH:0
BRDA:29,0,0,0
BRDA:29,0,1,0
BRDA:60,1,0,0
BRDA:85,2,0,0
BRDA:85,2,1,0
BRDA:149,3,0,0
BRDA:149,3,1,0
BRF:7
BRH:0
end_of_record
TN:
SF:src/components/ui/form.tsx
FN:29,(anonymous_7)
FN:42,(anonymous_8)
FN:76,(anonymous_9)
FN:90,(anonymous_10)
FN:107,(anonymous_11)
FN:129,(anonymous_12)
FN:146,(anonymous_13)
FNF:7
FNH:0
FNDA:0,(anonymous_7)
FNDA:0,(anonymous_8)
FNDA:0,(anonymous_9)
FNDA:0,(anonymous_10)
FNDA:0,(anonymous_11)
FNDA:0,(anonymous_12)
FNDA:0,(anonymous_13)
DA:1,0
DA:3,0
DA:4,0
DA:13,0
DA:14,0
DA:16,0
DA:25,0
DA:29,0
DA:33,0
DA:35,0
DA:42,0
DA:43,0
DA:44,0
DA:45,0
DA:47,0
DA:49,0
DA:50,0
DA:53,0
DA:55,0
DA:69,0
DA:73,0
DA:76,0
DA:77,0
DA:79,0
DA:85,0
DA:87,0
DA:90,0
DA:91,0
DA:93,0
DA:102,0
DA:104,0
DA:107,0
DA:108,0
DA:110,0
DA:124,0
DA:126,0
DA:129,0
DA:130,0
DA:132,0
DA:141,0
DA:143,0
DA:146,0
DA:147,0
DA:148,0
DA:150,0
DA:151,0
DA:154,0
DA:165,0
DA:168,0
DA:169,0
DA:170,0
DA:171,0
DA:172,0
DA:173,0
DA:174,0
DA:175,0
LF:56
LH:0
BRDA:49,0,0,0
BRDA:49,0,1,0
BRDA:96,1,0,0
BRDA:96,1,1,0
BRDA:115,2,0,0
BRDA:115,2,1,0
BRDA:148,3,0,0
BRDA:148,3,1,0
BRDA:148,4,0,0
BRDA:148,4,1,0
BRDA:148,5,0,0
BRDA:148,5,1,0
BRDA:150,6,0,0
BRDA:150,6,1,0
BRF:14
BRH:0
end_of_record
TN:
SF:src/components/ui/hover-card.tsx
FN:13,(anonymous_7)
FNF:1
FNH:0
FNDA:0,(anonymous_7)
DA:1,0
DA:2,0
DA:4,0
DA:6,0
DA:8,0
DA:10,0
DA:13,0
DA:25,0
DA:27,0
LF:9
LH:0
BRDA:13,0,0,0
BRDA:13,1,0,0
BRF:2
BRH:0
end_of_record
TN:
SF:src/components/ui/input-otp.tsx
FN:10,(anonymous_7)
FN:26,(anonymous_8)
FN:34,(anonymous_9)
FN:62,(anonymous_10)
FNF:4
FNH:0
FNDA:0,(anonymous_7)
FNDA:0,(anonymous_8)
FNDA:0,(anonymous_9)
FNDA:0,(anonymous_10)
DA:1,0
DA:2,0
DA:3,0
DA:5,0
DA:7,0
DA:10,0
DA:21,0
DA:23,0
DA:26,0
DA:29,0
DA:31,0
DA:34,0
DA:35,0
DA:36,0
DA:38,0
DA:57,0
DA:59,0
DA:62,0
DA:67,0
DA:69,0
LF:20
LH:0
BRDA:43,0,0,0
BRDA:43,0,1,0
BRDA:49,1,0,0
BRDA:49,1,1,0
BRF:4
BRH:0
end_of_record
TN:
SF:src/components/ui/input.tsx
FN:6,(anonymous_7)
FNF:1
FNH:0
FNDA:0,(anonymous_7)
DA:1,0
DA:3,0
DA:5,0
DA:6,0
DA:7,0
DA:20,0
DA:22,0
LF:7
LH:0
BRF:0
BRH:0
end_of_record
TN:
SF:src/components/ui/label.tsx
FN:15,(anonymous_7)
FNF:1
FNH:1
FNDA:10,(anonymous_7)
DA:1,1
DA:2,1
DA:3,1
DA:5,1
DA:7,1
DA:11,1
DA:15,10
DA:22,1
DA:24,1
LF:9
LH:9
BRF:0
BRH:0
end_of_record
TN:
SF:src/components/ui/menubar.tsx
FN:20,(anonymous_7)
FN:35,(anonymous_8)
FN:52,(anonymous_9)
FN:71,(anonymous_10)
FN:87,(anonymous_11)
FN:113,(anonymous_12)
FN:129,(anonymous_13)
FN:152,(anonymous_14)
FN:176,(anonymous_15)
FN:192,(anonymous_16)
FN:201,(anonymous_17)
FNF:11
FNH:0
FNDA:0,(anonymous_7)
FNDA:0,(anonymous_8)
FNDA:0,(anonymous_9)
FNDA:0,(anonymous_10)
FNDA:0,(anonymous_11)
FNDA:0,(anonymous_12)
FNDA:0,(anonymous_13)
FNDA:0,(anonymous_14)
FNDA:0,(anonymous_15)
FNDA:0,(anonymous_16)
FNDA:0,(anonymous_17)
DA:1,0
DA:2,0
DA:3,0
DA:5,0
DA:7,0
DA:9,0
DA:11,0
DA:13,0
DA:15,0
DA:17,0
DA:20,0
DA:30,0
DA:32,0
DA:35,0
DA:45,0
DA:47,0
DA:52,0
DA:66,0
DA:68,0
DA:71,0
DA:81,0
DA:83,0
DA:88,0
DA:90,0
DA:106,0
DA:108,0
DA:113,0
DA:124,0
DA:126,0
DA:129,0
DA:147,0
DA:149,0
DA:152,0
DA:169,0
DA:171,0
DA:176,0
DA:187,0
DA:189,0
DA:192,0
DA:199,0
DA:201,0
DA:202,0
DA:203,0
DA:205,0
DA:215,0
DA:218,0
DA:219,0
DA:220,0
DA:221,0
DA:222,0
DA:223,0
DA:224,0
DA:225,0
DA:226,0
DA:227,0
DA:228,0
DA:229,0
DA:230,0
DA:231,0
DA:232,0
DA:233,0
LF:61
LH:0
BRDA:57,0,0,0
BRDA:57,0,1,0
BRDA:88,1,0,0
BRDA:88,2,0,0
BRDA:88,3,0,0
BRDA:118,4,0,0
BRDA:118,4,1,0
BRDA:181,5,0,0
BRDA:181,5,1,0
BRF:9
BRH:0
end_of_record
TN:
SF:src/components/ui/navigation-menu.tsx
FN:11,(anonymous_7)
FN:29,(anonymous_8)
FN:50,(anonymous_9)
FN:68,(anonymous_10)
FN:85,(anonymous_11)
FN:103,(anonymous_12)
FNF:6
FNH:0
FNDA:0,(anonymous_7)
FNDA:0,(anonymous_8)
FNDA:0,(anonymous_9)
FNDA:0,(anonymous_10)
FNDA:0,(anonymous_11)
FNDA:0,(anonymous_12)
DA:1,0
DA:2,0
DA:3,0
DA:4,0
DA:6,0
DA:8,0
DA:11,0
DA:24,0
DA:26,0
DA:29,0
DA:39,0
DA:41,0
DA:43,0
DA:47,0
DA:50,0
DA:63,0
DA:65,0
DA:68,0
DA:78,0
DA:80,0
DA:82,0
DA:85,0
DA:97,0
DA:100,0
DA:103,0
DA:115,0
DA:119,0
DA:120,0
DA:121,0
DA:122,0
DA:123,0
DA:124,0
DA:125,0
DA:126,0
DA:127,0
LF:35
LH:0
BRF:0
BRH:0
end_of_record
TN:
SF:src/components/ui/pagination.tsx
FN:7,(anonymous_7)
FN:20,(anonymous_8)
FN:32,(anonymous_9)
FN:42,(anonymous_10)
FN:62,(anonymous_11)
FN:78,(anonymous_12)
FN:94,(anonymous_13)
FNF:7
FNH:0
FNDA:0,(anonymous_7)
FNDA:0,(anonymous_8)
FNDA:0,(anonymous_9)
FNDA:0,(anonymous_10)
FNDA:0,(anonymous_11)
FNDA:0,(anonymous_12)
FNDA:0,(anonymous_13)
DA:1,0
DA:2,0
DA:4,0
DA:5,0
DA:7,0
DA:15,0
DA:17,0
DA:20,0
DA:27,0
DA:29,0
DA:32,0
DA:35,0
DA:42,0
DA:45,0
DA:46,0
DA:47,0
DA:60,0
DA:62,0
DA:63,0
DA:64,0
DA:65,0
DA:76,0
DA:78,0
DA:79,0
DA:80,0
DA:81,0
DA:92,0
DA:94,0
DA:95,0
DA:96,0
DA:97,0
DA:107,0
DA:110,0
DA:111,0
DA:112,0
DA:113,0
DA:114,0
DA:115,0
DA:116,0
LF:39
LH:0
BRDA:45,0,0,0
BRDA:49,1,0,0
BRDA:49,1,1,0
BRDA:52,2,0,0
BRDA:52,2,1,0
BRF:5
BRH:0
end_of_record
TN:
SF:src/components/ui/popover.tsx
FN:13,(anonymous_7)
FNF:1
FNH:0
FNDA:0,(anonymous_7)
DA:1,0
DA:2,0
DA:4,0
DA:6,0
DA:8,0
DA:10,0
DA:13,0
DA:27,0
DA:29,0
LF:9
LH:0
BRDA:13,0,0,0
BRDA:13,1,0,0
BRF:2
BRH:0
end_of_record
TN:
SF:src/components/ui/progress.tsx
FN:9,(anonymous_7)
FNF:1
FNH:0
FNDA:0,(anonymous_7)
DA:1,0
DA:2,0
DA:4,0
DA:6,0
DA:9,0
DA:24,0
DA:26,0
LF:7
LH:0
BRDA:20,0,0,0
BRDA:20,0,1,0
BRF:2
BRH:0
end_of_record
TN:
SF:src/components/ui/radio-group.tsx
FN:10,(anonymous_7)
FN:24,(anonymous_8)
FNF:2
FNH:0
FNDA:0,(anonymous_7)
FNDA:0,(anonymous_8)
DA:1,0
DA:2,0
DA:3,0
DA:5,0
DA:7,0
DA:10,0
DA:11,0
DA:19,0
DA:21,0
DA:24,0
DA:25,0
DA:40,0
DA:42,0
LF:13
LH:0
BRF:0
BRH:0
end_of_record
TN:
SF:src/components/ui/resizable.tsx
FN:6,(anonymous_7)
FN:21,(anonymous_8)
FNF:2
FNH:0
FNDA:0,(anonymous_7)
FNDA:0,(anonymous_8)
DA:1,0
DA:2,0
DA:4,0
DA:6,0
DA:7,0
DA:8,0
DA:9,0
DA:19,0
DA:21,0
DA:23,0
DA:24,0
DA:27,0
DA:43,0
LF:13
LH:0
BRDA:35,0,0,0
BRDA:35,0,1,0
BRF:2
BRH:0
end_of_record
TN:
SF:src/components/ui/scroll-area.tsx
FN:9,(anonymous_7)
FN:27,(anonymous_8)
FNF:2
FNH:0
FNDA:0,(anonymous_7)
FNDA:0,(anonymous_8)
DA:1,0
DA:2,0
DA:4,0
DA:6,0
DA:9,0
DA:22,0
DA:24,0
DA:27,0
DA:44,0
DA:46,0
LF:10
LH:0
BRDA:27,0,0,0
BRDA:33,1,0,0
BRDA:33,1,1,0
BRDA:35,2,0,0
BRDA:35,2,1,0
BRF:5
BRH:0
end_of_record
TN:
SF:src/components/ui/select.tsx
FN:16,(anonymous_7)
FN:36,(anonymous_8)
FN:53,(anonymous_9)
FN:71,(anonymous_10)
FN:103,(anonymous_11)
FN:115,(anonymous_12)
FN:138,(anonymous_13)
FNF:7
FNH:0
FNDA:0,(anonymous_7)
FNDA:0,(anonymous_8)
FNDA:0,(anonymous_9)
FNDA:0,(anonymous_10)
FNDA:0,(anonymous_11)
FNDA:0,(anonymous_12)
FNDA:0,(anonymous_13)
DA:1,0
DA:2,0
DA:3,0
DA:5,0
DA:7,0
DA:9,0
DA:11,0
DA:13,0
DA:16,0
DA:31,0
DA:33,0
DA:36,0
DA:48,0
DA:50,0
DA:53,0
DA:65,0
DA:68,0
DA:71,0
DA:98,0
DA:100,0
DA:103,0
DA:110,0
DA:112,0
DA:115,0
DA:133,0
DA:135,0
DA:138,0
DA:145,0
DA:148,0
DA:149,0
DA:150,0
DA:151,0
DA:152,0
DA:153,0
DA:154,0
DA:155,0
DA:156,0
DA:157,0
LF:38
LH:0
BRDA:71,0,0,0
BRDA:77,1,0,0
BRDA:77,1,1,0
BRDA:88,2,0,0
BRDA:88,2,1,0
BRF:5
BRH:0
end_of_record
TN:
SF:src/components/ui/separator.tsx
FN:10,(anonymous_7)
FNF:1
FNH:0
FNDA:0,(anonymous_7)
DA:1,0
DA:2,0
DA:4,0
DA:6,0
DA:11,0
DA:13,0
DA:27,0
DA:29,0
LF:8
LH:0
BRDA:11,0,0,0
BRDA:11,1,0,0
BRDA:20,2,0,0
BRDA:20,2,1,0
BRF:4
BRH:0
end_of_record
TN:
SF:src/components/ui/sheet.tsx
FN:19,(anonymous_7)
FN:57,(anonymous_8)
FN:75,(anonymous_9)
FN:89,(anonymous_10)
FN:106,(anonymous_11)
FN:118,(anonymous_12)
FNF:6
FNH:0
FNDA:0,(anonymous_7)
FNDA:0,(anonymous_8)
FNDA:0,(anonymous_9)
FNDA:0,(anonymous_10)
FNDA:0,(anonymous_11)
FNDA:0,(anonymous_12)
DA:1,0
DA:2,0
DA:3,0
DA:4,0
DA:6,0
DA:8,0
DA:10,0
DA:12,0
DA:14,0
DA:16,0
DA:19,0
DA:29,0
DA:31,0
DA:54,0
DA:57,0
DA:73,0
DA:75,0
DA:76,0
DA:77,0
DA:78,0
DA:87,0
DA:89,0
DA:90,0
DA:91,0
DA:92,0
DA:101,0
DA:103,0
DA:106,0
DA:113,0
DA:115,0
DA:118,0
DA:125,0
DA:128,0
DA:129,0
LF:34
LH:0
BRDA:57,0,0,0
BRF:1
BRH:0
end_of_record
TN:
SF:src/components/ui/sidebar.tsx
FN:39,useSidebar
FN:56,(anonymous_8)
FN:76,(anonymous_9)
FN:91,(anonymous_10)
FN:93,(anonymous_11)
FN:94,(anonymous_12)
FN:98,(anonymous_13)
FN:99,(anonymous_14)
FN:110,(anonymous_15)
FN:118,(anonymous_16)
FN:165,(anonymous_17)
FN:263,(anonymous_18)
FN:273,(anonymous_19)
FN:289,(anonymous_20)
FN:318,(anonymous_21)
FN:336,(anonymous_22)
FN:354,(anonymous_23)
FN:369,(anonymous_24)
FN:384,(anonymous_25)
FN:399,(anonymous_26)
FN:417,(anonymous_27)
FN:432,(anonymous_28)
FN:453,(anonymous_29)
FN:476,(anonymous_30)
FN:489,(anonymous_31)
FN:502,(anonymous_32)
FN:542,(anonymous_33)
FN:599,(anonymous_34)
FN:627,(anonymous_35)
FN:650,(anonymous_36)
FN:652,(anonymous_37)
FN:686,(anonymous_38)
FN:703,(anonymous_39)
FN:713,(anonymous_40)
FNF:34
FNH:0
FNDA:0,useSidebar
FNDA:0,(anonymous_8)
FNDA:0,(anonymous_9)
FNDA:0,(anonymous_10)
FNDA:0,(anonymous_11)
FNDA:0,(anonymous_12)
FNDA:0,(anonymous_13)
FNDA:0,(anonymous_14)
FNDA:0,(anonymous_15)
FNDA:0,(anonymous_16)
FNDA:0,(anonymous_17)
FNDA:0,(anonymous_18)
FNDA:0,(anonymous_19)
FNDA:0,(anonymous_20)
FNDA:0,(anonymous_21)
FNDA:0,(anonymous_22)
FNDA:0,(anonymous_23)
FNDA:0,(anonymous_24)
FNDA:0,(anonymous_25)
FNDA:0,(anonymous_26)
FNDA:0,(anonymous_27)
FNDA:0,(anonymous_28)
FNDA:0,(anonymous_29)
FNDA:0,(anonymous_30)
FNDA:0,(anonymous_31)
FNDA:0,(anonymous_32)
FNDA:0,(anonymous_33)
FNDA:0,(anonymous_34)
FNDA:0,(anonymous_35)
FNDA:0,(anonymous_36)
FNDA:0,(anonymous_37)
FNDA:0,(anonymous_38)
FNDA:0,(anonymous_39)
FNDA:0,(anonymous_40)
DA:1,0
DA:2,0
DA:3,0
DA:4,0
DA:6,0
DA:7,0
DA:8,0
DA:9,0
DA:10,0
DA:11,0
DA:12,0
DA:13,0
DA:20,0
DA:21,0
DA:22,0
DA:23,0
DA:24,0
DA:25,0
DA:37,0
DA:40,0
DA:41,0
DA:42,0
DA:45,0
DA:48,0
DA:63,0
DA:64,0
DA:68,0
DA:69,0
DA:73,0
DA:74,0
DA:75,0
DA:77,0
DA:78,0
DA:79,0
DA:81,0
DA:85,0
DA:91,0
DA:92,0
DA:93,0
DA:94,0
DA:98,0
DA:99,0
DA:100,0
DA:104,0
DA:105,0
DA:109,0
DA:110,0
DA:115,0
DA:117,0
DA:118,0
DA:130,0
DA:155,0
DA:157,0
DA:171,0
DA:172,0
DA:176,0
DA:178,0
DA:179,0
DA:193,0
DA:194,0
DA:213,0
DA:258,0
DA:260,0
DA:263,0
DA:264,0
DA:266,0
DA:274,0
DA:275,0
DA:284,0
DA:286,0
DA:289,0
DA:290,0
DA:292,0
DA:313,0
DA:315,0
DA:318,0
DA:319,0
DA:331,0
DA:333,0
DA:336,0
DA:337,0
DA:349,0
DA:351,0
DA:354,0
DA:355,0
DA:364,0
DA:366,0
DA:369,0
DA:370,0
DA:379,0
DA:381,0
DA:384,0
DA:385,0
DA:394,0
DA:396,0
DA:399,0
DA:400,0
DA:412,0
DA:414,0
DA:417,0
DA:418,0
DA:427,0
DA:429,0
DA:432,0
DA:433,0
DA:435,0
DA:448,0
DA:450,0
DA:453,0
DA:454,0
DA:456,0
DA:471,0
DA:473,0
DA:476,0
DA:484,0
DA:486,0
DA:489,0
DA:497,0
DA:499,0
DA:502,0
DA:510,0
DA:512,0
DA:534,0
DA:549,0
DA:550,0
DA:554,0
DA:555,0
DA:558,0
DA:568,0
DA:569,0
DA:572,0
DA:573,0
DA:578,0
DA:591,0
DA:593,0
DA:599,0
DA:600,0
DA:602,0
DA:622,0
DA:624,0
DA:627,0
DA:643,0
DA:645,0
DA:650,0
DA:652,0
DA:653,0
DA:656,0
DA:681,0
DA:683,0
DA:686,0
DA:698,0
DA:700,0
DA:703,0
DA:704,0
DA:706,0
DA:713,0
DA:714,0
DA:716,0
DA:734,0
DA:737,0
DA:738,0
DA:739,0
DA:740,0
DA:741,0
DA:742,0
DA:743,0
DA:744,0
DA:745,0
DA:746,0
DA:747,0
DA:748,0
DA:749,0
DA:750,0
DA:751,0
DA:752,0
DA:753,0
DA:754,0
DA:755,0
DA:756,0
DA:757,0
DA:758,0
DA:759,0
DA:760,0
LF:183
LH:0
BRDA:41,0,0,0
BRDA:41,0,1,0
BRDA:58,1,0,0
BRDA:74,2,0,0
BRDA:74,2,1,0
BRDA:74,3,0,0
BRDA:74,3,1,0
BRDA:77,4,0,0
BRDA:77,4,1,0
BRDA:78,5,0,0
BRDA:78,5,1,0
BRDA:92,6,0,0
BRDA:92,6,1,0
BRDA:100,7,0,0
BRDA:100,7,1,0
BRDA:101,8,0,0
BRDA:101,8,1,0
BRDA:101,8,2,0
BRDA:115,9,0,0
BRDA:115,9,1,0
BRDA:167,10,0,0
BRDA:168,11,0,0
BRDA:169,12,0,0
BRDA:178,13,0,0
BRDA:178,13,1,0
BRDA:193,14,0,0
BRDA:193,14,1,0
BRDA:218,15,0,0
BRDA:218,15,1,0
BRDA:228,16,0,0
BRDA:228,16,1,0
BRDA:228,17,0,0
BRDA:228,17,1,0
BRDA:236,18,0,0
BRDA:236,18,1,0
BRDA:240,19,0,0
BRDA:240,19,1,0
BRDA:240,20,0,0
BRDA:240,20,1,0
BRDA:274,21,0,0
[...]
DA:557,0
DA:558,0
DA:559,0
DA:560,0
DA:561,0
DA:563,0
DA:567,0
DA:568,0
DA:569,0
DA:570,0
DA:571,0
DA:572,0
DA:573,0
DA:574,0
DA:576,0
DA:580,0
DA:581,0
DA:582,0
DA:583,0
DA:584,0
DA:585,0
DA:586,0
DA:587,0
DA:589,0
DA:593,0
DA:604,0
DA:632,0
DA:637,0
DA:638,0
DA:639,0
DA:642,0
DA:643,0
DA:644,0
DA:647,0
DA:649,0
DA:650,0
DA:657,0
DA:658,0
DA:659,0
DA:663,0
DA:664,0
DA:665,0
DA:667,0
DA:669,0
DA:687,0
DA:688,0
DA:691,0
DA:693,0
DA:694,0
LF:257
LH:0
BRDA:32,0,0,0
BRDA:32,0,1,0
BRDA:32,1,0,0
BRDA:32,1,1,0
BRDA:34,2,0,0
BRDA:34,2,1,0
BRDA:34,3,0,0
BRDA:34,3,1,0
BRDA:36,4,0,0
BRDA:36,4,1,0
BRDA:38,5,0,0
BRDA:38,5,1,0
BRDA:40,6,0,0
BRDA:40,6,1,0
BRDA:42,7,0,0
BRDA:42,7,1,0
BRDA:44,8,0,0
BRDA:44,8,1,0
BRDA:61,9,0,0
BRDA:61,9,1,0
BRDA:66,10,0,0
BRDA:66,10,1,0
BRDA:67,11,0,0
BRDA:67,11,1,0
BRDA:69,12,0,0
BRDA:69,12,1,0
BRDA:69,13,0,0
BRDA:69,13,1,0
BRDA:80,14,0,0
BRDA:80,14,1,0
BRDA:86,15,0,0
BRDA:86,15,1,0
BRDA:90,16,0,0
BRDA:90,16,1,0
BRDA:99,17,0,0
BRDA:99,17,1,0
BRDA:104,18,0,0
BRDA:104,18,1,0
BRDA:118,19,0,0
BRDA:118,19,1,0
BRDA:118,20,0,0
BRDA:118,20,1,0
BRDA:123,21,0,0
BRDA:123,21,1,0
BRDA:128,22,0,0
BRDA:128,22,1,0
BRDA:150,23,0,0
BRDA:150,23,1,0
BRDA:150,24,0,0
BRDA:150,24,1,0
BRDA:150,24,2,0
BRDA:157,25,0,0
BRDA:157,25,1,0
BRDA:157,26,0,0
BRDA:157,26,1,0
BRDA:166,27,0,0
BRDA:166,27,1,0
BRDA:171,28,0,0
BRDA:171,28,1,0
BRDA:171,29,0,0
BRDA:171,29,1,0
BRDA:177,30,0,0
BRDA:177,30,1,0
BRDA:177,31,0,0
BRDA:177,31,1,0
BRDA:195,32,0,0
BRDA:195,32,1,0
BRDA:202,33,0,0
BRDA:202,33,1,0
BRDA:202,34,0,0
BRDA:202,34,1,0
BRDA:202,34,2,0
BRDA:207,35,0,0
BRDA:207,35,1,0
BRDA:207,36,0,0
BRDA:207,36,1,0
BRDA:214,37,0,0
BRDA:214,37,1,0
BRDA:217,38,0,0
BRDA:217,38,1,0
BRDA:225,39,0,0
BRDA:225,39,1,0
BRDA:230,40,0,0
BRDA:230,40,1,0
BRDA:235,41,0,0
BRDA:235,41,1,0
BRDA:235,42,0,0
BRDA:235,42,1,0
BRDA:244,43,0,0
BRDA:244,43,1,0
BRDA:247,44,0,0
BRDA:247,44,1,0
BRDA:255,45,0,0
BRDA:255,45,1,0
BRDA:259,46,0,0
BRDA:259,46,1,0
BRDA:259,47,0,0
BRDA:259,47,1,0
BRDA:263,48,0,0
BRDA:263,48,1,0
BRDA:263,49,0,0
BRDA:263,49,1,0
BRDA:267,50,0,0
BRDA:267,50,1,0
BRDA:267,51,0,0
BRDA:267,51,1,0
BRDA:284,52,0,0
BRDA:284,52,1,0
BRDA:286,53,0,0
BRDA:286,53,1,0
BRDA:288,54,0,0
BRDA:288,54,1,0
BRDA:290,55,0,0
BRDA:290,55,1,0
BRDA:292,56,0,0
BRDA:292,56,1,0
BRDA:294,57,0,0
BRDA:294,57,1,0
BRDA:296,58,0,0
BRDA:296,58,1,0
BRDA:298,59,0,0
BRDA:298,59,1,0
BRDA:391,60,0,0
BRDA:391,60,1,0
BRDA:398,61,0,0
BRDA:398,61,1,0
BRDA:405,62,0,0
BRDA:405,62,1,0
BRDA:407,63,0,0
BRDA:407,63,1,0
BRDA:409,64,0,0
BRDA:409,64,1,0
BRDA:411,65,0,0
BRDA:411,65,1,0
BRDA:418,66,0,0
BRDA:418,66,1,0
BRDA:420,67,0,0
BRDA:420,67,1,0
BRDA:422,68,0,0
BRDA:422,68,1,0
BRDA:424,69,0,0
BRDA:424,69,1,0
BRDA:431,70,0,0
BRDA:431,70,1,0
BRDA:433,71,0,0
BRDA:433,71,1,0
BRDA:435,72,0,0
BRDA:435,72,1,0
BRDA:437,73,0,0
BRDA:437,73,1,0
BRDA:442,74,0,0
BRDA:442,74,1,0
BRDA:447,75,0,0
BRDA:447,75,1,0
BRDA:449,76,0,0
BRDA:449,76,1,0
BRDA:451,77,0,0
BRDA:451,77,1,0
BRDA:460,78,0,0
BRDA:460,78,1,0
BRDA:462,79,0,0
BRDA:462,79,1,0
BRDA:464,80,0,0
BRDA:464,80,1,0
BRDA:466,81,0,0
BRDA:466,81,1,0
BRDA:468,82,0,0
BRDA:468,82,1,0
BRDA:497,83,0,0
BRDA:497,83,1,0
BRDA:498,84,0,0
BRDA:498,84,1,0
BRDA:510,85,0,0
BRDA:510,85,1,0
BRDA:514,86,0,0
BRDA:514,86,1,0
BRDA:521,87,0,0
BRDA:521,87,1,0
BRDA:526,88,0,0
BRDA:526,88,1,0
BRDA:542,89,0,0
BRDA:542,89,1,0
BRDA:549,90,0,0
BRDA:549,90,1,0
BRDA:556,91,0,0
BRDA:556,91,1,0
BRDA:558,92,0,0
BRDA:558,92,1,0
BRDA:560,93,0,0
BRDA:560,93,1,0
BRDA:567,94,0,0
BRDA:567,94,1,0
BRDA:569,95,0,0
BRDA:569,95,1,0
BRDA:571,96,0,0
BRDA:571,96,1,0
BRDA:573,97,0,0
BRDA:573,97,1,0
BRDA:580,98,0,0
BRDA:580,98,1,0
BRDA:582,99,0,0
BRDA:582,99,1,0
BRDA:584,100,0,0
BRDA:584,100,1,0
BRDA:586,101,0,0
BRDA:586,101,1,0
BRDA:635,102,0,0
BRDA:637,103,0,0
BRDA:637,103,1,0
BRDA:637,104,0,0
BRDA:637,104,1,0
BRDA:642,105,0,0
BRDA:642,105,1,0
BRDA:642,106,0,0
BRDA:642,106,1,0
BRDA:642,106,2,0
BRDA:642,106,3,0
BRDA:650,107,0,0
BRDA:650,107,1,0
BRDA:650,107,2,0
BRDA:650,107,3,0
BRDA:650,107,4,0
BRDA:650,107,5,0
BRDA:657,108,0,0
BRDA:657,108,1,0
BRF:225
BRH:0
end_of_record
TN:
SF:src/lib/query-utils.ts
FN:17,searchProvidersOptimized
FN:26,(anonymous_15)
FN:26,(anonymous_16)
FN:87,(anonymous_17)
FN:98,(anonymous_18)
FN:100,(anonymous_19)
FN:137,searchProvidersBasic
FN:197,(anonymous_22)
FN:206,(anonymous_23)
FN:208,(anonymous_24)
FN:229,searchPatientsOptimized
FN:239,(anonymous_27)
FN:239,(anonymous_28)
FN:302,(anonymous_29)
FN:304,(anonymous_30)
FN:370,(anonymous_31)
FN:372,(anonymous_32)
FN:397,batchProviderLookup
FN:419,(anonymous_35)
FN:449,(anonymous_36)
FN:472,refreshProviderCache
FN:492,findProvidersWithinDistance
FN:534,(anonymous_41)
FN:569,getHighRiskPatients
FN:599,(anonymous_44)
FN:638,maintainQueryPerformance
FN:677,getQueryStats
FN:691,(anonymous_49)
FN:691,(anonymous_50)
FN:747,performFullTextSearch
FN:756,(anonymous_53)
FN:756,(anonymous_54)
FN:797,(anonymous_55)
FN:798,(anonymous_56)
FN:810,(anonymous_57)
FN:811,(anonymous_58)
FN:852,(anonymous_59)
FN:860,(anonymous_60)
FNF:38
FNH:0
FNDA:0,searchProvidersOptimized
FNDA:0,(anonymous_15)
FNDA:0,(anonymous_16)
FNDA:0,(anonymous_17)
FNDA:0,(anonymous_18)
FNDA:0,(anonymous_19)
FNDA:0,searchProvidersBasic
FNDA:0,(anonymous_22)
FNDA:0,(anonymous_23)
FNDA:0,(anonymous_24)
FNDA:0,searchPatientsOptimized
FNDA:0,(anonymous_27)
FNDA:0,(anonymous_28)
FNDA:0,(anonymous_29)
FNDA:0,(anonymous_30)
FNDA:0,(anonymous_31)
FNDA:0,(anonymous_32)
FNDA:0,batchProviderLookup
FNDA:0,(anonymous_35)
FNDA:0,(anonymous_36)
FNDA:0,refreshProviderCache
FNDA:0,findProvidersWithinDistance
FNDA:0,(anonymous_41)
FNDA:0,getHighRiskPatients
FNDA:0,(anonymous_44)
FNDA:0,maintainQueryPerformance
FNDA:0,getQueryStats
FNDA:0,(anonymous_49)
FNDA:0,(anonymous_50)
FNDA:0,performFullTextSearch
FNDA:0,(anonymous_53)
FNDA:0,(anonymous_54)
FNDA:0,(anonymous_55)
FNDA:0,(anonymous_56)
FNDA:0,(anonymous_57)
FNDA:0,(anonymous_58)
FNDA:0,(anonymous_59)
FNDA:0,(anonymous_60)
DA:6,0
DA:9,0
DA:17,0
DA:26,0
DA:35,0
DA:37,0
DA:41,0
DA:43,0
DA:46,0
DA:48,0
DA:51,0
DA:53,0
DA:56,0
DA:58,0
DA:62,0
DA:65,0
DA:66,0
DA:68,0
DA:76,0
DA:81,0
DA:82,0
DA:83,0
DA:85,0
DA:87,0
DA:97,0
DA:98,0
DA:100,0
DA:101,0
DA:103,0
DA:110,0
DA:114,0
DA:117,0
DA:118,0
DA:122,0
DA:123,0
DA:126,0
DA:128,0
DA:129,0
DA:154,0
DA:156,0
DA:159,0
DA:160,0
DA:163,0
DA:164,0
DA:167,0
DA:168,0
DA:172,0
DA:173,0
DA:174,0
DA:176,0
DA:183,0
DA:187,0
DA:189,0
DA:190,0
DA:193,0
DA:194,0
DA:197,0
DA:205,0
DA:206,0
DA:208,0
DA:209,0
DA:211,0
DA:218,0
DA:222,0
DA:229,0
DA:239,0
DA:249,0
DA:251,0
DA:255,0
DA:257,0
DA:260,0
DA:262,0
DA:270,0
DA:271,0
DA:274,0
DA:275,0
DA:278,0
DA:279,0
DA:282,0
DA:283,0
DA:286,0
DA:287,0
DA:291,0
DA:296,0
DA:297,0
DA:298,0
DA:300,0
DA:302,0
DA:304,0
DA:305,0
DA:313,0
DA:317,0
DA:318,0
DA:322,0
DA:323,0
DA:326,0
DA:327,0
DA:334,0
DA:335,0
DA:338,0
DA:339,0
DA:342,0
DA:343,0
DA:346,0
DA:347,0
DA:350,0
DA:351,0
DA:354,0
DA:359,0
DA:361,0
DA:362,0
DA:365,0
DA:366,0
DA:370,0
DA:372,0
DA:373,0
DA:381,0
DA:385,0
DA:387,0
DA:388,0
DA:397,0
DA:398,0
DA:399,0
DA:402,0
DA:406,0
DA:408,0
DA:413,0
DA:414,0
DA:415,0
DA:417,0
DA:418,0
DA:419,0
DA:420,0
DA:430,0
DA:433,0
DA:434,0
DA:438,0
DA:439,0
DA:444,0
DA:445,0
DA:448,0
DA:449,0
DA:450,0
DA:458,0
DA:461,0
DA:463,0
DA:464,0
DA:472,0
DA:473,0
DA:474,0
DA:476,0
DA:477,0
DA:478,0
DA:481,0
DA:483,0
DA:484,0
DA:492,0
DA:509,0
DA:511,0
DA:512,0
DA:514,0
DA:524,0
DA:525,0
DA:526,0
DA:529,0
DA:530,0
DA:534,0
DA:551,0
DA:554,0
DA:569,0
DA:578,0
DA:580,0
DA:581,0
DA:583,0
DA:589,0
DA:590,0
DA:591,0
DA:594,0
DA:595,0
DA:599,0
DA:623,0
DA:626,0
DA:638,0
DA:643,0
DA:644,0
DA:646,0
DA:648,0
DA:649,0
DA:650,0
DA:657,0
DA:658,0
DA:664,0
DA:665,0
DA:677,0
DA:691,0
DA:692,0
DA:693,0
DA:702,0
DA:712,0
DA:718,0
DA:729,0
DA:730,0
DA:747,0
DA:756,0
DA:757,0
DA:759,0
DA:760,0
DA:763,0
DA:764,0
DA:766,0
DA:773,0
DA:774,0
DA:775,0
DA:785,0
DA:786,0
DA:789,0
DA:796,0
DA:797,0
DA:798,0
DA:799,0
DA:806,0
DA:809,0
DA:810,0
DA:811,0
DA:812,0
DA:819,0
DA:823,0
DA:828,0
DA:829,0
DA:830,0
DA:840,0
DA:841,0
DA:844,0
DA:851,0
DA:852,0
DA:859,0
DA:860,0
DA:868,0
DA:872,0
DA:874,0
DA:875,0
DA:877,0
DA:878,0
LF:243
LH:0
BRDA:33,0,0,0
BRDA:34,1,0,0
BRDA:46,2,0,0
BRDA:46,2,1,0
BRDA:51,3,0,0
BRDA:51,3,1,0
BRDA:56,4,0,0
BRDA:56,4,1,0
BRDA:62,5,0,0
BRDA:62,5,1,0
BRDA:62,6,0,0
BRDA:62,6,1,0
BRDA:62,6,2,0
BRDA:85,7,0,0
BRDA:85,7,1,0
BRDA:85,8,0,0
BRDA:85,8,1,0
BRDA:89,9,0,0
BRDA:89,9,1,0
BRDA:90,10,0,0
BRDA:90,10,1,0
BRDA:91,11,0,0
BRDA:91,11,1,0
BRDA:97,12,0,0
BRDA:97,12,1,0
BRDA:97,13,0,0
BRDA:97,13,1,0
BRDA:97,13,2,0
BRDA:101,14,0,0
BRDA:101,14,1,0
BRDA:101,15,0,0
BRDA:101,15,1,0
BRDA:122,16,0,0
BRDA:122,16,1,0
BRDA:122,17,0,0
BRDA:122,17,1,0
BRDA:152,18,0,0
BRDA:153,19,0,0
BRDA:159,20,0,0
BRDA:159,20,1,0
BRDA:163,21,0,0
BRDA:163,21,1,0
BRDA:167,22,0,0
BRDA:167,22,1,0
BRDA:172,23,0,0
BRDA:172,23,1,0
BRDA:172,24,0,0
BRDA:172,24,1,0
BRDA:172,24,2,0
BRDA:189,25,0,0
BRDA:189,25,1,0
BRDA:193,26,0,0
BRDA:193,26,1,0
BRDA:199,27,0,0
BRDA:199,27,1,0
BRDA:200,28,0,0
BRDA:200,28,1,0
BRDA:201,29,0,0
BRDA:201,29,1,0
BRDA:205,30,0,0
BRDA:205,30,1,0
BRDA:205,31,0,0
BRDA:205,31,1,0
BRDA:205,31,2,0
BRDA:209,32,0,0
BRDA:209,32,1,0
BRDA:209,33,0,0
BRDA:209,33,1,0
BRDA:247,34,0,0
BRDA:248,35,0,0
BRDA:260,36,0,0
BRDA:260,36,1,0
BRDA:270,37,0,0
BRDA:270,37,1,0
BRDA:274,38,0,0
BRDA:274,38,1,0
BRDA:278,39,0,0
BRDA:278,39,1,0
BRDA:282,40,0,0
BRDA:282,40,1,0
BRDA:286,41,0,0
BRDA:286,41,1,0
BRDA:300,42,0,0
BRDA:300,42,1,0
BRDA:300,43,0,0
BRDA:300,43,1,0
BRDA:322,44,0,0
BRDA:322,44,1,0
BRDA:322,45,0,0
BRDA:322,45,1,0
BRDA:326,46,0,0
BRDA:326,46,1,0
BRDA:334,47,0,0
BRDA:334,47,1,0
BRDA:338,48,0,0
BRDA:338,48,1,0
BRDA:342,49,0,0
BRDA:342,49,1,0
BRDA:346,50,0,0
BRDA:346,50,1,0
BRDA:350,51,0,0
BRDA:350,51,1,0
BRDA:361,52,0,0
BRDA:361,52,1,0
BRDA:365,53,0,0
BRDA:365,53,1,0
BRDA:398,54,0,0
BRDA:398,54,1,0
BRDA:417,55,0,0
BRDA:417,55,1,0
BRDA:417,56,0,0
BRDA:417,56,1,0
BRDA:422,57,0,0
BRDA:422,57,1,0
BRDA:423,58,0,0
BRDA:423,58,1,0
BRDA:424,59,0,0
BRDA:424,59,1,0
BRDA:438,60,0,0
BRDA:438,60,1,0
BRDA:438,61,0,0
BRDA:438,61,1,0
BRDA:444,62,0,0
BRDA:444,62,1,0
BRDA:449,63,0,0
BRDA:449,63,1,0
BRDA:449,64,0,0
BRDA:449,64,1,0
BRDA:452,65,0,0
BRDA:452,65,1,0
BRDA:453,66,0,0
BRDA:453,66,1,0
BRDA:454,67,0,0
BRDA:454,67,1,0
BRDA:476,68,0,0
BRDA:476,68,1,0
BRDA:504,69,0,0
BRDA:505,70,0,0
BRDA:508,71,0,0
BRDA:519,72,0,0
BRDA:519,72,1,0
BRDA:520,73,0,0
BRDA:520,73,1,0
BRDA:524,74,0,0
BRDA:524,74,1,0
BRDA:529,75,0,0
BRDA:529,75,1,0
BRDA:541,76,0,0
BRDA:541,76,1,0
BRDA:542,77,0,0
BRDA:542,77,1,0
BRDA:543,78,0,0
BRDA:543,78,1,0
BRDA:575,79,0,0
BRDA:576,80,0,0
BRDA:577,81,0,0
BRDA:589,82,0,0
BRDA:589,82,1,0
BRDA:594,83,0,0
BRDA:594,83,1,0
BRDA:648,84,0,0
BRDA:648,84,1,0
BRDA:667,85,0,0
BRDA:667,85,1,0
BRDA:715,86,0,0
BRDA:715,86,1,0
BRDA:719,87,0,0
BRDA:719,87,1,0
BRDA:720,88,0,0
BRDA:720,88,1,0
BRDA:721,89,0,0
BRDA:721,89,1,0
BRDA:722,90,0,0
BRDA:722,90,1,0
BRDA:723,91,0,0
BRDA:723,91,1,0
BRDA:724,92,0,0
BRDA:724,92,1,0
BRDA:757,93,0,0
BRDA:759,94,0,0
BRDA:759,94,1,0
BRDA:773,95,0,0
BRDA:773,95,1,0
BRDA:773,96,0,0
BRDA:773,96,1,0
BRDA:783,97,0,0
BRDA:783,97,1,0
BRDA:785,98,0,0
BRDA:785,98,1,0
BRDA:794,99,0,0
BRDA:794,99,1,0
BRDA:796,100,0,0
BRDA:796,100,1,0
BRDA:796,101,0,0
BRDA:796,101,1,0
BRDA:809,102,0,0
BRDA:809,102,1,0
BRDA:828,103,0,0
BRDA:828,103,1,0
BRDA:828,104,0,0
BRDA:828,104,1,0
BRDA:838,105,0,0
BRDA:838,105,1,0
BRDA:840,106,0,0
BRDA:840,106,1,0
BRDA:849,107,0,0
BRDA:849,107,1,0
BRDA:851,108,0,0
BRDA:851,108,1,0
BRDA:851,109,0,0
BRDA:851,109,1,0
BRDA:854,110,0,0
BRDA:854,110,1,0
BRDA:855,111,0,0
BRDA:855,111,1,0
BRDA:856,112,0,0
BRDA:856,112,1,0
BRDA:859,113,0,0
BRDA:859,113,1,0
BRDA:862,114,0,0
BRDA:862,114,1,0
BRDA:863,115,0,0
BRDA:863,115,1,0
BRDA:864,116,0,0
BRDA:864,116,1,0
BRF:225
BRH:0
end_of_record
TN:
SF:src/lib/risk-calculator.ts
FN:8,calculateAge
FN:24,calculateDaysSinceDischarge
FN:35,calculateAgeRisk
FN:50,calculateDiagnosisComplexity
FN:85,(anonymous_11)
FN:87,(anonymous_12)
FN:89,(anonymous_13)
FN:100,calculateTimeRisk
FN:115,calculateInsuranceRisk
FN:147,calculateGeographicRisk
FN:180,fetchReferralHistory
FN:217,calculateReferralHistoryRisk
FN:226,(anonymous_20)
FN:227,(anonymous_21)
FN:228,(anonymous_22)
FN:261,(anonymous_23)
FN:277,calculateLeakageRisk
FN:361,enhancePatientData
FN:382,enhancePatientDataSync
FNF:19
FNH:0
FNDA:0,calculateAge
FNDA:0,calculateDaysSinceDischarge
FNDA:0,calculateAgeRisk
FNDA:0,calculateDiagnosisComplexity
FNDA:0,(anonymous_11)
FNDA:0,(anonymous_12)
FNDA:0,(anonymous_13)
FNDA:0,calculateTimeRisk
FNDA:0,calculateInsuranceRisk
FNDA:0,calculateGeographicRisk
FNDA:0,fetchReferralHistory
FNDA:0,calculateReferralHistoryRisk
FNDA:0,(anonymous_20)
FNDA:0,(anonymous_21)
FNDA:0,(anonymous_22)
FNDA:0,(anonymous_23)
FNDA:0,calculateLeakageRisk
FNDA:0,enhancePatientData
FNDA:0,enhancePatientDataSync
DA:2,0
DA:8,0
DA:9,0
DA:10,0
DA:11,0
DA:12,0
DA:14,0
DA:15,0
DA:18,0
DA:24,0
DA:25,0
DA:26,0
DA:27,0
DA:28,0
DA:35,0
DA:36,0
DA:38,0
DA:39,0
DA:40,0
DA:41,0
DA:42,0
DA:43,0
DA:50,0
DA:51,0
DA:54,0
DA:67,0
DA:77,0
DA:85,0
DA:86,0
DA:87,0
DA:88,0
DA:89,0
DA:90,0
DA:92,0
DA:100,0
DA:101,0
DA:103,0
DA:104,0
DA:105,0
DA:106,0
DA:107,0
DA:108,0
DA:115,0
DA:116,0
DA:119,0
DA:120,0
DA:122,0
DA:123,0
DA:127,0
DA:128,0
DA:132,0
DA:136,0
DA:140,0
DA:147,0
DA:148,0
DA:151,0
DA:154,0
DA:158,0
DA:162,0
DA:166,0
DA:170,0
DA:174,0
DA:180,0
DA:181,0
DA:183,0
DA:189,0
DA:190,0
DA:191,0
DA:195,0
DA:201,0
DA:202,0
DA:203,0
DA:206,0
DA:208,0
DA:209,0
DA:217,0
DA:218,0
DA:219,0
DA:222,0
DA:223,0
DA:226,0
DA:227,0
DA:228,0
DA:231,0
DA:232,0
DA:235,0
DA:236,0
DA:237,0
DA:238,0
DA:239,0
DA:240,0
DA:244,0
DA:245,0
DA:246,0
DA:247,0
DA:251,0
DA:252,0
DA:253,0
DA:254,0
DA:258,0
DA:259,0
DA:261,0
DA:262,0
DA:265,0
DA:266,0
DA:270,0
DA:277,0
DA:283,0
DA:284,0
DA:285,0
DA:286,0
DA:287,0
DA:290,0
DA:291,0
DA:292,0
DA:294,0
DA:300,0
DA:301,0
DA:302,0
DA:304,0
DA:307,0
DA:313,0
DA:326,0
DA:327,0
DA:328,0
DA:329,0
DA:330,0
DA:331,0
DA:334,0
DA:342,0
DA:346,0
DA:347,0
DA:348,0
DA:349,0
DA:351,0
DA:354,0
DA:361,0
DA:362,0
DA:363,0
DA:364,0
DA:366,0
DA:382,0
DA:383,0
DA:384,0
DA:387,0
DA:388,0
DA:392,0
DA:393,0
DA:394,0
DA:395,0
DA:396,0
DA:398,0
DA:406,0
LF:153
LH:0
BRDA:14,0,0,0
BRDA:14,0,1,0
BRDA:14,1,0,0
BRDA:14,1,1,0
BRDA:14,1,2,0
BRDA:38,2,0,0
BRDA:38,2,1,0
BRDA:39,3,0,0
BRDA:39,3,1,0
BRDA:40,4,0,0
BRDA:40,4,1,0
BRDA:41,5,0,0
BRDA:41,5,1,0
BRDA:42,6,0,0
BRDA:42,6,1,0
BRDA:85,7,0,0
BRDA:85,7,1,0
BRDA:87,8,0,0
BRDA:87,8,1,0
BRDA:89,9,0,0
BRDA:89,9,1,0
BRDA:103,10,0,0
BRDA:103,10,1,0
BRDA:104,11,0,0
BRDA:104,11,1,0
BRDA:105,12,0,0
BRDA:105,12,1,0
BRDA:106,13,0,0
BRDA:106,13,1,0
BRDA:107,14,0,0
BRDA:107,14,1,0
BRDA:119,15,0,0
BRDA:119,15,1,0
BRDA:122,16,0,0
BRDA:122,16,1,0
BRDA:127,17,0,0
BRDA:127,17,1,0
BRDA:127,18,0,0
BRDA:127,18,1,0
BRDA:132,19,0,0
BRDA:132,19,1,0
BRDA:132,20,0,0
BRDA:132,20,1,0
BRDA:132,20,2,0
BRDA:132,20,3,0
BRDA:151,21,0,0
BRDA:151,21,1,0
BRDA:151,22,0,0
BRDA:151,22,1,0
BRDA:151,22,2,0
BRDA:158,23,0,0
BRDA:158,23,1,0
BRDA:158,24,0,0
BRDA:158,24,1,0
BRDA:158,24,2,0
BRDA:158,24,3,0
BRDA:166,25,0,0
BRDA:166,25,1,0
BRDA:166,26,0,0
BRDA:166,26,1,0
BRDA:166,26,2,0
BRDA:166,26,3,0
BRDA:189,27,0,0
BRDA:189,27,1,0
BRDA:189,28,0,0
BRDA:189,28,1,0
BRDA:201,29,0,0
BRDA:201,29,1,0
BRDA:206,30,0,0
BRDA:206,30,1,0
BRDA:218,31,0,0
BRDA:218,31,1,0
BRDA:218,32,0,0
BRDA:218,32,1,0
BRDA:228,33,0,0
BRDA:228,33,1,0
BRDA:235,34,0,0
BRDA:235,34,1,0
BRDA:237,35,0,0
BRDA:237,35,1,0
BRDA:239,36,0,0
BRDA:239,36,1,0
BRDA:244,37,0,0
BRDA:244,37,1,0
BRDA:246,38,0,0
BRDA:246,38,1,0
BRDA:251,39,0,0
BRDA:251,39,1,0
BRDA:253,40,0,0
BRDA:253,40,1,0
BRDA:265,41,0,0
BRDA:265,41,1,0
BRDA:265,42,0,0
BRDA:265,42,1,0
BRDA:283,43,0,0
BRDA:283,43,1,0
BRDA:284,44,0,0
BRDA:284,44,1,0
BRDA:285,45,0,0
BRDA:285,45,1,0
BRDA:286,46,0,0
BRDA:286,46,1,0
BRDA:287,47,0,0
BRDA:287,47,1,0
BRDA:291,48,0,0
BRDA:291,48,1,0
BRDA:300,49,0,0
BRDA:300,49,1,0
BRDA:300,50,0,0
BRDA:300,50,1,0
BRDA:346,51,0,0
BRDA:346,51,1,0
BRDA:348,52,0,0
BRDA:348,52,1,0
BRDA:387,53,0,0
BRDA:387,53,1,0
BRDA:388,54,0,0
BRDA:388,54,1,0
BRDA:389,55,0,0
BRDA:389,55,1,0
BRDA:389,56,0,0
BRDA:389,56,1,0
BRF:122
BRH:0
end_of_record
TN:
SF:src/lib/utils.ts
FN:4,cn
FNF:1
FNH:1
FNDA:835,cn
DA:1,1
DA:2,1
DA:4,1
DA:5,835
LF:4
LH:4
BRF:0
BRH:0
end_of_record
TN:
SF:src/pages/DemoPage.tsx
FN:7,(anonymous_0)
FN:329,(anonymous_1)
FN:367,(anonymous_2)
FN:374,(anonymous_3)
FNF:4
FNH:0
FNDA:0,(anonymous_0)
FNDA:0,(anonymous_1)
FNDA:0,(anonymous_2)
FNDA:0,(anonymous_3)
DA:1,0
DA:2,0
DA:3,0
DA:4,0
DA:5,0
DA:7,0
DA:8,0
DA:10,0
DA:323,0
DA:330,0
DA:367,0
DA:374,0
DA:387,0
LF:13
LH:0
BRDA:333,0,0,0
BRDA:333,0,1,0
BRDA:340,1,0,0
BRDA:340,1,1,0
BRDA:343,2,0,0
BRDA:343,2,1,0
BRF:6
BRH:0
end_of_record
TN:
SF:src/pages/ErrorTestPage.tsx
FN:9,(anonymous_0)
FN:11,(anonymous_1)
FN:28,(anonymous_2)
FN:40,(anonymous_3)
FN:47,(anonymous_4)
FN:54,(anonymous_5)
FN:61,(anonymous_6)
FN:70,ErrorTestPage
FN:73,(anonymous_8)
FN:93,(anonymous_9)
FN:96,(anonymous_10)
FN:99,(anonymous_11)
FN:102,(anonymous_12)
FN:105,(anonymous_13)
FN:117,(anonymous_14)
FN:137,(anonymous_15)
FN:152,(anonymous_16)
FNF:17
FNH:0
FNDA:0,(anonymous_0)
FNDA:0,(anonymous_1)
FNDA:0,(anonymous_2)
FNDA:0,(anonymous_3)
FNDA:0,(anonymous_4)
FNDA:0,(anonymous_5)
FNDA:0,(anonymous_6)
FNDA:0,ErrorTestPage
FNDA:0,(anonymous_8)
FNDA:0,(anonymous_9)
FNDA:0,(anonymous_10)
FNDA:0,(anonymous_11)
FNDA:0,(anonymous_12)
FNDA:0,(anonymous_13)
FNDA:0,(anonymous_14)
FNDA:0,(anonymous_15)
FNDA:0,(anonymous_16)
DA:1,0
DA:2,0
DA:3,0
DA:4,0
DA:5,0
DA:6,0
DA:9,0
DA:10,0
DA:11,0
DA:12,0
DA:14,0
DA:15,0
DA:16,0
DA:17,0
DA:18,0
DA:19,0
DA:20,0
DA:21,0
DA:24,0
DA:28,0
DA:29,0
DA:33,0
DA:40,0
DA:47,0
DA:54,0
DA:61,0
DA:70,0
DA:71,0
DA:73,0
DA:75,0
DA:93,0
DA:96,0
DA:99,0
DA:102,0
DA:105,0
DA:118,0
DA:138,0
DA:153,0
LF:38
LH:0
BRDA:10,0,0,0
BRDA:10,0,1,0
BRDA:14,1,0,0
BRDA:14,1,1,0
BRDA:16,2,0,0
BRDA:16,2,1,0
BRDA:18,3,0,0
BRDA:18,3,1,0
BRDA:20,4,0,0
BRDA:20,4,1,0
BRF:10
BRH:0
end_of_record
TN:
SF:src/pages/Index.tsx
FN:6,(anonymous_0)
FN:10,(anonymous_1)
FN:14,(anonymous_2)
FN:21,(anonymous_3)
FNF:4
FNH:0
FNDA:0,(anonymous_0)
FNDA:0,(anonymous_1)
FNDA:0,(anonymous_2)
FNDA:0,(anonymous_3)
DA:1,0
DA:2,0
DA:3,0
DA:6,0
DA:7,0
DA:10,0
DA:11,0
DA:14,0
DA:15,0
DA:21,0
DA:28,0
DA:31,0
LF:12
LH:0
BRF:0
BRH:0
end_of_record
TN:
SF:src/pages/NotFound.tsx
FN:4,(anonymous_0)
FN:7,(anonymous_1)
FNF:2
FNH:0
FNDA:0,(anonymous_0)
FNDA:0,(anonymous_1)
DA:1,0
DA:2,0
DA:4,0
DA:5,0
DA:7,0
DA:8,0
DA:14,0
DA:27,0
LF:8
LH:0
BRF:0
BRH:0
end_of_record
TN:
SF:src/pages/NotificationDemoPage.tsx
FN:9,NotificationDemoPage
FN:39,(anonymous_1)
FN:53,(anonymous_2)
FN:66,(anonymous_3)
FN:79,(anonymous_4)
FN:100,(anonymous_5)
FN:146,(anonymous_6)
FN:174,(anonymous_7)
FN:243,(anonymous_8)
FNF:9
FNH:0
FNDA:0,NotificationDemoPage
FNDA:0,(anonymous_1)
FNDA:0,(anonymous_2)
FNDA:0,(anonymous_3)
FNDA:0,(anonymous_4)
FNDA:0,(anonymous_5)
FNDA:0,(anonymous_6)
FNDA:0,(anonymous_7)
FNDA:0,(anonymous_8)
DA:1,0
DA:2,0
DA:3,0
DA:4,0
DA:5,0
DA:6,0
DA:7,0
DA:9,0
DA:17,0
DA:19,0
DA:21,0
DA:34,0
DA:40,0
DA:46,0
DA:54,0
DA:59,0
DA:67,0
DA:72,0
DA:80,0
DA:85,0
DA:90,0
DA:100,0
DA:147,0
DA:174,0
DA:244,0
LF:25
LH:0
BRDA:150,0,0,0
BRDA:150,0,1,0
BRDA:163,1,0,0
BRDA:163,1,1,0
BRDA:165,2,0,0
BRDA:165,2,1,0
BRDA:165,3,0,0
BRDA:165,3,1,0
BRDA:229,4,0,0
BRDA:229,4,1,0
BRDA:235,5,0,0
BRDA:235,5,1,0
BRDA:247,6,0,0
BRDA:247,6,1,0
BRDA:253,7,0,0
BRDA:253,7,1,0
BRDA:274,8,0,0
BRDA:274,8,1,0
BRF:18
BRH:0
end_of_record
TN:
SF:src/types/error.ts
FN:25,(anonymous_0)
FN:39,(anonymous_1)
FNF:2
FNH:0
FNDA:0,(anonymous_0)
FNDA:0,(anonymous_1)
DA:20,0
DA:31,0
DA:32,0
DA:33,0
DA:34,0
DA:35,0
DA:39,0
DA:45,0
DA:47,0
DA:48,0
DA:49,0
DA:50,0
DA:51,0
DA:52,0
DA:53,0
DA:54,0
DA:55,0
DA:56,0
DA:60,0
LF:19
LH:0
BRDA:27,0,0,0
BRDA:28,1,0,0
BRDA:45,2,0,0
BRDA:45,2,1,0
BRDA:47,3,0,0
BRDA:47,3,1,0
BRDA:49,4,0,0
BRDA:49,4,1,0
BRDA:49,5,0,0
BRDA:49,5,1,0
BRDA:49,5,2,0
BRDA:51,6,0,0
BRDA:51,6,1,0
BRDA:51,7,0,0
BRDA:51,7,1,0
BRDA:53,8,0,0
BRDA:53,8,1,0
BRDA:53,9,0,0
BRDA:53,9,1,0
BRDA:53,9,2,0
BRDA:55,10,0,0
BRDA:55,10,1,0
BRDA:63,11,0,0
BRDA:63,11,1,0
BRDA:64,12,0,0
BRDA:64,12,1,0
BRF:26
BRH:0
end_of_record
