TN:
SF:src/test-toast-notifications.tsx
FN:9,(anonymous_0)
FN:12,(anonymous_1)
FN:19,(anonymous_2)
FN:27,(anonymous_3)
FNF:4
FNH:0
FNDA:0,(anonymous_0)
FNDA:0,(anonymous_1)
FNDA:0,(anonymous_2)
FNDA:0,(anonymous_3)
DA:2,0
DA:3,0
DA:9,0
DA:10,0
DA:12,0
DA:13,0
DA:19,0
DA:20,0
DA:27,0
DA:28,0
DA:34,0
LF:11
LH:0
BRF:0
BRH:0
end_of_record
TN:
SF:src/components/Dashboard.tsx
FN:31,(anonymous_7)
FN:40,(anonymous_8)
FN:50,(anonymous_9)
FN:60,(anonymous_10)
FN:79,(anonymous_11)
FN:81,(anonymous_12)
FN:86,(anonymous_13)
FN:89,(anonymous_14)
FN:95,(anonymous_15)
FN:131,(anonymous_16)
FN:141,(anonymous_17)
FN:151,(anonymous_18)
FN:152,(anonymous_19)
FN:169,(anonymous_20)
FN:173,(anonymous_21)
FN:180,(anonymous_22)
FN:216,(anonymous_23)
FN:221,(anonymous_24)
FN:235,(anonymous_25)
FN:242,(anonymous_26)
FN:243,(anonymous_27)
FN:312,(anonymous_28)
FN:322,(anonymous_29)
FN:365,(anonymous_30)
FN:387,(anonymous_31)
FN:413,(anonymous_32)
FN:413,(anonymous_33)
FN:459,(anonymous_34)
FN:461,(anonymous_35)
FN:552,(anonymous_36)
FN:586,(anonymous_37)
FN:600,(anonymous_38)
FN:655,(anonymous_39)
FN:664,(anonymous_40)
FN:664,(anonymous_41)
FN:671,(anonymous_42)
FN:671,(anonymous_43)
FN:717,(anonymous_44)
FN:734,(anonymous_45)
FN:734,(anonymous_46)
FN:754,(anonymous_47)
FN:766,(anonymous_48)
FN:767,(anonymous_49)
FN:773,(anonymous_50)
FN:823,(anonymous_51)
FN:888,(anonymous_52)
FN:912,(anonymous_53)
FN:924,(anonymous_54)
FN:934,(anonymous_55)
FN:952,(anonymous_56)
FN:981,(anonymous_57)
FN:1008,(anonymous_58)
FN:1027,(anonymous_59)
FNF:53
FNH:0
FNDA:0,(anonymous_7)
FNDA:0,(anonymous_8)
FNDA:0,(anonymous_9)
FNDA:0,(anonymous_10)
FNDA:0,(anonymous_11)
FNDA:0,(anonymous_12)
FNDA:0,(anonymous_13)
FNDA:0,(anonymous_14)
FNDA:0,(anonymous_15)
FNDA:0,(anonymous_16)
FNDA:0,(anonymous_17)
FNDA:0,(anonymous_18)
FNDA:0,(anonymous_19)
FNDA:0,(anonymous_20)
FNDA:0,(anonymous_21)
FNDA:0,(anonymous_22)
FNDA:0,(anonymous_23)
FNDA:0,(anonymous_24)
FNDA:0,(anonymous_25)
FNDA:0,(anonymous_26)
FNDA:0,(anonymous_27)
FNDA:0,(anonymous_28)
FNDA:0,(anonymous_29)
FNDA:0,(anonymous_30)
FNDA:0,(anonymous_31)
FNDA:0,(anonymous_32)
FNDA:0,(anonymous_33)
FNDA:0,(anonymous_34)
FNDA:0,(anonymous_35)
FNDA:0,(anonymous_36)
FNDA:0,(anonymous_37)
FNDA:0,(anonymous_38)
FNDA:0,(anonymous_39)
FNDA:0,(anonymous_40)
FNDA:0,(anonymous_41)
FNDA:0,(anonymous_42)
FNDA:0,(anonymous_43)
FNDA:0,(anonymous_44)
FNDA:0,(anonymous_45)
FNDA:0,(anonymous_46)
FNDA:0,(anonymous_47)
FNDA:0,(anonymous_48)
FNDA:0,(anonymous_49)
FNDA:0,(anonymous_50)
FNDA:0,(anonymous_51)
FNDA:0,(anonymous_52)
FNDA:0,(anonymous_53)
FNDA:0,(anonymous_54)
FNDA:0,(anonymous_55)
FNDA:0,(anonymous_56)
FNDA:0,(anonymous_57)
FNDA:0,(anonymous_58)
FNDA:0,(anonymous_59)
DA:1,0
DA:2,0
DA:3,0
DA:4,0
DA:5,0
DA:6,0
DA:7,0
DA:8,0
DA:9,0
DA:10,0
DA:15,0
DA:16,0
DA:17,0
DA:18,0
DA:19,0
DA:20,0
DA:31,0
DA:32,0
DA:33,0
DA:34,0
DA:35,0
DA:36,0
DA:40,0
DA:41,0
DA:42,0
DA:43,0
DA:44,0
DA:45,0
DA:46,0
DA:50,0
DA:51,0
DA:52,0
DA:53,0
DA:54,0
DA:55,0
DA:56,0
DA:60,0
DA:61,0
DA:63,0
DA:64,0
DA:65,0
DA:66,0
DA:67,0
DA:68,0
DA:69,0
DA:70,0
DA:71,0
DA:74,0
DA:75,0
DA:76,0
DA:79,0
DA:80,0
DA:81,0
DA:82,0
DA:83,0
DA:86,0
DA:89,0
DA:90,0
DA:91,0
DA:95,0
DA:96,0
DA:99,0
DA:100,0
DA:103,0
DA:104,0
DA:107,0
DA:108,0
DA:111,0
DA:123,0
DA:131,0
DA:132,0
DA:133,0
DA:141,0
DA:143,0
DA:144,0
DA:145,0
DA:149,0
DA:151,0
DA:152,0
DA:154,0
DA:155,0
DA:159,0
DA:160,0
DA:163,0
DA:169,0
DA:170,0
DA:173,0
DA:176,0
DA:180,0
DA:182,0
DA:192,0
DA:196,0
DA:197,0
DA:198,0
DA:199,0
DA:200,0
DA:203,0
DA:216,0
DA:217,0
DA:221,0
DA:222,0
DA:223,0
DA:233,0
DA:236,0
DA:237,0
DA:242,0
DA:243,0
DA:245,0
DA:246,0
DA:247,0
DA:251,0
DA:252,0
DA:253,0
DA:254,0
DA:255,0
DA:261,0
DA:262,0
DA:263,0
DA:266,0
DA:267,0
DA:268,0
DA:269,0
DA:270,0
DA:278,0
DA:279,0
DA:280,0
DA:283,0
DA:284,0
DA:285,0
DA:286,0
DA:287,0
DA:294,0
DA:295,0
DA:296,0
DA:299,0
DA:300,0
DA:301,0
DA:302,0
DA:303,0
DA:311,0
DA:312,0
DA:313,0
DA:317,0
DA:318,0
DA:319,0
DA:323,0
DA:324,0
DA:330,0
DA:365,0
DA:388,0
DA:389,0
DA:390,0
DA:413,0
DA:414,0
DA:415,0
DA:416,0
DA:459,0
DA:462,0
DA:463,0
DA:464,0
DA:465,0
DA:466,0
DA:553,0
DA:554,0
DA:555,0
DA:556,0
DA:586,0
DA:601,0
DA:655,0
DA:664,0
DA:666,0
DA:667,0
DA:671,0
DA:672,0
DA:673,0
DA:674,0
DA:718,0
DA:719,0
DA:720,0
DA:721,0
DA:734,0
DA:735,0
DA:736,0
DA:737,0
DA:755,0
DA:766,0
DA:768,0
DA:769,0
DA:770,0
DA:773,0
DA:824,0
DA:825,0
DA:826,0
DA:827,0
DA:889,0
DA:890,0
DA:891,0
DA:892,0
DA:913,0
DA:914,0
DA:916,0
DA:925,0
DA:926,0
DA:928,0
DA:930,0
DA:931,0
DA:935,0
DA:936,0
DA:949,0
DA:953,0
DA:954,0
DA:965,0
DA:966,0
DA:974,0
DA:975,0
DA:977,0
DA:978,0
DA:982,0
DA:983,0
DA:995,0
DA:996,0
DA:1004,0
DA:1005,0
DA:1009,0
DA:1010,0
DA:1022,0
DA:1028,0
DA:1029,0
DA:1031,0
LF:229
LH:0
BRDA:32,0,0,0
BRDA:32,0,1,0
BRDA:32,0,2,0
BRDA:32,0,3,0
BRDA:41,1,0,0
BRDA:41,1,1,0
BRDA:41,1,2,0
BRDA:41,1,3,0
BRDA:41,1,4,0
BRDA:51,2,0,0
BRDA:51,2,1,0
BRDA:51,2,2,0
BRDA:51,2,3,0
BRDA:51,2,4,0
BRDA:99,3,0,0
BRDA:99,3,1,0
BRDA:103,4,0,0
BRDA:103,4,1,0
BRDA:107,5,0,0
BRDA:107,5,1,0
BRDA:132,6,0,0
BRDA:132,6,1,0
BRDA:132,7,0,0
BRDA:132,7,1,0
BRDA:132,7,2,0
BRDA:132,7,3,0
BRDA:132,7,4,0
BRDA:135,8,0,0
BRDA:135,8,1,0
BRDA:143,9,0,0
BRDA:143,9,1,0
BRDA:143,10,0,0
BRDA:143,10,1,0
BRDA:152,11,0,0
BRDA:152,11,1,0
BRDA:152,12,0,0
BRDA:152,12,1,0
BRDA:154,13,0,0
BRDA:154,13,1,0
BRDA:154,14,0,0
BRDA:154,14,1,0
BRDA:159,15,0,0
BRDA:159,15,1,0
BRDA:165,16,0,0
BRDA:165,16,1,0
BRDA:182,17,0,0
BRDA:182,17,1,0
BRDA:204,18,0,0
BRDA:204,18,1,0
BRDA:206,19,0,0
BRDA:206,19,1,0
BRDA:206,20,0,0
BRDA:206,20,1,0
BRDA:211,21,0,0
BRDA:211,21,1,0
BRDA:212,22,0,0
BRDA:212,22,1,0
BRDA:222,23,0,0
BRDA:222,23,1,0
BRDA:222,24,0,0
BRDA:222,24,1,0
BRDA:245,25,0,0
BRDA:245,25,1,0
BRDA:245,26,0,0
BRDA:245,26,1,0
BRDA:245,26,2,0
BRDA:245,26,3,0
BRDA:247,27,0,0
BRDA:247,27,1,0
BRDA:247,27,2,0
BRDA:247,28,0,0
BRDA:247,28,1,0
BRDA:247,29,0,0
BRDA:247,29,1,0
BRDA:248,30,0,0
BRDA:248,30,1,0
BRDA:248,31,0,0
BRDA:248,31,1,0
BRDA:249,32,0,0
BRDA:249,32,1,0
BRDA:249,33,0,0
BRDA:249,33,1,0
BRDA:251,34,0,0
BRDA:251,34,1,0
BRDA:254,35,0,0
BRDA:254,35,1,0
BRDA:261,36,0,0
BRDA:261,36,1,0
BRDA:263,37,0,0
BRDA:263,37,1,0
BRDA:263,38,0,0
BRDA:263,38,1,0
BRDA:263,39,0,0
BRDA:263,39,1,0
BRDA:264,40,0,0
BRDA:264,40,1,0
BRDA:264,41,0,0
BRDA:264,41,1,0
BRDA:266,42,0,0
BRDA:266,42,1,0
BRDA:266,43,0,0
BRDA:266,43,1,0
BRDA:266,43,2,0
BRDA:266,43,3,0
BRDA:278,44,0,0
BRDA:278,44,1,0
BRDA:278,45,0,0
BRDA:278,45,1,0
BRDA:278,45,2,0
BRDA:280,46,0,0
BRDA:280,46,1,0
BRDA:280,47,0,0
BRDA:280,47,1,0
BRDA:280,48,0,0
BRDA:280,48,1,0
BRDA:281,49,0,0
BRDA:281,49,1,0
BRDA:281,50,0,0
BRDA:281,50,1,0
BRDA:283,51,0,0
BRDA:283,51,1,0
BRDA:283,52,0,0
BRDA:283,52,1,0
BRDA:294,53,0,0
BRDA:294,53,1,0
BRDA:294,54,0,0
BRDA:294,54,1,0
BRDA:294,54,2,0
BRDA:296,55,0,0
BRDA:296,55,1,0
BRDA:296,56,0,0
BRDA:296,56,1,0
BRDA:296,57,0,0
BRDA:296,57,1,0
BRDA:297,58,0,0
BRDA:297,58,1,0
BRDA:297,59,0,0
BRDA:297,59,1,0
BRDA:299,60,0,0
BRDA:299,60,1,0
BRDA:299,61,0,0
BRDA:299,61,1,0
BRDA:317,62,0,0
BRDA:317,62,1,0
BRDA:357,63,0,0
BRDA:357,63,1,0
BRDA:367,64,0,0
BRDA:367,64,1,0
BRDA:385,65,0,0
BRDA:385,65,1,0
BRDA:391,66,0,0
BRDA:391,66,1,0
BRDA:392,67,0,0
BRDA:392,67,1,0
BRDA:397,68,0,0
BRDA:397,68,1,0
BRDA:399,69,0,0
BRDA:399,69,1,0
BRDA:400,70,0,0
BRDA:400,70,1,0
BRDA:401,71,0,0
BRDA:401,71,1,0
BRDA:405,72,0,0
BRDA:405,72,1,0
BRDA:415,73,0,0
BRDA:415,73,1,0
BRDA:415,74,0,0
BRDA:415,74,1,0
BRDA:425,75,0,0
BRDA:425,75,1,0
BRDA:433,76,0,0
BRDA:433,76,1,0
BRDA:442,77,0,0
BRDA:442,77,1,0
BRDA:460,78,0,0
BRDA:460,78,1,0
BRDA:462,79,0,0
BRDA:462,79,1,0
BRDA:462,80,0,0
BRDA:462,80,1,0
BRDA:464,81,0,0
BRDA:464,81,1,0
BRDA:464,82,0,0
BRDA:464,82,1,0
BRDA:472,83,0,0
BRDA:472,83,1,0
BRDA:480,84,0,0
BRDA:480,84,1,0
BRDA:497,85,0,0
BRDA:497,85,1,0
BRDA:513,86,0,0
BRDA:513,86,1,0
BRDA:530,87,0,0
BRDA:530,87,1,0
BRDA:530,87,2,0
BRDA:530,87,3,0
BRDA:530,87,4,0
BRDA:530,87,5,0
BRDA:535,88,0,0
BRDA:535,88,1,0
BRDA:536,89,0,0
BRDA:536,89,1,0
BRDA:541,90,0,0
BRDA:541,90,1,0
BRDA:574,91,0,0
BRDA:574,91,1,0
BRDA:579,92,0,0
BRDA:579,92,1,0
BRDA:582,93,0,0
BRDA:582,93,1,0
BRDA:597,94,0,0
BRDA:597,94,1,0
BRDA:636,95,0,0
BRDA:636,95,1,0
BRDA:636,95,2,0
BRDA:644,96,0,0
BRDA:644,96,1,0
BRDA:644,96,2,0
BRDA:651,97,0,0
BRDA:651,97,1,0
BRDA:659,98,0,0
BRDA:659,98,1,0
BRDA:660,99,0,0
BRDA:660,99,1,0
BRDA:673,100,0,0
BRDA:673,100,1,0
BRDA:673,101,0,0
BRDA:673,101,1,0
BRDA:682,102,0,0
BRDA:682,102,1,0
BRDA:688,103,0,0
BRDA:688,103,1,0
BRDA:699,104,0,0
BRDA:699,104,1,0
BRDA:699,104,2,0
BRDA:699,104,3,0
BRDA:704,105,0,0
BRDA:704,105,1,0
BRDA:704,106,0,0
BRDA:704,106,1,0
BRDA:704,106,2,0
BRDA:715,107,0,0
BRDA:715,107,1,0
BRDA:715,107,2,0
BRDA:715,107,3,0
BRDA:736,108,0,0
BRDA:736,108,1,0
BRDA:736,109,0,0
BRDA:736,109,1,0
BRDA:751,110,0,0
BRDA:751,110,1,0
BRDA:751,110,2,0
BRDA:751,110,3,0
BRDA:762,111,0,0
BRDA:762,111,1,0
BRDA:764,112,0,0
BRDA:764,112,1,0
BRDA:768,113,0,0
BRDA:768,113,1,0
BRDA:768,114,0,0
BRDA:768,114,1,0
BRDA:782,115,0,0
BRDA:782,115,1,0
BRDA:791,116,0,0
BRDA:791,116,1,0
BRDA:797,117,0,0
BRDA:797,117,1,0
BRDA:798,118,0,0
BRDA:798,118,1,0
BRDA:799,119,0,0
BRDA:799,119,1,0
BRDA:800,120,0,0
BRDA:800,120,1,0
BRDA:804,121,0,0
BRDA:804,121,1,0
BRDA:840,122,0,0
BRDA:840,122,1,0
BRDA:849,123,0,0
BRDA:849,123,1,0
BRDA:866,124,0,0
BRDA:866,124,1,0
BRDA:867,125,0,0
BRDA:867,125,1,0
BRDA:868,126,0,0
BRDA:868,126,1,0
BRDA:869,127,0,0
BRDA:869,127,1,0
BRDA:873,128,0,0
BRDA:873,128,1,0
BRDA:902,129,0,0
BRDA:902,129,1,0
BRDA:913,130,0,0
BRDA:913,130,1,0
BRDA:919,131,0,0
BRDA:919,131,1,0
BRDA:928,132,0,0
BRDA:928,132,1,0
BRDA:965,133,0,0
BRDA:965,133,1,0
BRDA:995,134,0,0
BRDA:995,134,1,0
BRDA:1004,135,0,0
BRDA:1004,135,1,0
BRDA:1028,136,0,0
BRDA:1028,136,1,0
BRDA:1034,137,0,0
BRDA:1034,137,1,0
BRF:307
BRH:0
end_of_record
TN:
SF:src/components/ErrorBoundary.tsx
FN:30,(anonymous_7)
FN:108,(anonymous_8)
FN:108,(anonymous_9)
FN:114,(anonymous_10)
FN:134,(anonymous_11)
FN:145,(anonymous_12)
FN:154,(anonymous_13)
FN:42,(anonymous_14)
FN:61,(anonymous_15)
FN:86,(anonymous_16)
FN:92,(anonymous_17)
FN:99,(anonymous_18)
FN:176,(anonymous_19)
FN:196,withErrorBoundary
FN:200,(anonymous_21)
FN:212,useErrorHandler
FN:213,(anonymous_23)
FNF:17
FNH:0
FNDA:0,(anonymous_7)
FNDA:0,(anonymous_8)
FNDA:0,(anonymous_9)
FNDA:0,(anonymous_10)
FNDA:0,(anonymous_11)
FNDA:0,(anonymous_12)
FNDA:0,(anonymous_13)
FNDA:0,(anonymous_14)
FNDA:0,(anonymous_15)
FNDA:0,(anonymous_16)
FNDA:0,(anonymous_17)
FNDA:0,(anonymous_18)
FNDA:0,(anonymous_19)
FNDA:0,withErrorBoundary
FNDA:0,(anonymous_21)
FNDA:0,useErrorHandler
FNDA:0,(anonymous_23)
DA:1,0
DA:2,0
DA:3,0
DA:4,0
DA:26,0
DA:27,0
DA:28,0
DA:31,0
DA:32,0
DA:44,0
DA:47,0
DA:54,0
DA:63,0
DA:64,0
DA:66,0
DA:74,0
DA:75,0
DA:79,0
DA:80,0
DA:82,0
DA:84,0
DA:86,0
DA:87,0
DA:91,0
DA:92,0
DA:93,0
DA:100,0
DA:101,0
DA:103,0
DA:104,0
DA:108,0
DA:109,0
DA:111,0
DA:113,0
DA:114,0
DA:116,0
DA:122,0
DA:124,0
DA:125,0
DA:126,0
DA:127,0
DA:130,0
DA:134,0
DA:140,0
DA:141,0
DA:143,0
DA:145,0
DA:146,0
DA:149,0
DA:150,0
DA:154,0
DA:155,0
DA:156,0
DA:157,0
DA:159,0
DA:160,0
DA:161,0
DA:164,0
DA:166,0
DA:177,0
DA:178,0
DA:180,0
DA:191,0
DA:196,0
DA:200,0
DA:201,0
DA:206,0
DA:208,0
DA:212,0
DA:213,0
DA:215,0
LF:71
LH:0
BRDA:124,0,0,0
BRDA:124,0,1,0
BRDA:140,1,0,0
BRDA:140,1,1,0
BRDA:155,2,0,0
BRDA:155,2,1,0
BRDA:159,3,0,0
BRDA:159,3,1,0
BRDA:47,4,0,0
BRDA:47,4,1,0
BRDA:47,4,2,0
BRDA:47,4,3,0
BRDA:47,4,4,0
BRDA:47,4,5,0
BRDA:74,5,0,0
BRDA:74,5,1,0
BRDA:79,6,0,0
BRDA:79,6,1,0
BRDA:79,7,0,0
BRDA:79,7,1,0
BRDA:91,8,0,0
BRDA:91,8,1,0
BRDA:91,9,0,0
BRDA:91,9,1,0
BRDA:100,10,0,0
BRDA:100,10,1,0
BRDA:103,11,0,0
BRDA:103,11,1,0
BRDA:177,12,0,0
BRDA:177,12,1,0
BRDA:177,13,0,0
BRDA:177,13,1,0
BRDA:178,14,0,0
BRDA:178,14,1,0
BRDA:206,15,0,0
BRDA:206,15,1,0
BRF:36
BRH:0
end_of_record
TN:
SF:src/components/ErrorDebugPanel.tsx
FN:11,ErrorDebugPanel
FN:12,(anonymous_1)
FN:15,(anonymous_2)
FN:19,(anonymous_3)
FN:83,(anonymous_4)
FN:90,(anonymous_5)
FNF:6
FNH:0
FNDA:0,ErrorDebugPanel
FNDA:0,(anonymous_1)
FNDA:0,(anonymous_2)
FNDA:0,(anonymous_3)
FNDA:0,(anonymous_4)
FNDA:0,(anonymous_5)
DA:1,0
DA:2,0
DA:4,0
DA:5,0
DA:6,0
DA:7,0
DA:8,0
DA:9,0
DA:11,0
DA:12,0
DA:13,0
DA:15,0
DA:16,0
DA:19,0
DA:20,0
DA:21,0
DA:25,0
DA:26,0
DA:29,0
DA:84,0
DA:91,0
DA:92,0
DA:93,0
DA:95,0
DA:97,0
LF:25
LH:0
BRDA:25,0,0,0
BRDA:25,0,1,0
BRDA:40,1,0,0
BRDA:40,1,1,0
BRDA:76,2,0,0
BRDA:76,2,1,0
BRDA:92,3,0,0
BRDA:92,3,1,0
BRDA:107,4,0,0
BRDA:107,4,1,0
BRDA:118,5,0,0
BRDA:118,5,1,0
BRF:12
BRH:0
end_of_record
TN:
SF:src/components/ErrorFallback.tsx
FN:25,(anonymous_7)
FN:40,(anonymous_8)
FN:55,(anonymous_9)
FN:70,(anonymous_10)
FN:85,ErrorFallback
FN:92,(anonymous_12)
FN:92,(anonymous_13)
FN:133,(anonymous_14)
FN:137,(anonymous_15)
FNF:9
FNH:0
FNDA:0,(anonymous_7)
FNDA:0,(anonymous_8)
FNDA:0,(anonymous_9)
FNDA:0,(anonymous_10)
FNDA:0,ErrorFallback
FNDA:0,(anonymous_12)
FNDA:0,(anonymous_13)
FNDA:0,(anonymous_14)
FNDA:0,(anonymous_15)
DA:3,0
DA:4,0
DA:5,0
DA:6,0
DA:7,0
DA:25,0
DA:26,0
DA:28,0
DA:30,0
DA:32,0
DA:34,0
DA:36,0
DA:40,0
DA:41,0
DA:43,0
DA:45,0
DA:47,0
DA:49,0
DA:51,0
DA:55,0
DA:56,0
DA:58,0
DA:60,0
DA:62,0
DA:64,0
DA:66,0
DA:70,0
DA:71,0
DA:73,0
DA:75,0
DA:77,0
DA:79,0
DA:81,0
DA:85,0
DA:92,0
DA:94,0
DA:95,0
DA:96,0
DA:97,0
DA:99,0
DA:102,0
DA:103,0
DA:107,0
DA:108,0
DA:114,0
DA:115,0
DA:119,0
DA:120,0
DA:123,0
DA:124,0
DA:125,0
DA:127,0
DA:130,0
DA:133,0
DA:134,0
DA:137,0
DA:138,0
DA:141,0
LF:58
LH:0
BRDA:26,0,0,0
BRDA:26,0,1,0
BRDA:26,0,2,0
BRDA:26,0,3,0
BRDA:26,0,4,0
BRDA:41,1,0,0
BRDA:41,1,1,0
BRDA:41,1,2,0
BRDA:41,1,3,0
BRDA:41,1,4,0
BRDA:56,2,0,0
BRDA:56,2,1,0
BRDA:56,2,2,0
BRDA:56,2,3,0
BRDA:56,2,4,0
BRDA:71,3,0,0
BRDA:71,3,1,0
BRDA:71,3,2,0
BRDA:71,3,3,0
BRDA:71,3,4,0
BRDA:88,4,0,0
BRDA:89,5,0,0
BRDA:90,6,0,0
BRDA:94,7,0,0
BRDA:94,7,1,0
BRDA:95,8,0,0
BRDA:95,8,1,0
BRDA:114,9,0,0
BRDA:114,9,1,0
BRDA:123,10,0,0
BRDA:123,10,1,0
BRDA:173,11,0,0
BRDA:173,11,1,0
BRDA:175,12,0,0
BRDA:175,12,1,0
BRDA:180,13,0,0
BRDA:180,13,1,0
BRDA:191,14,0,0
BRDA:191,14,1,0
BRDA:195,15,0,0
BRDA:195,15,1,0
BRDA:199,16,0,0
BRDA:199,16,1,0
BRDA:210,17,0,0
BRDA:210,17,1,0
BRDA:217,18,0,0
BRDA:217,18,1,0
BRDA:218,19,0,0
BRDA:218,19,1,0
BRDA:218,20,0,0
BRDA:218,20,1,0
BRDA:244,21,0,0
BRDA:244,21,1,0
BRDA:244,21,2,0
BRF:54
BRH:0
end_of_record
TN:
SF:src/components/NetworkStatusIndicator.tsx
FN:28,NetworkStatusIndicator
FN:36,(anonymous_1)
FN:54,(anonymous_2)
FN:72,(anonymous_3)
FN:90,(anonymous_4)
FN:154,(anonymous_5)
FN:169,NetworkStatusBadge
FN:181,NetworkStatusPanel
FN:194,useNetworkStatusDisplay
FNF:9
FNH:0
FNDA:0,NetworkStatusIndicator
FNDA:0,(anonymous_1)
FNDA:0,(anonymous_2)
FNDA:0,(anonymous_3)
FNDA:0,(anonymous_4)
FNDA:0,(anonymous_5)
FNDA:0,NetworkStatusBadge
FNDA:0,NetworkStatusPanel
FNDA:0,useNetworkStatusDisplay
DA:2,0
DA:3,0
DA:4,0
DA:5,0
DA:6,0
DA:15,0
DA:28,0
DA:34,0
DA:36,0
DA:37,0
DA:38,0
DA:41,0
DA:42,0
DA:44,0
DA:46,0
DA:48,0
DA:50,0
DA:54,0
DA:55,0
DA:56,0
DA:59,0
DA:60,0
DA:62,0
DA:64,0
DA:66,0
DA:68,0
DA:72,0
DA:73,0
DA:74,0
DA:77,0
DA:78,0
DA:80,0
DA:82,0
DA:84,0
DA:86,0
DA:90,0
DA:91,0
DA:93,0
DA:95,0
DA:96,0
DA:99,0
DA:100,0
DA:103,0
DA:104,0
DA:107,0
DA:111,0
DA:115,0
DA:118,0
DA:119,0
DA:130,0
DA:154,0
DA:169,0
DA:170,0
DA:181,0
DA:182,0
DA:194,0
DA:195,0
DA:197,0
LF:58
LH:0
BRDA:29,0,0,0
BRDA:30,1,0,0
BRDA:32,2,0,0
BRDA:37,3,0,0
BRDA:37,3,1,0
BRDA:42,4,0,0
BRDA:42,4,1,0
BRDA:42,4,2,0
BRDA:42,4,3,0
BRDA:55,5,0,0
BRDA:55,5,1,0
BRDA:60,6,0,0
BRDA:60,6,1,0
BRDA:60,6,2,0
BRDA:60,6,3,0
BRDA:73,7,0,0
BRDA:73,7,1,0
BRDA:78,8,0,0
BRDA:78,8,1,0
BRDA:78,8,2,0
BRDA:78,8,3,0
BRDA:91,9,0,0
BRDA:91,9,1,0
BRDA:91,10,0,0
BRDA:91,10,1,0
BRDA:95,11,0,0
BRDA:95,11,1,0
BRDA:99,12,0,0
BRDA:99,12,1,0
BRDA:103,13,0,0
BRDA:103,13,1,0
BRDA:107,14,0,0
BRDA:107,14,1,0
BRDA:111,15,0,0
BRDA:111,15,1,0
BRDA:111,16,0,0
BRDA:111,16,1,0
BRDA:111,16,2,0
BRDA:111,16,3,0
BRDA:118,17,0,0
BRDA:118,17,1,0
BRDA:132,18,0,0
BRDA:132,18,1,0
BRDA:142,19,0,0
BRDA:142,19,1,0
BRDA:142,19,2,0
BRDA:150,20,0,0
BRDA:150,20,1,0
BRDA:150,20,2,0
BRDA:198,21,0,0
BRDA:198,21,1,0
BRDA:198,21,2,0
BRDA:202,22,0,0
BRDA:202,22,1,0
BRDA:203,23,0,0
BRDA:203,23,1,0
BRF:56
BRH:0
end_of_record
TN:
SF:src/components/NotificationCenter.tsx
FN:25,(anonymous_0)
FN:38,(anonymous_1)
FN:51,(anonymous_2)
FN:66,(anonymous_3)
FN:139,(anonymous_4)
FN:174,(anonymous_5)
FN:175,(anonymous_6)
FN:188,(anonymous_7)
FN:203,(anonymous_8)
FN:219,(anonymous_9)
FN:261,(anonymous_10)
FN:276,(anonymous_11)
FN:289,(anonymous_12)
FN:302,(anonymous_13)
FN:315,(anonymous_14)
FN:342,(anonymous_15)
FN:362,(anonymous_16)
FNF:17
FNH:0
FNDA:0,(anonymous_0)
FNDA:0,(anonymous_1)
FNDA:0,(anonymous_2)
FNDA:0,(anonymous_3)
FNDA:0,(anonymous_4)
FNDA:0,(anonymous_5)
FNDA:0,(anonymous_6)
FNDA:0,(anonymous_7)
FNDA:0,(anonymous_8)
FNDA:0,(anonymous_9)
FNDA:0,(anonymous_10)
FNDA:0,(anonymous_11)
FNDA:0,(anonymous_12)
FNDA:0,(anonymous_13)
FNDA:0,(anonymous_14)
FNDA:0,(anonymous_15)
FNDA:0,(anonymous_16)
DA:1,0
DA:2,0
DA:3,0
DA:4,0
DA:6,0
DA:11,0
DA:19,0
DA:20,0
DA:21,0
DA:22,0
DA:23,0
DA:25,0
DA:34,0
DA:36,0
DA:38,0
DA:39,0
DA:41,0
DA:43,0
DA:45,0
DA:47,0
DA:51,0
DA:52,0
DA:54,0
DA:56,0
DA:58,0
DA:60,0
DA:62,0
DA:66,0
DA:67,0
DA:68,0
DA:69,0
DA:71,0
DA:72,0
DA:73,0
DA:74,0
DA:77,0
DA:140,0
DA:174,0
DA:175,0
DA:176,0
DA:178,0
DA:180,0
DA:182,0
DA:184,0
DA:188,0
DA:189,0
DA:191,0
DA:193,0
DA:195,0
DA:197,0
DA:199,0
DA:203,0
DA:204,0
DA:205,0
DA:206,0
DA:208,0
DA:209,0
DA:210,0
DA:211,0
DA:214,0
DA:219,0
DA:261,0
DA:262,0
DA:276,0
DA:289,0
DA:302,0
DA:315,0
DA:342,0
DA:362,0
LF:69
LH:0
BRDA:39,0,0,0
BRDA:39,0,1,0
BRDA:39,0,2,0
BRDA:39,0,3,0
BRDA:52,1,0,0
BRDA:52,1,1,0
BRDA:52,1,2,0
BRDA:52,1,3,0
BRDA:52,1,4,0
BRDA:71,2,0,0
BRDA:71,2,1,0
BRDA:72,3,0,0
BRDA:72,3,1,0
BRDA:73,4,0,0
BRDA:73,4,1,0
BRDA:83,5,0,0
BRDA:83,5,1,0
BRDA:88,6,0,0
BRDA:88,6,1,0
BRDA:97,7,0,0
BRDA:97,7,1,0
BRDA:131,8,0,0
BRDA:131,8,1,0
BRDA:150,9,0,0
BRDA:150,9,1,0
BRDA:176,10,0,0
BRDA:176,10,1,0
BRDA:176,10,2,0
BRDA:176,10,3,0
BRDA:189,11,0,0
BRDA:189,11,1,0
BRDA:189,11,2,0
BRDA:189,11,3,0
BRDA:189,11,4,0
BRDA:208,12,0,0
BRDA:208,12,1,0
BRDA:209,13,0,0
BRDA:209,13,1,0
BRDA:210,14,0,0
BRDA:210,14,1,0
BRDA:217,15,0,0
BRDA:217,15,1,0
BRDA:219,16,0,0
BRDA:219,16,1,0
BRDA:231,17,0,0
BRDA:231,17,1,0
BRDA:328,18,0,0
BRDA:328,18,1,0
BRDA:348,19,0,0
BRDA:348,19,1,0
BRDA:368,20,0,0
BRDA:368,20,1,0
BRDA:368,20,2,0
BRDA:368,20,3,0
BRDA:376,21,0,0
BRDA:376,21,1,0
BRDA:376,21,2,0
BRDA:376,21,3,0
BRF:58
BRH:0
end_of_record
TN:
SF:src/components/OfflineIndicator.tsx
FN:31,OfflineIndicator
FN:41,(anonymous_8)
FN:55,(anonymous_9)
FN:55,(anonymous_10)
FN:65,(anonymous_11)
FN:67,(anonymous_12)
FN:71,(anonymous_13)
FN:80,(anonymous_14)
FN:90,(anonymous_15)
FN:100,(anonymous_16)
FN:221,OfflineStatusBadge
FN:235,OfflineStatusPanel
FN:249,useOfflineDisplay
FNF:13
FNH:0
FNDA:0,OfflineIndicator
FNDA:0,(anonymous_8)
FNDA:0,(anonymous_9)
FNDA:0,(anonymous_10)
FNDA:0,(anonymous_11)
FNDA:0,(anonymous_12)
FNDA:0,(anonymous_13)
FNDA:0,(anonymous_14)
FNDA:0,(anonymous_15)
FNDA:0,(anonymous_16)
FNDA:0,OfflineStatusBadge
FNDA:0,OfflineStatusPanel
FNDA:0,useOfflineDisplay
DA:1,0
DA:2,0
DA:3,0
DA:4,0
DA:5,0
DA:6,0
DA:7,0
DA:16,0
DA:31,0
DA:38,0
DA:39,0
DA:41,0
DA:42,0
DA:43,0
DA:44,0
DA:46,0
DA:47,0
DA:48,0
DA:49,0
DA:51,0
DA:55,0
DA:56,0
DA:57,0
DA:58,0
DA:60,0
DA:65,0
DA:66,0
DA:67,0
DA:68,0
DA:71,0
DA:76,0
DA:77,0
DA:80,0
DA:81,0
DA:82,0
DA:84,0
DA:85,0
DA:87,0
DA:90,0
DA:91,0
DA:92,0
DA:94,0
DA:95,0
DA:97,0
DA:100,0
DA:101,0
DA:102,0
DA:104,0
DA:105,0
DA:107,0
DA:110,0
DA:111,0
DA:127,0
DA:221,0
DA:222,0
DA:235,0
DA:236,0
DA:249,0
DA:250,0
DA:252,0
LF:60
LH:0
BRDA:32,0,0,0
BRDA:33,1,0,0
BRDA:35,2,0,0
BRDA:36,3,0,0
BRDA:46,4,0,0
BRDA:46,4,1,0
BRDA:48,5,0,0
BRDA:48,5,1,0
BRDA:66,6,0,0
BRDA:66,6,1,0
BRDA:66,7,0,0
BRDA:66,7,1,0
BRDA:76,8,0,0
BRDA:76,8,1,0
BRDA:76,9,0,0
BRDA:76,9,1,0
BRDA:81,10,0,0
BRDA:81,10,1,0
BRDA:84,11,0,0
BRDA:84,11,1,0
BRDA:91,12,0,0
BRDA:91,12,1,0
BRDA:94,13,0,0
BRDA:94,13,1,0
BRDA:101,14,0,0
BRDA:101,14,1,0
BRDA:104,15,0,0
BRDA:104,15,1,0
BRDA:110,16,0,0
BRDA:110,16,1,0
BRDA:118,17,0,0
BRDA:118,17,1,0
BRDA:118,17,2,0
BRDA:129,18,0,0
BRDA:129,18,1,0
BRDA:138,19,0,0
BRDA:138,19,1,0
BRDA:138,19,2,0
BRDA:147,20,0,0
BRDA:147,20,1,0
BRDA:154,21,0,0
BRDA:154,21,1,0
BRDA:154,21,2,0
BRDA:157,22,0,0
BRDA:157,22,1,0
BRDA:171,23,0,0
BRDA:171,23,1,0
BRDA:179,24,0,0
BRDA:179,24,1,0
BRDA:179,24,2,0
BRDA:201,25,0,0
BRDA:201,25,1,0
BRDA:201,25,2,0
BRDA:209,26,0,0
BRDA:209,26,1,0
BRDA:210,27,0,0
BRDA:210,27,1,0
BRDA:253,28,0,0
BRDA:253,28,1,0
BRF:59
BRH:0
end_of_record
TN:
SF:src/components/PatientDetail/EditablePatientSummaryPanel.tsx
FN:17,(anonymous_7)
FN:37,(anonymous_8)
FN:45,(anonymous_9)
FN:46,(anonymous_10)
FN:52,(anonymous_11)
FN:52,(anonymous_12)
FN:87,(anonymous_13)
FN:94,(anonymous_14)
FN:139,(anonymous_15)
FN:155,(anonymous_16)
FN:177,(anonymous_17)
FN:193,(anonymous_18)
FN:217,(anonymous_19)
FN:234,(anonymous_20)
FN:252,(anonymous_21)
FN:279,(anonymous_22)
FN:291,(anonymous_23)
FNF:17
FNH:0
FNDA:0,(anonymous_7)
FNDA:0,(anonymous_8)
FNDA:0,(anonymous_9)
FNDA:0,(anonymous_10)
FNDA:0,(anonymous_11)
FNDA:0,(anonymous_12)
FNDA:0,(anonymous_13)
FNDA:0,(anonymous_14)
FNDA:0,(anonymous_15)
FNDA:0,(anonymous_16)
FNDA:0,(anonymous_17)
FNDA:0,(anonymous_18)
FNDA:0,(anonymous_19)
FNDA:0,(anonymous_20)
FNDA:0,(anonymous_21)
FNDA:0,(anonymous_22)
FNDA:0,(anonymous_23)
DA:1,0
DA:2,0
DA:3,0
DA:4,0
DA:5,0
DA:7,0
DA:8,0
DA:9,0
DA:10,0
DA:17,0
DA:21,0
DA:22,0
DA:23,0
DA:24,0
DA:30,0
DA:33,0
DA:34,0
DA:37,0
DA:38,0
DA:40,0
DA:42,0
DA:45,0
DA:46,0
DA:52,0
DA:53,0
DA:54,0
DA:55,0
DA:58,0
DA:60,0
DA:65,0
DA:66,0
DA:69,0
DA:74,0
DA:75,0
DA:78,0
DA:87,0
DA:88,0
DA:94,0
DA:95,0
DA:96,0
DA:98,0
DA:102,0
DA:139,0
DA:155,0
DA:177,0
DA:193,0
DA:217,0
DA:234,0
DA:252,0
DA:279,0
DA:280,0
DA:292,0
LF:52
LH:0
BRDA:33,0,0,0
BRDA:33,0,1,0
BRDA:33,1,0,0
BRDA:33,1,1,0
BRDA:38,2,0,0
BRDA:38,2,1,0
BRDA:53,3,0,0
BRDA:53,3,1,0
BRDA:74,4,0,0
BRDA:74,4,1,0
BRDA:80,5,0,0
BRDA:80,5,1,0
BRDA:80,6,0,0
BRDA:80,6,1,0
BRDA:80,7,0,0
BRDA:80,7,1,0
BRDA:88,8,0,0
BRDA:88,8,1,0
BRDA:111,9,0,0
BRDA:111,9,1,0
BRDA:116,10,0,0
BRDA:116,10,1,0
BRDA:136,11,0,0
BRDA:136,11,1,0
BRDA:151,12,0,0
BRDA:151,12,1,0
BRDA:174,13,0,0
BRDA:174,13,1,0
BRDA:189,14,0,0
BRDA:189,14,1,0
BRDA:214,15,0,0
BRDA:214,15,1,0
BRDA:231,16,0,0
BRDA:231,16,1,0
BRDA:249,17,0,0
BRDA:249,17,1,0
BRDA:261,18,0,0
BRDA:261,18,1,0
BRDA:265,19,0,0
BRDA:265,19,1,0
BRDA:265,19,2,0
BRF:41
BRH:0
end_of_record
TN:
SF:src/components/PatientDetail/LoadingStates.tsx
FN:8,(anonymous_0)
FN:131,(anonymous_1)
FN:150,(anonymous_2)
FN:167,(anonymous_3)
FN:206,(anonymous_4)
FNF:5
FNH:0
FNDA:0,(anonymous_0)
FNDA:0,(anonymous_1)
FNDA:0,(anonymous_2)
FNDA:0,(anonymous_3)
FNDA:0,(anonymous_4)
DA:1,0
DA:2,0
DA:8,0
DA:9,0
DA:132,0
DA:150,0
DA:151,0
DA:167,0
DA:168,0
DA:206,0
LF:10
LH:0
BRDA:198,0,0,0
BRDA:198,0,1,0
BRF:2
BRH:0
end_of_record
TN:
SF:src/components/PatientDetail/PatientSummaryPanel.tsx
FN:9,(anonymous_0)
FNF:1
FNH:0
FNDA:0,(anonymous_0)
DA:1,0
DA:2,0
DA:9,0
DA:10,0
LF:4
LH:0
BRF:0
BRH:0
end_of_record
TN:
SF:src/components/PatientDetail/ReferralManagement.tsx
FN:57,(anonymous_7)
FN:91,(anonymous_8)
FN:91,(anonymous_9)
FN:123,(anonymous_10)
FN:123,(anonymous_11)
FN:154,(anonymous_12)
FN:154,(anonymous_13)
FN:185,(anonymous_14)
FN:185,(anonymous_15)
FN:263,(anonymous_16)
FN:263,(anonymous_17)
FN:271,(anonymous_18)
FN:271,(anonymous_19)
FN:272,(anonymous_20)
FN:272,(anonymous_21)
FN:273,(anonymous_22)
FN:273,(anonymous_23)
FN:341,(anonymous_24)
FN:353,(anonymous_25)
FN:392,(anonymous_26)
FN:408,(anonymous_27)
FN:479,(anonymous_28)
FN:500,(anonymous_29)
FN:525,(anonymous_30)
FN:561,(anonymous_31)
FN:629,(anonymous_32)
FN:636,(anonymous_33)
FN:650,(anonymous_34)
FN:664,(anonymous_35)
FN:776,(anonymous_36)
FN:827,(anonymous_37)
FN:863,(anonymous_38)
FN:908,(anonymous_39)
FN:925,(anonymous_40)
FNF:34
FNH:0
FNDA:0,(anonymous_7)
FNDA:0,(anonymous_8)
FNDA:0,(anonymous_9)
FNDA:0,(anonymous_10)
FNDA:0,(anonymous_11)
FNDA:0,(anonymous_12)
FNDA:0,(anonymous_13)
FNDA:0,(anonymous_14)
FNDA:0,(anonymous_15)
FNDA:0,(anonymous_16)
FNDA:0,(anonymous_17)
FNDA:0,(anonymous_18)
FNDA:0,(anonymous_19)
FNDA:0,(anonymous_20)
FNDA:0,(anonymous_21)
FNDA:0,(anonymous_22)
FNDA:0,(anonymous_23)
FNDA:0,(anonymous_24)
FNDA:0,(anonymous_25)
FNDA:0,(anonymous_26)
FNDA:0,(anonymous_27)
FNDA:0,(anonymous_28)
FNDA:0,(anonymous_29)
FNDA:0,(anonymous_30)
FNDA:0,(anonymous_31)
FNDA:0,(anonymous_32)
FNDA:0,(anonymous_33)
FNDA:0,(anonymous_34)
FNDA:0,(anonymous_35)
FNDA:0,(anonymous_36)
FNDA:0,(anonymous_37)
FNDA:0,(anonymous_38)
FNDA:0,(anonymous_39)
FNDA:0,(anonymous_40)
DA:1,0
DA:2,0
DA:3,0
DA:4,0
DA:5,0
DA:15,0
DA:23,0
DA:24,0
DA:25,0
DA:38,0
DA:39,0
DA:40,0
DA:57,0
DA:71,0
DA:72,0
DA:73,0
DA:74,0
DA:75,0
DA:76,0
DA:77,0
DA:83,0
DA:89,0
DA:91,0
DA:92,0
DA:93,0
DA:94,0
DA:95,0
DA:98,0
DA:99,0
DA:107,0
DA:112,0
DA:113,0
DA:119,0
DA:123,0
DA:124,0
DA:125,0
DA:126,0
DA:127,0
DA:128,0
DA:131,0
DA:132,0
DA:139,0
DA:144,0
DA:150,0
DA:154,0
DA:155,0
DA:156,0
DA:157,0
DA:158,0
DA:159,0
DA:162,0
DA:163,0
DA:170,0
DA:175,0
DA:181,0
DA:185,0
DA:186,0
DA:187,0
DA:188,0
DA:189,0
DA:192,0
DA:193,0
DA:200,0
DA:205,0
DA:211,0
DA:215,0
DA:263,0
DA:271,0
DA:272,0
DA:273,0
DA:341,0
DA:353,0
DA:392,0
DA:408,0
DA:479,0
DA:480,0
DA:482,0
DA:500,0
DA:501,0
DA:525,0
DA:530,0
DA:562,0
DA:629,0
DA:636,0
DA:637,0
DA:640,0
DA:642,0
DA:644,0
DA:646,0
DA:650,0
DA:651,0
DA:654,0
DA:656,0
DA:658,0
DA:660,0
DA:664,0
DA:665,0
DA:667,0
DA:669,0
DA:671,0
DA:673,0
DA:675,0
DA:679,0
DA:776,0
DA:777,0
DA:778,0
DA:791,0
DA:792,0
DA:805,0
DA:806,0
DA:819,0
DA:827,0
DA:828,0
DA:859,0
DA:864,0
DA:908,0
DA:909,0
DA:926,0
LF:118
LH:0
BRDA:98,0,0,0
BRDA:98,0,1,0
BRDA:98,1,0,0
BRDA:98,1,1,0
BRDA:109,2,0,0
BRDA:109,2,1,0
BRDA:109,3,0,0
BRDA:109,3,1,0
BRDA:131,4,0,0
BRDA:131,4,1,0
BRDA:131,5,0,0
BRDA:131,5,1,0
BRDA:162,6,0,0
BRDA:162,6,1,0
BRDA:162,7,0,0
BRDA:162,7,1,0
BRDA:192,8,0,0
BRDA:192,8,1,0
BRDA:192,9,0,0
BRDA:192,9,1,0
BRDA:224,10,0,0
BRDA:224,10,1,0
BRDA:224,10,2,0
BRDA:234,11,0,0
BRDA:234,11,1,0
BRDA:243,12,0,0
BRDA:243,12,1,0
BRDA:245,13,0,0
BRDA:245,13,1,0
BRDA:259,14,0,0
BRDA:259,14,1,0
BRDA:259,14,2,0
BRDA:267,15,0,0
BRDA:267,15,1,0
BRDA:288,16,0,0
BRDA:288,16,1,0
BRDA:288,17,0,0
BRDA:288,17,1,0
BRDA:306,18,0,0
BRDA:306,18,1,0
BRDA:331,19,0,0
BRDA:331,19,1,0
BRDA:331,20,0,0
BRDA:331,20,1,0
BRDA:357,21,0,0
BRDA:357,21,1,0
BRDA:412,22,0,0
BRDA:412,22,1,0
BRDA:441,23,0,0
BRDA:441,23,1,0
BRDA:441,24,0,0
BRDA:441,24,1,0
BRDA:455,25,0,0
BRDA:455,25,1,0
BRDA:480,26,0,0
BRDA:480,26,1,0
BRDA:545,27,0,0
BRDA:545,27,1,0
BRDA:548,28,0,0
BRDA:548,28,1,0
BRDA:548,29,0,0
BRDA:548,29,1,0
BRDA:557,30,0,0
BRDA:557,30,1,0
BRDA:557,30,2,0
BRDA:566,31,0,0
BRDA:566,31,1,0
BRDA:576,32,0,0
BRDA:576,32,1,0
BRDA:578,33,0,0
BRDA:578,33,1,0
BRDA:580,34,0,0
BRDA:580,34,1,0
BRDA:581,35,0,0
BRDA:581,35,1,0
BRDA:583,36,0,0
BRDA:583,36,1,0
BRDA:600,37,0,0
BRDA:600,37,1,0
BRDA:637,38,0,0
BRDA:637,38,1,0
BRDA:637,38,2,0
BRDA:637,38,3,0
BRDA:637,38,4,0
BRDA:651,39,0,0
BRDA:651,39,1,0
BRDA:651,39,2,0
BRDA:651,39,3,0
BRDA:651,39,4,0
BRDA:665,40,0,0
BRDA:665,40,1,0
BRDA:665,40,2,0
BRDA:665,40,3,0
BRDA:665,40,4,0
BRDA:707,41,0,0
BRDA:707,41,1,0
BRDA:707,42,0,0
BRDA:707,42,1,0
BRDA:707,43,0,0
BRDA:707,43,1,0
BRDA:708,44,0,0
BRDA:708,44,1,0
BRDA:708,45,0,0
BRDA:708,45,1,0
BRDA:708,46,0,0
BRDA:708,46,1,0
BRDA:709,47,0,0
BRDA:709,47,1,0
BRDA:709,48,0,0
BRDA:709,48,1,0
BRDA:709,49,0,0
BRDA:709,49,1,0
BRDA:710,50,0,0
BRDA:710,50,1,0
BRDA:710,51,0,0
BRDA:710,51,1,0
BRDA:710,52,0,0
BRDA:710,52,1,0
BRDA:717,53,0,0
BRDA:717,53,1,0
BRDA:744,54,0,0
BRDA:744,54,1,0
BRDA:753,55,0,0
BRDA:753,55,1,0
BRDA:777,56,0,0
BRDA:777,56,1,0
BRDA:777,57,0,0
BRDA:777,57,1,0
BRDA:791,58,0,0
BRDA:791,58,1,0
BRDA:805,59,0,0
BRDA:805,59,1,0
BRDA:841,60,0,0
BRDA:841,60,1,0
BRDA:847,61,0,0
BRDA:847,61,1,0
BRDA:847,62,0,0
BRDA:847,62,1,0
BRDA:847,63,0,0
BRDA:847,63,1,0
BRDA:847,64,0,0
BRDA:847,64,1,0
BRDA:847,65,0,0
BRDA:847,65,1,0
BRDA:848,66,0,0
BRDA:848,66,1,0
BRDA:848,67,0,0
BRDA:848,67,1,0
BRDA:854,68,0,0
BRDA:854,68,1,0
BRDA:854,69,0,0
BRDA:854,69,1,0
BRDA:855,70,0,0
BRDA:855,70,1,0
BRDA:855,71,0,0
BRDA:855,71,1,0
BRDA:868,72,0,0
BRDA:868,72,1,0
BRDA:870,73,0,0
BRDA:870,73,1,0
BRDA:875,74,0,0
BRDA:875,74,1,0
BRDA:883,75,0,0
BRDA:883,75,1,0
BRDA:883,76,0,0
BRDA:883,76,1,0
BRDA:892,77,0,0
BRDA:892,77,1,0
BRDA:895,78,0,0
BRDA:895,78,1,0
BRDA:895,79,0,0
BRDA:895,79,1,0
BRDA:934,80,0,0
BRDA:934,80,1,0
BRF:174
BRH:0
end_of_record
TN:
SF:src/components/PatientDetail/RiskAnalysisCard.tsx
FN:13,(anonymous_0)
FN:17,(anonymous_1)
FN:74,(anonymous_2)
FN:124,(anonymous_3)
FN:153,(anonymous_4)
FN:155,(anonymous_5)
FN:177,(anonymous_6)
FN:201,(anonymous_7)
FNF:8
FNH:0
FNDA:0,(anonymous_0)
FNDA:0,(anonymous_1)
FNDA:0,(anonymous_2)
FNDA:0,(anonymous_3)
FNDA:0,(anonymous_4)
FNDA:0,(anonymous_5)
FNDA:0,(anonymous_6)
FNDA:0,(anonymous_7)
DA:1,0
DA:2,0
DA:3,0
DA:5,0
DA:6,0
DA:7,0
DA:13,0
DA:14,0
DA:15,0
DA:17,0
DA:18,0
DA:20,0
DA:22,0
DA:24,0
DA:26,0
DA:31,0
DA:32,0
DA:35,0
DA:74,0
DA:124,0
DA:153,0
DA:155,0
DA:156,0
DA:157,0
DA:158,0
DA:161,0
DA:177,0
DA:178,0
DA:202,0
LF:29
LH:0
BRDA:18,0,0,0
BRDA:18,0,1,0
BRDA:18,0,2,0
BRDA:18,0,3,0
BRDA:31,1,0,0
BRDA:31,1,1,0
BRDA:31,2,0,0
BRDA:31,2,1,0
BRDA:62,3,0,0
BRDA:62,3,1,0
BRDA:65,4,0,0
BRDA:65,4,1,0
BRDA:104,5,0,0
BRDA:104,5,1,0
BRDA:118,6,0,0
BRDA:118,6,1,0
BRDA:156,7,0,0
BRDA:156,7,1,0
BRDA:157,8,0,0
BRDA:157,8,1,0
BRF:20
BRH:0
end_of_record
TN:
SF:src/components/PatientDetail/RiskScoreExplanation.tsx
FN:37,(anonymous_0)
FN:43,(anonymous_1)
FN:57,(anonymous_2)
FN:64,(anonymous_3)
FN:84,(anonymous_4)
FN:128,(anonymous_5)
FN:130,(anonymous_6)
FN:131,(anonymous_7)
FN:173,(anonymous_8)
FN:187,(anonymous_9)
FN:189,(anonymous_10)
FN:190,(anonymous_11)
FN:192,(anonymous_12)
FN:232,(anonymous_13)
FN:258,(anonymous_14)
FN:308,(anonymous_15)
FNF:16
FNH:0
FNDA:0,(anonymous_0)
FNDA:0,(anonymous_1)
FNDA:0,(anonymous_2)
FNDA:0,(anonymous_3)
FNDA:0,(anonymous_4)
FNDA:0,(anonymous_5)
FNDA:0,(anonymous_6)
FNDA:0,(anonymous_7)
FNDA:0,(anonymous_8)
FNDA:0,(anonymous_9)
FNDA:0,(anonymous_10)
FNDA:0,(anonymous_11)
FNDA:0,(anonymous_12)
FNDA:0,(anonymous_13)
FNDA:0,(anonymous_14)
FNDA:0,(anonymous_15)
DA:2,0
DA:10,0
DA:12,0
DA:18,0
DA:28,0
DA:29,0
DA:37,0
DA:43,0
DA:44,0
DA:46,0
DA:48,0
DA:50,0
DA:52,0
DA:57,0
DA:58,0
DA:59,0
DA:60,0
DA:64,0
DA:65,0
DA:67,0
DA:69,0
DA:71,0
DA:73,0
DA:75,0
DA:77,0
DA:79,0
DA:84,0
DA:85,0
DA:87,0
DA:88,0
DA:89,0
DA:90,0
DA:93,0
DA:94,0
DA:95,0
DA:96,0
DA:99,0
DA:100,0
DA:101,0
DA:102,0
DA:105,0
DA:106,0
DA:107,0
DA:108,0
DA:111,0
DA:112,0
DA:113,0
DA:114,0
DA:115,0
DA:118,0
DA:119,0
DA:120,0
DA:123,0
DA:128,0
DA:129,0
DA:130,0
DA:131,0
DA:133,0
DA:134,0
DA:137,0
DA:139,0
DA:140,0
DA:141,0
DA:144,0
DA:145,0
DA:146,0
DA:149,0
DA:150,0
DA:151,0
DA:154,0
DA:155,0
DA:156,0
DA:159,0
DA:160,0
DA:161,0
DA:164,0
DA:165,0
DA:166,0
DA:169,0
DA:173,0
DA:174,0
DA:176,0
DA:178,0
DA:180,0
DA:182,0
DA:187,0
DA:188,0
DA:189,0
DA:190,0
DA:192,0
DA:195,0
DA:196,0
DA:198,0
DA:233,0
DA:260,0
DA:262,0
DA:263,0
DA:265,0
DA:309,0
DA:327,0
LF:100
LH:0
BRDA:44,0,0,0
BRDA:44,0,1,0
BRDA:44,0,2,0
BRDA:44,0,3,0
BRDA:58,1,0,0
BRDA:58,1,1,0
BRDA:59,2,0,0
BRDA:59,2,1,0
BRDA:65,3,0,0
BRDA:65,3,1,0
BRDA:65,3,2,0
BRDA:65,3,3,0
BRDA:65,3,4,0
BRDA:65,3,5,0
BRDA:65,3,6,0
BRDA:85,4,0,0
BRDA:85,4,1,0
BRDA:85,4,2,0
BRDA:85,4,3,0
BRDA:85,4,4,0
BRDA:85,4,5,0
BRDA:85,4,6,0
BRDA:87,5,0,0
BRDA:87,5,1,0
BRDA:89,6,0,0
BRDA:89,6,1,0
BRDA:93,7,0,0
BRDA:93,7,1,0
BRDA:95,8,0,0
BRDA:95,8,1,0
BRDA:99,9,0,0
BRDA:99,9,1,0
BRDA:101,10,0,0
BRDA:101,10,1,0
BRDA:105,11,0,0
BRDA:105,11,1,0
BRDA:107,12,0,0
BRDA:107,12,1,0
BRDA:111,13,0,0
BRDA:111,13,1,0
BRDA:113,14,0,0
BRDA:113,14,1,0
BRDA:118,15,0,0
BRDA:118,15,1,0
BRDA:119,16,0,0
BRDA:119,16,1,0
BRDA:133,17,0,0
BRDA:133,17,1,0
BRDA:139,18,0,0
BRDA:139,18,1,0
BRDA:144,19,0,0
BRDA:144,19,1,0
BRDA:149,20,0,0
BRDA:149,20,1,0
BRDA:154,21,0,0
BRDA:154,21,1,0
BRDA:159,22,0,0
BRDA:159,22,1,0
BRDA:164,23,0,0
BRDA:164,23,1,0
BRDA:174,24,0,0
BRDA:174,24,1,0
BRDA:174,24,2,0
BRDA:174,24,3,0
BRDA:218,25,0,0
BRDA:218,25,1,0
BRDA:236,26,0,0
BRDA:236,26,1,0
BRDA:238,27,0,0
BRDA:238,27,1,0
BRDA:240,28,0,0
BRDA:240,28,1,0
BRDA:242,29,0,0
BRDA:242,29,1,0
BRDA:244,30,0,0
BRDA:244,30,1,0
BRDA:260,31,0,0
BRDA:260,31,1,0
BRDA:271,32,0,0
BRDA:271,32,1,0
BRDA:273,33,0,0
BRDA:273,33,1,0
BRDA:275,34,0,0
BRDA:275,34,1,0
BRDA:277,35,0,0
BRDA:277,35,1,0
BRDA:279,36,0,0
BRDA:279,36,1,0
BRF:88
BRH:0
end_of_record
TN:
SF:src/components/PatientDetail/index.ts
FN:1,(anonymous_1)
FN:2,(anonymous_2)
FN:3,(anonymous_3)
FN:4,(anonymous_4)
FN:5,(anonymous_5)
FN:6,(anonymous_6)
FN:7,(anonymous_7)
FN:8,(anonymous_8)
FN:8,(anonymous_9)
FN:9,(anonymous_10)
FNF:10
FNH:0
FNDA:0,(anonymous_1)
FNDA:0,(anonymous_2)
FNDA:0,(anonymous_3)
FNDA:0,(anonymous_4)
FNDA:0,(anonymous_5)
FNDA:0,(anonymous_6)
FNDA:0,(anonymous_7)
FNDA:0,(anonymous_8)
FNDA:0,(anonymous_9)
FNDA:0,(anonymous_10)
DA:1,0
DA:2,0
DA:3,0
DA:4,0
DA:5,0
DA:6,0
DA:7,0
DA:8,0
DA:9,0
LF:9
LH:0
BRF:0
BRH:0
end_of_record
TN:
SF:src/components/ui/accordion.tsx
FN:12,(anonymous_7)
FN:24,(anonymous_8)
FN:44,(anonymous_9)
FNF:3
FNH:0
FNDA:0,(anonymous_7)
FNDA:0,(anonymous_8)
FNDA:0,(anonymous_9)
DA:1,0
DA:2,0
DA:3,0
DA:5,0
DA:7,0
DA:9,0
DA:12,0
DA:19,0
DA:21,0
DA:24,0
DA:39,0
DA:41,0
DA:44,0
DA:54,0
DA:56,0
LF:15
LH:0
BRF:0
BRH:0
end_of_record
TN:
SF:src/components/ui/alert-dialog.tsx
FN:16,(anonymous_7)
FN:31,(anonymous_8)
FN:46,(anonymous_9)
FN:60,(anonymous_10)
FN:77,(anonymous_11)
FN:89,(anonymous_12)
FN:102,(anonymous_13)
FN:114,(anonymous_14)
FNF:8
FNH:0
FNDA:0,(anonymous_7)
FNDA:0,(anonymous_8)
FNDA:0,(anonymous_9)
FNDA:0,(anonymous_10)
FNDA:0,(anonymous_11)
FNDA:0,(anonymous_12)
FNDA:0,(anonymous_13)
FNDA:0,(anonymous_14)
DA:1,0
DA:2,0
DA:4,0
DA:5,0
DA:7,0
DA:9,0
DA:11,0
DA:13,0
DA:16,0
DA:26,0
DA:28,0
DA:31,0
DA:44,0
DA:46,0
DA:47,0
DA:48,0
DA:49,0
DA:58,0
DA:60,0
DA:61,0
DA:62,0
DA:63,0
DA:72,0
DA:74,0
DA:77,0
DA:84,0
DA:86,0
DA:89,0
DA:96,0
DA:99,0
DA:102,0
DA:109,0
DA:111,0
DA:114,0
DA:125,0
DA:128,0
DA:129,0
DA:130,0
DA:131,0
DA:132,0
DA:133,0
DA:134,0
DA:135,0
DA:136,0
DA:137,0
DA:138,0
LF:46
LH:0
BRF:0
BRH:0
end_of_record
TN:
SF:src/components/ui/alert.tsx
FN:25,(anonymous_7)
FN:38,(anonymous_8)
FN:50,(anonymous_9)
FNF:3
FNH:0
FNDA:0,(anonymous_7)
FNDA:0,(anonymous_8)
FNDA:0,(anonymous_9)
DA:1,0
DA:2,0
DA:4,0
DA:6,0
DA:22,0
DA:25,0
DA:33,0
DA:35,0
DA:38,0
DA:45,0
DA:47,0
DA:50,0
DA:57,0
DA:59,0
LF:14
LH:0
BRF:0
BRH:0
end_of_record
TN:
SF:src/components/ui/aspect-ratio.tsx
FNF:0
FNH:0
DA:1,0
DA:3,0
DA:5,0
LF:3
LH:0
BRF:0
BRH:0
end_of_record
TN:
SF:src/components/ui/avatar.tsx
FN:9,(anonymous_7)
FN:24,(anonymous_8)
FN:36,(anonymous_9)
FNF:3
FNH:0
FNDA:0,(anonymous_7)
FNDA:0,(anonymous_8)
FNDA:0,(anonymous_9)
DA:1,0
DA:2,0
DA:4,0
DA:6,0
DA:9,0
DA:19,0
DA:21,0
DA:24,0
DA:31,0
DA:33,0
DA:36,0
DA:46,0
DA:48,0
LF:13
LH:0
BRF:0
BRH:0
end_of_record
TN:
SF:src/components/ui/badge.tsx
FN:30,Badge
FNF:1
FNH:0
FNDA:0,Badge
DA:2,0
DA:4,0
DA:6,0
DA:30,0
DA:31,0
DA:36,0
LF:6
LH:0
BRF:0
BRH:0
end_of_record
TN:
SF:src/components/ui/breadcrumb.tsx
FN:12,(anonymous_7)
FN:18,(anonymous_8)
FN:33,(anonymous_9)
FN:47,(anonymous_10)
FN:63,(anonymous_11)
FN:75,(anonymous_12)
FN:91,(anonymous_13)
FNF:7
FNH:0
FNDA:0,(anonymous_7)
FNDA:0,(anonymous_8)
FNDA:0,(anonymous_9)
FNDA:0,(anonymous_10)
FNDA:0,(anonymous_11)
FNDA:0,(anonymous_12)
FNDA:0,(anonymous_13)
DA:1,0
DA:2,0
DA:3,0
DA:5,0
DA:7,0
DA:12,0
DA:13,0
DA:15,0
DA:18,0
DA:28,0
DA:30,0
DA:33,0
DA:40,0
DA:42,0
DA:47,0
DA:48,0
DA:50,0
DA:58,0
DA:60,0
DA:63,0
DA:73,0
DA:75,0
DA:77,0
DA:78,0
DA:79,0
DA:89,0
DA:91,0
DA:92,0
DA:93,0
DA:94,0
DA:105,0
DA:108,0
DA:109,0
DA:110,0
DA:111,0
DA:112,0
DA:113,0
DA:114,0
LF:38
LH:0
BRDA:48,0,0,0
BRDA:48,0,1,0
BRDA:86,1,0,0
BRDA:86,1,1,0
BRDA:86,2,0,0
BRDA:86,2,1,0
BRF:6
BRH:0
end_of_record
TN:
SF:src/components/ui/button.tsx
FN:43,(anonymous_7)
FNF:1
FNH:0
FNDA:0,(anonymous_7)
DA:1,0
DA:2,0
DA:3,0
DA:5,0
DA:7,0
DA:42,0
DA:43,0
DA:44,0
DA:45,0
DA:54,0
DA:56,0
LF:11
LH:0
BRDA:43,0,0,0
BRDA:44,1,0,0
BRDA:44,1,1,0
BRF:3
BRH:0
end_of_record
TN:
SF:src/components/ui/calendar.tsx
FN:10,Calendar
FN:55,(anonymous_2)
FN:56,(anonymous_3)
FNF:3
FNH:0
FNDA:0,Calendar
FNDA:0,(anonymous_2)
FNDA:0,(anonymous_3)
DA:2,0
DA:3,0
DA:5,0
DA:6,0
DA:13,0
DA:14,0
DA:16,0
DA:55,0
DA:56,0
DA:62,0
DA:64,0
LF:11
LH:0
BRDA:13,0,0,0
BRF:1
BRH:0
end_of_record
TN:
SF:src/components/ui/card.tsx
FN:8,(anonymous_7)
FN:23,(anonymous_8)
FN:35,(anonymous_9)
FN:50,(anonymous_10)
FN:62,(anonymous_11)
FN:70,(anonymous_12)
FNF:6
FNH:0
FNDA:0,(anonymous_7)
FNDA:0,(anonymous_8)
FNDA:0,(anonymous_9)
FNDA:0,(anonymous_10)
FNDA:0,(anonymous_11)
FNDA:0,(anonymous_12)
DA:1,0
DA:3,0
DA:5,0
DA:8,0
DA:18,0
DA:20,0
DA:23,0
DA:30,0
DA:32,0
DA:35,0
DA:45,0
DA:47,0
DA:50,0
DA:57,0
DA:59,0
DA:62,0
DA:65,0
DA:67,0
DA:70,0
DA:77,0
DA:79,0
LF:21
LH:0
BRF:0
BRH:0
end_of_record
TN:
SF:src/components/ui/carousel.tsx
FN:33,useCarousel
FN:47,(anonymous_9)
FN:69,(anonymous_10)
FN:78,(anonymous_11)
FN:82,(anonymous_12)
FN:87,(anonymous_13)
FN:99,(anonymous_14)
FN:107,(anonymous_15)
FN:116,(anonymous_16)
FN:154,(anonymous_17)
FN:176,(anonymous_18)
FN:198,(anonymous_19)
FN:227,(anonymous_20)
FNF:13
FNH:0
FNDA:0,useCarousel
FNDA:0,(anonymous_9)
FNDA:0,(anonymous_10)
FNDA:0,(anonymous_11)
FNDA:0,(anonymous_12)
FNDA:0,(anonymous_13)
FNDA:0,(anonymous_14)
FNDA:0,(anonymous_15)
FNDA:0,(anonymous_16)
FNDA:0,(anonymous_17)
FNDA:0,(anonymous_18)
FNDA:0,(anonymous_19)
FNDA:0,(anonymous_20)
DA:1,0
DA:2,0
DA:5,0
DA:7,0
DA:8,0
DA:31,0
DA:34,0
DA:36,0
DA:37,0
DA:40,0
DA:43,0
DA:54,0
DA:55,0
DA:59,0
DA:66,0
DA:67,0
DA:69,0
DA:70,0
DA:71,0
DA:74,0
DA:75,0
DA:78,0
DA:79,0
DA:82,0
DA:83,0
DA:86,0
DA:88,0
DA:89,0
DA:90,0
DA:91,0
DA:92,0
DA:93,0
DA:99,0
DA:100,0
DA:101,0
DA:104,0
DA:107,0
DA:108,0
DA:109,0
DA:112,0
DA:113,0
DA:114,0
DA:116,0
DA:117,0
DA:121,0
DA:149,0
DA:151,0
DA:154,0
DA:155,0
DA:157,0
DA:171,0
DA:173,0
DA:176,0
DA:177,0
DA:179,0
DA:193,0
DA:195,0
DA:198,0
DA:199,0
DA:201,0
DA:222,0
DA:224,0
DA:227,0
DA:228,0
DA:230,0
DA:251,0
DA:255,0
DA:256,0
DA:257,0
DA:258,0
DA:259,0
LF:71
LH:0
BRDA:36,0,0,0
BRDA:36,0,1,0
BRDA:49,1,0,0
BRDA:62,2,0,0
BRDA:62,2,1,0
BRDA:70,3,0,0
BRDA:70,3,1,0
BRDA:79,4,0,0
BRDA:79,4,1,0
BRDA:79,5,0,0
BRDA:79,5,1,0
BRDA:83,6,0,0
BRDA:83,6,1,0
BRDA:83,7,0,0
BRDA:83,7,1,0
BRDA:88,8,0,0
BRDA:88,8,1,0
BRDA:91,9,0,0
BRDA:91,9,1,0
BRDA:100,10,0,0
BRDA:100,10,1,0
BRDA:100,11,0,0
BRDA:100,11,1,0
BRDA:108,12,0,0
BRDA:108,12,1,0
BRDA:117,13,0,0
BRDA:117,13,1,0
BRDA:117,14,0,0
BRDA:117,14,1,0
BRDA:128,15,0,0
BRDA:128,15,1,0
BRDA:128,16,0,0
BRDA:128,16,1,0
BRDA:128,17,0,0
BRDA:128,17,1,0
BRDA:128,18,0,0
BRDA:128,18,1,0
BRDA:163,19,0,0
BRDA:163,19,1,0
BRDA:186,20,0,0
BRDA:186,20,1,0
BRDA:198,21,0,0
BRDA:198,22,0,0
BRDA:208,23,0,0
BRDA:208,23,1,0
BRDA:227,24,0,0
BRDA:227,25,0,0
BRDA:237,26,0,0
BRDA:237,26,1,0
BRF:49
BRH:0
end_of_record
TN:
SF:src/components/ui/chart.tsx
FN:25,useChart
FN:43,(anonymous_8)
FN:68,(anonymous_9)
FN:70,(anonymous_10)
FN:82,(anonymous_11)
FN:85,(anonymous_12)
FN:114,(anonymous_13)
FN:134,(anonymous_14)
FN:186,(anonymous_15)
FN:267,(anonymous_16)
FN:286,(anonymous_17)
FN:318,getPayloadConfigFromPayload
FNF:12
FNH:0
FNDA:0,useChart
FNDA:0,(anonymous_8)
FNDA:0,(anonymous_9)
FNDA:0,(anonymous_10)
FNDA:0,(anonymous_11)
FNDA:0,(anonymous_12)
FNDA:0,(anonymous_13)
FNDA:0,(anonymous_14)
FNDA:0,(anonymous_15)
FNDA:0,(anonymous_16)
FNDA:0,(anonymous_17)
FNDA:0,getPayloadConfigFromPayload
DA:1,0
DA:2,0
DA:4,0
DA:7,0
DA:23,0
DA:26,0
DA:28,0
DA:29,0
DA:32,0
DA:35,0
DA:43,0
DA:44,0
DA:45,0
DA:47,0
DA:66,0
DA:68,0
DA:69,0
DA:70,0
DA:73,0
DA:74,0
DA:77,0
DA:82,0
DA:87,0
DA:89,0
DA:101,0
DA:103,0
DA:132,0
DA:134,0
DA:135,0
DA:136,0
DA:139,0
DA:140,0
DA:141,0
DA:143,0
DA:147,0
DA:148,0
DA:155,0
DA:156,0
DA:159,0
DA:170,0
DA:171,0
DA:174,0
DA:176,0
DA:187,0
DA:188,0
DA:189,0
DA:191,0
DA:255,0
DA:257,0
DA:259,0
DA:271,0
DA:273,0
DA:274,0
DA:277,0
DA:287,0
DA:288,0
DA:290,0
DA:315,0
DA:323,0
DA:324,0
DA:328,0
DA:334,0
DA:336,0
DA:340,0
DA:341,0
DA:346,0
DA:351,0
DA:357,0
DA:358,0
DA:359,0
DA:360,0
DA:361,0
DA:362,0
LF:73
LH:0
BRDA:28,0,0,0
BRDA:28,0,1,0
BRDA:45,1,0,0
BRDA:45,1,1,0
BRDA:70,2,0,0
BRDA:70,2,1,0
BRDA:73,3,0,0
BRDA:73,3,1,0
BRDA:87,4,0,0
BRDA:87,4,1,0
BRDA:87,5,0,0
BRDA:87,5,1,0
BRDA:87,6,0,0
BRDA:87,6,1,0
BRDA:89,7,0,0
BRDA:89,7,1,0
BRDA:119,8,0,0
BRDA:120,9,0,0
BRDA:121,10,0,0
BRDA:135,11,0,0
BRDA:135,11,1,0
BRDA:135,12,0,0
BRDA:135,12,1,0
BRDA:135,13,0,0
BRDA:135,13,1,0
BRDA:135,14,0,0
BRDA:135,14,1,0
BRDA:140,15,0,0
BRDA:140,15,1,0
BRDA:140,15,2,0
BRDA:140,15,3,0
BRDA:143,16,0,0
BRDA:143,16,1,0
BRDA:143,17,0,0
BRDA:143,17,1,0
BRDA:144,18,0,0
BRDA:144,18,1,0
BRDA:144,19,0,0
BRDA:144,19,1,0
BRDA:144,20,0,0
BRDA:144,20,1,0
BRDA:145,21,0,0
BRDA:145,21,1,0
BRDA:145,22,0,0
BRDA:145,22,1,0
BRDA:147,23,0,0
BRDA:147,23,1,0
BRDA:155,24,0,0
BRDA:155,24,1,0
BRDA:170,25,0,0
BRDA:170,25,1,0
BRDA:170,26,0,0
BRDA:170,26,1,0
BRDA:170,27,0,0
BRDA:170,27,1,0
BRDA:170,28,0,0
BRDA:170,28,1,0
BRDA:174,29,0,0
BRDA:174,29,1,0
BRDA:184,30,0,0
BRDA:184,30,1,0
BRDA:187,31,0,0
BRDA:187,31,1,0
BRDA:187,31,2,0
BRDA:187,31,3,0
BRDA:189,32,0,0
BRDA:189,32,1,0
BRDA:189,32,2,0
BRDA:196,33,0,0
BRDA:196,33,1,0
BRDA:199,34,0,0
BRDA:199,34,1,0
BRDA:199,35,0,0
BRDA:199,35,1,0
BRDA:199,35,2,0
BRDA:199,36,0,0
BRDA:199,36,1,0
BRDA:199,37,0,0
BRDA:199,37,1,0
BRDA:203,38,0,0
BRDA:203,38,1,0
BRDA:203,39,0,0
BRDA:203,39,1,0
BRDA:203,40,0,0
BRDA:203,40,1,0
BRDA:206,41,0,0
BRDA:206,41,1,0
BRDA:215,42,0,0
BRDA:215,42,1,0
BRDA:230,43,0,0
BRDA:230,43,1,0
BRDA:234,44,0,0
BRDA:234,44,1,0
BRDA:236,45,0,0
BRDA:236,45,1,0
BRDA:236,46,0,0
BRDA:236,46,1,0
BRDA:236,47,0,0
BRDA:236,47,1,0
BRDA:239,48,0,0
BRDA:239,48,1,0
BRDA:268,49,0,0
BRDA:268,50,0,0
BRDA:273,51,0,0
BRDA:273,51,1,0
BRDA:273,52,0,0
BRDA:273,52,1,0
BRDA:273,53,0,0
BRDA:273,53,1,0
BRDA:282,54,0,0
BRDA:282,54,1,0
BRDA:287,55,0,0
BRDA:287,55,1,0
BRDA:287,55,2,0
BRDA:297,56,0,0
BRDA:297,56,1,0
BRDA:297,57,0,0
BRDA:297,57,1,0
BRDA:297,58,0,0
BRDA:297,58,1,0
BRDA:297,59,0,0
BRDA:297,59,1,0
BRDA:307,60,0,0
BRDA:307,60,1,0
BRDA:307,61,0,0
BRDA:307,61,1,0
BRDA:323,62,0,0
BRDA:323,62,1,0
BRDA:323,63,0,0
BRDA:323,63,1,0
BRDA:328,64,0,0
BRDA:328,64,1,0
BRDA:328,65,0,0
BRDA:328,65,1,0
BRDA:328,65,2,0
BRDA:336,66,0,0
BRDA:336,66,1,0
BRDA:337,67,0,0
BRDA:337,67,1,0
BRDA:341,68,0,0
BRDA:341,68,1,0
BRDA:342,69,0,0
BRDA:342,69,1,0
BRDA:342,69,2,0
BRDA:351,70,0,0
BRDA:351,70,1,0
BRF:146
BRH:0
end_of_record
TN:
SF:src/components/ui/checkbox.tsx
FN:10,(anonymous_7)
FNF:1
FNH:0
FNDA:0,(anonymous_7)
DA:1,0
DA:2,0
DA:3,0
DA:5,0
DA:7,0
DA:10,0
DA:26,0
DA:28,0
LF:8
LH:0
BRF:0
BRH:0
end_of_record
TN:
SF:src/components/ui/collapsible.tsx
FNF:0
FNH:0
DA:1,0
DA:3,0
DA:5,0
DA:7,0
DA:9,0
LF:5
LH:0
BRF:0
BRH:0
end_of_record
TN:
SF:src/components/ui/command.tsx
FN:12,(anonymous_7)
FN:26,(anonymous_8)
FN:41,(anonymous_9)
FN:60,(anonymous_10)
FN:73,(anonymous_11)
FN:86,(anonymous_12)
FN:102,(anonymous_13)
FN:114,(anonymous_14)
FN:127,(anonymous_15)
FNF:9
FNH:0
FNDA:0,(anonymous_7)
FNDA:0,(anonymous_8)
FNDA:0,(anonymous_9)
FNDA:0,(anonymous_10)
FNDA:0,(anonymous_11)
FNDA:0,(anonymous_12)
FNDA:0,(anonymous_13)
FNDA:0,(anonymous_14)
FNDA:0,(anonymous_15)
DA:1,0
DA:3,0
DA:4,0
DA:6,0
DA:7,0
DA:9,0
DA:12,0
DA:22,0
DA:26,0
DA:27,0
DA:38,0
DA:41,0
DA:55,0
DA:57,0
DA:60,0
DA:68,0
DA:70,0
DA:74,0
DA:81,0
DA:83,0
DA:86,0
DA:97,0
DA:99,0
DA:102,0
DA:109,0
DA:111,0
DA:114,0
DA:125,0
DA:127,0
DA:128,0
DA:129,0
DA:131,0
DA:141,0
DA:144,0
DA:145,0
DA:146,0
DA:147,0
DA:148,0
DA:149,0
DA:150,0
DA:151,0
DA:152,0
LF:42
LH:0
BRF:0
BRH:0
end_of_record
TN:
SF:src/components/ui/context-menu.tsx
FN:24,(anonymous_7)
FN:43,(anonymous_8)
FN:58,(anonymous_9)
FN:77,(anonymous_10)
FN:93,(anonymous_11)
FN:117,(anonymous_12)
FN:141,(anonymous_13)
FN:157,(anonymous_14)
FN:166,(anonymous_15)
FNF:9
FNH:0
FNDA:0,(anonymous_7)
FNDA:0,(anonymous_8)
FNDA:0,(anonymous_9)
FNDA:0,(anonymous_10)
FNDA:0,(anonymous_11)
FNDA:0,(anonymous_12)
FNDA:0,(anonymous_13)
FNDA:0,(anonymous_14)
FNDA:0,(anonymous_15)
DA:1,0
DA:2,0
DA:3,0
DA:5,0
DA:7,0
DA:9,0
DA:11,0
DA:13,0
DA:15,0
DA:17,0
DA:19,0
DA:24,0
DA:38,0
DA:40,0
DA:43,0
DA:53,0
DA:55,0
DA:58,0
DA:70,0
DA:72,0
DA:77,0
DA:88,0
DA:90,0
DA:93,0
DA:111,0
DA:114,0
DA:117,0
DA:134,0
DA:136,0
DA:141,0
DA:152,0
DA:154,0
DA:157,0
DA:164,0
DA:166,0
DA:167,0
DA:168,0
DA:170,0
DA:180,0
DA:183,0
DA:184,0
DA:185,0
DA:186,0
DA:187,0
DA:188,0
DA:189,0
DA:190,0
DA:191,0
DA:192,0
DA:193,0
DA:194,0
DA:195,0
DA:196,0
DA:197,0
LF:54
LH:0
BRDA:29,0,0,0
BRDA:29,0,1,0
BRDA:82,1,0,0
BRDA:82,1,1,0
BRDA:146,2,0,0
BRDA:146,2,1,0
BRF:6
BRH:0
end_of_record
TN:
SF:src/components/ui/dialog.tsx
FN:18,(anonymous_7)
FN:33,(anonymous_8)
FN:54,(anonymous_9)
FN:68,(anonymous_10)
FN:85,(anonymous_11)
FN:100,(anonymous_12)
FNF:6
FNH:0
FNDA:0,(anonymous_7)
FNDA:0,(anonymous_8)
FNDA:0,(anonymous_9)
FNDA:0,(anonymous_10)
FNDA:0,(anonymous_11)
FNDA:0,(anonymous_12)
DA:1,0
DA:2,0
DA:3,0
DA:5,0
DA:7,0
DA:9,0
DA:11,0
DA:13,0
DA:15,0
DA:18,0
DA:28,0
DA:30,0
DA:33,0
DA:52,0
DA:54,0
DA:55,0
DA:56,0
DA:57,0
DA:66,0
DA:68,0
DA:69,0
DA:70,0
DA:71,0
DA:80,0
DA:82,0
DA:85,0
DA:95,0
DA:97,0
DA:100,0
DA:107,0
DA:110,0
DA:111,0
DA:112,0
DA:113,0
DA:114,0
DA:115,0
DA:116,0
DA:117,0
DA:118,0
DA:119,0
LF:40
LH:0
BRF:0
BRH:0
end_of_record
TN:
SF:src/components/ui/drawer.tsx
FN:6,(anonymous_7)
FN:26,(anonymous_8)
FN:38,(anonymous_9)
FN:56,(anonymous_10)
FN:67,(anonymous_11)
FN:81,(anonymous_12)
FN:96,(anonymous_13)
FNF:7
FNH:0
FNDA:0,(anonymous_7)
FNDA:0,(anonymous_8)
FNDA:0,(anonymous_9)
FNDA:0,(anonymous_10)
FNDA:0,(anonymous_11)
FNDA:0,(anonymous_12)
FNDA:0,(anonymous_13)
DA:1,0
DA:2,0
DA:4,0
DA:6,0
DA:7,0
DA:8,0
DA:9,0
DA:15,0
DA:17,0
DA:19,0
DA:21,0
DA:23,0
DA:26,0
DA:33,0
DA:35,0
DA:38,0
DA:54,0
DA:56,0
DA:57,0
DA:58,0
DA:59,0
DA:65,0
DA:67,0
DA:68,0
DA:69,0
DA:70,0
DA:76,0
DA:78,0
DA:81,0
DA:91,0
DA:93,0
DA:96,0
DA:103,0
DA:106,0
DA:107,0
DA:108,0
DA:109,0
DA:110,0
DA:111,0
DA:112,0
DA:113,0
DA:114,0
DA:115,0
LF:43
LH:0
BRDA:7,0,0,0
BRF:1
BRH:0
end_of_record
TN:
SF:src/components/ui/dropdown-menu.tsx
FN:24,(anonymous_7)
FN:44,(anonymous_8)
FN:60,(anonymous_9)
FN:80,(anonymous_10)
FN:96,(anonymous_11)
FN:120,(anonymous_12)
FN:144,(anonymous_13)
FN:160,(anonymous_14)
FN:169,(anonymous_15)
FNF:9
FNH:0
FNDA:0,(anonymous_7)
FNDA:0,(anonymous_8)
FNDA:0,(anonymous_9)
FNDA:0,(anonymous_10)
FNDA:0,(anonymous_11)
FNDA:0,(anonymous_12)
FNDA:0,(anonymous_13)
FNDA:0,(anonymous_14)
FNDA:0,(anonymous_15)
DA:1,0
DA:2,0
DA:3,0
DA:5,0
DA:7,0
DA:9,0
DA:11,0
DA:13,0
DA:15,0
DA:17,0
DA:19,0
DA:24,0
DA:38,0
DA:41,0
DA:44,0
DA:54,0
DA:57,0
DA:60,0
DA:73,0
DA:75,0
DA:80,0
DA:91,0
DA:93,0
DA:96,0
DA:114,0
DA:117,0
DA:120,0
DA:137,0
DA:139,0
DA:144,0
DA:155,0
DA:157,0
DA:160,0
DA:167,0
DA:169,0
DA:170,0
DA:171,0
DA:173,0
DA:180,0
DA:183,0
DA:184,0
DA:185,0
DA:186,0
DA:187,0
DA:188,0
DA:189,0
DA:190,0
DA:191,0
DA:192,0
DA:193,0
DA:194,0
DA:195,0
DA:196,0
DA:197,0
LF:54
LH:0
BRDA:29,0,0,0
BRDA:29,0,1,0
BRDA:60,1,0,0
BRDA:85,2,0,0
BRDA:85,2,1,0
BRDA:149,3,0,0
BRDA:149,3,1,0
BRF:7
BRH:0
end_of_record
TN:
SF:src/components/ui/form.tsx
FN:29,(anonymous_7)
FN:42,(anonymous_8)
FN:76,(anonymous_9)
FN:90,(anonymous_10)
FN:107,(anonymous_11)
FN:129,(anonymous_12)
FN:146,(anonymous_13)
FNF:7
FNH:0
FNDA:0,(anonymous_7)
FNDA:0,(anonymous_8)
FNDA:0,(anonymous_9)
FNDA:0,(anonymous_10)
FNDA:0,(anonymous_11)
FNDA:0,(anonymous_12)
FNDA:0,(anonymous_13)
DA:1,0
DA:3,0
DA:4,0
DA:13,0
DA:14,0
DA:16,0
DA:25,0
DA:29,0
DA:33,0
DA:35,0
DA:42,0
DA:43,0
DA:44,0
DA:45,0
DA:47,0
DA:49,0
DA:50,0
DA:53,0
DA:55,0
DA:69,0
DA:73,0
DA:76,0
DA:77,0
DA:79,0
DA:85,0
DA:87,0
DA:90,0
DA:91,0
DA:93,0
DA:102,0
DA:104,0
DA:107,0
DA:108,0
DA:110,0
DA:124,0
DA:126,0
DA:129,0
DA:130,0
DA:132,0
DA:141,0
DA:143,0
DA:146,0
DA:147,0
DA:148,0
DA:150,0
DA:151,0
DA:154,0
DA:165,0
DA:168,0
DA:169,0
DA:170,0
DA:171,0
DA:172,0
DA:173,0
DA:174,0
DA:175,0
LF:56
LH:0
BRDA:49,0,0,0
BRDA:49,0,1,0
BRDA:96,1,0,0
BRDA:96,1,1,0
BRDA:115,2,0,0
BRDA:115,2,1,0
BRDA:148,3,0,0
BRDA:148,3,1,0
BRDA:148,4,0,0
BRDA:148,4,1,0
BRDA:148,5,0,0
BRDA:148,5,1,0
BRDA:150,6,0,0
BRDA:150,6,1,0
BRF:14
BRH:0
end_of_record
TN:
SF:src/components/ui/hover-card.tsx
FN:13,(anonymous_7)
FNF:1
FNH:0
FNDA:0,(anonymous_7)
DA:1,0
DA:2,0
DA:4,0
DA:6,0
DA:8,0
DA:10,0
DA:13,0
DA:25,0
DA:27,0
LF:9
LH:0
BRDA:13,0,0,0
BRDA:13,1,0,0
BRF:2
BRH:0
end_of_record
TN:
SF:src/components/ui/input-otp.tsx
FN:10,(anonymous_7)
FN:26,(anonymous_8)
FN:34,(anonymous_9)
FN:62,(anonymous_10)
FNF:4
FNH:0
FNDA:0,(anonymous_7)
FNDA:0,(anonymous_8)
FNDA:0,(anonymous_9)
FNDA:0,(anonymous_10)
DA:1,0
DA:2,0
DA:3,0
DA:5,0
DA:7,0
DA:10,0
DA:21,0
DA:23,0
DA:26,0
DA:29,0
DA:31,0
DA:34,0
DA:35,0
DA:36,0
DA:38,0
DA:57,0
DA:59,0
DA:62,0
DA:67,0
DA:69,0
LF:20
LH:0
BRDA:43,0,0,0
BRDA:43,0,1,0
BRDA:49,1,0,0
BRDA:49,1,1,0
BRF:4
BRH:0
end_of_record
TN:
SF:src/components/ui/input.tsx
FN:6,(anonymous_7)
FNF:1
FNH:0
FNDA:0,(anonymous_7)
DA:1,0
DA:3,0
DA:5,0
DA:6,0
DA:7,0
DA:20,0
DA:22,0
LF:7
LH:0
BRF:0
BRH:0
end_of_record
TN:
SF:src/components/ui/label.tsx
FN:15,(anonymous_7)
FNF:1
FNH:0
FNDA:0,(anonymous_7)
DA:1,0
DA:2,0
DA:3,0
DA:5,0
DA:7,0
DA:11,0
DA:15,0
DA:22,0
DA:24,0
LF:9
LH:0
BRF:0
BRH:0
end_of_record
TN:
SF:src/components/ui/menubar.tsx
FN:20,(anonymous_7)
FN:35,(anonymous_8)
FN:52,(anonymous_9)
FN:71,(anonymous_10)
FN:87,(anonymous_11)
FN:113,(anonymous_12)
FN:129,(anonymous_13)
FN:152,(anonymous_14)
FN:176,(anonymous_15)
FN:192,(anonymous_16)
FN:201,(anonymous_17)
FNF:11
FNH:0
FNDA:0,(anonymous_7)
FNDA:0,(anonymous_8)
FNDA:0,(anonymous_9)
FNDA:0,(anonymous_10)
FNDA:0,(anonymous_11)
FNDA:0,(anonymous_12)
FNDA:0,(anonymous_13)
FNDA:0,(anonymous_14)
FNDA:0,(anonymous_15)
FNDA:0,(anonymous_16)
FNDA:0,(anonymous_17)
DA:1,0
DA:2,0
DA:3,0
DA:5,0
DA:7,0
DA:9,0
DA:11,0
DA:13,0
DA:15,0
DA:17,0
DA:20,0
DA:30,0
DA:32,0
DA:35,0
DA:45,0
DA:47,0
DA:52,0
DA:66,0
DA:68,0
DA:71,0
DA:81,0
DA:83,0
DA:88,0
DA:90,0
DA:106,0
DA:108,0
DA:113,0
DA:124,0
DA:126,0
DA:129,0
DA:147,0
DA:149,0
DA:152,0
DA:169,0
DA:171,0
DA:176,0
DA:187,0
DA:189,0
DA:192,0
DA:199,0
DA:201,0
DA:202,0
DA:203,0
DA:205,0
DA:215,0
DA:218,0
DA:219,0
DA:220,0
DA:221,0
DA:222,0
DA:223,0
DA:224,0
DA:225,0
DA:226,0
DA:227,0
DA:228,0
DA:229,0
DA:230,0
DA:231,0
DA:232,0
DA:233,0
LF:61
LH:0
BRDA:57,0,0,0
BRDA:57,0,1,0
BRDA:88,1,0,0
BRDA:88,2,0,0
BRDA:88,3,0,0
BRDA:118,4,0,0
BRDA:118,4,1,0
BRDA:181,5,0,0
BRDA:181,5,1,0
BRF:9
BRH:0
end_of_record
TN:
SF:src/components/ui/navigation-menu.tsx
FN:11,(anonymous_7)
FN:29,(anonymous_8)
FN:50,(anonymous_9)
FN:68,(anonymous_10)
FN:85,(anonymous_11)
FN:103,(anonymous_12)
FNF:6
FNH:0
FNDA:0,(anonymous_7)
FNDA:0,(anonymous_8)
FNDA:0,(anonymous_9)
FNDA:0,(anonymous_10)
FNDA:0,(anonymous_11)
FNDA:0,(anonymous_12)
DA:1,0
DA:2,0
DA:3,0
DA:4,0
DA:6,0
DA:8,0
DA:11,0
DA:24,0
DA:26,0
DA:29,0
DA:39,0
DA:41,0
DA:43,0
DA:47,0
DA:50,0
DA:63,0
DA:65,0
DA:68,0
DA:78,0
DA:80,0
DA:82,0
DA:85,0
DA:97,0
DA:100,0
DA:103,0
DA:115,0
DA:119,0
DA:120,0
DA:121,0
DA:122,0
DA:123,0
DA:124,0
DA:125,0
DA:126,0
DA:127,0
LF:35
LH:0
BRF:0
BRH:0
end_of_record
TN:
SF:src/components/ui/pagination.tsx
FN:7,(anonymous_7)
FN:20,(anonymous_8)
FN:32,(anonymous_9)
FN:42,(anonymous_10)
FN:62,(anonymous_11)
FN:78,(anonymous_12)
FN:94,(anonymous_13)
FNF:7
FNH:0
FNDA:0,(anonymous_7)
FNDA:0,(anonymous_8)
FNDA:0,(anonymous_9)
FNDA:0,(anonymous_10)
FNDA:0,(anonymous_11)
FNDA:0,(anonymous_12)
FNDA:0,(anonymous_13)
DA:1,0
DA:2,0
DA:4,0
DA:5,0
DA:7,0
DA:15,0
DA:17,0
DA:20,0
DA:27,0
DA:29,0
DA:32,0
DA:35,0
DA:42,0
DA:45,0
DA:46,0
DA:47,0
DA:60,0
DA:62,0
DA:63,0
DA:64,0
DA:65,0
DA:76,0
DA:78,0
DA:79,0
DA:80,0
DA:81,0
DA:92,0
DA:94,0
DA:95,0
DA:96,0
DA:97,0
DA:107,0
DA:110,0
DA:111,0
DA:112,0
DA:113,0
DA:114,0
DA:115,0
DA:116,0
LF:39
LH:0
BRDA:45,0,0,0
BRDA:49,1,0,0
BRDA:49,1,1,0
BRDA:52,2,0,0
BRDA:52,2,1,0
BRF:5
BRH:0
end_of_record
TN:
SF:src/components/ui/popover.tsx
FN:13,(anonymous_7)
FNF:1
FNH:0
FNDA:0,(anonymous_7)
DA:1,0
DA:2,0
DA:4,0
DA:6,0
DA:8,0
DA:10,0
DA:13,0
DA:27,0
DA:29,0
LF:9
LH:0
BRDA:13,0,0,0
BRDA:13,1,0,0
BRF:2
BRH:0
end_of_record
TN:
SF:src/components/ui/progress.tsx
FN:9,(anonymous_7)
FNF:1
FNH:0
FNDA:0,(anonymous_7)
DA:1,0
DA:2,0
DA:4,0
DA:6,0
DA:9,0
DA:24,0
DA:26,0
LF:7
LH:0
BRDA:20,0,0,0
BRDA:20,0,1,0
BRF:2
BRH:0
end_of_record
TN:
SF:src/components/ui/radio-group.tsx
FN:10,(anonymous_7)
FN:24,(anonymous_8)
FNF:2
FNH:0
FNDA:0,(anonymous_7)
FNDA:0,(anonymous_8)
DA:1,0
DA:2,0
DA:3,0
DA:5,0
DA:7,0
DA:10,0
DA:11,0
DA:19,0
DA:21,0
DA:24,0
DA:25,0
DA:40,0
DA:42,0
LF:13
LH:0
BRF:0
BRH:0
end_of_record
TN:
SF:src/components/ui/resizable.tsx
FN:6,(anonymous_7)
FN:21,(anonymous_8)
FNF:2
FNH:0
FNDA:0,(anonymous_7)
FNDA:0,(anonymous_8)
DA:1,0
DA:2,0
DA:4,0
DA:6,0
DA:7,0
DA:8,0
DA:9,0
DA:19,0
DA:21,0
DA:23,0
DA:24,0
DA:27,0
DA:43,0
LF:13
LH:0
BRDA:35,0,0,0
BRDA:35,0,1,0
BRF:2
BRH:0
end_of_record
TN:
SF:src/components/ui/scroll-area.tsx
FN:9,(anonymous_7)
FN:27,(anonymous_8)
FNF:2
FNH:0
FNDA:0,(anonymous_7)
FNDA:0,(anonymous_8)
DA:1,0
DA:2,0
DA:4,0
DA:6,0
DA:9,0
DA:22,0
DA:24,0
DA:27,0
DA:44,0
DA:46,0
LF:10
LH:0
BRDA:27,0,0,0
BRDA:33,1,0,0
BRDA:33,1,1,0
BRDA:35,2,0,0
BRDA:35,2,1,0
BRF:5
BRH:0
end_of_record
TN:
SF:src/components/ui/select.tsx
FN:16,(anonymous_7)
FN:36,(anonymous_8)
FN:53,(anonymous_9)
FN:71,(anonymous_10)
FN:103,(anonymous_11)
FN:115,(anonymous_12)
FN:138,(anonymous_13)
FNF:7
FNH:0
FNDA:0,(anonymous_7)
FNDA:0,(anonymous_8)
FNDA:0,(anonymous_9)
FNDA:0,(anonymous_10)
FNDA:0,(anonymous_11)
FNDA:0,(anonymous_12)
FNDA:0,(anonymous_13)
DA:1,0
DA:2,0
DA:3,0
DA:5,0
DA:7,0
DA:9,0
DA:11,0
DA:13,0
DA:16,0
DA:31,0
DA:33,0
DA:36,0
DA:48,0
DA:50,0
DA:53,0
DA:65,0
DA:68,0
DA:71,0
DA:98,0
DA:100,0
DA:103,0
DA:110,0
DA:112,0
DA:115,0
DA:133,0
DA:135,0
DA:138,0
DA:145,0
DA:148,0
DA:149,0
DA:150,0
DA:151,0
DA:152,0
DA:153,0
DA:154,0
DA:155,0
DA:156,0
DA:157,0
LF:38
LH:0
BRDA:71,0,0,0
BRDA:77,1,0,0
BRDA:77,1,1,0
BRDA:88,2,0,0
BRDA:88,2,1,0
BRF:5
BRH:0
end_of_record
TN:
SF:src/components/ui/separator.tsx
FN:10,(anonymous_7)
FNF:1
FNH:0
FNDA:0,(anonymous_7)
DA:1,0
DA:2,0
DA:4,0
DA:6,0
DA:11,0
DA:13,0
DA:27,0
DA:29,0
LF:8
LH:0
BRDA:11,0,0,0
BRDA:11,1,0,0
BRDA:20,2,0,0
BRDA:20,2,1,0
BRF:4
BRH:0
end_of_record
TN:
SF:src/components/ui/sheet.tsx
FN:19,(anonymous_7)
FN:57,(anonymous_8)
FN:75,(anonymous_9)
FN:89,(anonymous_10)
FN:106,(anonymous_11)
FN:118,(anonymous_12)
FNF:6
FNH:0
FNDA:0,(anonymous_7)
FNDA:0,(anonymous_8)
FNDA:0,(anonymous_9)
FNDA:0,(anonymous_10)
FNDA:0,(anonymous_11)
FNDA:0,(anonymous_12)
DA:1,0
DA:2,0
DA:3,0
DA:4,0
DA:6,0
DA:8,0
DA:10,0
DA:12,0
DA:14,0
DA:16,0
DA:19,0
DA:29,0
DA:31,0
DA:54,0
DA:57,0
DA:73,0
DA:75,0
DA:76,0
DA:77,0
DA:78,0
DA:87,0
DA:89,0
DA:90,0
DA:91,0
DA:92,0
DA:101,0
DA:103,0
DA:106,0
DA:113,0
DA:115,0
DA:118,0
DA:125,0
DA:128,0
DA:129,0
LF:34
LH:0
BRDA:57,0,0,0
BRF:1
BRH:0
end_of_record
TN:
SF:src/components/ui/sidebar.tsx
FN:39,useSidebar
FN:56,(anonymous_8)
FN:76,(anonymous_9)
FN:91,(anonymous_10)
FN:93,(anonymous_11)
FN:94,(anonymous_12)
FN:98,(anonymous_13)
FN:99,(anonymous_14)
FN:110,(anonymous_15)
FN:118,(anonymous_16)
FN:165,(anonymous_17)
FN:263,(anonymous_18)
FN:273,(anonymous_19)
FN:289,(anonymous_20)
FN:318,(anonymous_21)
FN:336,(anonymous_22)
FN:354,(anonymous_23)
FN:369,(anonymous_24)
FN:384,(anonymous_25)
FN:399,(anonymous_26)
FN:417,(anonymous_27)
FN:432,(anonymous_28)
FN:453,(anonymous_29)
FN:476,(anonymous_30)
FN:489,(anonymous_31)
FN:502,(anonymous_32)
FN:542,(anonymous_33)
FN:599,(anonymous_34)
FN:627,(anonymous_35)
FN:650,(anonymous_36)
FN:652,(anonymous_37)
FN:686,(anonymous_38)
FN:703,(anonymous_39)
FN:713,(anonymous_40)
FNF:34
FNH:0
FNDA:0,useSidebar
FNDA:0,(anonymous_8)
FNDA:0,(anonymous_9)
FNDA:0,(anonymous_10)
FNDA:0,(anonymous_11)
FNDA:0,(anonymous_12)
FNDA:0,(anonymous_13)
FNDA:0,(anonymous_14)
FNDA:0,(anonymous_15)
FNDA:0,(anonymous_16)
FNDA:0,(anonymous_17)
FNDA:0,(anonymous_18)
FNDA:0,(anonymous_19)
FNDA:0,(anonymous_20)
FNDA:0,(anonymous_21)
FNDA:0,(anonymous_22)
FNDA:0,(anonymous_23)
FNDA:0,(anonymous_24)
FNDA:0,(anonymous_25)
FNDA:0,(anonymous_26)
FNDA:0,(anonymous_27)
FNDA:0,(anonymous_28)
FNDA:0,(anonymous_29)
FNDA:0,(anonymous_30)
FNDA:0,(anonymous_31)
FNDA:0,(anonymous_32)
FNDA:0,(anonymous_33)
FNDA:0,(anonymous_34)
FNDA:0,(anonymous_35)
FNDA:0,(anonymous_36)
FNDA:0,(anonymous_37)
FNDA:0,(anonymous_38)
FNDA:0,(anonymous_39)
FNDA:0,(anonymous_40)
DA:1,0
DA:2,0
DA:3,0
DA:4,0
DA:6,0
DA:7,0
DA:8,0
DA:9,0
DA:10,0
DA:11,0
DA:12,0
DA:13,0
DA:20,0
DA:21,0
DA:22,0
DA:23,0
DA:24,0
DA:25,0
DA:37,0
DA:40,0
DA:41,0
DA:42,0
DA:45,0
DA:48,0
DA:63,0
DA:64,0
DA:68,0
DA:69,0
DA:73,0
DA:74,0
DA:75,0
DA:77,0
DA:78,0
DA:79,0
DA:81,0
DA:85,0
DA:91,0
DA:92,0
DA:93,0
DA:94,0
DA:98,0
DA:99,0
DA:100,0
DA:104,0
DA:105,0
DA:109,0
DA:110,0
DA:115,0
DA:117,0
DA:118,0
DA:130,0
DA:155,0
DA:157,0
DA:171,0
DA:172,0
DA:176,0
DA:178,0
DA:179,0
DA:193,0
DA:194,0
DA:213,0
DA:258,0
DA:260,0
DA:263,0
DA:264,0
DA:266,0
DA:274,0
DA:275,0
DA:284,0
DA:286,0
DA:289,0
DA:290,0
DA:292,0
DA:313,0
DA:315,0
DA:318,0
DA:319,0
DA:331,0
DA:333,0
DA:336,0
DA:337,0
DA:349,0
DA:351,0
DA:354,0
DA:355,0
DA:364,0
DA:366,0
DA:369,0
DA:370,0
DA:379,0
DA:381,0
DA:384,0
DA:385,0
DA:394,0
DA:396,0
DA:399,0
DA:400,0
DA:412,0
DA:414,0
DA:417,0
DA:418,0
DA:427,0
DA:429,0
DA:432,0
DA:433,0
DA:435,0
DA:448,0
DA:450,0
DA:453,0
DA:454,0
DA:456,0
DA:471,0
DA:473,0
DA:476,0
DA:484,0
DA:486,0
DA:489,0
DA:497,0
DA:499,0
DA:502,0
DA:510,0
DA:512,0
DA:534,0
DA:549,0
DA:550,0
DA:554,0
DA:555,0
DA:558,0
DA:568,0
DA:569,0
DA:572,0
DA:573,0
DA:578,0
DA:591,0
DA:593,0
DA:599,0
DA:600,0
DA:602,0
DA:622,0
DA:624,0
DA:627,0
DA:643,0
DA:645,0
DA:650,0
DA:652,0
DA:653,0
DA:656,0
DA:681,0
DA:683,0
DA:686,0
DA:698,0
DA:700,0
DA:703,0
DA:704,0
DA:706,0
DA:713,0
DA:714,0
DA:716,0
DA:734,0
DA:737,0
DA:738,0
DA:739,0
DA:740,0
DA:741,0
DA:742,0
DA:743,0
DA:744,0
DA:745,0
DA:746,0
DA:747,0
DA:748,0
DA:749,0
DA:750,0
DA:751,0
DA:752,0
DA:753,0
DA:754,0
DA:755,0
DA:756,0
DA:757,0
DA:758,0
DA:759,0
DA:760,0
LF:183
LH:0
BRDA:41,0,0,0
BRDA:41,0,1,0
BRDA:58,1,0,0
BRDA:74,2,0,0
BRDA:74,2,1,0
BRDA:74,3,0,0
BRDA:74,3,1,0
BRDA:77,4,0,0
BRDA:77,4,1,0
BRDA:78,5,0,0
BRDA:78,5,1,0
BRDA:92,6,0,0
BRDA:92,6,1,0
BRDA:100,7,0,0
BRDA:100,7,1,0
BRDA:101,8,0,0
BRDA:101,8,1,0
BRDA:101,8,2,0
BRDA:115,9,0,0
BRDA:115,9,1,0
BRDA:167,10,0,0
BRDA:168,11,0,0
BRDA:169,12,0,0
BRDA:178,13,0,0
BRDA:178,13,1,0
BRDA:193,14,0,0
BRDA:193,14,1,0
BRDA:218,15,0,0
BRDA:218,15,1,0
BRDA:228,16,0,0
BRDA:228,16,1,0
BRDA:228,17,0,0
BRDA:228,17,1,0
BRDA:236,18,0,0
BRDA:236,18,1,0
BRDA:240,19,0,0
BRDA:240,19,1,0
BRDA:240,20,0,0
BRDA:240,20,1,0
BRDA:274,21,0,0
BRDA:274,21,1,0
BRDA:274,22,0,0
BRDA:274,22,1,0
BRDA:432,23,0,0
BRDA:433,24,0,0
BRDA:433,24,1,0
BRDA:453,25,0,0
BRDA:454,26,0,0
BRDA:454,26,1,0
BRDA:544,27,0,0
BRDA:545,28,0,0
BRDA:546,29,0,0
BRDA:547,30,0,0
BRDA:554,31,0,0
BRDA:554,31,1,0
BRDA:568,32,0,0
BRDA:568,32,1,0
BRDA:572,33,0,0
BRDA:572,33,1,0
BRDA:584,34,0,0
BRDA:584,34,1,0
BRDA:599,35,0,0
BRDA:599,36,0,0
BRDA:600,37,0,0
BRDA:600,37,1,0
BRDA:614,38,0,0
BRDA:614,38,1,0
BRDA:650,39,0,0
BRDA:663,40,0,0
BRDA:663,40,1,0
BRDA:713,41,0,0
BRDA:713,42,0,0
BRDA:714,43,0,0
BRDA:714,43,1,0
BRDA:725,44,0,0
BRDA:725,44,1,0
BRDA:726,45,0,0
BRDA:726,45,1,0
BRF:78
BRH:0
end_of_record
TN:
SF:src/components/ui/skeleton.tsx
FN:3,Skeleton
FNF:1
FNH:0
FNDA:0,Skeleton
DA:1,0
DA:4,0
DA:5,0
DA:7,0
DA:15,0
LF:5
LH:0
BRF:0
BRH:0
end_of_record
TN:
SF:src/components/ui/slider.tsx
FN:9,(anonymous_7)
FNF:1
FNH:0
FNDA:0,(anonymous_7)
DA:1,0
DA:2,0
DA:4,0
DA:6,0
DA:9,0
DA:24,0
DA:26,0
LF:7
LH:0
BRF:0
BRH:0
end_of_record
TN:
SF:src/components/ui/sonner.tsx
FN:29,(anonymous_1)
FN:6,(anonymous_2)
FNF:2
FNH:0
FNDA:0,(anonymous_1)
FNDA:0,(anonymous_2)
DA:1,0
DA:2,0
DA:6,0
DA:7,0
DA:9,0
DA:29,0
LF:6
LH:0
BRDA:7,0,0,0
BRF:1
BRH:0
end_of_record
TN:
SF:src/components/ui/switch.tsx
FN:9,(anonymous_7)
FNF:1
FNH:0
FNDA:0,(anonymous_7)
DA:1,0
DA:2,0
DA:4,0
DA:6,0
DA:9,0
DA:25,0
DA:27,0
LF:7
LH:0
BRF:0
BRH:0
end_of_record
TN:
SF:src/components/ui/table.tsx
FN:8,(anonymous_7)
FN:22,(anonymous_8)
FN:30,(anonymous_9)
FN:42,(anonymous_10)
FN:57,(anonymous_11)
FN:72,(anonymous_12)
FN:87,(anonymous_13)
FN:99,(anonymous_14)
FNF:8
FNH:0
FNDA:0,(anonymous_7)
FNDA:0,(anonymous_8)
FNDA:0,(anonymous_9)
FNDA:0,(anonymous_10)
FNDA:0,(anonymous_11)
FNDA:0,(anonymous_12)
FNDA:0,(anonymous_13)
FNDA:0,(anonymous_14)
DA:1,0
DA:3,0
DA:5,0
DA:8,0
DA:17,0
DA:19,0
DA:22,0
DA:25,0
DA:27,0
DA:30,0
DA:37,0
DA:39,0
DA:42,0
DA:52,0
DA:54,0
DA:57,0
DA:67,0
DA:69,0
DA:72,0
DA:82,0
DA:84,0
DA:87,0
DA:94,0
DA:96,0
DA:99,0
DA:106,0
DA:109,0
DA:110,0
DA:111,0
DA:112,0
DA:113,0
DA:114,0
DA:115,0
DA:116,0
LF:34
LH:0
BRF:0
BRH:0
end_of_record
TN:
SF:src/components/ui/tabs.tsx
FN:11,(anonymous_7)
FN:26,(anonymous_8)
FN:41,(anonymous_9)
FNF:3
FNH:0
FNDA:0,(anonymous_7)
FNDA:0,(anonymous_8)
FNDA:0,(anonymous_9)
DA:1,0
DA:2,0
DA:4,0
DA:6,0
DA:8,0
DA:11,0
DA:21,0
DA:23,0
DA:26,0
DA:36,0
DA:38,0
DA:41,0
DA:51,0
DA:53,0
LF:14
LH:0
BRF:0
BRH:0
end_of_record
TN:
SF:src/components/ui/textarea.tsx
FN:9,(anonymous_7)
FNF:1
FNH:0
FNDA:0,(anonymous_7)
DA:1,0
DA:3,0
DA:8,0
DA:9,0
DA:10,0
DA:22,0
DA:24,0
LF:7
LH:0
BRF:0
BRH:0
end_of_record
TN:
SF:src/components/ui/toast.tsx
FN:13,(anonymous_7)
FN:45,(anonymous_8)
FN:59,(anonymous_9)
FN:74,(anonymous_10)
FN:92,(anonymous_11)
FN:104,(anonymous_12)
FNF:6
FNH:0
FNDA:0,(anonymous_7)
FNDA:0,(anonymous_8)
FNDA:0,(anonymous_9)
FNDA:0,(anonymous_10)
FNDA:0,(anonymous_11)
FNDA:0,(anonymous_12)
DA:1,0
DA:2,0
DA:3,0
DA:4,0
DA:6,0
DA:8,0
DA:10,0
DA:13,0
DA:23,0
DA:25,0
DA:41,0
DA:45,0
DA:46,0
DA:54,0
DA:56,0
DA:59,0
DA:69,0
DA:71,0
DA:74,0
DA:87,0
DA:89,0
DA:92,0
DA:99,0
DA:101,0
DA:104,0
DA:111,0
DA:120,0
DA:121,0
DA:122,0
DA:123,0
DA:124,0
DA:125,0
DA:126,0
LF:33
LH:0
BRF:0
BRH:0
end_of_record
TN:
SF:src/components/ui/toaster.tsx
FN:11,Toaster
FN:16,(anonymous_2)
FNF:2
FNH:0
FNDA:0,Toaster
FNDA:0,(anonymous_2)
DA:1,0
DA:2,0
DA:11,0
DA:12,0
DA:14,0
DA:16,0
DA:17,0
LF:7
LH:0
BRDA:20,0,0,0
BRDA:20,0,1,0
BRDA:21,1,0,0
BRDA:21,1,1,0
BRF:4
BRH:0
end_of_record
TN:
SF:src/components/ui/toggle-group.tsx
FN:19,(anonymous_7)
FN:37,(anonymous_8)
FNF:2
FNH:0
FNDA:0,(anonymous_7)
FNDA:0,(anonymous_8)
DA:1,0
DA:2,0
DA:5,0
DA:6,0
DA:8,0
DA:15,0
DA:19,0
DA:31,0
DA:33,0
DA:37,0
DA:38,0
DA:40,0
DA:57,0
DA:59,0
LF:14
LH:0
BRDA:45,0,0,0
BRDA:45,0,1,0
BRDA:46,1,0,0
BRDA:46,1,1,0
BRF:4
BRH:0
end_of_record
TN:
SF:src/components/ui/toggle.tsx
FN:33,(anonymous_7)
FNF:1
FNH:0
FNDA:0,(anonymous_7)
DA:1,0
DA:2,0
DA:3,0
DA:5,0
DA:7,0
DA:29,0
DA:33,0
DA:41,0
DA:43,0
LF:9
LH:0
BRF:0
BRH:0
end_of_record
TN:
SF:src/components/ui/tooltip.tsx
FN:15,(anonymous_7)
FNF:1
FNH:0
FNDA:0,(anonymous_7)
DA:1,0
DA:2,0
DA:4,0
DA:6,0
DA:8,0
DA:10,0
DA:12,0
DA:15,0
DA:26,0
DA:28,0
LF:10
LH:0
BRDA:15,0,0,0
BRF:1
BRH:0
end_of_record
TN:
SF:src/components/ui/use-toast.ts
FN:3,(anonymous_0)
FN:3,(anonymous_1)
FNF:2
FNH:0
FNDA:0,(anonymous_0)
FNDA:0,(anonymous_1)
DA:1,0
DA:3,0
LF:2
LH:0
BRF:0
BRH:0
end_of_record
TN:
SF:src/hooks/use-background-sync.ts
FN:11,useBackgroundSync
FN:19,(anonymous_8)
FN:27,(anonymous_9)
FN:35,(anonymous_10)
FN:43,(anonymous_11)
FN:43,(anonymous_12)
FN:63,(anonymous_13)
FN:75,(anonymous_14)
FN:91,(anonymous_15)
FN:107,(anonymous_16)
FN:116,(anonymous_17)
FN:127,(anonymous_18)
FN:129,(anonymous_19)
FN:138,(anonymous_20)
FN:147,(anonymous_21)
FN:156,(anonymous_22)
FN:169,(anonymous_23)
FN:197,usePrefetch
FN:203,(anonymous_25)
FN:213,(anonymous_26)
FN:223,(anonymous_27)
FNF:21
FNH:0
FNDA:0,useBackgroundSync
FNDA:0,(anonymous_8)
FNDA:0,(anonymous_9)
FNDA:0,(anonymous_10)
FNDA:0,(anonymous_11)
FNDA:0,(anonymous_12)
FNDA:0,(anonymous_13)
FNDA:0,(anonymous_14)
FNDA:0,(anonymous_15)
FNDA:0,(anonymous_16)
FNDA:0,(anonymous_17)
FNDA:0,(anonymous_18)
FNDA:0,(anonymous_19)
FNDA:0,(anonymous_20)
FNDA:0,(anonymous_21)
FNDA:0,(anonymous_22)
FNDA:0,(anonymous_23)
FNDA:0,usePrefetch
FNDA:0,(anonymous_25)
FNDA:0,(anonymous_26)
FNDA:0,(anonymous_27)
DA:1,0
DA:2,0
DA:3,0
DA:4,0
DA:5,0
DA:11,0
DA:12,0
DA:13,0
DA:14,0
DA:19,0
DA:20,0
DA:21,0
DA:27,0
DA:28,0
DA:29,0
DA:35,0
DA:36,0
DA:37,0
DA:43,0
DA:44,0
DA:45,0
DA:46,0
DA:51,0
DA:52,0
DA:63,0
DA:64,0
DA:67,0
DA:76,0
DA:77,0
DA:83,0
DA:92,0
DA:93,0
DA:99,0
DA:108,0
DA:109,0
DA:110,0
DA:116,0
DA:117,0
DA:118,0
DA:119,0
DA:120,0
DA:127,0
DA:129,0
DA:130,0
DA:131,0
DA:138,0
DA:139,0
DA:140,0
DA:147,0
DA:148,0
DA:149,0
DA:156,0
DA:158,0
DA:159,0
DA:162,0
DA:169,0
DA:170,0
DA:173,0
DA:174,0
DA:180,0
DA:197,0
DA:198,0
DA:203,0
DA:204,0
DA:213,0
DA:214,0
DA:223,0
DA:224,0
DA:230,0
LF:69
LH:0
BRDA:158,0,0,0
BRDA:158,0,1,0
BRDA:158,1,0,0
BRDA:158,1,1,0
BRDA:173,2,0,0
BRDA:173,2,1,0
BRF:6
BRH:0
end_of_record
TN:
SF:src/hooks/use-debounced-search.ts
FN:7,useDebouncedSearch
FN:14,(anonymous_1)
FN:19,(anonymous_2)
FN:25,(anonymous_3)
FN:29,(anonymous_4)
FN:36,(anonymous_5)
FN:43,(anonymous_6)
FN:48,(anonymous_7)
FN:67,useAdvancedSearch
FN:84,(anonymous_9)
FN:89,(anonymous_10)
FN:94,(anonymous_11)
FN:100,(anonymous_12)
FN:101,(anonymous_13)
FN:104,(anonymous_14)
FNF:15
FNH:0
FNDA:0,useDebouncedSearch
FNDA:0,(anonymous_1)
FNDA:0,(anonymous_2)
FNDA:0,(anonymous_3)
FNDA:0,(anonymous_4)
FNDA:0,(anonymous_5)
FNDA:0,(anonymous_6)
FNDA:0,(anonymous_7)
FNDA:0,useAdvancedSearch
FNDA:0,(anonymous_9)
FNDA:0,(anonymous_10)
FNDA:0,(anonymous_11)
FNDA:0,(anonymous_12)
FNDA:0,(anonymous_13)
FNDA:0,(anonymous_14)
DA:1,0
DA:7,0
DA:8,0
DA:9,0
DA:10,0
DA:11,0
DA:14,0
DA:15,0
DA:16,0
DA:19,0
DA:20,0
DA:21,0
DA:24,0
DA:25,0
DA:29,0
DA:30,0
DA:31,0
DA:36,0
DA:37,0
DA:38,0
DA:39,0
DA:43,0
DA:44,0
DA:48,0
DA:49,0
DA:52,0
DA:67,0
DA:68,0
DA:80,0
DA:81,0
DA:84,0
DA:85,0
DA:86,0
DA:89,0
DA:90,0
DA:91,0
DA:94,0
DA:95,0
DA:96,0
DA:100,0
DA:101,0
DA:104,0
DA:105,0
DA:113,0
LF:44
LH:0
BRDA:7,0,0,0
BRDA:7,1,0,0
BRDA:15,2,0,0
BRDA:15,2,1,0
BRDA:24,3,0,0
BRDA:24,3,1,0
BRDA:24,4,0,0
BRDA:24,4,1,0
BRDA:85,5,0,0
BRDA:85,5,1,0
BRF:10
BRH:0
end_of_record
TN:
SF:src/hooks/use-error-handler.ts
FN:12,useErrorHandler
FN:15,(anonymous_8)
FN:67,(anonymous_9)
FN:70,(anonymous_10)
FN:80,(anonymous_11)
FN:84,(anonymous_12)
FNF:6
FNH:0
FNDA:0,useErrorHandler
FNDA:0,(anonymous_8)
FNDA:0,(anonymous_9)
FNDA:0,(anonymous_10)
FNDA:0,(anonymous_11)
FNDA:0,(anonymous_12)
DA:1,0
DA:2,0
DA:3,0
DA:4,0
DA:12,0
DA:13,0
DA:15,0
DA:20,0
DA:23,0
DA:26,0
DA:27,0
DA:34,0
DA:35,0
DA:36,0
DA:38,0
DA:40,0
DA:41,0
DA:42,0
DA:44,0
DA:45,0
DA:46,0
DA:48,0
DA:49,0
DA:50,0
DA:52,0
DA:53,0
DA:54,0
DA:57,0
DA:64,0
DA:67,0
DA:70,0
DA:71,0
DA:72,0
DA:74,0
DA:75,0
DA:76,0
DA:80,0
DA:84,0
DA:85,0
DA:86,0
DA:90,0
LF:41
LH:0
BRDA:12,0,0,0
BRDA:13,1,0,0
BRDA:13,2,0,0
BRDA:20,3,0,0
BRDA:20,3,1,0
BRDA:26,4,0,0
BRDA:26,4,1,0
BRDA:34,5,0,0
BRDA:34,5,1,0
BRDA:38,6,0,0
BRDA:38,6,1,0
BRDA:38,6,2,0
BRDA:38,6,3,0
BRDA:74,7,0,0
BRDA:74,7,1,0
BRDA:76,8,0,0
BRDA:76,8,1,0
BRDA:76,9,0,0
BRDA:76,9,1,0
BRDA:82,10,0,0
BRF:20
BRH:0
end_of_record
TN:
SF:src/hooks/use-keyboard-navigation.ts
FN:24,(anonymous_0)
FN:41,(anonymous_1)
FN:110,(anonymous_2)
FN:114,(anonymous_3)
FN:123,(anonymous_4)
FN:131,(anonymous_5)
FN:138,(anonymous_6)
FN:143,(anonymous_7)
FN:148,(anonymous_8)
FN:154,(anonymous_9)
FN:169,(anonymous_10)
FN:169,(anonymous_11)
FNF:12
FNH:0
FNDA:0,(anonymous_0)
FNDA:0,(anonymous_1)
FNDA:0,(anonymous_2)
FNDA:0,(anonymous_3)
FNDA:0,(anonymous_4)
FNDA:0,(anonymous_5)
FNDA:0,(anonymous_6)
FNDA:0,(anonymous_7)
FNDA:0,(anonymous_8)
FNDA:0,(anonymous_9)
FNDA:0,(anonymous_10)
FNDA:0,(anonymous_11)
DA:1,0
DA:24,0
DA:39,0
DA:41,0
DA:42,0
DA:44,0
DA:47,0
DA:48,0
DA:51,0
DA:53,0
DA:54,0
DA:55,0
DA:57,0
DA:59,0
DA:60,0
DA:61,0
DA:63,0
DA:65,0
DA:66,0
DA:67,0
DA:69,0
DA:71,0
DA:72,0
DA:73,0
DA:75,0
DA:77,0
DA:78,0
DA:79,0
DA:81,0
DA:83,0
DA:84,0
DA:85,0
DA:87,0
DA:89,0
DA:90,0
DA:92,0
DA:110,0
DA:111,0
DA:113,0
DA:114,0
DA:115,0
DA:119,0
DA:123,0
DA:128,0
DA:129,0
DA:131,0
DA:132,0
DA:133,0
DA:134,0
DA:138,0
DA:139,0
DA:140,0
DA:143,0
DA:144,0
DA:145,0
DA:148,0
DA:149,0
DA:150,0
DA:154,0
DA:155,0
DA:156,0
DA:157,0
DA:161,0
DA:169,0
DA:170,0
DA:173,0
LF:66
LH:0
BRDA:24,0,0,0
BRDA:26,1,0,0
BRDA:27,2,0,0
BRDA:28,3,0,0
BRDA:29,4,0,0
BRDA:37,5,0,0
BRDA:38,6,0,0
BRDA:42,7,0,0
BRDA:42,7,1,0
BRDA:47,8,0,0
BRDA:47,8,1,0
BRDA:51,9,0,0
BRDA:51,9,1,0
BRDA:51,9,2,0
BRDA:51,9,3,0
BRDA:51,9,4,0
BRDA:51,9,5,0
BRDA:51,9,6,0
BRDA:53,10,0,0
BRDA:53,10,1,0
BRDA:53,11,0,0
BRDA:53,11,1,0
BRDA:59,12,0,0
BRDA:59,12,1,0
BRDA:59,13,0,0
BRDA:59,13,1,0
BRDA:65,14,0,0
BRDA:65,14,1,0
BRDA:65,15,0,0
BRDA:65,15,1,0
BRDA:71,16,0,0
BRDA:71,16,1,0
BRDA:71,17,0,0
BRDA:71,17,1,0
BRDA:77,18,0,0
BRDA:77,18,1,0
BRDA:77,19,0,0
BRDA:77,19,1,0
BRDA:83,20,0,0
BRDA:83,20,1,0
BRDA:83,21,0,0
BRDA:83,21,1,0
BRDA:89,22,0,0
BRDA:89,22,1,0
BRDA:89,23,0,0
BRDA:89,23,1,0
BRDA:111,24,0,0
BRDA:111,24,1,0
BRDA:132,25,0,0
BRDA:132,25,1,0
BRDA:132,26,0,0
BRDA:132,26,1,0
BRDA:132,26,2,0
BRDA:133,27,0,0
BRDA:133,27,1,0
BRDA:133,28,0,0
BRDA:133,28,1,0
BRDA:139,29,0,0
BRDA:139,29,1,0
BRDA:144,30,0,0
BRDA:144,30,1,0
BRDA:149,31,0,0
BRDA:149,31,1,0
BRDA:149,32,0,0
BRDA:149,32,1,0
BRDA:149,32,2,0
BRDA:156,33,0,0
BRDA:156,33,1,0
BRF:68
BRH:0
end_of_record
TN:
SF:src/hooks/use-mobile.tsx
FN:5,useIsMobile
FN:8,(anonymous_7)
FN:10,(anonymous_8)
FN:15,(anonymous_9)
FNF:4
FNH:0
FNDA:0,useIsMobile
FNDA:0,(anonymous_7)
FNDA:0,(anonymous_8)
FNDA:0,(anonymous_9)
DA:1,0
DA:3,0
DA:5,0
DA:6,0
DA:8,0
DA:9,0
DA:10,0
DA:11,0
DA:13,0
DA:14,0
DA:15,0
DA:18,0
LF:12
LH:0
BRF:0
BRH:0
end_of_record
TN:
SF:src/hooks/use-network-status.ts
FN:35,useNetworkStatus
FN:36,(anonymous_8)
FN:58,(anonymous_9)
FN:74,(anonymous_10)
FN:88,(anonymous_11)
FN:88,(anonymous_12)
FN:93,(anonymous_13)
FN:112,(anonymous_14)
FN:142,(anonymous_15)
FN:142,(anonymous_16)
FN:171,(anonymous_17)
FN:172,(anonymous_18)
FN:172,(anonymous_19)
FN:178,(anonymous_20)
FN:196,(anonymous_21)
FN:202,(anonymous_22)
FN:205,(anonymous_23)
FN:234,(anonymous_24)
FN:247,(anonymous_25)
FN:250,(anonymous_26)
FN:250,(anonymous_27)
FN:255,(anonymous_28)
FN:270,(anonymous_29)
FN:285,useNetworkAwareOperation
FN:292,(anonymous_31)
FN:301,(anonymous_32)
FN:332,(anonymous_33)
FN:384,(anonymous_34)
FNF:28
FNH:0
FNDA:0,useNetworkStatus
FNDA:0,(anonymous_8)
FNDA:0,(anonymous_9)
FNDA:0,(anonymous_10)
FNDA:0,(anonymous_11)
FNDA:0,(anonymous_12)
FNDA:0,(anonymous_13)
FNDA:0,(anonymous_14)
FNDA:0,(anonymous_15)
FNDA:0,(anonymous_16)
FNDA:0,(anonymous_17)
FNDA:0,(anonymous_18)
FNDA:0,(anonymous_19)
FNDA:0,(anonymous_20)
FNDA:0,(anonymous_21)
FNDA:0,(anonymous_22)
FNDA:0,(anonymous_23)
FNDA:0,(anonymous_24)
FNDA:0,(anonymous_25)
FNDA:0,(anonymous_26)
FNDA:0,(anonymous_27)
FNDA:0,(anonymous_28)
FNDA:0,(anonymous_29)
FNDA:0,useNetworkAwareOperation
FNDA:0,(anonymous_31)
FNDA:0,(anonymous_32)
FNDA:0,(anonymous_33)
FNDA:0,(anonymous_34)
DA:1,0
DA:2,0
DA:3,0
DA:35,0
DA:36,0
DA:43,0
DA:44,0
DA:46,0
DA:47,0
DA:48,0
DA:49,0
DA:52,0
DA:58,0
DA:60,0
DA:62,0
DA:63,0
DA:64,0
DA:65,0
DA:69,0
DA:74,0
DA:88,0
DA:89,0
DA:92,0
DA:93,0
DA:95,0
DA:101,0
DA:102,0
DA:104,0
DA:105,0
DA:112,0
DA:113,0
DA:115,0
DA:116,0
DA:118,0
DA:120,0
DA:123,0
DA:125,0
DA:130,0
DA:131,0
DA:132,0
DA:133,0
DA:136,0
DA:142,0
DA:143,0
DA:144,0
DA:146,0
DA:147,0
DA:150,0
DA:151,0
DA:157,0
DA:158,0
DA:159,0
DA:171,0
DA:172,0
DA:173,0
DA:176,0
DA:178,0
DA:184,0
DA:185,0
DA:188,0
DA:189,0
DA:196,0
DA:197,0
DA:202,0
DA:203,0
DA:205,0
DA:211,0
DA:212,0
DA:221,0
DA:222,0
DA:226,0
DA:227,0
DA:228,0
DA:232,0
DA:234,0
DA:235,0
DA:236,0
DA:238,0
DA:239,0
DA:247,0
DA:248,0
DA:250,0
DA:251,0
DA:253,0
DA:255,0
DA:260,0
DA:261,0
DA:270,0
DA:273,0
DA:285,0
DA:286,0
DA:287,0
DA:292,0
DA:301,0
DA:308,0
DA:311,0
DA:312,0
DA:313,0
DA:319,0
DA:322,0
DA:324,0
DA:325,0
DA:327,0
DA:328,0
DA:332,0
DA:335,0
DA:336,0
DA:340,0
DA:343,0
DA:344,0
DA:350,0
DA:352,0
DA:353,0
DA:356,0
DA:359,0
DA:363,0
DA:364,0
DA:370,0
DA:371,0
DA:378,0
DA:384,0
DA:385,0
DA:387,0
DA:388,0
DA:389,0
DA:392,0
DA:395,0
LF:127
LH:0
BRDA:60,0,0,0
BRDA:60,0,1,0
BRDA:60,0,2,0
BRDA:62,1,0,0
BRDA:62,1,1,0
BRDA:69,2,0,0
BRDA:69,2,1,0
BRDA:69,2,2,0
BRDA:69,2,3,0
BRDA:69,2,4,0
BRDA:69,2,5,0
BRDA:113,3,0,0
BRDA:113,3,1,0
BRDA:115,4,0,0
BRDA:115,4,1,0
BRDA:116,5,0,0
BRDA:116,5,1,0
BRDA:116,5,2,0
BRDA:116,5,3,0
BRDA:116,5,4,0
BRDA:130,6,0,0
BRDA:130,6,1,0
BRDA:130,7,0,0
BRDA:130,7,1,0
BRDA:131,8,0,0
BRDA:131,8,1,0
BRDA:131,9,0,0
BRDA:131,9,1,0
BRDA:132,10,0,0
BRDA:132,10,1,0
BRDA:132,11,0,0
BRDA:132,11,1,0
BRDA:136,12,0,0
BRDA:136,12,1,0
BRDA:146,13,0,0
BRDA:146,13,1,0
BRDA:150,14,0,0
BRDA:150,14,1,0
BRDA:158,15,0,0
BRDA:158,15,1,0
BRDA:181,16,0,0
BRDA:181,16,1,0
BRDA:184,17,0,0
BRDA:184,17,1,0
BRDA:188,18,0,0
BRDA:188,18,1,0
BRDA:211,19,0,0
BRDA:211,19,1,0
BRDA:226,20,0,0
BRDA:226,20,1,0
BRDA:226,20,2,0
BRDA:227,21,0,0
BRDA:227,21,1,0
BRDA:227,22,0,0
BRDA:227,22,1,0
BRDA:238,23,0,0
BRDA:238,23,1,0
BRDA:238,24,0,0
BRDA:238,24,1,0
BRDA:248,25,0,0
BRDA:248,25,1,0
BRDA:253,26,0,0
BRDA:253,26,1,0
BRDA:253,27,0,0
BRDA:253,27,1,0
BRDA:260,28,0,0
BRDA:260,28,1,0
BRDA:294,29,0,0
BRDA:303,30,0,0
BRDA:304,31,0,0
BRDA:305,32,0,0
BRDA:306,33,0,0
BRDA:307,34,0,0
BRDA:311,35,0,0
BRDA:311,35,1,0
BRDA:312,36,0,0
BRDA:312,36,1,0
BRDA:327,37,0,0
BRDA:327,37,1,0
BRDA:328,38,0,0
BRDA:328,38,1,0
BRDA:335,39,0,0
BRDA:335,39,1,0
BRDA:343,40,0,0
BRDA:343,40,1,0
BRDA:343,41,0,0
BRDA:343,41,1,0
BRDA:346,42,0,0
BRDA:346,42,1,0
BRDA:352,43,0,0
BRDA:352,43,1,0
BRDA:356,44,0,0
BRDA:356,44,1,0
BRDA:356,45,0,0
BRDA:356,45,1,0
BRDA:356,45,2,0
BRDA:363,46,0,0
BRDA:363,46,1,0
BRDA:370,47,0,0
BRDA:370,47,1,0
BRDA:370,48,0,0
BRDA:370,48,1,0
BRDA:384,49,0,0
BRDA:385,50,0,0
BRDA:385,50,1,0
BRDA:387,51,0,0
BRDA:387,51,1,0
BRDA:389,52,0,0
BRDA:389,52,1,0
BRF:109
BRH:0
end_of_record
TN:
SF:src/hooks/use-notifications.ts
FN:60,useNotifications
FN:68,(anonymous_1)
FN:80,(anonymous_2)
FN:88,(anonymous_3)
FN:93,(anonymous_4)
FN:94,(anonymous_5)
FN:95,(anonymous_6)
FN:106,(anonymous_7)
FN:107,(anonymous_8)
FN:108,(anonymous_9)
FN:115,(anonymous_10)
FN:124,(anonymous_11)
FN:131,(anonymous_12)
FN:139,(anonymous_13)
FN:146,(anonymous_14)
FN:162,(anonymous_15)
FN:175,(anonymous_16)
FN:203,(anonymous_17)
FN:251,(anonymous_18)
FN:295,(anonymous_19)
FN:330,(anonymous_20)
FNF:21
FNH:0
FNDA:0,useNotifications
FNDA:0,(anonymous_1)
FNDA:0,(anonymous_2)
FNDA:0,(anonymous_3)
FNDA:0,(anonymous_4)
FNDA:0,(anonymous_5)
FNDA:0,(anonymous_6)
FNDA:0,(anonymous_7)
FNDA:0,(anonymous_8)
FNDA:0,(anonymous_9)
FNDA:0,(anonymous_10)
FNDA:0,(anonymous_11)
FNDA:0,(anonymous_12)
FNDA:0,(anonymous_13)
FNDA:0,(anonymous_14)
FNDA:0,(anonymous_15)
FNDA:0,(anonymous_16)
FNDA:0,(anonymous_17)
FNDA:0,(anonymous_18)
FNDA:0,(anonymous_19)
FNDA:0,(anonymous_20)
DA:1,0
DA:3,0
DA:48,0
DA:60,0
DA:61,0
DA:62,0
DA:63,0
DA:64,0
DA:65,0
DA:68,0
DA:69,0
DA:70,0
DA:71,0
DA:72,0
DA:74,0
DA:80,0
DA:81,0
DA:82,0
DA:83,0
DA:88,0
DA:93,0
DA:94,0
DA:95,0
DA:96,0
DA:106,0
DA:107,0
DA:108,0
DA:115,0
DA:116,0
DA:117,0
DA:118,0
DA:124,0
DA:125,0
DA:131,0
DA:132,0
DA:139,0
DA:140,0
DA:146,0
DA:151,0
DA:162,0
DA:163,0
DA:164,0
DA:175,0
DA:176,0
DA:178,0
DA:179,0
DA:180,0
DA:181,0
DA:183,0
DA:184,0
DA:186,0
DA:187,0
DA:189,0
DA:190,0
DA:192,0
DA:193,0
DA:195,0
DA:203,0
DA:209,0
DA:211,0
DA:219,0
DA:221,0
DA:232,0
DA:239,0
DA:245,0
DA:251,0
DA:256,0
DA:258,0
DA:267,0
DA:269,0
DA:279,0
DA:284,0
DA:289,0
DA:295,0
DA:300,0
DA:302,0
DA:304,0
DA:314,0
DA:319,0
DA:324,0
DA:330,0
DA:335,0
DA:337,0
DA:339,0
DA:349,0
DA:355,0
DA:360,0
DA:363,0
LF:88
LH:0
BRDA:70,0,0,0
BRDA:70,0,1,0
BRDA:81,1,0,0
BRDA:81,1,1,0
BRDA:81,2,0,0
BRDA:81,2,1,0
BRDA:82,3,0,0
BRDA:82,3,1,0
BRDA:96,4,0,0
BRDA:96,4,1,0
BRDA:149,5,0,0
BRDA:163,6,0,0
BRDA:163,6,1,0
BRDA:163,7,0,0
BRDA:163,7,1,0
BRDA:163,7,2,0
BRDA:176,8,0,0
BRDA:176,8,1,0
BRDA:179,9,0,0
BRDA:179,9,1,0
BRDA:209,10,0,0
BRDA:209,10,1,0
BRDA:219,11,0,0
BRDA:219,11,1,0
BRDA:235,12,0,0
BRDA:235,12,1,0
BRDA:256,13,0,0
BRDA:256,13,1,0
BRDA:258,14,0,0
BRDA:258,14,1,0
BRDA:300,15,0,0
BRDA:300,15,1,0
BRDA:335,16,0,0
BRDA:335,16,1,0
BRDA:343,17,0,0
BRDA:343,17,1,0
BRF:36
BRH:0
end_of_record
TN:
SF:src/hooks/use-offline-state.ts
FN:41,useOfflineState
FN:42,(anonymous_8)
FN:71,(anonymous_9)
FN:71,(anonymous_10)
FN:74,(anonymous_11)
FN:80,(anonymous_12)
FN:86,(anonymous_13)
FN:113,(anonymous_14)
FN:114,(anonymous_15)
FN:124,(anonymous_16)
FN:141,(anonymous_17)
FN:163,(anonymous_18)
FN:169,(anonymous_19)
FN:178,(anonymous_20)
FN:181,(anonymous_21)
FN:182,(anonymous_22)
FN:188,(anonymous_23)
FN:194,(anonymous_24)
FN:195,(anonymous_25)
FN:195,(anonymous_26)
FN:202,(anonymous_27)
FN:226,(anonymous_28)
FN:233,(anonymous_29)
FN:236,(anonymous_30)
FN:257,(anonymous_31)
FN:266,(anonymous_32)
FN:269,(anonymous_33)
FN:269,(anonymous_34)
FN:276,(anonymous_35)
FN:300,(anonymous_36)
FN:307,(anonymous_37)
FN:313,(anonymous_38)
FN:316,(anonymous_39)
FN:318,(anonymous_40)
FN:352,useOfflineAwareOperation
FN:366,(anonymous_42)
FN:374,(anonymous_43)
FNF:37
FNH:0
FNDA:0,useOfflineState
FNDA:0,(anonymous_8)
FNDA:0,(anonymous_9)
FNDA:0,(anonymous_10)
FNDA:0,(anonymous_11)
FNDA:0,(anonymous_12)
FNDA:0,(anonymous_13)
FNDA:0,(anonymous_14)
FNDA:0,(anonymous_15)
FNDA:0,(anonymous_16)
FNDA:0,(anonymous_17)
FNDA:0,(anonymous_18)
FNDA:0,(anonymous_19)
FNDA:0,(anonymous_20)
FNDA:0,(anonymous_21)
FNDA:0,(anonymous_22)
FNDA:0,(anonymous_23)
FNDA:0,(anonymous_24)
FNDA:0,(anonymous_25)
FNDA:0,(anonymous_26)
FNDA:0,(anonymous_27)
FNDA:0,(anonymous_28)
FNDA:0,(anonymous_29)
FNDA:0,(anonymous_30)
FNDA:0,(anonymous_31)
FNDA:0,(anonymous_32)
FNDA:0,(anonymous_33)
FNDA:0,(anonymous_34)
FNDA:0,(anonymous_35)
FNDA:0,(anonymous_36)
FNDA:0,(anonymous_37)
FNDA:0,(anonymous_38)
FNDA:0,(anonymous_39)
FNDA:0,(anonymous_40)
FNDA:0,useOfflineAwareOperation
FNDA:0,(anonymous_42)
FNDA:0,(anonymous_43)
DA:1,0
DA:2,0
DA:3,0
DA:41,0
DA:42,0
DA:43,0
DA:44,0
DA:56,0
DA:57,0
DA:59,0
DA:60,0
DA:61,0
DA:62,0
DA:65,0
DA:71,0
DA:72,0
DA:74,0
DA:80,0
DA:86,0
DA:93,0
DA:94,0
DA:95,0
DA:96,0
DA:97,0
DA:98,0
DA:101,0
DA:102,0
DA:106,0
DA:107,0
DA:113,0
DA:114,0
DA:124,0
DA:125,0
DA:127,0
DA:128,0
DA:129,0
DA:130,0
DA:131,0
DA:132,0
DA:134,0
DA:141,0
DA:142,0
DA:150,0
DA:157,0
DA:163,0
DA:164,0
DA:166,0
DA:167,0
DA:169,0
DA:170,0
DA:178,0
DA:179,0
DA:181,0
DA:182,0
DA:188,0
DA:194,0
DA:195,0
DA:196,0
DA:199,0
DA:201,0
DA:202,0
DA:213,0
DA:214,0
DA:221,0
DA:222,0
DA:226,0
DA:233,0
DA:234,0
DA:236,0
DA:245,0
DA:246,0
DA:254,0
DA:255,0
DA:257,0
DA:258,0
DA:259,0
DA:266,0
DA:267,0
DA:269,0
DA:270,0
DA:272,0
DA:274,0
DA:276,0
DA:287,0
DA:288,0
DA:295,0
DA:296,0
DA:300,0
DA:307,0
DA:313,0
DA:314,0
DA:316,0
DA:317,0
DA:318,0
DA:320,0
DA:321,0
DA:326,0
DA:331,0
DA:334,0
DA:336,0
DA:339,0
DA:352,0
DA:353,0
DA:356,0
DA:358,0
DA:359,0
DA:360,0
DA:363,0
DA:366,0
DA:374,0
DA:375,0
DA:377,0
DA:378,0
DA:380,0
DA:381,0
DA:382,0
DA:384,0
DA:385,0
DA:390,0
DA:391,0
DA:398,0
DA:402,0
DA:403,0
DA:405,0
DA:408,0
DA:409,0
DA:410,0
DA:412,0
DA:416,0
DA:420,0
LF:130
LH:0
BRDA:46,0,0,0
BRDA:46,0,1,0
BRDA:96,1,0,0
BRDA:96,1,1,0
BRDA:127,2,0,0
BRDA:127,2,1,0
BRDA:129,3,0,0
BRDA:129,3,1,0
BRDA:131,4,0,0
BRDA:131,4,1,0
BRDA:157,5,0,0
BRDA:157,5,1,0
BRDA:164,6,0,0
BRDA:164,6,1,0
BRDA:170,7,0,0
BRDA:170,7,1,0
BRDA:179,8,0,0
BRDA:179,8,1,0
BRDA:179,9,0,0
BRDA:179,9,1,0
BRDA:184,10,0,0
BRDA:184,10,1,0
BRDA:184,11,0,0
BRDA:184,11,1,0
BRDA:184,12,0,0
BRDA:184,12,1,0
BRDA:201,13,0,0
BRDA:201,13,1,0
BRDA:213,14,0,0
BRDA:213,14,1,0
BRDA:221,15,0,0
BRDA:221,15,1,0
BRDA:239,16,0,0
BRDA:239,16,1,0
BRDA:245,17,0,0
BRDA:245,17,1,0
BRDA:267,18,0,0
BRDA:267,18,1,0
BRDA:274,19,0,0
BRDA:274,19,1,0
BRDA:287,20,0,0
BRDA:287,20,1,0
BRDA:295,21,0,0
BRDA:295,21,1,0
BRDA:314,22,0,0
BRDA:314,22,1,0
BRDA:320,23,0,0
BRDA:320,23,1,0
BRDA:375,24,0,0
BRDA:375,25,0,0
BRDA:377,26,0,0
BRDA:377,26,1,0
BRDA:378,27,0,0
BRDA:378,27,1,0
BRDA:380,28,0,0
BRDA:380,28,1,0
BRDA:390,29,0,0
BRDA:390,29,1,0
BRDA:390,30,0,0
BRDA:390,30,1,0
BRDA:408,31,0,0
BRDA:408,31,1,0
BRF:62
BRH:0
end_of_record
TN:
SF:src/hooks/use-optimistic-updates.ts
FN:14,useOptimisticUpdates
FN:23,(anonymous_8)
FN:24,(anonymous_9)
FN:26,(anonymous_10)
FN:38,(anonymous_11)
FN:39,(anonymous_12)
FN:49,(anonymous_13)
FN:57,(anonymous_14)
FN:60,(anonymous_15)
FN:60,(anonymous_16)
FN:104,(anonymous_17)
FN:120,(anonymous_18)
FN:140,(anonymous_19)
FN:145,(anonymous_20)
FN:145,(anonymous_21)
FN:171,(anonymous_22)
FN:186,(anonymous_23)
FN:211,(anonymous_24)
FN:221,(anonymous_25)
FN:224,(anonymous_26)
FN:224,(anonymous_27)
FN:275,(anonymous_28)
FN:291,(anonymous_29)
FN:310,(anonymous_30)
FN:315,(anonymous_31)
FN:315,(anonymous_32)
FN:351,(anonymous_33)
FN:366,(anonymous_34)
FN:399,(anonymous_35)
FN:405,(anonymous_36)
FN:408,(anonymous_37)
FN:408,(anonymous_38)
FN:434,(anonymous_39)
FN:450,(anonymous_40)
FN:469,(anonymous_41)
FN:474,(anonymous_42)
FN:474,(anonymous_43)
FN:495,(anonymous_44)
[...]
DA:268,0
DA:272,0
DA:282,0
DA:284,0
DA:285,0
DA:286,0
DA:287,0
DA:288,0
DA:289,0
DA:290,0
DA:291,0
DA:292,0
DA:293,0
DA:294,0
DA:295,0
DA:296,0
DA:297,0
DA:298,0
DA:299,0
DA:301,0
DA:309,0
DA:321,0
DA:322,0
DA:356,0
DA:366,0
DA:385,0
DA:387,0
DA:388,0
DA:391,0
DA:392,0
DA:394,0
DA:398,0
DA:399,0
DA:401,0
DA:405,0
DA:406,0
DA:407,0
DA:408,0
DA:409,0
DA:410,0
DA:411,0
DA:412,0
DA:414,0
DA:418,0
DA:419,0
DA:420,0
DA:421,0
DA:422,0
DA:423,0
DA:424,0
DA:425,0
DA:427,0
DA:431,0
DA:432,0
DA:433,0
DA:434,0
DA:435,0
DA:436,0
DA:437,0
DA:438,0
DA:442,0
DA:443,0
DA:447,0
DA:448,0
DA:449,0
DA:450,0
DA:451,0
DA:452,0
DA:455,0
DA:456,0
DA:460,0
DA:461,0
DA:462,0
DA:463,0
DA:464,0
DA:465,0
DA:466,0
DA:467,0
DA:468,0
DA:469,0
DA:471,0
DA:474,0
DA:490,0
DA:495,0
DA:496,0
DA:501,0
DA:509,0
DA:510,0
DA:513,0
DA:514,0
DA:517,0
DA:521,0
DA:526,0
DA:530,0
DA:539,0
DA:542,0
DA:543,0
DA:545,0
DA:549,0
DA:550,0
DA:552,0
DA:556,0
DA:557,0
DA:558,0
DA:559,0
DA:560,0
DA:561,0
DA:563,0
DA:567,0
DA:568,0
DA:569,0
DA:570,0
DA:571,0
DA:572,0
DA:573,0
DA:574,0
DA:576,0
DA:580,0
DA:581,0
DA:582,0
DA:583,0
DA:584,0
DA:585,0
DA:586,0
DA:587,0
DA:589,0
DA:593,0
DA:604,0
DA:632,0
DA:637,0
DA:638,0
DA:639,0
DA:642,0
DA:643,0
DA:644,0
DA:647,0
DA:649,0
DA:650,0
DA:657,0
DA:658,0
DA:659,0
DA:663,0
DA:664,0
DA:665,0
DA:667,0
DA:669,0
DA:687,0
DA:688,0
DA:691,0
DA:693,0
DA:694,0
LF:257
LH:0
BRDA:32,0,0,0
BRDA:32,0,1,0
BRDA:32,1,0,0
BRDA:32,1,1,0
BRDA:34,2,0,0
BRDA:34,2,1,0
BRDA:34,3,0,0
BRDA:34,3,1,0
BRDA:36,4,0,0
BRDA:36,4,1,0
BRDA:38,5,0,0
BRDA:38,5,1,0
BRDA:40,6,0,0
BRDA:40,6,1,0
BRDA:42,7,0,0
BRDA:42,7,1,0
BRDA:44,8,0,0
BRDA:44,8,1,0
BRDA:61,9,0,0
BRDA:61,9,1,0
BRDA:66,10,0,0
BRDA:66,10,1,0
BRDA:67,11,0,0
BRDA:67,11,1,0
BRDA:69,12,0,0
BRDA:69,12,1,0
BRDA:69,13,0,0
BRDA:69,13,1,0
BRDA:80,14,0,0
BRDA:80,14,1,0
BRDA:86,15,0,0
BRDA:86,15,1,0
BRDA:90,16,0,0
BRDA:90,16,1,0
BRDA:99,17,0,0
BRDA:99,17,1,0
BRDA:104,18,0,0
BRDA:104,18,1,0
BRDA:118,19,0,0
BRDA:118,19,1,0
BRDA:118,20,0,0
BRDA:118,20,1,0
BRDA:123,21,0,0
BRDA:123,21,1,0
BRDA:128,22,0,0
BRDA:128,22,1,0
BRDA:150,23,0,0
BRDA:150,23,1,0
BRDA:150,24,0,0
BRDA:150,24,1,0
BRDA:150,24,2,0
BRDA:157,25,0,0
BRDA:157,25,1,0
BRDA:157,26,0,0
BRDA:157,26,1,0
BRDA:166,27,0,0
BRDA:166,27,1,0
BRDA:171,28,0,0
BRDA:171,28,1,0
BRDA:171,29,0,0
BRDA:171,29,1,0
BRDA:177,30,0,0
BRDA:177,30,1,0
BRDA:177,31,0,0
BRDA:177,31,1,0
BRDA:195,32,0,0
BRDA:195,32,1,0
BRDA:202,33,0,0
BRDA:202,33,1,0
BRDA:202,34,0,0
BRDA:202,34,1,0
BRDA:202,34,2,0
BRDA:207,35,0,0
BRDA:207,35,1,0
BRDA:207,36,0,0
BRDA:207,36,1,0
BRDA:214,37,0,0
BRDA:214,37,1,0
BRDA:217,38,0,0
BRDA:217,38,1,0
BRDA:225,39,0,0
BRDA:225,39,1,0
BRDA:230,40,0,0
BRDA:230,40,1,0
BRDA:235,41,0,0
BRDA:235,41,1,0
BRDA:235,42,0,0
BRDA:235,42,1,0
BRDA:244,43,0,0
BRDA:244,43,1,0
BRDA:247,44,0,0
BRDA:247,44,1,0
BRDA:255,45,0,0
BRDA:255,45,1,0
BRDA:259,46,0,0
BRDA:259,46,1,0
BRDA:259,47,0,0
BRDA:259,47,1,0
BRDA:263,48,0,0
BRDA:263,48,1,0
BRDA:263,49,0,0
BRDA:263,49,1,0
BRDA:267,50,0,0
BRDA:267,50,1,0
BRDA:267,51,0,0
BRDA:267,51,1,0
BRDA:284,52,0,0
BRDA:284,52,1,0
BRDA:286,53,0,0
BRDA:286,53,1,0
BRDA:288,54,0,0
BRDA:288,54,1,0
BRDA:290,55,0,0
BRDA:290,55,1,0
BRDA:292,56,0,0
BRDA:292,56,1,0
BRDA:294,57,0,0
BRDA:294,57,1,0
BRDA:296,58,0,0
BRDA:296,58,1,0
BRDA:298,59,0,0
BRDA:298,59,1,0
BRDA:391,60,0,0
BRDA:391,60,1,0
BRDA:398,61,0,0
BRDA:398,61,1,0
BRDA:405,62,0,0
BRDA:405,62,1,0
BRDA:407,63,0,0
BRDA:407,63,1,0
BRDA:409,64,0,0
BRDA:409,64,1,0
BRDA:411,65,0,0
BRDA:411,65,1,0
BRDA:418,66,0,0
BRDA:418,66,1,0
BRDA:420,67,0,0
BRDA:420,67,1,0
BRDA:422,68,0,0
BRDA:422,68,1,0
BRDA:424,69,0,0
BRDA:424,69,1,0
BRDA:431,70,0,0
BRDA:431,70,1,0
BRDA:433,71,0,0
BRDA:433,71,1,0
BRDA:435,72,0,0
BRDA:435,72,1,0
BRDA:437,73,0,0
BRDA:437,73,1,0
BRDA:442,74,0,0
BRDA:442,74,1,0
BRDA:447,75,0,0
BRDA:447,75,1,0
BRDA:449,76,0,0
BRDA:449,76,1,0
BRDA:451,77,0,0
BRDA:451,77,1,0
BRDA:460,78,0,0
BRDA:460,78,1,0
BRDA:462,79,0,0
BRDA:462,79,1,0
BRDA:464,80,0,0
BRDA:464,80,1,0
BRDA:466,81,0,0
BRDA:466,81,1,0
BRDA:468,82,0,0
BRDA:468,82,1,0
BRDA:497,83,0,0
BRDA:497,83,1,0
BRDA:498,84,0,0
BRDA:498,84,1,0
BRDA:510,85,0,0
BRDA:510,85,1,0
BRDA:514,86,0,0
BRDA:514,86,1,0
BRDA:521,87,0,0
BRDA:521,87,1,0
BRDA:526,88,0,0
BRDA:526,88,1,0
BRDA:542,89,0,0
BRDA:542,89,1,0
BRDA:549,90,0,0
BRDA:549,90,1,0
BRDA:556,91,0,0
BRDA:556,91,1,0
BRDA:558,92,0,0
BRDA:558,92,1,0
BRDA:560,93,0,0
BRDA:560,93,1,0
BRDA:567,94,0,0
BRDA:567,94,1,0
BRDA:569,95,0,0
BRDA:569,95,1,0
BRDA:571,96,0,0
BRDA:571,96,1,0
BRDA:573,97,0,0
BRDA:573,97,1,0
BRDA:580,98,0,0
BRDA:580,98,1,0
BRDA:582,99,0,0
BRDA:582,99,1,0
BRDA:584,100,0,0
BRDA:584,100,1,0
BRDA:586,101,0,0
BRDA:586,101,1,0
BRDA:635,102,0,0
BRDA:637,103,0,0
BRDA:637,103,1,0
BRDA:637,104,0,0
BRDA:637,104,1,0
BRDA:642,105,0,0
BRDA:642,105,1,0
BRDA:642,106,0,0
BRDA:642,106,1,0
BRDA:642,106,2,0
BRDA:642,106,3,0
BRDA:650,107,0,0
BRDA:650,107,1,0
BRDA:650,107,2,0
BRDA:650,107,3,0
BRDA:650,107,4,0
BRDA:650,107,5,0
BRDA:657,108,0,0
BRDA:657,108,1,0
BRF:225
BRH:0
end_of_record
TN:
SF:src/lib/query-utils.ts
FN:17,searchProvidersOptimized
FN:26,(anonymous_15)
FN:26,(anonymous_16)
FN:87,(anonymous_17)
FN:98,(anonymous_18)
FN:100,(anonymous_19)
FN:137,searchProvidersBasic
FN:197,(anonymous_22)
FN:206,(anonymous_23)
FN:208,(anonymous_24)
FN:229,searchPatientsOptimized
FN:301,(anonymous_27)
FN:303,(anonymous_28)
FN:369,(anonymous_29)
FN:371,(anonymous_30)
FN:395,batchProviderLookup
FN:417,(anonymous_33)
FN:447,(anonymous_34)
FN:470,refreshProviderCache
FN:490,findProvidersWithinDistance
FN:532,(anonymous_39)
FN:567,getHighRiskPatients
FN:597,(anonymous_42)
FN:636,maintainQueryPerformance
FN:675,getQueryStats
FN:743,performFullTextSearch
FN:792,(anonymous_49)
FN:793,(anonymous_50)
FN:805,(anonymous_51)
FN:806,(anonymous_52)
FN:847,(anonymous_53)
FN:855,(anonymous_54)
FNF:32
FNH:0
FNDA:0,searchProvidersOptimized
FNDA:0,(anonymous_15)
FNDA:0,(anonymous_16)
FNDA:0,(anonymous_17)
FNDA:0,(anonymous_18)
FNDA:0,(anonymous_19)
FNDA:0,searchProvidersBasic
FNDA:0,(anonymous_22)
FNDA:0,(anonymous_23)
FNDA:0,(anonymous_24)
FNDA:0,searchPatientsOptimized
FNDA:0,(anonymous_27)
FNDA:0,(anonymous_28)
FNDA:0,(anonymous_29)
FNDA:0,(anonymous_30)
FNDA:0,batchProviderLookup
FNDA:0,(anonymous_33)
FNDA:0,(anonymous_34)
FNDA:0,refreshProviderCache
FNDA:0,findProvidersWithinDistance
FNDA:0,(anonymous_39)
FNDA:0,getHighRiskPatients
FNDA:0,(anonymous_42)
FNDA:0,maintainQueryPerformance
FNDA:0,getQueryStats
FNDA:0,performFullTextSearch
FNDA:0,(anonymous_49)
FNDA:0,(anonymous_50)
FNDA:0,(anonymous_51)
FNDA:0,(anonymous_52)
FNDA:0,(anonymous_53)
FNDA:0,(anonymous_54)
DA:6,0
DA:9,0
DA:17,0
DA:26,0
DA:35,0
DA:37,0
DA:41,0
DA:43,0
DA:46,0
DA:48,0
DA:51,0
DA:53,0
DA:56,0
DA:58,0
DA:62,0
DA:65,0
DA:66,0
DA:68,0
DA:76,0
DA:81,0
DA:82,0
DA:83,0
DA:85,0
DA:87,0
DA:97,0
DA:98,0
DA:100,0
DA:101,0
DA:103,0
DA:110,0
DA:114,0
DA:117,0
DA:118,0
DA:122,0
DA:123,0
DA:126,0
DA:128,0
DA:129,0
DA:154,0
DA:156,0
DA:159,0
DA:160,0
DA:163,0
DA:164,0
DA:167,0
DA:168,0
DA:172,0
DA:173,0
DA:174,0
DA:176,0
DA:183,0
DA:187,0
DA:189,0
DA:190,0
DA:193,0
DA:194,0
DA:197,0
DA:205,0
DA:206,0
DA:208,0
DA:209,0
DA:211,0
DA:218,0
DA:222,0
DA:229,0
DA:248,0
DA:250,0
DA:254,0
DA:256,0
DA:259,0
DA:261,0
DA:269,0
DA:270,0
DA:273,0
DA:274,0
DA:277,0
DA:278,0
DA:281,0
DA:282,0
DA:285,0
DA:286,0
DA:290,0
DA:295,0
DA:296,0
DA:297,0
DA:299,0
DA:301,0
DA:303,0
DA:304,0
DA:312,0
DA:316,0
DA:317,0
DA:321,0
DA:322,0
DA:325,0
DA:326,0
DA:333,0
DA:334,0
DA:337,0
DA:338,0
DA:341,0
DA:342,0
DA:345,0
DA:346,0
DA:349,0
DA:350,0
DA:353,0
DA:358,0
DA:360,0
DA:361,0
DA:364,0
DA:365,0
DA:369,0
DA:371,0
DA:372,0
DA:380,0
DA:384,0
DA:386,0
DA:387,0
DA:395,0
DA:396,0
DA:397,0
DA:400,0
DA:404,0
DA:406,0
DA:411,0
DA:412,0
DA:413,0
DA:415,0
DA:416,0
DA:417,0
DA:418,0
DA:428,0
DA:431,0
DA:432,0
DA:436,0
DA:437,0
DA:442,0
DA:443,0
DA:446,0
DA:447,0
DA:448,0
DA:456,0
DA:459,0
DA:461,0
DA:462,0
DA:470,0
DA:471,0
DA:472,0
DA:474,0
DA:475,0
DA:476,0
DA:479,0
DA:481,0
DA:482,0
DA:490,0
DA:507,0
DA:509,0
DA:510,0
DA:512,0
DA:522,0
DA:523,0
DA:524,0
DA:527,0
DA:528,0
DA:532,0
DA:549,0
DA:552,0
DA:567,0
DA:576,0
DA:578,0
DA:579,0
DA:581,0
DA:587,0
DA:588,0
DA:589,0
DA:592,0
DA:593,0
DA:597,0
DA:621,0
DA:624,0
DA:636,0
DA:641,0
DA:642,0
DA:644,0
DA:646,0
DA:647,0
DA:648,0
DA:655,0
DA:656,0
DA:662,0
DA:663,0
DA:675,0
DA:689,0
DA:690,0
DA:699,0
DA:709,0
DA:715,0
DA:726,0
DA:727,0
DA:743,0
DA:752,0
DA:754,0
DA:755,0
DA:758,0
DA:759,0
DA:761,0
DA:768,0
DA:769,0
DA:770,0
DA:780,0
DA:781,0
DA:784,0
DA:791,0
DA:792,0
DA:793,0
DA:794,0
DA:801,0
DA:804,0
DA:805,0
DA:806,0
DA:807,0
DA:814,0
DA:818,0
DA:823,0
DA:824,0
DA:825,0
DA:835,0
DA:836,0
DA:839,0
DA:846,0
DA:847,0
DA:854,0
DA:855,0
DA:863,0
DA:867,0
DA:869,0
DA:870,0
DA:872,0
DA:873,0
LF:240
LH:0
BRDA:33,0,0,0
BRDA:34,1,0,0
BRDA:46,2,0,0
BRDA:46,2,1,0
BRDA:51,3,0,0
BRDA:51,3,1,0
BRDA:56,4,0,0
BRDA:56,4,1,0
BRDA:62,5,0,0
BRDA:62,5,1,0
BRDA:62,6,0,0
BRDA:62,6,1,0
BRDA:62,6,2,0
BRDA:85,7,0,0
BRDA:85,7,1,0
BRDA:85,8,0,0
BRDA:85,8,1,0
BRDA:89,9,0,0
BRDA:89,9,1,0
BRDA:90,10,0,0
BRDA:90,10,1,0
BRDA:91,11,0,0
BRDA:91,11,1,0
BRDA:97,12,0,0
BRDA:97,12,1,0
BRDA:97,13,0,0
BRDA:97,13,1,0
BRDA:97,13,2,0
BRDA:101,14,0,0
BRDA:101,14,1,0
BRDA:101,15,0,0
BRDA:101,15,1,0
BRDA:122,16,0,0
BRDA:122,16,1,0
BRDA:122,17,0,0
BRDA:122,17,1,0
BRDA:152,18,0,0
BRDA:153,19,0,0
BRDA:159,20,0,0
BRDA:159,20,1,0
BRDA:163,21,0,0
BRDA:163,21,1,0
BRDA:167,22,0,0
BRDA:167,22,1,0
BRDA:172,23,0,0
BRDA:172,23,1,0
BRDA:172,24,0,0
BRDA:172,24,1,0
BRDA:172,24,2,0
BRDA:189,25,0,0
BRDA:189,25,1,0
BRDA:193,26,0,0
BRDA:193,26,1,0
BRDA:199,27,0,0
BRDA:199,27,1,0
BRDA:200,28,0,0
BRDA:200,28,1,0
BRDA:201,29,0,0
BRDA:201,29,1,0
BRDA:205,30,0,0
BRDA:205,30,1,0
BRDA:205,31,0,0
BRDA:205,31,1,0
BRDA:205,31,2,0
BRDA:209,32,0,0
BRDA:209,32,1,0
BRDA:209,33,0,0
BRDA:209,33,1,0
BRDA:246,34,0,0
BRDA:247,35,0,0
BRDA:259,36,0,0
BRDA:259,36,1,0
BRDA:269,37,0,0
BRDA:269,37,1,0
BRDA:273,38,0,0
BRDA:273,38,1,0
BRDA:277,39,0,0
BRDA:277,39,1,0
BRDA:281,40,0,0
BRDA:281,40,1,0
BRDA:285,41,0,0
BRDA:285,41,1,0
BRDA:299,42,0,0
BRDA:299,42,1,0
BRDA:299,43,0,0
BRDA:299,43,1,0
BRDA:321,44,0,0
BRDA:321,44,1,0
BRDA:321,45,0,0
BRDA:321,45,1,0
BRDA:325,46,0,0
BRDA:325,46,1,0
BRDA:333,47,0,0
BRDA:333,47,1,0
BRDA:337,48,0,0
BRDA:337,48,1,0
BRDA:341,49,0,0
BRDA:341,49,1,0
BRDA:345,50,0,0
BRDA:345,50,1,0
BRDA:349,51,0,0
BRDA:349,51,1,0
BRDA:360,52,0,0
BRDA:360,52,1,0
BRDA:364,53,0,0
BRDA:364,53,1,0
BRDA:396,54,0,0
BRDA:396,54,1,0
BRDA:415,55,0,0
BRDA:415,55,1,0
BRDA:415,56,0,0
BRDA:415,56,1,0
BRDA:420,57,0,0
BRDA:420,57,1,0
BRDA:421,58,0,0
BRDA:421,58,1,0
BRDA:422,59,0,0
BRDA:422,59,1,0
BRDA:436,60,0,0
BRDA:436,60,1,0
BRDA:436,61,0,0
BRDA:436,61,1,0
BRDA:442,62,0,0
BRDA:442,62,1,0
BRDA:447,63,0,0
BRDA:447,63,1,0
BRDA:447,64,0,0
BRDA:447,64,1,0
BRDA:450,65,0,0
BRDA:450,65,1,0
BRDA:451,66,0,0
BRDA:451,66,1,0
BRDA:452,67,0,0
BRDA:452,67,1,0
BRDA:474,68,0,0
BRDA:474,68,1,0
BRDA:502,69,0,0
BRDA:503,70,0,0
BRDA:506,71,0,0
BRDA:517,72,0,0
BRDA:517,72,1,0
BRDA:518,73,0,0
BRDA:518,73,1,0
BRDA:522,74,0,0
BRDA:522,74,1,0
BRDA:527,75,0,0
BRDA:527,75,1,0
BRDA:539,76,0,0
BRDA:539,76,1,0
BRDA:540,77,0,0
BRDA:540,77,1,0
BRDA:541,78,0,0
BRDA:541,78,1,0
BRDA:573,79,0,0
BRDA:574,80,0,0
BRDA:575,81,0,0
BRDA:587,82,0,0
BRDA:587,82,1,0
BRDA:592,83,0,0
BRDA:592,83,1,0
BRDA:646,84,0,0
BRDA:646,84,1,0
BRDA:665,85,0,0
BRDA:665,85,1,0
BRDA:712,86,0,0
BRDA:712,86,1,0
BRDA:716,87,0,0
BRDA:716,87,1,0
BRDA:717,88,0,0
BRDA:717,88,1,0
BRDA:718,89,0,0
BRDA:718,89,1,0
BRDA:719,90,0,0
BRDA:719,90,1,0
BRDA:720,91,0,0
BRDA:720,91,1,0
BRDA:721,92,0,0
BRDA:721,92,1,0
BRDA:752,93,0,0
BRDA:754,94,0,0
BRDA:754,94,1,0
BRDA:768,95,0,0
BRDA:768,95,1,0
BRDA:768,96,0,0
BRDA:768,96,1,0
BRDA:778,97,0,0
BRDA:778,97,1,0
BRDA:780,98,0,0
BRDA:780,98,1,0
BRDA:789,99,0,0
BRDA:789,99,1,0
BRDA:791,100,0,0
BRDA:791,100,1,0
BRDA:791,101,0,0
BRDA:791,101,1,0
BRDA:804,102,0,0
BRDA:804,102,1,0
BRDA:823,103,0,0
BRDA:823,103,1,0
BRDA:823,104,0,0
BRDA:823,104,1,0
BRDA:833,105,0,0
BRDA:833,105,1,0
BRDA:835,106,0,0
BRDA:835,106,1,0
BRDA:844,107,0,0
BRDA:844,107,1,0
BRDA:846,108,0,0
BRDA:846,108,1,0
BRDA:846,109,0,0
BRDA:846,109,1,0
BRDA:849,110,0,0
BRDA:849,110,1,0
BRDA:850,111,0,0
BRDA:850,111,1,0
BRDA:851,112,0,0
BRDA:851,112,1,0
BRDA:854,113,0,0
BRDA:854,113,1,0
BRDA:857,114,0,0
BRDA:857,114,1,0
BRDA:858,115,0,0
BRDA:858,115,1,0
BRDA:859,116,0,0
BRDA:859,116,1,0
BRF:225
BRH:0
end_of_record
TN:
SF:src/lib/risk-calculator.ts
FN:8,calculateAge
FN:24,calculateDaysSinceDischarge
FN:35,calculateAgeRisk
FN:50,calculateDiagnosisComplexity
FN:85,(anonymous_11)
FN:87,(anonymous_12)
FN:89,(anonymous_13)
FN:100,calculateTimeRisk
FN:115,calculateInsuranceRisk
FN:147,calculateGeographicRisk
FN:180,fetchReferralHistory
FN:217,calculateReferralHistoryRisk
FN:226,(anonymous_20)
FN:227,(anonymous_21)
FN:228,(anonymous_22)
FN:261,(anonymous_23)
FN:277,calculateLeakageRisk
FN:361,enhancePatientData
FN:382,enhancePatientDataSync
FNF:19
FNH:0
FNDA:0,calculateAge
FNDA:0,calculateDaysSinceDischarge
FNDA:0,calculateAgeRisk
FNDA:0,calculateDiagnosisComplexity
FNDA:0,(anonymous_11)
FNDA:0,(anonymous_12)
FNDA:0,(anonymous_13)
FNDA:0,calculateTimeRisk
FNDA:0,calculateInsuranceRisk
FNDA:0,calculateGeographicRisk
FNDA:0,fetchReferralHistory
FNDA:0,calculateReferralHistoryRisk
FNDA:0,(anonymous_20)
FNDA:0,(anonymous_21)
FNDA:0,(anonymous_22)
FNDA:0,(anonymous_23)
FNDA:0,calculateLeakageRisk
FNDA:0,enhancePatientData
FNDA:0,enhancePatientDataSync
DA:2,0
DA:8,0
DA:9,0
DA:10,0
DA:11,0
DA:12,0
DA:14,0
DA:15,0
DA:18,0
DA:24,0
DA:25,0
DA:26,0
DA:27,0
DA:28,0
DA:35,0
DA:36,0
DA:38,0
DA:39,0
DA:40,0
DA:41,0
DA:42,0
DA:43,0
DA:50,0
DA:51,0
DA:54,0
DA:67,0
DA:77,0
DA:85,0
DA:86,0
DA:87,0
DA:88,0
DA:89,0
DA:90,0
DA:92,0
DA:100,0
DA:101,0
DA:103,0
DA:104,0
DA:105,0
DA:106,0
DA:107,0
DA:108,0
DA:115,0
DA:116,0
DA:119,0
DA:120,0
DA:122,0
DA:123,0
DA:127,0
DA:128,0
DA:132,0
DA:136,0
DA:140,0
DA:147,0
DA:148,0
DA:151,0
DA:154,0
DA:158,0
DA:162,0
DA:166,0
DA:170,0
DA:174,0
DA:180,0
DA:181,0
DA:183,0
DA:189,0
DA:190,0
DA:191,0
DA:195,0
DA:201,0
DA:202,0
DA:203,0
DA:206,0
DA:208,0
DA:209,0
DA:217,0
DA:218,0
DA:219,0
DA:222,0
DA:223,0
DA:226,0
DA:227,0
DA:228,0
DA:231,0
DA:232,0
DA:235,0
DA:236,0
DA:237,0
DA:238,0
DA:239,0
DA:240,0
DA:244,0
DA:245,0
DA:246,0
DA:247,0
DA:251,0
DA:252,0
DA:253,0
DA:254,0
DA:258,0
DA:259,0
DA:261,0
DA:262,0
DA:265,0
DA:266,0
DA:270,0
DA:277,0
DA:283,0
DA:284,0
DA:285,0
DA:286,0
DA:287,0
DA:290,0
DA:291,0
DA:292,0
DA:294,0
DA:300,0
DA:301,0
DA:302,0
DA:304,0
DA:307,0
DA:313,0
DA:326,0
DA:327,0
DA:328,0
DA:329,0
DA:330,0
DA:331,0
DA:334,0
DA:342,0
DA:346,0
DA:347,0
DA:348,0
DA:349,0
DA:351,0
DA:354,0
DA:361,0
DA:362,0
DA:363,0
DA:364,0
DA:366,0
DA:382,0
DA:383,0
DA:384,0
DA:387,0
DA:388,0
DA:392,0
DA:393,0
DA:394,0
DA:395,0
DA:396,0
DA:398,0
DA:406,0
LF:153
LH:0
BRDA:14,0,0,0
BRDA:14,0,1,0
BRDA:14,1,0,0
BRDA:14,1,1,0
BRDA:14,1,2,0
BRDA:38,2,0,0
BRDA:38,2,1,0
BRDA:39,3,0,0
BRDA:39,3,1,0
BRDA:40,4,0,0
BRDA:40,4,1,0
BRDA:41,5,0,0
BRDA:41,5,1,0
BRDA:42,6,0,0
BRDA:42,6,1,0
BRDA:85,7,0,0
BRDA:85,7,1,0
BRDA:87,8,0,0
BRDA:87,8,1,0
BRDA:89,9,0,0
BRDA:89,9,1,0
BRDA:103,10,0,0
BRDA:103,10,1,0
BRDA:104,11,0,0
BRDA:104,11,1,0
BRDA:105,12,0,0
BRDA:105,12,1,0
BRDA:106,13,0,0
BRDA:106,13,1,0
BRDA:107,14,0,0
BRDA:107,14,1,0
BRDA:119,15,0,0
BRDA:119,15,1,0
BRDA:122,16,0,0
BRDA:122,16,1,0
BRDA:127,17,0,0
BRDA:127,17,1,0
BRDA:127,18,0,0
BRDA:127,18,1,0
BRDA:132,19,0,0
BRDA:132,19,1,0
BRDA:132,20,0,0
BRDA:132,20,1,0
BRDA:132,20,2,0
BRDA:132,20,3,0
BRDA:151,21,0,0
BRDA:151,21,1,0
BRDA:151,22,0,0
BRDA:151,22,1,0
BRDA:151,22,2,0
BRDA:158,23,0,0
BRDA:158,23,1,0
BRDA:158,24,0,0
BRDA:158,24,1,0
BRDA:158,24,2,0
BRDA:158,24,3,0
BRDA:166,25,0,0
BRDA:166,25,1,0
BRDA:166,26,0,0
BRDA:166,26,1,0
BRDA:166,26,2,0
BRDA:166,26,3,0
BRDA:189,27,0,0
BRDA:189,27,1,0
BRDA:189,28,0,0
BRDA:189,28,1,0
BRDA:201,29,0,0
BRDA:201,29,1,0
BRDA:206,30,0,0
BRDA:206,30,1,0
BRDA:218,31,0,0
BRDA:218,31,1,0
BRDA:218,32,0,0
BRDA:218,32,1,0
BRDA:228,33,0,0
BRDA:228,33,1,0
BRDA:235,34,0,0
BRDA:235,34,1,0
BRDA:237,35,0,0
BRDA:237,35,1,0
BRDA:239,36,0,0
BRDA:239,36,1,0
BRDA:244,37,0,0
BRDA:244,37,1,0
BRDA:246,38,0,0
BRDA:246,38,1,0
BRDA:251,39,0,0
BRDA:251,39,1,0
BRDA:253,40,0,0
BRDA:253,40,1,0
BRDA:265,41,0,0
BRDA:265,41,1,0
BRDA:265,42,0,0
BRDA:265,42,1,0
BRDA:283,43,0,0
BRDA:283,43,1,0
BRDA:284,44,0,0
BRDA:284,44,1,0
BRDA:285,45,0,0
BRDA:285,45,1,0
BRDA:286,46,0,0
BRDA:286,46,1,0
BRDA:287,47,0,0
BRDA:287,47,1,0
BRDA:291,48,0,0
BRDA:291,48,1,0
BRDA:300,49,0,0
BRDA:300,49,1,0
BRDA:300,50,0,0
BRDA:300,50,1,0
BRDA:346,51,0,0
BRDA:346,51,1,0
BRDA:348,52,0,0
BRDA:348,52,1,0
BRDA:387,53,0,0
BRDA:387,53,1,0
BRDA:388,54,0,0
BRDA:388,54,1,0
BRDA:389,55,0,0
BRDA:389,55,1,0
BRDA:389,56,0,0
BRDA:389,56,1,0
BRF:122
BRH:0
end_of_record
TN:
SF:src/lib/utils.ts
FN:4,cn
FNF:1
FNH:0
FNDA:0,cn
DA:1,0
DA:2,0
DA:4,0
DA:5,0
LF:4
LH:0
BRF:0
BRH:0
end_of_record
TN:
SF:src/pages/ErrorTestPage.tsx
FN:9,(anonymous_0)
FN:11,(anonymous_1)
FN:28,(anonymous_2)
FN:40,(anonymous_3)
FN:47,(anonymous_4)
FN:54,(anonymous_5)
FN:61,(anonymous_6)
FN:70,ErrorTestPage
FN:73,(anonymous_8)
FN:93,(anonymous_9)
FN:96,(anonymous_10)
FN:99,(anonymous_11)
FN:102,(anonymous_12)
FN:105,(anonymous_13)
FN:117,(anonymous_14)
FN:137,(anonymous_15)
FN:152,(anonymous_16)
FNF:17
FNH:0
FNDA:0,(anonymous_0)
FNDA:0,(anonymous_1)
FNDA:0,(anonymous_2)
FNDA:0,(anonymous_3)
FNDA:0,(anonymous_4)
FNDA:0,(anonymous_5)
FNDA:0,(anonymous_6)
FNDA:0,ErrorTestPage
FNDA:0,(anonymous_8)
FNDA:0,(anonymous_9)
FNDA:0,(anonymous_10)
FNDA:0,(anonymous_11)
FNDA:0,(anonymous_12)
FNDA:0,(anonymous_13)
FNDA:0,(anonymous_14)
FNDA:0,(anonymous_15)
FNDA:0,(anonymous_16)
DA:1,0
DA:2,0
DA:3,0
DA:4,0
DA:5,0
DA:6,0
DA:9,0
DA:10,0
DA:11,0
DA:12,0
DA:14,0
DA:15,0
DA:16,0
DA:17,0
DA:18,0
DA:19,0
DA:20,0
DA:21,0
DA:24,0
DA:28,0
DA:29,0
DA:33,0
DA:40,0
DA:47,0
DA:54,0
DA:61,0
DA:70,0
DA:71,0
DA:73,0
DA:75,0
DA:93,0
DA:96,0
DA:99,0
DA:102,0
DA:105,0
DA:118,0
DA:138,0
DA:153,0
LF:38
LH:0
BRDA:10,0,0,0
BRDA:10,0,1,0
BRDA:14,1,0,0
BRDA:14,1,1,0
BRDA:16,2,0,0
BRDA:16,2,1,0
BRDA:18,3,0,0
BRDA:18,3,1,0
BRDA:20,4,0,0
BRDA:20,4,1,0
BRF:10
BRH:0
end_of_record
TN:
SF:src/pages/Index.tsx
FN:4,(anonymous_0)
FNF:1
FNH:0
FNDA:0,(anonymous_0)
DA:1,0
DA:4,0
DA:5,0
DA:11,0
DA:14,0
LF:5
LH:0
BRF:0
BRH:0
end_of_record
TN:
SF:src/pages/NotFound.tsx
FN:4,(anonymous_0)
FN:7,(anonymous_1)
FNF:2
FNH:0
FNDA:0,(anonymous_0)
FNDA:0,(anonymous_1)
DA:1,0
DA:2,0
DA:4,0
DA:5,0
DA:7,0
DA:8,0
DA:14,0
DA:27,0
LF:8
LH:0
BRF:0
BRH:0
end_of_record
TN:
SF:src/pages/NotificationDemoPage.tsx
FN:9,NotificationDemoPage
FN:39,(anonymous_1)
FN:53,(anonymous_2)
FN:66,(anonymous_3)
FN:79,(anonymous_4)
FN:100,(anonymous_5)
FN:146,(anonymous_6)
FN:174,(anonymous_7)
FN:243,(anonymous_8)
FNF:9
FNH:0
FNDA:0,NotificationDemoPage
FNDA:0,(anonymous_1)
FNDA:0,(anonymous_2)
FNDA:0,(anonymous_3)
FNDA:0,(anonymous_4)
FNDA:0,(anonymous_5)
FNDA:0,(anonymous_6)
FNDA:0,(anonymous_7)
FNDA:0,(anonymous_8)
DA:1,0
DA:2,0
DA:3,0
DA:4,0
DA:5,0
DA:6,0
DA:7,0
DA:9,0
DA:17,0
DA:19,0
DA:21,0
DA:34,0
DA:40,0
DA:46,0
DA:54,0
DA:59,0
DA:67,0
DA:72,0
DA:80,0
DA:85,0
DA:90,0
DA:100,0
DA:147,0
DA:174,0
DA:244,0
LF:25
LH:0
BRDA:150,0,0,0
BRDA:150,0,1,0
BRDA:163,1,0,0
BRDA:163,1,1,0
BRDA:165,2,0,0
BRDA:165,2,1,0
BRDA:165,3,0,0
BRDA:165,3,1,0
BRDA:229,4,0,0
BRDA:229,4,1,0
BRDA:235,5,0,0
BRDA:235,5,1,0
BRDA:247,6,0,0
BRDA:247,6,1,0
BRDA:253,7,0,0
BRDA:253,7,1,0
BRDA:274,8,0,0
BRDA:274,8,1,0
BRF:18
BRH:0
end_of_record
TN:
SF:src/types/error.ts
FN:25,(anonymous_0)
FN:39,(anonymous_1)
FNF:2
FNH:0
FNDA:0,(anonymous_0)
FNDA:0,(anonymous_1)
DA:20,0
DA:31,0
DA:32,0
DA:33,0
DA:34,0
DA:35,0
DA:39,0
DA:45,0
DA:47,0
DA:48,0
DA:49,0
DA:50,0
DA:51,0
DA:52,0
DA:53,0
DA:54,0
DA:55,0
DA:56,0
DA:60,0
LF:19
LH:0
BRDA:27,0,0,0
BRDA:28,1,0,0
BRDA:45,2,0,0
BRDA:45,2,1,0
BRDA:47,3,0,0
BRDA:47,3,1,0
BRDA:49,4,0,0
BRDA:49,4,1,0
BRDA:49,5,0,0
BRDA:49,5,1,0
BRDA:49,5,2,0
BRDA:51,6,0,0
BRDA:51,6,1,0
BRDA:51,7,0,0
BRDA:51,7,1,0
BRDA:53,8,0,0
BRDA:53,8,1,0
BRDA:53,9,0,0
BRDA:53,9,1,0
BRDA:53,9,2,0
BRDA:55,10,0,0
BRDA:55,10,1,0
BRDA:63,11,0,0
BRDA:63,11,1,0
BRDA:64,12,0,0
BRDA:64,12,1,0
BRF:26
BRH:0
end_of_record
